1781158860.8611350 [INFO] [launch]: All log files can be found below /ros2_ws/log/runtime/2026-06-11-06-21-00-860470-kewei-Pulse-GL76-11UEK-293
1781158860.8612318 [INFO] [launch]: Default logging verbosity is set to INFO
1781158860.9485412 [INFO] [planner_node-1]: process started with pid [576]
1781158860.9486508 [INFO] [marvin_robot_node-2]: process started with pid [578]
1781158860.9486856 [INFO] [robot_state_publisher-3]: process started with pid [580]
1781158860.9487166 [INFO] [rviz2-4]: process started with pid [582]
1781158860.9679656 [robot_state_publisher-3] [WARN] [1781158860.967882875] [kdl_parser]: The root link base_link has an inertia specified in the URDF, but KDL does not support a root link with an inertia.  As a workaround, you can add an extra dummy link to your URDF.
1781158860.9681191 [robot_state_publisher-3] [INFO] [1781158860.968051712] [robot_state_publisher]: got segment Base_L
1781158860.9681573 [robot_state_publisher-3] [INFO] [1781158860.968074205] [robot_state_publisher]: got segment Base_R
1781158860.9681790 [robot_state_publisher-3] [INFO] [1781158860.968076689] [robot_state_publisher]: got segment Link1_L
1781158860.9681971 [robot_state_publisher-3] [INFO] [1781158860.968078703] [robot_state_publisher]: got segment Link1_R
1781158860.9682624 [robot_state_publisher-3] [INFO] [1781158860.968080547] [robot_state_publisher]: got segment Link2_L
1781158860.9682875 [robot_state_publisher-3] [INFO] [1781158860.968082220] [robot_state_publisher]: got segment Link2_R
1781158860.9683094 [robot_state_publisher-3] [INFO] [1781158860.968083773] [robot_state_publisher]: got segment Link3_L
1781158860.9683299 [robot_state_publisher-3] [INFO] [1781158860.968085306] [robot_state_publisher]: got segment Link3_R
1781158860.9683449 [robot_state_publisher-3] [INFO] [1781158860.968087049] [robot_state_publisher]: got segment Link4_L
1781158860.9683578 [robot_state_publisher-3] [INFO] [1781158860.968088552] [robot_state_publisher]: got segment Link4_R
1781158860.9683712 [robot_state_publisher-3] [INFO] [1781158860.968090165] [robot_state_publisher]: got segment Link5_L
1781158860.9683840 [robot_state_publisher-3] [INFO] [1781158860.968091708] [robot_state_publisher]: got segment Link5_R
1781158860.9683964 [robot_state_publisher-3] [INFO] [1781158860.968094122] [robot_state_publisher]: got segment Link6_L
1781158860.9684129 [robot_state_publisher-3] [INFO] [1781158860.968096206] [robot_state_publisher]: got segment Link6_R
1781158860.9684713 [robot_state_publisher-3] [INFO] [1781158860.968098340] [robot_state_publisher]: got segment Link7_L
1781158860.9684887 [robot_state_publisher-3] [INFO] [1781158860.968100835] [robot_state_publisher]: got segment Link7_R
1781158860.9685020 [robot_state_publisher-3] [INFO] [1781158860.968106636] [robot_state_publisher]: got segment base_link
1781158860.9685149 [robot_state_publisher-3] [INFO] [1781158860.968108980] [robot_state_publisher]: got segment camera_left_link
1781158860.9685280 [robot_state_publisher-3] [INFO] [1781158860.968111164] [robot_state_publisher]: got segment camera_rgb_link
1781158860.9685452 [robot_state_publisher-3] [INFO] [1781158860.968113579] [robot_state_publisher]: got segment camera_right_link
1781158860.9685612 [robot_state_publisher-3] [INFO] [1781158860.968115783] [robot_state_publisher]: got segment flange_L
1781158860.9685731 [robot_state_publisher-3] [INFO] [1781158860.968118107] [robot_state_publisher]: got segment flange_R
1781158860.9685853 [robot_state_publisher-3] [INFO] [1781158860.968120351] [robot_state_publisher]: got segment left_tool
1781158860.9685967 [robot_state_publisher-3] [INFO] [1781158860.968122576] [robot_state_publisher]: got segment right_tool
1781158860.9686081 [robot_state_publisher-3] [INFO] [1781158860.968124740] [robot_state_publisher]: got segment tracking_base_link
