[0.092s] Invoking command in '/ros2_ws/build/marvin_description': CMAKE_PREFIX_PATH=/opt/ros/humble /usr/bin/cmake /ros2_ws/src/Marvin-description -DCMAKE_INSTALL_PREFIX=/ros2_ws/install/marvin_description
[0.115s] -- The C compiler identification is GNU 11.4.0
[0.138s] -- The CXX compiler identification is GNU 11.4.0
[0.141s] -- Detecting C compiler ABI info
[0.170s] -- Detecting C compiler ABI info - done
[0.173s] -- Check for working C compiler: /usr/bin/cc - skipped
[0.173s] -- Detecting C compile features
[0.173s] -- Detecting C compile features - done
[0.175s] -- Detecting CXX compiler ABI info
[0.207s] -- Detecting CXX compiler ABI info - done
[0.210s] -- Check for working CXX compiler: /usr/bin/c++ - skipped
[0.210s] -- Detecting CXX compile features
[0.210s] -- Detecting CXX compile features - done
[0.211s] -- Found ament_cmake: 1.3.14 (/opt/ros/humble/share/ament_cmake/cmake)
[0.274s] -- Found Python3: /usr/bin/python3 (found version "3.10.12") found components: Interpreter 
[0.309s] -- Found ament_lint_auto: 0.12.15 (/opt/ros/humble/share/ament_lint_auto/cmake)
[0.336s] -- Configuring done
[0.338s] -- Generating done
[0.338s] -- Build files have been written to: /ros2_ws/build/marvin_description
[0.340s] Invoked command in '/ros2_ws/build/marvin_description' returned '0': CMAKE_PREFIX_PATH=/opt/ros/humble /usr/bin/cmake /ros2_ws/src/Marvin-description -DCMAKE_INSTALL_PREFIX=/ros2_ws/install/marvin_description
[0.341s] Invoking command in '/ros2_ws/build/marvin_description': CMAKE_PREFIX_PATH=/opt/ros/humble /usr/bin/cmake --build /ros2_ws/build/marvin_description -- -j32 -l32
[0.355s] Invoked command in '/ros2_ws/build/marvin_description' returned '0': CMAKE_PREFIX_PATH=/opt/ros/humble /usr/bin/cmake --build /ros2_ws/build/marvin_description -- -j32 -l32
[0.358s] Invoking command in '/ros2_ws/build/marvin_description': CMAKE_PREFIX_PATH=/opt/ros/humble /usr/bin/cmake --install /ros2_ws/build/marvin_description
[0.361s] -- Install configuration: ""
[0.361s] -- Installing: /ros2_ws/install/marvin_description/share/marvin_description/urdf
[0.361s] -- Installing: /ros2_ws/install/marvin_description/share/marvin_description/urdf/marvin_CCS_m6_mobile.urdf.xacro
[0.361s] -- Installing: /ros2_ws/install/marvin_description/share/marvin_description/urdf/marvin_CCS_m6.urdf.xacro
[0.361s] -- Installing: /ros2_ws/install/marvin_description/share/marvin_description/urdf/mobile_base.urdf.xacro
[0.361s] -- Installing: /ros2_ws/install/marvin_description/share/marvin_description/urdf/stand_cam.urdf.xacro
[0.361s] -- Installing: /ros2_ws/install/marvin_description/share/marvin_description/urdf/M6-S-L-CCS-696-V4.urdf.xacro
[0.361s] -- Installing: /ros2_ws/install/marvin_description/share/marvin_description/urdf/marvin_CCS_m3.urdf.xacro
[0.361s] -- Installing: /ros2_ws/install/marvin_description/share/marvin_description/urdf/M6-S-R-CCS-696-V4.urdf.xacro
[0.361s] -- Installing: /ros2_ws/install/marvin_description/share/marvin_description/urdf/marvin_CCS_cam_m6.urdf.xacro
[0.361s] -- Installing: /ros2_ws/install/marvin_description/share/marvin_description/urdf/stand_v3.urf.xacro
[0.361s] -- Installing: /ros2_ws/install/marvin_description/share/marvin_description/urdf/stand_flat.urdf.xacro
[0.361s] -- Installing: /ros2_ws/install/marvin_description/share/marvin_description/meshes
[0.362s] -- Installing: /ros2_ws/install/marvin_description/share/marvin_description/meshes/m6
[0.362s] -- Installing: /ros2_ws/install/marvin_description/share/marvin_description/meshes/m6/Link6_R.STL
[0.362s] -- Installing: /ros2_ws/install/marvin_description/share/marvin_description/meshes/m6/Link2_R.STL
[0.362s] -- Installing: /ros2_ws/install/marvin_description/share/marvin_description/meshes/m6/Link5_R.STL
[0.362s] -- Installing: /ros2_ws/install/marvin_description/share/marvin_description/meshes/m6/Link4_R.STL
[0.363s] -- Installing: /ros2_ws/install/marvin_description/share/marvin_description/meshes/m6/Base_R.STL
[0.363s] -- Installing: /ros2_ws/install/marvin_description/share/marvin_description/meshes/m6/Link2_L.STL
[0.363s] -- Installing: /ros2_ws/install/marvin_description/share/marvin_description/meshes/m6/Link4_L.STL
[0.364s] -- Installing: /ros2_ws/install/marvin_description/share/marvin_description/meshes/m6/Link7_R.STL
[0.364s] -- Installing: /ros2_ws/install/marvin_description/share/marvin_description/meshes/m6/Link7_L.STL
[0.365s] -- Installing: /ros2_ws/install/marvin_description/share/marvin_description/meshes/m6/Link3_R.STL
[0.365s] -- Installing: /ros2_ws/install/marvin_description/share/marvin_description/meshes/m6/Link1_R.STL
[0.366s] -- Installing: /ros2_ws/install/marvin_description/share/marvin_description/meshes/m6/Link5_L.STL
[0.366s] -- Installing: /ros2_ws/install/marvin_description/share/marvin_description/meshes/m6/Link1_L.STL
[0.366s] -- Installing: /ros2_ws/install/marvin_description/share/marvin_description/meshes/m6/Link3_L.STL
[0.366s] -- Installing: /ros2_ws/install/marvin_description/share/marvin_description/meshes/m6/Base_L.STL
[0.366s] -- Installing: /ros2_ws/install/marvin_description/share/marvin_description/meshes/m6/Link6_L.STL
[0.367s] -- Installing: /ros2_ws/install/marvin_description/share/marvin_description/meshes/base
[0.367s] -- Installing: /ros2_ws/install/marvin_description/share/marvin_description/meshes/base/support_link.STL
[0.367s] -- Installing: /ros2_ws/install/marvin_description/share/marvin_description/meshes/base/stand.STL
[0.370s] -- Installing: /ros2_ws/install/marvin_description/share/marvin_description/meshes/base/ZJ_Robot_link.STL
[0.372s] -- Installing: /ros2_ws/install/marvin_description/share/marvin_description/meshes/base/base_link.STL
[0.372s] -- Installing: /ros2_ws/install/marvin_description/share/marvin_description/launch
[0.372s] -- Installing: /ros2_ws/install/marvin_description/share/marvin_description/launch/urdf.rviz
[0.372s] -- Installing: /ros2_ws/install/marvin_description/share/marvin_description/launch/display_m6_cam.launch.py
[0.372s] -- Installing: /ros2_ws/install/marvin_description/share/marvin_description/launch/displaym3.launch.py
[0.372s] -- Installing: /ros2_ws/install/marvin_description/share/marvin_description/launch/displaym6m.launch.py
[0.372s] -- Installing: /ros2_ws/install/marvin_description/share/marvin_description/launch/description_only_m6.launch.py
[0.372s] -- Installing: /ros2_ws/install/marvin_description/share/marvin_description/launch/displaym6dm.launch.py
[0.372s] -- Installing: /ros2_ws/install/marvin_description/share/marvin_description/launch/description_only_m3.launch.py
[0.372s] -- Installing: /ros2_ws/install/marvin_description/share/marvin_description/launch/displaym6.launch.py
[0.372s] -- Installing: /ros2_ws/install/marvin_description/share/ament_index/resource_index/package_run_dependencies/marvin_description
[0.372s] -- Installing: /ros2_ws/install/marvin_description/share/ament_index/resource_index/parent_prefix_path/marvin_description
[0.372s] -- Installing: /ros2_ws/install/marvin_description/share/marvin_description/environment/ament_prefix_path.sh
[0.373s] -- Installing: /ros2_ws/install/marvin_description/share/marvin_description/environment/ament_prefix_path.dsv
[0.373s] -- Installing: /ros2_ws/install/marvin_description/share/marvin_description/environment/path.sh
[0.373s] -- Installing: /ros2_ws/install/marvin_description/share/marvin_description/environment/path.dsv
[0.373s] -- Installing: /ros2_ws/install/marvin_description/share/marvin_description/local_setup.bash
[0.373s] -- Installing: /ros2_ws/install/marvin_description/share/marvin_description/local_setup.sh
[0.373s] -- Installing: /ros2_ws/install/marvin_description/share/marvin_description/local_setup.zsh
[0.373s] -- Installing: /ros2_ws/install/marvin_description/share/marvin_description/local_setup.dsv
[0.373s] -- Installing: /ros2_ws/install/marvin_description/share/marvin_description/package.dsv
[0.373s] -- Installing: /ros2_ws/install/marvin_description/share/ament_index/resource_index/packages/marvin_description
[0.373s] -- Installing: /ros2_ws/install/marvin_description/share/marvin_description/cmake/marvin_descriptionConfig.cmake
[0.373s] -- Installing: /ros2_ws/install/marvin_description/share/marvin_description/cmake/marvin_descriptionConfig-version.cmake
[0.373s] -- Installing: /ros2_ws/install/marvin_description/share/marvin_description/package.xml
[0.373s] Invoked command in '/ros2_ws/build/marvin_description' returned '0': CMAKE_PREFIX_PATH=/opt/ros/humble /usr/bin/cmake --install /ros2_ws/build/marvin_description
