[INFO] [1781075830.926533279] [robotaction]: [Config] status_topic=/siglip2/result, progress_topic=/control/task_percentage, object_tf_topic=/tf, base_frame=base_link
[INFO] [1781075831.313818444] [robotaction]: [State] 激活状态 'pencilbag free and pens in pen holder'，共 1 个动作
[INFO] [1781075831.785423806] [robotaction]: [Select] target='pencilbag' 候选: pencilbag_1(y=-0.129) -> 选择: 'pencilbag_1'
[INFO] [1781075831.785612631] [robotaction]: [Step] state='pencilbag free and pens in pen holder' step=1/1 target='pencilbag' action='pick'
[INFO] [1781075831.786452961] [robotaction]: [Execute] 'pick'
[INFO] [1781075831.786789864] [robotaction]: [Publish] 'pick' arm='right'
[INFO] [1781075837.298676124] [robotaction]: [Progress] 当前机械臂动作结束
[INFO] [1781075837.298842697] [robotaction]: [State] 'pencilbag free and pens in pen holder' 全部动作已完成，开始检查状态
[INFO] [1781075838.299351789] [robotaction]: [State] 动作组后检测到状态切换: 'pencilbag free and pens in pen holder' -> 'right hand holding the pencilbag'
[INFO] [1781075838.313648411] [robotaction]: [State] 激活状态 'right hand holding the pencilbag'，共 1 个动作
[INFO] [1781075838.785836062] [robotaction]: [Select] target='pig_zipper' 候选: pig zipper_1(y=-0.140) -> 选择: 'pig zipper_1'
[INFO] [1781075838.785994510] [robotaction]: [Step] state='right hand holding the pencilbag' step=1/1 target='pig_zipper' action='pick_leftslide'
[INFO] [1781075838.786894252] [robotaction]: [Execute] 'pick_leftslide'
[INFO] [1781075838.787399452] [robotaction]: [Publish] 'pick_leftslide' arm='left'
[INFO] [1781075849.958681636] [robotaction]: [Progress] 当前机械臂动作结束
[INFO] [1781075849.958969437] [robotaction]: [Home] 发布 home arm='left', allow_preempt=False
[INFO] [1781075849.959457926] [robotaction]: [Publish] 'home' arm='left'
[INFO] [1781075849.959611384] [robotaction]: [Home] publish 1/3 arm='left'
[INFO] [1781075850.060276396] [robotaction]: [Publish] 'home' arm='left'
[INFO] [1781075850.060419896] [robotaction]: [Home] publish 2/3 arm='left'
[INFO] [1781075850.160997574] [robotaction]: [Publish] 'home' arm='left'
[INFO] [1781075850.161197099] [robotaction]: [Home] publish 3/3 arm='left'
[INFO] [1781075852.163287894] [robotaction]: [Home] 检测到 home 完成 arm='left'
[INFO] [1781075852.163446873] [robotaction]: [State] 'right hand holding the pencilbag' 全部动作已完成，开始检查状态
[INFO] [1781075853.164825870] [robotaction]: [State] 动作组后检测到状态切换: 'right hand holding the pencilbag' -> 'pencilbag opened'
[INFO] [1781075853.313666360] [robotaction]: [State] 激活状态 'pencilbag opened'，共 1 个动作
[INFO] [1781075853.785134265] [robotaction]: [Select] target='pencilbag' 候选: pencilbag_1(y=-0.100) -> 选择: 'pencilbag_1'
[INFO] [1781075853.785299435] [robotaction]: [Step] state='pencilbag opened' step=1/1 target='pencilbag' action='expand'
[INFO] [1781075853.786112394] [robotaction]: [Execute] 'expand'
[INFO] [1781075853.786411085] [robotaction]: [Publish] 'expand' arm='left'
[INFO] [1781075863.107498499] [robotaction]: [Progress] 当前机械臂动作结束
[INFO] [1781075863.107718853] [robotaction]: [Home] 发布 home arm='left', allow_preempt=False
[INFO] [1781075863.108008758] [robotaction]: [Publish] 'home' arm='left'
[INFO] [1781075863.108126008] [robotaction]: [Home] publish 1/3 arm='left'
[INFO] [1781075863.208738776] [robotaction]: [Publish] 'home' arm='left'
[INFO] [1781075863.208896593] [robotaction]: [Home] publish 2/3 arm='left'
[INFO] [1781075863.309506775] [robotaction]: [Publish] 'home' arm='left'
[INFO] [1781075863.309654673] [robotaction]: [Home] publish 3/3 arm='left'
[INFO] [1781075866.312504928] [robotaction]: [Home] 检测到 home 完成 arm='left'
[INFO] [1781075866.312696559] [robotaction]: [State] 'pencilbag opened' 全部动作已完成，开始检查状态
[INFO] [1781075867.313702409] [robotaction]: [State] 动作组后稳定状态仍为 'pencilbag opened'
[INFO] [1781075867.513728696] [robotaction]: [State] 激活状态 'pencilbag opened'，共 1 个动作
[INFO] [1781075867.985224312] [robotaction]: [Select] target='pencilbag' 候选: pencilbag_1(y=-0.109) -> 选择: 'pencilbag_1'
[INFO] [1781075867.985380426] [robotaction]: [Step] state='pencilbag opened' step=1/1 target='pencilbag' action='expand'
[INFO] [1781075867.986159551] [robotaction]: [Execute] 'expand'
[INFO] [1781075867.986450347] [robotaction]: [Publish] 'expand' arm='left'
[INFO] [1781075877.303463046] [robotaction]: [Progress] 当前机械臂动作结束
[INFO] [1781075877.303688781] [robotaction]: [Home] 发布 home arm='left', allow_preempt=False
[INFO] [1781075877.303986781] [robotaction]: [Publish] 'home' arm='left'
[INFO] [1781075877.304095496] [robotaction]: [Home] publish 1/3 arm='left'
[INFO] [1781075877.404602788] [robotaction]: [Publish] 'home' arm='left'
[INFO] [1781075877.404748242] [robotaction]: [Home] publish 2/3 arm='left'
[INFO] [1781075877.505378306] [robotaction]: [Publish] 'home' arm='left'
[INFO] [1781075877.505586397] [robotaction]: [Home] publish 3/3 arm='left'
[INFO] [1781075880.508346130] [robotaction]: [Home] 检测到 home 完成 arm='left'
[INFO] [1781075880.508512052] [robotaction]: [State] 'pencilbag opened' 全部动作已完成，开始检查状态
[INFO] [1781075881.509394497] [robotaction]: [State] 动作组后稳定状态仍为 'pencilbag opened'
[INFO] [1781075881.513510906] [robotaction]: [State] 激活状态 'pencilbag opened'，共 1 个动作
[INFO] [1781075881.985748908] [robotaction]: [Select] target='pencilbag' 候选: pencilbag_1(y=-0.110) -> 选择: 'pencilbag_1'
[INFO] [1781075881.985938485] [robotaction]: [Step] state='pencilbag opened' step=1/1 target='pencilbag' action='expand'
[INFO] [1781075881.986892338] [robotaction]: [Execute] 'expand'
[INFO] [1781075881.987278013] [robotaction]: [Publish] 'expand' arm='left'
[INFO] [1781075891.353630214] [robotaction]: [Progress] 当前机械臂动作结束
[INFO] [1781075891.353836182] [robotaction]: [Home] 发布 home arm='left', allow_preempt=False
[INFO] [1781075891.354112691] [robotaction]: [Publish] 'home' arm='left'
[INFO] [1781075891.354219833] [robotaction]: [Home] publish 1/3 arm='left'
[INFO] [1781075891.454809845] [robotaction]: [Publish] 'home' arm='left'
[INFO] [1781075891.454984533] [robotaction]: [Home] publish 2/3 arm='left'
[INFO] [1781075891.555562503] [robotaction]: [Publish] 'home' arm='left'
[INFO] [1781075891.555737602] [robotaction]: [Home] publish 3/3 arm='left'
[INFO] [1781075894.560024812] [robotaction]: [Home] 检测到 home 完成 arm='left'
[INFO] [1781075894.560306963] [robotaction]: [State] 'pencilbag opened' 全部动作已完成，开始检查状态
[INFO] [1781075895.561304744] [robotaction]: [State] 动作组后稳定状态仍为 'pencilbag opened'
[INFO] [1781075895.713877833] [robotaction]: [State] 激活状态 'pencilbag opened'，共 1 个动作
[INFO] [1781075896.185749998] [robotaction]: [Select] target='pencilbag' 候选: pencilbag_1(y=-0.105) -> 选择: 'pencilbag_1'
[INFO] [1781075896.185934044] [robotaction]: [Step] state='pencilbag opened' step=1/1 target='pencilbag' action='expand'
[INFO] [1781075896.186916351] [robotaction]: [Execute] 'expand'
[INFO] [1781075896.187247533] [robotaction]: [Publish] 'expand' arm='left'
[INFO] [1781075905.506928391] [robotaction]: [Progress] 当前机械臂动作结束
[INFO] [1781075905.507220570] [robotaction]: [Home] 发布 home arm='left', allow_preempt=False
[INFO] [1781075905.507552213] [robotaction]: [Publish] 'home' arm='left'
[INFO] [1781075905.507677459] [robotaction]: [Home] publish 1/3 arm='left'
[INFO] [1781075905.608227219] [robotaction]: [Publish] 'home' arm='left'
[INFO] [1781075905.608368846] [robotaction]: [Home] publish 2/3 arm='left'
[INFO] [1781075905.708970003] [robotaction]: [Publish] 'home' arm='left'
[INFO] [1781075905.709145783] [robotaction]: [Home] publish 3/3 arm='left'
[INFO] [1781075908.712367219] [robotaction]: [Home] 检测到 home 完成 arm='left'
[INFO] [1781075908.712567786] [robotaction]: [State] 'pencilbag opened' 全部动作已完成，开始检查状态
[INFO] [1781075909.713871672] [robotaction]: [State] 动作组后稳定状态仍为 'pencilbag opened'
[INFO] [1781075909.913629748] [robotaction]: [State] 激活状态 'pencilbag opened'，共 1 个动作
[INFO] [1781075910.385475404] [robotaction]: [Select] target='pencilbag' 候选: pencilbag_1(y=-0.107) -> 选择: 'pencilbag_1'
[INFO] [1781075910.385630476] [robotaction]: [Step] state='pencilbag opened' step=1/1 target='pencilbag' action='expand'
[INFO] [1781075910.386390444] [robotaction]: [Execute] 'expand'
[INFO] [1781075910.386663197] [robotaction]: [Publish] 'expand' arm='left'
[INFO] [1781075919.702981269] [robotaction]: [Progress] 当前机械臂动作结束
[INFO] [1781075919.703212343] [robotaction]: [Home] 发布 home arm='left', allow_preempt=False
[INFO] [1781075919.703679802] [robotaction]: [Publish] 'home' arm='left'
[INFO] [1781075919.703822560] [robotaction]: [Home] publish 1/3 arm='left'
[INFO] [1781075919.804395148] [robotaction]: [Publish] 'home' arm='left'
[INFO] [1781075919.804540932] [robotaction]: [Home] publish 2/3 arm='left'
[INFO] [1781075919.905228385] [robotaction]: [Publish] 'home' arm='left'
[INFO] [1781075919.905384799] [robotaction]: [Home] publish 3/3 arm='left'
[INFO] [1781075922.908382087] [robotaction]: [Home] 检测到 home 完成 arm='left'
[INFO] [1781075922.908577565] [robotaction]: [State] 'pencilbag opened' 全部动作已完成，开始检查状态
[INFO] [1781075923.909480348] [robotaction]: [State] 动作组后稳定状态仍为 'pencilbag opened'
[INFO] [1781075923.913491268] [robotaction]: [State] 激活状态 'pencilbag opened'，共 1 个动作
[INFO] [1781075924.385768298] [robotaction]: [Select] target='pencilbag' 候选: pencilbag_1(y=-0.109) -> 选择: 'pencilbag_1'
[INFO] [1781075924.385936244] [robotaction]: [Step] state='pencilbag opened' step=1/1 target='pencilbag' action='expand'
[INFO] [1781075924.387169492] [robotaction]: [Execute] 'expand'
[INFO] [1781075924.387472722] [robotaction]: [Publish] 'expand' arm='left'
[INFO] [1781075933.759562685] [robotaction]: [Progress] 当前机械臂动作结束
[INFO] [1781075933.759813617] [robotaction]: [Home] 发布 home arm='left', allow_preempt=False
[INFO] [1781075933.760187359] [robotaction]: [Publish] 'home' arm='left'
[INFO] [1781075933.760325769] [robotaction]: [Home] publish 1/3 arm='left'
[INFO] [1781075933.860937024] [robotaction]: [Publish] 'home' arm='left'
[INFO] [1781075933.861111252] [robotaction]: [Home] publish 2/3 arm='left'
[INFO] [1781075933.961726854] [robotaction]: [Publish] 'home' arm='left'
[INFO] [1781075933.961902885] [robotaction]: [Home] publish 3/3 arm='left'
[INFO] [1781075936.964566105] [robotaction]: [Home] 检测到 home 完成 arm='left'
[INFO] [1781075936.964731777] [robotaction]: [State] 'pencilbag opened' 全部动作已完成，开始检查状态
[INFO] [1781075937.965348897] [robotaction]: [State] 动作组后检测到状态切换: 'pencilbag opened' -> 'pencilbag been expended and exist pen in pen holder'
[INFO] [1781075938.113486080] [robotaction]: [State] 激活状态 'pencilbag been expended and exist pen in pen holder'，共 1 个动作
[INFO] [1781075938.587203061] [robotaction]: [Select] target='pen' 候选: pen_1(y=0.228), pen_2(y=0.444) -> 选择: 'pen_1'
[INFO] [1781075938.587472136] [robotaction]: [Step] state='pencilbag been expended and exist pen in pen holder' step=1/1 target='pen' action='pick'
[INFO] [1781075938.589038361] [robotaction]: [Execute] 'pick'
[INFO] [1781075938.589693803] [robotaction]: [Publish] 'pick' arm='left'
[INFO] [1781075947.655743403] [robotaction]: [Progress] 当前机械臂动作结束
[INFO] [1781075947.655899045] [robotaction]: [State] 'pencilbag been expended and exist pen in pen holder' 全部动作已完成，开始检查状态
[INFO] [1781075948.656338750] [robotaction]: [State] 动作组后检测到状态切换: 'pencilbag been expended and exist pen in pen holder' -> 'left hand holding the pen'
[INFO] [1781075948.713610319] [robotaction]: [State] 激活状态 'left hand holding the pen'，共 1 个动作
[INFO] [1781075949.186038587] [robotaction]: [Select] target='pencilbag' 候选: pencilbag_1(y=-0.116) -> 选择: 'pencilbag_1'
[INFO] [1781075949.186245836] [robotaction]: [Step] state='left hand holding the pen' step=1/1 target='pencilbag' action='place'
[INFO] [1781075949.187237240] [robotaction]: [Execute] 'place'
[INFO] [1781075949.187628175] [robotaction]: [Publish] 'place' arm='left'
[INFO] [1781075956.351466216] [robotaction]: [Progress] 当前机械臂动作结束
[INFO] [1781075956.351711157] [robotaction]: [Home] 发布 home arm='left', allow_preempt=False
[INFO] [1781075956.352006412] [robotaction]: [Publish] 'home' arm='left'
[INFO] [1781075956.352138790] [robotaction]: [Home] publish 1/3 arm='left'
[INFO] [1781075956.452659586] [robotaction]: [Publish] 'home' arm='left'
[INFO] [1781075956.452795982] [robotaction]: [Home] publish 2/3 arm='left'
[INFO] [1781075956.553459496] [robotaction]: [Publish] 'home' arm='left'
[INFO] [1781075956.553634615] [robotaction]: [Home] publish 3/3 arm='left'
[INFO] [1781075958.555338592] [robotaction]: [Home] 检测到 home 完成 arm='left'
[INFO] [1781075958.555503082] [robotaction]: [State] 'left hand holding the pen' 全部动作已完成，开始检查状态
[INFO] [1781075959.556417867] [robotaction]: [State] 动作组后检测到状态切换: 'left hand holding the pen' -> 'pencilbag been expended and exist pen in pen holder'
[INFO] [1781075959.713615410] [robotaction]: [State] 激活状态 'pencilbag been expended and exist pen in pen holder'，共 1 个动作
[INFO] [1781075960.185473537] [robotaction]: [Select] target='pen' 候选: pen_1(y=-0.055), pen_2(y=0.230), pen_3(y=0.452) -> 选择: 'pen_1'
[INFO] [1781075960.185629861] [robotaction]: [Step] state='pencilbag been expended and exist pen in pen holder' step=1/1 target='pen' action='pick'
[INFO] [1781075960.186920677] [robotaction]: [Execute] 'pick'
[INFO] [1781075960.187296063] [robotaction]: [Publish] 'pick' arm='left'
[INFO] [1781075969.759219612] [robotaction]: [Progress] 当前机械臂动作结束
[INFO] [1781075969.759366338] [robotaction]: [State] 'pencilbag been expended and exist pen in pen holder' 全部动作已完成，开始检查状态
[INFO] [1781075970.760310978] [robotaction]: [State] 动作组后检测到状态切换: 'pencilbag been expended and exist pen in pen holder' -> 'pencilbag free and pens in pen holder'
[INFO] [1781075970.913453642] [robotaction]: [State] 激活状态 'pencilbag free and pens in pen holder'，共 1 个动作
[INFO] [1781075971.385782063] [robotaction]: [Select] target='pencilbag' 候选: pencilbag_1(y=-0.142) -> 选择: 'pencilbag_1'
[INFO] [1781075971.385923739] [robotaction]: [Step] state='pencilbag free and pens in pen holder' step=1/1 target='pencilbag' action='pick'
[INFO] [1781075971.386695520] [robotaction]: [Execute] 'pick'
[INFO] [1781075971.386946131] [robotaction]: [Publish] 'pick' arm='right'
[INFO] [1781075976.095134259] [robotaction]: [Progress] 当前机械臂动作结束
[INFO] [1781075976.095281455] [robotaction]: [State] 'pencilbag free and pens in pen holder' 全部动作已完成，开始检查状态
[INFO] [1781075977.096340377] [robotaction]: [State] 动作组后稳定状态仍为 'pencilbag free and pens in pen holder'
[INFO] [1781075977.113722880] [robotaction]: [State] 激活状态 'pencilbag free and pens in pen holder'，共 1 个动作
[INFO] [1781075977.585665134] [robotaction]: [Select] target='pencilbag' 候选: pencilbag_1(y=-0.146) -> 选择: 'pencilbag_1'
[INFO] [1781075977.585816990] [robotaction]: [Step] state='pencilbag free and pens in pen holder' step=1/1 target='pencilbag' action='pick'
[INFO] [1781075977.586596214] [robotaction]: [Execute] 'pick'
[INFO] [1781075977.586851895] [robotaction]: [Publish] 'pick' arm='right'
[WARN] [1781075979.441829086] [robotaction]: [Step] 等待动作结束异常 status='stop'
