[INFO] [1781164950.088073590] [robotaction]: [Config] status_topic=/siglip2/result, progress_topic=/control/task_percentage, object_tf_topic=/tf, base_frame=base_link
[INFO] [1781164950.476793243] [robotaction]: [State] 激活状态 'right hand holding the pencilbag'，共 1 个动作
[INFO] [1781164950.948977117] [robotaction]: [Select] target='pig_zipper' 候选: pig zipper_1(y=-0.070) -> 选择: 'pig zipper_1'
[INFO] [1781164950.949162884] [robotaction]: [Step] state='right hand holding the pencilbag' step=1/1 target='pig_zipper' action='pick_leftslide'
[INFO] [1781164950.950487316] [robotaction]: [Execute] 'pick_leftslide'
[INFO] [1781164950.950823193] [robotaction]: [Publish] 'pick_leftslide' arm='left'
[INFO] [1781164961.771509331] [robotaction]: [Progress] 当前机械臂动作结束
[INFO] [1781164961.771723812] [robotaction]: [Home] 发布 home arm='left', allow_preempt=False
[INFO] [1781164961.772128257] [robotaction]: [Publish] 'home' arm='left'
[INFO] [1781164961.772267206] [robotaction]: [Home] publish 1/3 arm='left'
[INFO] [1781164961.872859414] [robotaction]: [Publish] 'home' arm='left'
[INFO] [1781164961.873012510] [robotaction]: [Home] publish 2/3 arm='left'
[INFO] [1781164961.973695988] [robotaction]: [Publish] 'home' arm='left'
[INFO] [1781164961.973861497] [robotaction]: [Home] publish 3/3 arm='left'
[INFO] [1781164962.974341852] [robotaction]: [Home] 检测到 home 完成 arm='left'
[INFO] [1781164962.974497503] [robotaction]: [State] 'right hand holding the pencilbag' 全部动作已完成，开始检查状态
[INFO] [1781164963.975464221] [robotaction]: [State] 动作组后检测到状态切换: 'right hand holding the pencilbag' -> 'pencilbag opened'
[INFO] [1781164964.076853638] [robotaction]: [State] 激活状态 'pencilbag opened'，共 1 个动作
[INFO] [1781164964.548828802] [robotaction]: [Select] target='pencilbag' 候选: pencilbag_1(y=-0.019) -> 选择: 'pencilbag_1'
[INFO] [1781164964.548990263] [robotaction]: [Step] state='pencilbag opened' step=1/1 target='pencilbag' action='expand'
[INFO] [1781164964.550041786] [robotaction]: [Execute] 'expand'
[INFO] [1781164964.550363937] [robotaction]: [Publish] 'expand' arm='left'
[INFO] [1781164973.518338742] [robotaction]: [Progress] 当前机械臂动作结束
[INFO] [1781164973.518657387] [robotaction]: [Home] 发布 home arm='left', allow_preempt=False
[INFO] [1781164973.519012941] [robotaction]: [Publish] 'home' arm='left'
[INFO] [1781164973.519136602] [robotaction]: [Home] publish 1/3 arm='left'
[INFO] [1781164973.619687488] [robotaction]: [Publish] 'home' arm='left'
[INFO] [1781164973.619831867] [robotaction]: [Home] publish 2/3 arm='left'
[INFO] [1781164973.720416186] [robotaction]: [Publish] 'home' arm='left'
[INFO] [1781164973.720562879] [robotaction]: [Home] publish 3/3 arm='left'
[INFO] [1781164975.722412046] [robotaction]: [Home] 检测到 home 完成 arm='left'
[INFO] [1781164975.722594336] [robotaction]: [State] 'pencilbag opened' 全部动作已完成，开始检查状态
[INFO] [1781164976.723473476] [robotaction]: [State] 动作组后稳定状态仍为 'pencilbag opened'
[INFO] [1781164976.876674110] [robotaction]: [State] 激活状态 'pencilbag opened'，共 1 个动作
[INFO] [1781164977.349135528] [robotaction]: [Select] target='pencilbag' 候选: pencilbag_1(y=-0.015) -> 选择: 'pencilbag_1'
[INFO] [1781164977.349292791] [robotaction]: [Step] state='pencilbag opened' step=1/1 target='pencilbag' action='expand'
[INFO] [1781164977.350602907] [robotaction]: [Execute] 'expand'
[INFO] [1781164977.350898669] [robotaction]: [Publish] 'expand' arm='left'
[INFO] [1781164986.321286544] [robotaction]: [Progress] 当前机械臂动作结束
[INFO] [1781164986.321514099] [robotaction]: [Home] 发布 home arm='left', allow_preempt=False
[INFO] [1781164986.321808890] [robotaction]: [Publish] 'home' arm='left'
[INFO] [1781164986.321911511] [robotaction]: [Home] publish 1/3 arm='left'
[INFO] [1781164986.422538525] [robotaction]: [Publish] 'home' arm='left'
[INFO] [1781164986.422684067] [robotaction]: [Home] publish 2/3 arm='left'
[INFO] [1781164986.523396019] [robotaction]: [Publish] 'home' arm='left'
[INFO] [1781164986.523568080] [robotaction]: [Home] publish 3/3 arm='left'
[INFO] [1781164988.525498919] [robotaction]: [Home] 检测到 home 完成 arm='left'
[INFO] [1781164988.525740069] [robotaction]: [State] 'pencilbag opened' 全部动作已完成，开始检查状态
[INFO] [1781164989.526478191] [robotaction]: [State] 动作组后检测到状态切换: 'pencilbag opened' -> 'pencilbag been expended and exist pen in pen holder'
[INFO] [1781164989.676620283] [robotaction]: [State] 激活状态 'pencilbag been expended and exist pen in pen holder'，共 1 个动作
[INFO] [1781164990.148977682] [robotaction]: [Select] target='pen' 候选: pen_1(y=0.175), pen_2(y=0.455) -> 选择: 'pen_1'
[INFO] [1781164990.149155233] [robotaction]: [Step] state='pencilbag been expended and exist pen in pen holder' step=1/1 target='pen' action='pick'
[INFO] [1781164990.149955196] [robotaction]: [Execute] 'pick'
[INFO] [1781164990.150284351] [robotaction]: [Publish] 'pick' arm='left'
[INFO] [1781164999.319601410] [robotaction]: [Progress] 当前机械臂动作结束
[INFO] [1781164999.319804579] [robotaction]: [State] 'pencilbag been expended and exist pen in pen holder' 全部动作已完成，开始检查状态
[INFO] [1781165000.321314787] [robotaction]: [State] 动作组后检测到状态切换: 'pencilbag been expended and exist pen in pen holder' -> 'left hand holding the pen'
[INFO] [1781165000.476429920] [robotaction]: [State] 激活状态 'left hand holding the pen'，共 1 个动作
[INFO] [1781165000.948910640] [robotaction]: [Select] target='pencilbag' 候选: pencilbag_1(y=-0.021) -> 选择: 'pencilbag_1'
[INFO] [1781165000.949059097] [robotaction]: [Step] state='left hand holding the pen' step=1/1 target='pencilbag' action='place'
[INFO] [1781165000.950022115] [robotaction]: [Execute] 'place'
[INFO] [1781165000.950310313] [robotaction]: [Publish] 'place' arm='left'
[INFO] [1781165008.115868981] [robotaction]: [Progress] 当前机械臂动作结束
[INFO] [1781165008.116087919] [robotaction]: [Home] 发布 home arm='left', allow_preempt=False
[INFO] [1781165008.116439556] [robotaction]: [Publish] 'home' arm='left'
[INFO] [1781165008.116568096] [robotaction]: [Home] publish 1/3 arm='left'
[INFO] [1781165008.217195099] [robotaction]: [Publish] 'home' arm='left'
[INFO] [1781165008.217357823] [robotaction]: [Home] publish 2/3 arm='left'
[INFO] [1781165008.317906499] [robotaction]: [Publish] 'home' arm='left'
[INFO] [1781165008.318050558] [robotaction]: [Home] publish 3/3 arm='left'
[INFO] [1781165009.318950333] [robotaction]: [Home] 检测到 home 完成 arm='left'
[INFO] [1781165009.319143063] [robotaction]: [State] 'left hand holding the pen' 全部动作已完成，开始检查状态
[INFO] [1781165010.320308579] [robotaction]: [State] 动作组后检测到状态切换: 'left hand holding the pen' -> 'pencilbag opened'
[INFO] [1781165010.476697736] [robotaction]: [State] 激活状态 'pencilbag opened'，共 1 个动作
[INFO] [1781165010.948650520] [robotaction]: [Select] target='pencilbag' 候选: pencilbag_1(y=-0.030) -> 选择: 'pencilbag_1'
[INFO] [1781165010.948856174] [robotaction]: [Step] state='pencilbag opened' step=1/1 target='pencilbag' action='expand'
[INFO] [1781165010.950075481] [robotaction]: [Execute] 'expand'
[INFO] [1781165010.950456532] [robotaction]: [Publish] 'expand' arm='left'
[INFO] [1781165019.969274843] [robotaction]: [Progress] 当前机械臂动作结束
[INFO] [1781165019.969497609] [robotaction]: [Home] 发布 home arm='left', allow_preempt=False
[INFO] [1781165019.969795175] [robotaction]: [Publish] 'home' arm='left'
[INFO] [1781165019.969903998] [robotaction]: [Home] publish 1/3 arm='left'
[INFO] [1781165020.070573565] [robotaction]: [Publish] 'home' arm='left'
[INFO] [1781165020.070742360] [robotaction]: [Home] publish 2/3 arm='left'
[INFO] [1781165020.171464215] [robotaction]: [Publish] 'home' arm='left'
[INFO] [1781165020.171645083] [robotaction]: [Home] publish 3/3 arm='left'
[INFO] [1781165022.173330980] [robotaction]: [Home] 检测到 home 完成 arm='left'
[INFO] [1781165022.173480729] [robotaction]: [State] 'pencilbag opened' 全部动作已完成，开始检查状态
[INFO] [1781165023.174384387] [robotaction]: [State] 动作组后检测到状态切换: 'pencilbag opened' -> 'pencilbag been expended and exist pen in pen holder'
[INFO] [1781165023.276820113] [robotaction]: [State] 激活状态 'pencilbag been expended and exist pen in pen holder'，共 1 个动作
[INFO] [1781165023.748337729] [robotaction]: [Select] target='pen' 候选: pen_1(y=0.180) -> 选择: 'pen_1'
[INFO] [1781165023.748590972] [robotaction]: [Step] state='pencilbag been expended and exist pen in pen holder' step=1/1 target='pen' action='pick'
[INFO] [1781165023.749686126] [robotaction]: [Execute] 'pick'
[INFO] [1781165023.750004881] [robotaction]: [Publish] 'pick' arm='left'
[INFO] [1781165032.867497987] [robotaction]: [Progress] 当前机械臂动作结束
[INFO] [1781165032.867699834] [robotaction]: [State] 'pencilbag been expended and exist pen in pen holder' 全部动作已完成，开始检查状态
[INFO] [1781165033.868477869] [robotaction]: [State] 动作组后稳定状态仍为 'pencilbag been expended and exist pen in pen holder'
[INFO] [1781165033.876487974] [robotaction]: [State] 激活状态 'pencilbag been expended and exist pen in pen holder'，共 1 个动作
[INFO] [1781165034.348685399] [robotaction]: [Select] target='pen' 候选: pen_1(y=0.167) -> 选择: 'pen_1'
[INFO] [1781165034.348871596] [robotaction]: [Step] state='pencilbag been expended and exist pen in pen holder' step=1/1 target='pen' action='pick'
[INFO] [1781165034.350039587] [robotaction]: [Execute] 'pick'
[INFO] [1781165034.350340218] [robotaction]: [Publish] 'pick' arm='left'
[INFO] [1781165042.968262007] [robotaction]: [Progress] 当前机械臂动作结束
[INFO] [1781165042.968459015] [robotaction]: [State] 'pencilbag been expended and exist pen in pen holder' 全部动作已完成，开始检查状态
[INFO] [1781165043.969557637] [robotaction]: [State] 动作组后检测到状态切换: 'pencilbag been expended and exist pen in pen holder' -> 'left hand holding the pen'
[INFO] [1781165044.076922033] [robotaction]: [State] 激活状态 'left hand holding the pen'，共 1 个动作
[INFO] [1781165044.548950501] [robotaction]: [Select] target='pencilbag' 候选: pencilbag_1(y=-0.019) -> 选择: 'pencilbag_1'
[INFO] [1781165044.549131409] [robotaction]: [Step] state='left hand holding the pen' step=1/1 target='pencilbag' action='place'
[INFO] [1781165044.550946708] [robotaction]: [Execute] 'place'
[INFO] [1781165044.551225579] [robotaction]: [Publish] 'place' arm='left'
[WARN] [1781165050.814483855] [robotaction]: [Step] 等待动作结束异常 status='stop'
