[INFO] [1781076116.448005532] [robotaction]: [Config] status_topic=/siglip2/result, progress_topic=/control/task_percentage, object_tf_topic=/tf, base_frame=base_link
[INFO] [1781076116.836977225] [robotaction]: [State] 激活状态 'pencilbag free and pens in pen holder'，共 1 个动作
[INFO] [1781076117.310026498] [robotaction]: [Select] target='pencilbag' 候选: pencilbag_1(y=-0.053) -> 选择: 'pencilbag_1'
[INFO] [1781076117.310189354] [robotaction]: [Step] state='pencilbag free and pens in pen holder' step=1/1 target='pencilbag' action='pick'
[INFO] [1781076117.310915128] [robotaction]: [Execute] 'pick'
[INFO] [1781076117.311226723] [robotaction]: [Publish] 'pick' arm='right'
[INFO] [1781076122.773772597] [robotaction]: [Progress] 当前机械臂动作结束
[INFO] [1781076122.773951363] [robotaction]: [State] 'pencilbag free and pens in pen holder' 全部动作已完成，开始检查状态
[INFO] [1781076123.774453971] [robotaction]: [State] 动作组后检测到状态切换: 'pencilbag free and pens in pen holder' -> 'right hand holding the pencilbag'
[INFO] [1781076123.836929817] [robotaction]: [State] 激活状态 'right hand holding the pencilbag'，共 1 个动作
[INFO] [1781076124.309217139] [robotaction]: [Select] target='pig_zipper' 候选: pig zipper_1(y=-0.059) -> 选择: 'pig zipper_1'
[INFO] [1781076124.309428687] [robotaction]: [Step] state='right hand holding the pencilbag' step=1/1 target='pig_zipper' action='pick_leftslide'
[INFO] [1781076124.310493127] [robotaction]: [Execute] 'pick_leftslide'
[INFO] [1781076124.310832926] [robotaction]: [Publish] 'pick_leftslide' arm='left'
[INFO] [1781076135.282147983] [robotaction]: [Progress] 当前机械臂动作结束
[INFO] [1781076135.282381132] [robotaction]: [Home] 发布 home arm='left', allow_preempt=False
[INFO] [1781076135.282662150] [robotaction]: [Publish] 'home' arm='left'
[INFO] [1781076135.282769892] [robotaction]: [Home] publish 1/3 arm='left'
[INFO] [1781076135.383367374] [robotaction]: [Publish] 'home' arm='left'
[INFO] [1781076135.383525822] [robotaction]: [Home] publish 2/3 arm='left'
[INFO] [1781076135.484121921] [robotaction]: [Publish] 'home' arm='left'
[INFO] [1781076135.484269368] [robotaction]: [Home] publish 3/3 arm='left'
[INFO] [1781076138.487343404] [robotaction]: [Home] 检测到 home 完成 arm='left'
[INFO] [1781076138.487518663] [robotaction]: [State] 'right hand holding the pencilbag' 全部动作已完成，开始检查状态
[INFO] [1781076139.488853362] [robotaction]: [State] 动作组后检测到状态切换: 'right hand holding the pencilbag' -> 'pencilbag opened'
[INFO] [1781076139.637775113] [robotaction]: [State] 激活状态 'pencilbag opened'，共 1 个动作
[INFO] [1781076140.109085289] [robotaction]: [Select] target='pencilbag' 候选: pencilbag_1(y=-0.028) -> 选择: 'pencilbag_1'
[INFO] [1781076140.109250209] [robotaction]: [Step] state='pencilbag opened' step=1/1 target='pencilbag' action='expand'
[INFO] [1781076140.110042407] [robotaction]: [Execute] 'expand'
[INFO] [1781076140.110373109] [robotaction]: [Publish] 'expand' arm='left'
[INFO] [1781076149.327270867] [robotaction]: [Progress] 当前机械臂动作结束
[INFO] [1781076149.327513353] [robotaction]: [Home] 发布 home arm='left', allow_preempt=False
[INFO] [1781076149.327819198] [robotaction]: [Publish] 'home' arm='left'
[INFO] [1781076149.327926930] [robotaction]: [Home] publish 1/3 arm='left'
[INFO] [1781076149.428706070] [robotaction]: [Publish] 'home' arm='left'
[INFO] [1781076149.428855120] [robotaction]: [Home] publish 2/3 arm='left'
[INFO] [1781076149.529589575] [robotaction]: [Publish] 'home' arm='left'
[INFO] [1781076149.529762480] [robotaction]: [Home] publish 3/3 arm='left'
[INFO] [1781076151.531367186] [robotaction]: [Home] 检测到 home 完成 arm='left'
[INFO] [1781076151.531656811] [robotaction]: [State] 'pencilbag opened' 全部动作已完成，开始检查状态
[INFO] [1781076152.532413439] [robotaction]: [State] 动作组后稳定状态仍为 'pencilbag opened'
[INFO] [1781076152.636935932] [robotaction]: [State] 激活状态 'pencilbag opened'，共 1 个动作
[INFO] [1781076153.109703401] [robotaction]: [Select] target='pencilbag' 候选: pencilbag_1(y=-0.036), pencilbag_2(y=0.614) -> 选择: 'pencilbag_1'
[INFO] [1781076153.109876386] [robotaction]: [Step] state='pencilbag opened' step=1/1 target='pencilbag' action='expand'
[INFO] [1781076153.111075920] [robotaction]: [Execute] 'expand'
[INFO] [1781076153.111411951] [robotaction]: [Publish] 'expand' arm='left'
[INFO] [1781076162.329154645] [robotaction]: [Progress] 当前机械臂动作结束
[INFO] [1781076162.329373897] [robotaction]: [Home] 发布 home arm='left', allow_preempt=False
[INFO] [1781076162.329649235] [robotaction]: [Publish] 'home' arm='left'
[INFO] [1781076162.329757939] [robotaction]: [Home] publish 1/3 arm='left'
[INFO] [1781076162.430408534] [robotaction]: [Publish] 'home' arm='left'
[INFO] [1781076162.430585696] [robotaction]: [Home] publish 2/3 arm='left'
[INFO] [1781076162.531119181] [robotaction]: [Publish] 'home' arm='left'
[INFO] [1781076162.531279252] [robotaction]: [Home] publish 3/3 arm='left'
[INFO] [1781076164.533355648] [robotaction]: [Home] 检测到 home 完成 arm='left'
[INFO] [1781076164.533567355] [robotaction]: [State] 'pencilbag opened' 全部动作已完成，开始检查状态
[INFO] [1781076165.534450839] [robotaction]: [State] 动作组后稳定状态仍为 'pencilbag opened'
[INFO] [1781076165.636784195] [robotaction]: [State] 激活状态 'pencilbag opened'，共 1 个动作
[INFO] [1781076166.108800205] [robotaction]: [Select] target='pencilbag' 候选: pencilbag_1(y=-0.040), pencilbag_2(y=0.478) -> 选择: 'pencilbag_1'
[INFO] [1781076166.108947903] [robotaction]: [Step] state='pencilbag opened' step=1/1 target='pencilbag' action='expand'
[INFO] [1781076166.109690859] [robotaction]: [Execute] 'expand'
[INFO] [1781076166.109949675] [robotaction]: [Publish] 'expand' arm='left'
[INFO] [1781076175.376304331] [robotaction]: [Progress] 当前机械臂动作结束
[INFO] [1781076175.376545284] [robotaction]: [Home] 发布 home arm='left', allow_preempt=False
[INFO] [1781076175.376833045] [robotaction]: [Publish] 'home' arm='left'
[INFO] [1781076175.376945195] [robotaction]: [Home] publish 1/3 arm='left'
[INFO] [1781076175.477427190] [robotaction]: [Publish] 'home' arm='left'
[INFO] [1781076175.477556884] [robotaction]: [Home] publish 2/3 arm='left'
[INFO] [1781076175.578055890] [robotaction]: [Publish] 'home' arm='left'
[INFO] [1781076175.578210120] [robotaction]: [Home] publish 3/3 arm='left'
[INFO] [1781076179.582336611] [robotaction]: [Home] 检测到 home 完成 arm='left'
[INFO] [1781076179.582490751] [robotaction]: [State] 'pencilbag opened' 全部动作已完成，开始检查状态
[INFO] [1781076180.583756745] [robotaction]: [State] 动作组后稳定状态仍为 'pencilbag opened'
[INFO] [1781076180.636844381] [robotaction]: [State] 激活状态 'pencilbag opened'，共 1 个动作
[INFO] [1781076181.108761448] [robotaction]: [Select] target='pencilbag' 候选: pencilbag_1(y=-0.039) -> 选择: 'pencilbag_1'
[INFO] [1781076181.108950262] [robotaction]: [Step] state='pencilbag opened' step=1/1 target='pencilbag' action='expand'
[INFO] [1781076181.110125150] [robotaction]: [Execute] 'expand'
[INFO] [1781076181.110496358] [robotaction]: [Publish] 'expand' arm='left'
[INFO] [1781076190.378389391] [robotaction]: [Progress] 当前机械臂动作结束
[INFO] [1781076190.378603303] [robotaction]: [Home] 发布 home arm='left', allow_preempt=False
[INFO] [1781076190.378886245] [robotaction]: [Publish] 'home' arm='left'
[INFO] [1781076190.378988186] [robotaction]: [Home] publish 1/3 arm='left'
[INFO] [1781076190.479656166] [robotaction]: [Publish] 'home' arm='left'
[INFO] [1781076190.479818832] [robotaction]: [Home] publish 2/3 arm='left'
[INFO] [1781076190.580322183] [robotaction]: [Publish] 'home' arm='left'
[INFO] [1781076190.580451466] [robotaction]: [Home] publish 3/3 arm='left'
