[INFO] [1781164904.126291560] [robotaction]: [Config] status_topic=/siglip2/result, progress_topic=/control/task_percentage, object_tf_topic=/tf, base_frame=base_link
[INFO] [1781164904.315573156] [robotaction]: [State] 激活状态 'right hand holding the pencilbag'，共 1 个动作
[INFO] [1781164904.787228650] [robotaction]: [Select] target='pig_zipper' 候选: pig zipper_1(y=-0.062) -> 选择: 'pig zipper_1'
[INFO] [1781164904.787414988] [robotaction]: [Step] state='right hand holding the pencilbag' step=1/1 target='pig_zipper' action='pick_leftslide'
[INFO] [1781164904.789064607] [robotaction]: [Execute] 'pick_leftslide'
[INFO] [1781164904.789457671] [robotaction]: [Publish] 'pick_leftslide' arm='left'
[INFO] [1781164915.712975937] [robotaction]: [Progress] 当前机械臂动作结束
[INFO] [1781164915.713255599] [robotaction]: [Home] 发布 home arm='left', allow_preempt=False
[INFO] [1781164915.713604410] [robotaction]: [Publish] 'home' arm='left'
[INFO] [1781164915.713735254] [robotaction]: [Home] publish 1/3 arm='left'
[INFO] [1781164915.814277738] [robotaction]: [Publish] 'home' arm='left'
[INFO] [1781164915.814414282] [robotaction]: [Home] publish 2/3 arm='left'
[INFO] [1781164915.915343047] [robotaction]: [Publish] 'home' arm='left'
[INFO] [1781164915.915491344] [robotaction]: [Home] publish 3/3 arm='left'
[INFO] [1781164918.918365927] [robotaction]: [Home] 检测到 home 完成 arm='left'
[INFO] [1781164918.918524714] [robotaction]: [State] 'right hand holding the pencilbag' 全部动作已完成，开始检查状态
[INFO] [1781164919.919345034] [robotaction]: [State] 动作组后检测到状态切换: 'right hand holding the pencilbag' -> 'pencilbag opened'
[INFO] [1781164920.115004298] [robotaction]: [State] 激活状态 'pencilbag opened'，共 1 个动作
[INFO] [1781164920.586929403] [robotaction]: [Select] target='pencilbag' 候选: pencilbag_1(y=-0.025) -> 选择: 'pencilbag_1'
[INFO] [1781164920.587101815] [robotaction]: [Step] state='pencilbag opened' step=1/1 target='pencilbag' action='expand'
[INFO] [1781164920.587928798] [robotaction]: [Execute] 'expand'
[INFO] [1781164920.588231684] [robotaction]: [Publish] 'expand' arm='left'
[WARN] [1781164926.804664995] [robotaction]: [Step] 等待动作结束异常 status='stop'
