[INFO] [1781164836.025877332] [keypoint_marker_publisher]: Keypoint marker publisher started.
[INFO] [1781164851.213169390] [keypoint_marker_publisher]: Keypoint pick completed.
[INFO] [1781164862.013340016] [keypoint_marker_publisher]: Keypoint expand completed.
[INFO] [1781164915.762757775] [keypoint_marker_publisher]: [home] request sent arm=left
[INFO] [1781164929.913663063] [keypoint_marker_publisher]: Keypoint expand completed.
[INFO] [1781164961.812829885] [keypoint_marker_publisher]: [home] request sent arm=left
[INFO] [1781164973.562771969] [keypoint_marker_publisher]: [home] request sent arm=left
[INFO] [1781164986.362769797] [keypoint_marker_publisher]: [home] request sent arm=left
[INFO] [1781164999.563359759] [keypoint_marker_publisher]: Keypoint pick completed.
[INFO] [1781165008.162898070] [keypoint_marker_publisher]: [home] request sent arm=left
[INFO] [1781165020.012753506] [keypoint_marker_publisher]: [home] request sent arm=left
[INFO] [1781165033.113470112] [keypoint_marker_publisher]: Keypoint pick completed.
[INFO] [1781165043.213435541] [keypoint_marker_publisher]: Keypoint pick completed.
[INFO] [1781165051.913134035] [keypoint_marker_publisher]: Keypoint place completed.
[INFO] [1781165183.863258689] [keypoint_marker_publisher]: Keypoint pick completed.
[INFO] [1781165192.463263241] [keypoint_marker_publisher]: Keypoint place completed.
[INFO] [1781165235.263102411] [keypoint_marker_publisher]: Keypoint pick completed.
[INFO] [1781165245.713294304] [keypoint_marker_publisher]: Keypoint pick completed.
[INFO] [1781165254.212750201] [keypoint_marker_publisher]: [home] request sent arm=left
[INFO] [1781165266.215259818] [keypoint_marker_publisher]: Keypoint pick completed.
[INFO] [1781165274.613308041] [keypoint_marker_publisher]: [home] request sent arm=left
[INFO] [1781165327.313396305] [keypoint_marker_publisher]: Keypoint pick completed.
[INFO] [1781165348.113266502] [keypoint_marker_publisher]: Keypoint pick completed.
[INFO] [1781165369.113249179] [keypoint_marker_publisher]: Keypoint pick completed.
[INFO] [1781165442.963212905] [keypoint_marker_publisher]: Keypoint pick completed.
[INFO] [1781165463.113362175] [keypoint_marker_publisher]: Keypoint pick completed.
[INFO] [1781165471.462776020] [keypoint_marker_publisher]: [home] request sent arm=left
[INFO] [1781165576.713125315] [keypoint_marker_publisher]: Keypoint pick completed.
[INFO] [1781165585.262780834] [keypoint_marker_publisher]: [home] request sent arm=left
[INFO] [1781165666.363190568] [keypoint_marker_publisher]: Keypoint pick completed.
[INFO] [1781165674.963356084] [keypoint_marker_publisher]: Keypoint place completed.
[INFO] [1781165723.863305204] [keypoint_marker_publisher]: Keypoint pick completed.
[INFO] [1781165732.262961439] [keypoint_marker_publisher]: [home] request sent arm=left
[INFO] [1781165743.963136610] [keypoint_marker_publisher]: Keypoint left_slide completed.
[INFO] [1781165784.912872902] [keypoint_marker_publisher]: [home] request sent arm=left
