[INFO] [1781073436.603262533] [keypoint_marker_publisher]: Keypoint marker publisher started.
[INFO] [1781073853.390979261] [keypoint_marker_publisher]: Keypoint pick completed.
[INFO] [1781073859.590668568] [keypoint_marker_publisher]: Keypoint pick completed.
[INFO] [1781073871.140289438] [keypoint_marker_publisher]: [home] request sent arm=left
[INFO] [1781073965.590978057] [keypoint_marker_publisher]: Keypoint pick completed.
[INFO] [1781073978.390355306] [keypoint_marker_publisher]: [home] request sent arm=left
[INFO] [1781073991.490422590] [keypoint_marker_publisher]: [home] request sent arm=left
[INFO] [1781074005.740463594] [keypoint_marker_publisher]: [home] request sent arm=left
[INFO] [1781074019.890994581] [keypoint_marker_publisher]: Keypoint pick completed.
[INFO] [1781074028.540277425] [keypoint_marker_publisher]: [home] request sent arm=left
[INFO] [1781074041.690237855] [keypoint_marker_publisher]: [home] request sent arm=left
[INFO] [1781074055.890739404] [keypoint_marker_publisher]: Keypoint pick completed.
[INFO] [1781074066.240448841] [keypoint_marker_publisher]: [home] request sent arm=left
[INFO] [1781074080.390426944] [keypoint_marker_publisher]: [home] request sent arm=left
[INFO] [1781074094.440940926] [keypoint_marker_publisher]: Keypoint pick completed.
[INFO] [1781074102.940364173] [keypoint_marker_publisher]: [home] request sent arm=left
[INFO] [1781074116.141201939] [keypoint_marker_publisher]: Keypoint pick completed.
[INFO] [1781074126.290730267] [keypoint_marker_publisher]: Keypoint pick completed.
[INFO] [1781074136.741048957] [keypoint_marker_publisher]: Keypoint pick completed.
[INFO] [1781074146.990294444] [keypoint_marker_publisher]: [home] request sent arm=left
[INFO] [1781074159.790618881] [keypoint_marker_publisher]: [home] request sent arm=left
[INFO] [1781074172.790414736] [keypoint_marker_publisher]: [home] request sent arm=left
[INFO] [1781074185.940417079] [keypoint_marker_publisher]: [home] request sent arm=left
[INFO] [1781074199.790297389] [keypoint_marker_publisher]: [home] request sent arm=left
[INFO] [1781074213.140390745] [keypoint_marker_publisher]: [home] request sent arm=left
[INFO] [1781074227.340366077] [keypoint_marker_publisher]: [home] request sent arm=left
[INFO] [1781074233.640913897] [keypoint_marker_publisher]: Keypoint release completed.
[INFO] [1781074234.190389815] [keypoint_marker_publisher]: [home] request sent arm=right
[INFO] [1781075837.390813347] [keypoint_marker_publisher]: Keypoint pick completed.
[INFO] [1781075849.990355370] [keypoint_marker_publisher]: [home] request sent arm=left
[INFO] [1781075863.140350355] [keypoint_marker_publisher]: [home] request sent arm=left
[INFO] [1781075877.340380545] [keypoint_marker_publisher]: [home] request sent arm=left
[INFO] [1781075891.390377761] [keypoint_marker_publisher]: [home] request sent arm=left
[INFO] [1781075905.540958045] [keypoint_marker_publisher]: [home] request sent arm=left
[INFO] [1781075919.740271831] [keypoint_marker_publisher]: [home] request sent arm=left
[INFO] [1781075933.790267906] [keypoint_marker_publisher]: [home] request sent arm=left
[INFO] [1781075947.891391214] [keypoint_marker_publisher]: Keypoint pick completed.
[INFO] [1781075956.390269377] [keypoint_marker_publisher]: [home] request sent arm=left
[INFO] [1781075969.990760323] [keypoint_marker_publisher]: Keypoint pick completed.
[INFO] [1781075976.190828194] [keypoint_marker_publisher]: Keypoint pick completed.
[INFO] [1781075982.341057583] [keypoint_marker_publisher]: Keypoint pick completed.
[INFO] [1781076073.191518523] [keypoint_marker_publisher]: Keypoint pick completed.
[INFO] [1781076122.840616912] [keypoint_marker_publisher]: Keypoint pick completed.
[INFO] [1781076135.290234990] [keypoint_marker_publisher]: [home] request sent arm=left
[INFO] [1781076149.340294551] [keypoint_marker_publisher]: [home] request sent arm=left
[INFO] [1781076162.340302073] [keypoint_marker_publisher]: [home] request sent arm=left
[INFO] [1781076175.390311261] [keypoint_marker_publisher]: [home] request sent arm=left
[INFO] [1781076190.390384591] [keypoint_marker_publisher]: [home] request sent arm=left
[INFO] [1781076236.290734308] [keypoint_marker_publisher]: Keypoint pick completed.
[INFO] [1781076247.291135880] [keypoint_marker_publisher]: Keypoint expand completed.
[INFO] [1781076280.790310883] [keypoint_marker_publisher]: [home] request sent arm=left
[INFO] [1781076292.540560858] [keypoint_marker_publisher]: [home] request sent arm=left
[INFO] [1781076305.290248717] [keypoint_marker_publisher]: [home] request sent arm=left
[INFO] [1781076318.290910197] [keypoint_marker_publisher]: Keypoint pick completed.
[INFO] [1781076326.790328335] [keypoint_marker_publisher]: [home] request sent arm=left
[INFO] [1781076338.740710022] [keypoint_marker_publisher]: Keypoint pick completed.
[INFO] [1781076347.240394503] [keypoint_marker_publisher]: [home] request sent arm=left
[INFO] [1781076359.091254391] [keypoint_marker_publisher]: Keypoint pick completed.
[INFO] [1781076367.640300352] [keypoint_marker_publisher]: [home] request sent arm=left
[INFO] [1781076379.740383532] [keypoint_marker_publisher]: [home] request sent arm=left
[INFO] [1781076392.741153061] [keypoint_marker_publisher]: Keypoint pick completed.
[INFO] [1781076401.290376036] [keypoint_marker_publisher]: [home] request sent arm=left
[INFO] [1781076413.190727613] [keypoint_marker_publisher]: Keypoint pick completed.
[INFO] [1781076421.590278778] [keypoint_marker_publisher]: [home] request sent arm=left
[INFO] [1781076433.340455395] [keypoint_marker_publisher]: [home] request sent arm=left
[INFO] [1781076446.140878581] [keypoint_marker_publisher]: Keypoint pick completed.
[INFO] [1781076454.790299616] [keypoint_marker_publisher]: [home] request sent arm=left
[INFO] [1781076466.740856420] [keypoint_marker_publisher]: Keypoint pick completed.
[INFO] [1781076475.190324865] [keypoint_marker_publisher]: [home] request sent arm=left
[INFO] [1781076481.890373133] [keypoint_marker_publisher]: [home] request sent arm=left
[INFO] [1781076481.990433508] [keypoint_marker_publisher]: [home] request sent arm=left
[INFO] [1781076482.090289098] [keypoint_marker_publisher]: [home] request sent arm=left
[INFO] [1781076493.640981837] [keypoint_marker_publisher]: Keypoint pick completed.
[INFO] [1781076499.740664547] [keypoint_marker_publisher]: Keypoint pick completed.
[INFO] [1781076506.040773024] [keypoint_marker_publisher]: Keypoint pick completed.
[INFO] [1781076725.290832008] [keypoint_marker_publisher]: Keypoint pick completed.
[INFO] [1781076737.790531644] [keypoint_marker_publisher]: [home] request sent arm=left
[INFO] [1781076751.690275574] [keypoint_marker_publisher]: [home] request sent arm=left
[INFO] [1781076764.540505333] [keypoint_marker_publisher]: [home] request sent arm=left
[INFO] [1781076777.240720312] [keypoint_marker_publisher]: [home] request sent arm=left
[INFO] [1781076790.240679257] [keypoint_marker_publisher]: Keypoint pick completed.
[INFO] [1781076800.440679152] [keypoint_marker_publisher]: Keypoint pick completed.
[INFO] [1781076808.990295266] [keypoint_marker_publisher]: [home] request sent arm=left
[INFO] [1781076822.341162134] [keypoint_marker_publisher]: Keypoint pick completed.
[INFO] [1781076830.740396833] [keypoint_marker_publisher]: [home] request sent arm=left
[INFO] [1781076842.390679510] [keypoint_marker_publisher]: [home] request sent arm=left
[INFO] [1781076855.090827502] [keypoint_marker_publisher]: Keypoint pick completed.
[INFO] [1781076865.491060414] [keypoint_marker_publisher]: Keypoint pick completed.
[INFO] [1781076875.340427213] [keypoint_marker_publisher]: [home] request sent arm=left
[INFO] [1781076888.291255356] [keypoint_marker_publisher]: Keypoint pick completed.
[INFO] [1781076896.740311685] [keypoint_marker_publisher]: [home] request sent arm=left
[INFO] [1781076908.591058675] [keypoint_marker_publisher]: Keypoint pick completed.
[INFO] [1781076918.690713604] [keypoint_marker_publisher]: Keypoint pick completed.
[INFO] [1781076927.291096367] [keypoint_marker_publisher]: Keypoint place completed.
[INFO] [1781077143.490976797] [keypoint_marker_publisher]: Keypoint pick completed.
[INFO] [1781077154.140267697] [keypoint_marker_publisher]: [home] request sent arm=left
[INFO] [1781077159.290659088] [keypoint_marker_publisher]: Keypoint release completed.
[INFO] [1781077159.840564311] [keypoint_marker_publisher]: [home] request sent arm=right
[INFO] [1781077169.190731376] [keypoint_marker_publisher]: Keypoint pick completed.
[INFO] [1781077180.140794165] [keypoint_marker_publisher]: Keypoint expand completed.
[INFO] [1781077228.290891577] [keypoint_marker_publisher]: Keypoint pick completed.
[INFO] [1781077240.590321088] [keypoint_marker_publisher]: [home] request sent arm=left
[INFO] [1781077252.390763399] [keypoint_marker_publisher]: [home] request sent arm=left
[INFO] [1781077265.140394604] [keypoint_marker_publisher]: [home] request sent arm=left
[INFO] [1781077277.890314583] [keypoint_marker_publisher]: [home] request sent arm=left
[INFO] [1781077290.740319230] [keypoint_marker_publisher]: [home] request sent arm=left
[INFO] [1781077303.690835328] [keypoint_marker_publisher]: Keypoint pick completed.
[INFO] [1781077312.240623407] [keypoint_marker_publisher]: [home] request sent arm=left
[INFO] [1781077324.490772153] [keypoint_marker_publisher]: Keypoint pick completed.
[INFO] [1781077334.590818329] [keypoint_marker_publisher]: Keypoint pick completed.
[INFO] [1781077345.190896381] [keypoint_marker_publisher]: Keypoint pick completed.
[INFO] [1781077355.940799959] [keypoint_marker_publisher]: Keypoint pick completed.
[INFO] [1781077366.241386668] [keypoint_marker_publisher]: Keypoint pick completed.
[INFO] [1781077376.740730836] [keypoint_marker_publisher]: Keypoint pick completed.
[INFO] [1781077385.290655944] [keypoint_marker_publisher]: [home] request sent arm=left
[INFO] [1781077397.791073647] [keypoint_marker_publisher]: Keypoint pick completed.
[INFO] [1781077408.541021955] [keypoint_marker_publisher]: Keypoint pick completed.
[INFO] [1781077419.340748336] [keypoint_marker_publisher]: Keypoint pick completed.
[INFO] [1781077430.090770291] [keypoint_marker_publisher]: Keypoint pick completed.
[INFO] [1781077440.890879902] [keypoint_marker_publisher]: Keypoint pick completed.
[INFO] [1781077451.690690076] [keypoint_marker_publisher]: Keypoint pick completed.
[INFO] [1781077460.240285725] [keypoint_marker_publisher]: [home] request sent arm=left
[INFO] [1781077490.090313525] [keypoint_marker_publisher]: [home] request sent arm=left
[INFO] [1781077503.840322225] [keypoint_marker_publisher]: [home] request sent arm=left
[INFO] [1781077509.990637547] [keypoint_marker_publisher]: Keypoint release completed.
[INFO] [1781077510.540257604] [keypoint_marker_publisher]: [home] request sent arm=right
[INFO] [1781077784.240566383] [keypoint_marker_publisher]: Keypoint pick completed.
[INFO] [1781077796.990371403] [keypoint_marker_publisher]: [home] request sent arm=left
[INFO] [1781077810.090862428] [keypoint_marker_publisher]: Keypoint expand completed.
[INFO] [1781077837.940345613] [keypoint_marker_publisher]: [home] request sent arm=left
[INFO] [1781077866.690219938] [keypoint_marker_publisher]: [home] request sent arm=left
[INFO] [1781077878.440378339] [keypoint_marker_publisher]: [home] request sent arm=left
[INFO] [1781077891.240491104] [keypoint_marker_publisher]: [home] request sent arm=left
[INFO] [1781077904.040385670] [keypoint_marker_publisher]: [home] request sent arm=left
[INFO] [1781077916.790336731] [keypoint_marker_publisher]: [home] request sent arm=left
[INFO] [1781077929.840776812] [keypoint_marker_publisher]: Keypoint pick completed.
[INFO] [1781077938.390296658] [keypoint_marker_publisher]: [home] request sent arm=left
[INFO] [1781077950.391218269] [keypoint_marker_publisher]: Keypoint pick completed.
[INFO] [1781077959.590352094] [keypoint_marker_publisher]: [home] request sent arm=left
[INFO] [1781077971.591096394] [keypoint_marker_publisher]: Keypoint pick completed.
[INFO] [1781077980.340702750] [keypoint_marker_publisher]: Keypoint place completed.
[INFO] [1781078121.190657526] [keypoint_marker_publisher]: Keypoint pick completed.
[INFO] [1781078133.490402604] [keypoint_marker_publisher]: [home] request sent arm=left
[INFO] [1781078145.290325122] [keypoint_marker_publisher]: [home] request sent arm=left
[INFO] [1781078158.090427379] [keypoint_marker_publisher]: [home] request sent arm=left
[INFO] [1781078170.890526165] [keypoint_marker_publisher]: [home] request sent arm=left
[INFO] [1781078183.841505285] [keypoint_marker_publisher]: Keypoint pick completed.
[INFO] [1781078192.290386430] [keypoint_marker_publisher]: [home] request sent arm=left
[INFO] [1781078204.090414000] [keypoint_marker_publisher]: [home] request sent arm=left
[INFO] [1781078217.040966343] [keypoint_marker_publisher]: Keypoint pick completed.
[INFO] [1781078225.540383307] [keypoint_marker_publisher]: [home] request sent arm=left
[INFO] [1781078317.590618213] [keypoint_marker_publisher]: Keypoint pick completed.
[INFO] [1781078328.140323926] [keypoint_marker_publisher]: [home] request sent arm=left
[INFO] [1781078342.790246731] [keypoint_marker_publisher]: [home] request sent arm=left
[INFO] [1781078354.540390379] [keypoint_marker_publisher]: [home] request sent arm=left
[INFO] [1781078367.340315342] [keypoint_marker_publisher]: [home] request sent arm=left
[INFO] [1781078380.391110808] [keypoint_marker_publisher]: Keypoint pick completed.
[INFO] [1781078389.040850346] [keypoint_marker_publisher]: Keypoint place completed.
[INFO] [1781078451.441028888] [keypoint_marker_publisher]: Keypoint pick completed.
[INFO] [1781078462.140571719] [keypoint_marker_publisher]: [home] request sent arm=left
[INFO] [1781078479.040324980] [keypoint_marker_publisher]: [home] request sent arm=left
[INFO] [1781078492.891666329] [keypoint_marker_publisher]: [home] request sent arm=left
[INFO] [1781078505.740602612] [keypoint_marker_publisher]: [home] request sent arm=left
[INFO] [1781078520.790966654] [keypoint_marker_publisher]: Keypoint expand completed.
