[INFO] [1781165452.918726555] [robotaction]: [Config] status_topic=/siglip2/result, progress_topic=/control/task_percentage, object_tf_topic=/tf, base_frame=base_link
[INFO] [1781165453.307568282] [robotaction]: [State] 激活状态 'pencilbag been expended and exist pen in pen holder'，共 1 个动作
[INFO] [1781165453.779262528] [robotaction]: [Select] target='pen' 候选: pen_1(y=0.145) -> 选择: 'pen_1'
[INFO] [1781165453.779513677] [robotaction]: [Step] state='pencilbag been expended and exist pen in pen holder' step=1/1 target='pen' action='pick'
[INFO] [1781165453.781227849] [robotaction]: [Execute] 'pick'
[INFO] [1781165453.781668823] [robotaction]: [Publish] 'pick' arm='left'
[INFO] [1781165462.901206718] [robotaction]: [Progress] 当前机械臂动作结束
[INFO] [1781165462.901377957] [robotaction]: [State] 'pencilbag been expended and exist pen in pen holder' 全部动作已完成，开始检查状态
[INFO] [1781165463.902379195] [robotaction]: [State] 动作组后检测到状态切换: 'pencilbag been expended and exist pen in pen holder' -> 'left hand holding the pen'
[INFO] [1781165463.907073434] [robotaction]: [State] 激活状态 'left hand holding the pen'，共 1 个动作
[INFO] [1781165464.379186812] [robotaction]: [Select] target='pencilbag' 候选: pencilbag_1(y=-0.035) -> 选择: 'pencilbag_1'
[INFO] [1781165464.379350748] [robotaction]: [Step] state='left hand holding the pen' step=1/1 target='pencilbag' action='place'
[INFO] [1781165464.380078047] [robotaction]: [Execute] 'place'
[INFO] [1781165464.380386914] [robotaction]: [Publish] 'place' arm='left'
[INFO] [1781165471.444295795] [robotaction]: [Progress] 当前机械臂动作结束
[INFO] [1781165471.444544891] [robotaction]: [Home] 发布 home arm='left', allow_preempt=False
[INFO] [1781165471.444914231] [robotaction]: [Publish] 'home' arm='left'
[INFO] [1781165471.445030648] [robotaction]: [Home] publish 1/3 arm='left'
[INFO] [1781165471.545634452] [robotaction]: [Publish] 'home' arm='left'
[INFO] [1781165471.545779754] [robotaction]: [Home] publish 2/3 arm='left'
[INFO] [1781165471.646850991] [robotaction]: [Publish] 'home' arm='left'
[INFO] [1781165471.647036327] [robotaction]: [Home] publish 3/3 arm='left'
[INFO] [1781165472.647623195] [robotaction]: [Home] 检测到 home 完成 arm='left'
[INFO] [1781165472.647917044] [robotaction]: [State] 'left hand holding the pen' 全部动作已完成，开始检查状态
[INFO] [1781165473.648414256] [robotaction]: [State] 动作组后检测到状态切换: 'left hand holding the pen' -> 'pencilbag been expended and exist pen in pen holder'
