[INFO] [1781073524.592499120] [robotaction]: [Config] status_topic=/siglip2/result, progress_topic=/control/task_percentage, object_tf_topic=/tf, base_frame=base_link
[INFO] [1781073525.181288325] [robotaction]: [State] 激活状态 'pencilbag free and pens in pen holder'，共 1 个动作
[INFO] [1781073525.654394098] [robotaction]: [Select] target='pencilbag' 候选: pencilbag_1(y=-0.165) -> 选择: 'pencilbag_1'
[INFO] [1781073525.654568444] [robotaction]: [Step] state='pencilbag free and pens in pen holder' step=1/1 target='pencilbag' action='pick'
[WARN] [1781073525.654936734] [robotaction]: No handler for target 'pencilbag'
[WARN] [1781073525.655057049] [robotaction]: [Step] 执行失败 target='pencilbag' action='pick'
[INFO] [1781073526.054188795] [robotaction]: [Select] target='pencilbag' 候选: pencilbag_1(y=-0.165) -> 选择: 'pencilbag_1'
[INFO] [1781073526.054347131] [robotaction]: [Step] state='pencilbag free and pens in pen holder' step=1/1 target='pencilbag' action='pick'
[WARN] [1781073526.054681007] [robotaction]: No handler for target 'pencilbag'
[WARN] [1781073526.054802604] [robotaction]: [Step] 执行失败 target='pencilbag' action='pick'
[INFO] [1781073526.452571997] [robotaction]: [Select] target='pencilbag' 候选: pencilbag_1(y=-0.167) -> 选择: 'pencilbag_1'
[INFO] [1781073526.452753638] [robotaction]: [Step] state='pencilbag free and pens in pen holder' step=1/1 target='pencilbag' action='pick'
[WARN] [1781073526.453116718] [robotaction]: No handler for target 'pencilbag'
[WARN] [1781073526.453227676] [robotaction]: [Step] 执行失败 target='pencilbag' action='pick'
[INFO] [1781073526.852626902] [robotaction]: [Select] target='pencilbag' 候选: pencilbag_1(y=-0.170) -> 选择: 'pencilbag_1'
[INFO] [1781073526.852783475] [robotaction]: [Step] state='pencilbag free and pens in pen holder' step=1/1 target='pencilbag' action='pick'
[WARN] [1781073526.853092133] [robotaction]: No handler for target 'pencilbag'
[WARN] [1781073526.853199414] [robotaction]: [Step] 执行失败 target='pencilbag' action='pick'
[INFO] [1781073527.253711935] [robotaction]: [Select] target='pencilbag' 候选: pencilbag_1(y=-0.169) -> 选择: 'pencilbag_1'
[INFO] [1781073527.253881001] [robotaction]: [Step] state='pencilbag free and pens in pen holder' step=1/1 target='pencilbag' action='pick'
[WARN] [1781073527.254214957] [robotaction]: No handler for target 'pencilbag'
[WARN] [1781073527.254345872] [robotaction]: [Step] 执行失败 target='pencilbag' action='pick'
[INFO] [1781073527.652304419] [robotaction]: [Select] target='pencilbag' 候选: pencilbag_1(y=-0.166) -> 选择: 'pencilbag_1'
[INFO] [1781073527.652459790] [robotaction]: [Step] state='pencilbag free and pens in pen holder' step=1/1 target='pencilbag' action='pick'
[WARN] [1781073527.652743211] [robotaction]: No handler for target 'pencilbag'
[WARN] [1781073527.652870840] [robotaction]: [Step] 执行失败 target='pencilbag' action='pick'
[INFO] [1781073528.052747450] [robotaction]: [Select] target='pencilbag' 候选: pencilbag_1(y=-0.171) -> 选择: 'pencilbag_1'
[INFO] [1781073528.052935943] [robotaction]: [Step] state='pencilbag free and pens in pen holder' step=1/1 target='pencilbag' action='pick'
[WARN] [1781073528.053283744] [robotaction]: No handler for target 'pencilbag'
[WARN] [1781073528.053420480] [robotaction]: [Step] 执行失败 target='pencilbag' action='pick'
[INFO] [1781073528.453630835] [robotaction]: [Select] target='pencilbag' 候选: pencilbag_1(y=-0.165) -> 选择: 'pencilbag_1'
[INFO] [1781073528.453794000] [robotaction]: [Step] state='pencilbag free and pens in pen holder' step=1/1 target='pencilbag' action='pick'
[WARN] [1781073528.454217393] [robotaction]: No handler for target 'pencilbag'
[WARN] [1781073528.454408401] [robotaction]: [Step] 执行失败 target='pencilbag' action='pick'
[INFO] [1781073528.853074513] [robotaction]: [Select] target='pencilbag' 候选: pencilbag_1(y=-0.167) -> 选择: 'pencilbag_1'
[INFO] [1781073528.853251264] [robotaction]: [Step] state='pencilbag free and pens in pen holder' step=1/1 target='pencilbag' action='pick'
[WARN] [1781073528.853621087] [robotaction]: No handler for target 'pencilbag'
[WARN] [1781073528.853744498] [robotaction]: [Step] 执行失败 target='pencilbag' action='pick'
[INFO] [1781073529.252675956] [robotaction]: [Select] target='pencilbag' 候选: pencilbag_1(y=-0.165) -> 选择: 'pencilbag_1'
[INFO] [1781073529.252838421] [robotaction]: [Step] state='pencilbag free and pens in pen holder' step=1/1 target='pencilbag' action='pick'
[WARN] [1781073529.253151016] [robotaction]: No handler for target 'pencilbag'
[WARN] [1781073529.253272153] [robotaction]: [Step] 执行失败 target='pencilbag' action='pick'
[INFO] [1781073529.654315928] [robotaction]: [Select] target='pencilbag' 候选: pencilbag_1(y=-0.164) -> 选择: 'pencilbag_1'
[INFO] [1781073529.654470528] [robotaction]: [Step] state='pencilbag free and pens in pen holder' step=1/1 target='pencilbag' action='pick'
[WARN] [1781073529.654758056] [robotaction]: No handler for target 'pencilbag'
[WARN] [1781073529.654864265] [robotaction]: [Step] 执行失败 target='pencilbag' action='pick'
[INFO] [1781073530.052907360] [robotaction]: [Select] target='pencilbag' 候选: pencilbag_1(y=-0.167) -> 选择: 'pencilbag_1'
[INFO] [1781073530.053070736] [robotaction]: [Step] state='pencilbag free and pens in pen holder' step=1/1 target='pencilbag' action='pick'
[WARN] [1781073530.053360519] [robotaction]: No handler for target 'pencilbag'
[WARN] [1781073530.053474622] [robotaction]: [Step] 执行失败 target='pencilbag' action='pick'
[INFO] [1781073530.453016774] [robotaction]: [Select] target='pencilbag' 候选: pencilbag_1(y=-0.169) -> 选择: 'pencilbag_1'
[INFO] [1781073530.453191752] [robotaction]: [Step] state='pencilbag free and pens in pen holder' step=1/1 target='pencilbag' action='pick'
[WARN] [1781073530.453486454] [robotaction]: No handler for target 'pencilbag'
[WARN] [1781073530.453598504] [robotaction]: [Step] 执行失败 target='pencilbag' action='pick'
[INFO] [1781073530.854774366] [robotaction]: [Select] target='pencilbag' 候选: pencilbag_1(y=-0.166) -> 选择: 'pencilbag_1'
[INFO] [1781073530.855019465] [robotaction]: [Step] state='pencilbag free and pens in pen holder' step=1/1 target='pencilbag' action='pick'
[WARN] [1781073530.855370843] [robotaction]: No handler for target 'pencilbag'
[WARN] [1781073530.855500746] [robotaction]: [Step] 执行失败 target='pencilbag' action='pick'
[INFO] [1781073531.253206378] [robotaction]: [Select] target='pencilbag' 候选: pencilbag_1(y=-0.169) -> 选择: 'pencilbag_1'
[INFO] [1781073531.253416030] [robotaction]: [Step] state='pencilbag free and pens in pen holder' step=1/1 target='pencilbag' action='pick'
[WARN] [1781073531.253813325] [robotaction]: No handler for target 'pencilbag'
[WARN] [1781073531.253968906] [robotaction]: [Step] 执行失败 target='pencilbag' action='pick'
[INFO] [1781073531.652953213] [robotaction]: [Select] target='pencilbag' 候选: pencilbag_1(y=-0.163) -> 选择: 'pencilbag_1'
[INFO] [1781073531.653113773] [robotaction]: [Step] state='pencilbag free and pens in pen holder' step=1/1 target='pencilbag' action='pick'
[WARN] [1781073531.653425658] [robotaction]: No handler for target 'pencilbag'
[WARN] [1781073531.653536886] [robotaction]: [Step] 执行失败 target='pencilbag' action='pick'
[INFO] [1781073532.053762738] [robotaction]: [Select] target='pencilbag' 候选: pencilbag_1(y=-0.165) -> 选择: 'pencilbag_1'
[INFO] [1781073532.053934029] [robotaction]: [Step] state='pencilbag free and pens in pen holder' step=1/1 target='pencilbag' action='pick'
[WARN] [1781073532.054285738] [robotaction]: No handler for target 'pencilbag'
[WARN] [1781073532.054409580] [robotaction]: [Step] 执行失败 target='pencilbag' action='pick'
[INFO] [1781073532.452665161] [robotaction]: [Select] target='pencilbag' 候选: pencilbag_1(y=-0.162) -> 选择: 'pencilbag_1'
[INFO] [1781073532.452813709] [robotaction]: [Step] state='pencilbag free and pens in pen holder' step=1/1 target='pencilbag' action='pick'
[WARN] [1781073532.453112018] [robotaction]: No handler for target 'pencilbag'
[WARN] [1781073532.453223877] [robotaction]: [Step] 执行失败 target='pencilbag' action='pick'
[INFO] [1781073532.852931378] [robotaction]: [Select] target='pencilbag' 候选: pencilbag_1(y=-0.167) -> 选择: 'pencilbag_1'
[INFO] [1781073532.853098050] [robotaction]: [Step] state='pencilbag free and pens in pen holder' step=1/1 target='pencilbag' action='pick'
[WARN] [1781073532.853495324] [robotaction]: No handler for target 'pencilbag'
[WARN] [1781073532.853626500] [robotaction]: [Step] 执行失败 target='pencilbag' action='pick'
[INFO] [1781073533.253773263] [robotaction]: [Select] target='pencilbag' 候选: pencilbag_1(y=-0.168) -> 选择: 'pencilbag_1'
[INFO] [1781073533.253956586] [robotaction]: [Step] state='pencilbag free and pens in pen holder' step=1/1 target='pencilbag' action='pick'
[WARN] [1781073533.254255807] [robotaction]: No handler for target 'pencilbag'
[WARN] [1781073533.254366424] [robotaction]: [Step] 执行失败 target='pencilbag' action='pick'
[INFO] [1781073533.652842558] [robotaction]: [Select] target='pencilbag' 候选: pencilbag_1(y=-0.164) -> 选择: 'pencilbag_1'
[INFO] [1781073533.653033576] [robotaction]: [Step] state='pencilbag free and pens in pen holder' step=1/1 target='pencilbag' action='pick'
[WARN] [1781073533.653381798] [robotaction]: No handler for target 'pencilbag'
[WARN] [1781073533.653517152] [robotaction]: [Step] 执行失败 target='pencilbag' action='pick'
[INFO] [1781073534.053248657] [robotaction]: [Select] target='pencilbag' 候选: pencilbag_1(y=-0.166) -> 选择: 'pencilbag_1'
[INFO] [1781073534.053464070] [robotaction]: [Step] state='pencilbag free and pens in pen holder' step=1/1 target='pencilbag' action='pick'
[WARN] [1781073534.053879478] [robotaction]: No handler for target 'pencilbag'
[WARN] [1781073534.054036673] [robotaction]: [Step] 执行失败 target='pencilbag' action='pick'
[INFO] [1781073534.454203633] [robotaction]: [Select] target='pencilbag' 候选: pencilbag_1(y=-0.162) -> 选择: 'pencilbag_1'
[INFO] [1781073534.454424998] [robotaction]: [Step] state='pencilbag free and pens in pen holder' step=1/1 target='pencilbag' action='pick'
[WARN] [1781073534.454818054] [robotaction]: No handler for target 'pencilbag'
[WARN] [1781073534.454977733] [robotaction]: [Step] 执行失败 target='pencilbag' action='pick'
[INFO] [1781073534.852668776] [robotaction]: [Select] target='pencilbag' 候选: pencilbag_1(y=-0.165) -> 选择: 'pencilbag_1'
[INFO] [1781073534.852848162] [robotaction]: [Step] state='pencilbag free and pens in pen holder' step=1/1 target='pencilbag' action='pick'
[WARN] [1781073534.853274230] [robotaction]: No handler for target 'pencilbag'
[WARN] [1781073534.853450540] [robotaction]: [Step] 执行失败 target='pencilbag' action='pick'
[INFO] [1781073535.252903513] [robotaction]: [Select] target='pencilbag' 候选: pencilbag_1(y=-0.167) -> 选择: 'pencilbag_1'
[INFO] [1781073535.253084162] [robotaction]: [Step] state='pencilbag free and pens in pen holder' step=1/1 target='pencilbag' action='pick'
[WARN] [1781073535.253383302] [robotaction]: No handler for target 'pencilbag'
[WARN] [1781073535.253499480] [robotaction]: [Step] 执行失败 target='pencilbag' action='pick'
[INFO] [1781073535.656316523] [robotaction]: [Select] target='pencilbag' 候选: pencilbag_1(y=-0.163) -> 选择: 'pencilbag_1'
[INFO] [1781073535.656632154] [robotaction]: [Step] state='pencilbag free and pens in pen holder' step=1/1 target='pencilbag' action='pick'
[WARN] [1781073535.657104018] [robotaction]: No handler for target 'pencilbag'
[WARN] [1781073535.657331735] [robotaction]: [Step] 执行失败 target='pencilbag' action='pick'
[INFO] [1781073536.052800275] [robotaction]: [Select] target='pencilbag' 候选: pencilbag_1(y=-0.169) -> 选择: 'pencilbag_1'
[INFO] [1781073536.052950796] [robotaction]: [Step] state='pencilbag free and pens in pen holder' step=1/1 target='pencilbag' action='pick'
[WARN] [1781073536.053260056] [robotaction]: No handler for target 'pencilbag'
[WARN] [1781073536.053365934] [robotaction]: [Step] 执行失败 target='pencilbag' action='pick'
[INFO] [1781073536.452760076] [robotaction]: [Select] target='pencilbag' 候选: pencilbag_1(y=-0.169) -> 选择: 'pencilbag_1'
[INFO] [1781073536.452940073] [robotaction]: [Step] state='pencilbag free and pens in pen holder' step=1/1 target='pencilbag' action='pick'
[WARN] [1781073536.453262617] [robotaction]: No handler for target 'pencilbag'
[WARN] [1781073536.453393022] [robotaction]: [Step] 执行失败 target='pencilbag' action='pick'
[INFO] [1781073536.853603292] [robotaction]: [Select] target='pencilbag' 候选: pencilbag_1(y=-0.168) -> 选择: 'pencilbag_1'
[INFO] [1781073536.853759415] [robotaction]: [Step] state='pencilbag free and pens in pen holder' step=1/1 target='pencilbag' action='pick'
[WARN] [1781073536.854067692] [robotaction]: No handler for target 'pencilbag'
[WARN] [1781073536.854181645] [robotaction]: [Step] 执行失败 target='pencilbag' action='pick'
[INFO] [1781073537.252624666] [robotaction]: [Select] target='pencilbag' 候选: pencilbag_1(y=-0.163) -> 选择: 'pencilbag_1'
[INFO] [1781073537.252771681] [robotaction]: [Step] state='pencilbag free and pens in pen holder' step=1/1 target='pencilbag' action='pick'
[WARN] [1781073537.253055533] [robotaction]: No handler for target 'pencilbag'
[WARN] [1781073537.253169416] [robotaction]: [Step] 执行失败 target='pencilbag' action='pick'
[INFO] [1781073537.653272716] [robotaction]: [Select] target='pencilbag' 候选: pencilbag_1(y=-0.169) -> 选择: 'pencilbag_1'
[INFO] [1781073537.653513928] [robotaction]: [Step] state='pencilbag free and pens in pen holder' step=1/1 target='pencilbag' action='pick'
[WARN] [1781073537.653936640] [robotaction]: No handler for target 'pencilbag'
[WARN] [1781073537.654097401] [robotaction]: [Step] 执行失败 target='pencilbag' action='pick'
[INFO] [1781073538.054204558] [robotaction]: [Select] target='pencilbag' 候选: pencilbag_1(y=-0.167) -> 选择: 'pencilbag_1'
[INFO] [1781073538.054409832] [robotaction]: [Step] state='pencilbag free and pens in pen holder' step=1/1 target='pencilbag' action='pick'
[WARN] [1781073538.054823056] [robotaction]: No handler for target 'pencilbag'
[WARN] [1781073538.054984238] [robotaction]: [Step] 执行失败 target='pencilbag' action='pick'
[INFO] [1781073538.453033029] [robotaction]: [Select] target='pencilbag' 候选: pencilbag_1(y=-0.171) -> 选择: 'pencilbag_1'
[INFO] [1781073538.453422088] [robotaction]: [Step] state='pencilbag free and pens in pen holder' step=1/1 target='pencilbag' action='pick'
[WARN] [1781073538.453928116] [robotaction]: No handler for target 'pencilbag'
[WARN] [1781073538.454044113] [robotaction]: [Step] 执行失败 target='pencilbag' action='pick'
[INFO] [1781073538.852419326] [robotaction]: [Select] target='pencilbag' 候选: pencilbag_1(y=-0.167) -> 选择: 'pencilbag_1'
[INFO] [1781073538.852569017] [robotaction]: [Step] state='pencilbag free and pens in pen holder' step=1/1 target='pencilbag' action='pick'
[WARN] [1781073538.852865241] [robotaction]: No handler for target 'pencilbag'
[WARN] [1781073538.852972552] [robotaction]: [Step] 执行失败 target='pencilbag' action='pick'
[INFO] [1781073539.254138973] [robotaction]: [Select] target='pencilbag' 候选: pencilbag_1(y=-0.167) -> 选择: 'pencilbag_1'
[INFO] [1781073539.254346922] [robotaction]: [Step] state='pencilbag free and pens in pen holder' step=1/1 target='pencilbag' action='pick'
[WARN] [1781073539.254718799] [robotaction]: No handler for target 'pencilbag'
[WARN] [1781073539.254866636] [robotaction]: [Step] 执行失败 target='pencilbag' action='pick'
[WARN] [1781073539.441485039] [robotaction]: [TF] 未等到 target='pencilbag' 的TF,跳过本周期 (连续1/2)
