[INFO] [1781077854.952219280] [robotaction]: [Config] status_topic=/siglip2/result, progress_topic=/control/task_percentage, object_tf_topic=/tf, base_frame=base_link
[INFO] [1781077855.339863473] [robotaction]: [State] 激活状态 'right hand holding the pencilbag'，共 1 个动作
[INFO] [1781077855.811727567] [robotaction]: [Select] target='pig_zipper' 候选: pig zipper_1(y=-0.066) -> 选择: 'pig zipper_1'
[INFO] [1781077855.811887275] [robotaction]: [Step] state='right hand holding the pencilbag' step=1/1 target='pig_zipper' action='pick_leftslide'
[INFO] [1781077855.813463772] [robotaction]: [Execute] 'pick_leftslide'
[INFO] [1781077855.813789108] [robotaction]: [Publish] 'pick_leftslide' arm='left'
[INFO] [1781077866.688328534] [robotaction]: [Progress] 当前机械臂动作结束
[INFO] [1781077866.688622812] [robotaction]: [Home] 发布 home arm='left', allow_preempt=False
[INFO] [1781077866.688921037] [robotaction]: [Publish] 'home' arm='left'
[INFO] [1781077866.689030111] [robotaction]: [Home] publish 1/3 arm='left'
[INFO] [1781077866.789569338] [robotaction]: [Publish] 'home' arm='left'
[INFO] [1781077866.789736620] [robotaction]: [Home] publish 2/3 arm='left'
[INFO] [1781077866.890938562] [robotaction]: [Publish] 'home' arm='left'
[INFO] [1781077866.891084795] [robotaction]: [Home] publish 3/3 arm='left'
[INFO] [1781077867.892354651] [robotaction]: [Home] 检测到 home 完成 arm='left'
[INFO] [1781077867.892568158] [robotaction]: [State] 'right hand holding the pencilbag' 全部动作已完成，开始检查状态
[INFO] [1781077868.893873102] [robotaction]: [State] 动作组后检测到状态切换: 'right hand holding the pencilbag' -> 'pencilbag opened'
[INFO] [1781077868.939626914] [robotaction]: [State] 激活状态 'pencilbag opened'，共 1 个动作
[INFO] [1781077869.411586944] [robotaction]: [Select] target='pencilbag' 候选: pencilbag_1(y=-0.031) -> 选择: 'pencilbag_1'
[INFO] [1781077869.411750158] [robotaction]: [Step] state='pencilbag opened' step=1/1 target='pencilbag' action='expand'
[INFO] [1781077869.412554777] [robotaction]: [Execute] 'expand'
[INFO] [1781077869.412849045] [robotaction]: [Publish] 'expand' arm='left'
[INFO] [1781077878.432722151] [robotaction]: [Progress] 当前机械臂动作结束
[INFO] [1781077878.432934798] [robotaction]: [Home] 发布 home arm='left', allow_preempt=False
[INFO] [1781077878.433245276] [robotaction]: [Publish] 'home' arm='left'
[INFO] [1781077878.433358668] [robotaction]: [Home] publish 1/3 arm='left'
[INFO] [1781077878.533942285] [robotaction]: [Publish] 'home' arm='left'
[INFO] [1781077878.534090872] [robotaction]: [Home] publish 2/3 arm='left'
[INFO] [1781077878.634637660] [robotaction]: [Publish] 'home' arm='left'
[INFO] [1781077878.634807586] [robotaction]: [Home] publish 3/3 arm='left'
[INFO] [1781077880.636512561] [robotaction]: [Home] 检测到 home 完成 arm='left'
[INFO] [1781077880.636750104] [robotaction]: [State] 'pencilbag opened' 全部动作已完成，开始检查状态
[INFO] [1781077881.637326279] [robotaction]: [State] 动作组后稳定状态仍为 'pencilbag opened'
[INFO] [1781077881.739785848] [robotaction]: [State] 激活状态 'pencilbag opened'，共 1 个动作
[INFO] [1781077882.212118302] [robotaction]: [Select] target='pencilbag' 候选: pencilbag_1(y=-0.026) -> 选择: 'pencilbag_1'
[INFO] [1781077882.212300782] [robotaction]: [Step] state='pencilbag opened' step=1/1 target='pencilbag' action='expand'
[INFO] [1781077882.213107796] [robotaction]: [Execute] 'expand'
[INFO] [1781077882.213413135] [robotaction]: [Publish] 'expand' arm='left'
[INFO] [1781077891.231304382] [robotaction]: [Progress] 当前机械臂动作结束
[INFO] [1781077891.231712062] [robotaction]: [Home] 发布 home arm='left', allow_preempt=False
[INFO] [1781077891.232133287] [robotaction]: [Publish] 'home' arm='left'
[INFO] [1781077891.232282705] [robotaction]: [Home] publish 1/3 arm='left'
[INFO] [1781077891.332820495] [robotaction]: [Publish] 'home' arm='left'
[INFO] [1781077891.332957320] [robotaction]: [Home] publish 2/3 arm='left'
[INFO] [1781077891.433575279] [robotaction]: [Publish] 'home' arm='left'
[INFO] [1781077891.433829132] [robotaction]: [Home] publish 3/3 arm='left'
[INFO] [1781077893.435344974] [robotaction]: [Home] 检测到 home 完成 arm='left'
[INFO] [1781077893.435515832] [robotaction]: [State] 'pencilbag opened' 全部动作已完成，开始检查状态
[INFO] [1781077894.436811121] [robotaction]: [State] 动作组后稳定状态仍为 'pencilbag opened'
[INFO] [1781077894.539706501] [robotaction]: [State] 激活状态 'pencilbag opened'，共 1 个动作
[INFO] [1781077895.011223783] [robotaction]: [Select] target='pencilbag' 候选: pencilbag_1(y=-0.029) -> 选择: 'pencilbag_1'
[INFO] [1781077895.011466596] [robotaction]: [Step] state='pencilbag opened' step=1/1 target='pencilbag' action='expand'
[INFO] [1781077895.012724440] [robotaction]: [Execute] 'expand'
[INFO] [1781077895.013021404] [robotaction]: [Publish] 'expand' arm='left'
[INFO] [1781077904.032981528] [robotaction]: [Progress] 当前机械臂动作结束
[INFO] [1781077904.033246251] [robotaction]: [Home] 发布 home arm='left', allow_preempt=False
[INFO] [1781077904.033666305] [robotaction]: [Publish] 'home' arm='left'
[INFO] [1781077904.033931198] [robotaction]: [Home] publish 1/3 arm='left'
[INFO] [1781077904.134534828] [robotaction]: [Publish] 'home' arm='left'
[INFO] [1781077904.134680399] [robotaction]: [Home] publish 2/3 arm='left'
[INFO] [1781077904.235377063] [robotaction]: [Publish] 'home' arm='left'
[INFO] [1781077904.235545907] [robotaction]: [Home] publish 3/3 arm='left'
[INFO] [1781077906.237324715] [robotaction]: [Home] 检测到 home 完成 arm='left'
[INFO] [1781077906.237489763] [robotaction]: [State] 'pencilbag opened' 全部动作已完成，开始检查状态
[INFO] [1781077907.238933747] [robotaction]: [State] 动作组后稳定状态仍为 'pencilbag opened'
[INFO] [1781077907.339644051] [robotaction]: [State] 激活状态 'pencilbag opened'，共 1 个动作
[INFO] [1781077907.811403061] [robotaction]: [Select] target='pencilbag' 候选: pencilbag_1(y=-0.033) -> 选择: 'pencilbag_1'
[INFO] [1781077907.811559012] [robotaction]: [Step] state='pencilbag opened' step=1/1 target='pencilbag' action='expand'
[INFO] [1781077907.812337523] [robotaction]: [Execute] 'expand'
[INFO] [1781077907.812627814] [robotaction]: [Publish] 'expand' arm='left'
[INFO] [1781077916.780181920] [robotaction]: [Progress] 当前机械臂动作结束
[INFO] [1781077916.780424963] [robotaction]: [Home] 发布 home arm='left', allow_preempt=False
[INFO] [1781077916.780730452] [robotaction]: [Publish] 'home' arm='left'
[INFO] [1781077916.780837271] [robotaction]: [Home] publish 1/3 arm='left'
[INFO] [1781077916.881481452] [robotaction]: [Publish] 'home' arm='left'
[INFO] [1781077916.881648774] [robotaction]: [Home] publish 2/3 arm='left'
[INFO] [1781077916.982215189] [robotaction]: [Publish] 'home' arm='left'
[INFO] [1781077916.982363595] [robotaction]: [Home] publish 3/3 arm='left'
[INFO] [1781077918.984433336] [robotaction]: [Home] 检测到 home 完成 arm='left'
[INFO] [1781077918.984675978] [robotaction]: [State] 'pencilbag opened' 全部动作已完成，开始检查状态
[INFO] [1781077919.985328566] [robotaction]: [State] 动作组后检测到状态切换: 'pencilbag opened' -> 'pencilbag been expended and exist pen in pen holder'
[INFO] [1781077920.139410662] [robotaction]: [State] 激活状态 'pencilbag been expended and exist pen in pen holder'，共 1 个动作
[INFO] [1781077920.611213849] [robotaction]: [Select] target='pen' 候选: pen_1(y=0.248) -> 选择: 'pen_1'
[INFO] [1781077920.611379688] [robotaction]: [Step] state='pencilbag been expended and exist pen in pen holder' step=1/1 target='pen' action='pick'
[INFO] [1781077920.612418515] [robotaction]: [Execute] 'pick'
[INFO] [1781077920.612705309] [robotaction]: [Publish] 'pick' arm='left'
[INFO] [1781077929.631281688] [robotaction]: [Progress] 当前机械臂动作结束
[INFO] [1781077929.631451054] [robotaction]: [State] 'pencilbag been expended and exist pen in pen holder' 全部动作已完成，开始检查状态
[INFO] [1781077930.632426736] [robotaction]: [State] 动作组后检测到状态切换: 'pencilbag been expended and exist pen in pen holder' -> 'left hand holding the pen'
[INFO] [1781077930.739737144] [robotaction]: [State] 激活状态 'left hand holding the pen'，共 1 个动作
[INFO] [1781077931.211597064] [robotaction]: [Select] target='pencilbag' 候选: pencilbag_1(y=-0.029) -> 选择: 'pencilbag_1'
[INFO] [1781077931.211777450] [robotaction]: [Step] state='left hand holding the pen' step=1/1 target='pencilbag' action='place'
[INFO] [1781077931.212647994] [robotaction]: [Execute] 'place'
[INFO] [1781077931.212979271] [robotaction]: [Publish] 'place' arm='left'
[INFO] [1781077938.377827617] [robotaction]: [Progress] 当前机械臂动作结束
[INFO] [1781077938.378161920] [robotaction]: [Home] 发布 home arm='left', allow_preempt=False
[INFO] [1781077938.378499369] [robotaction]: [Publish] 'home' arm='left'
[INFO] [1781077938.378613572] [robotaction]: [Home] publish 1/3 arm='left'
[INFO] [1781077938.479154023] [robotaction]: [Publish] 'home' arm='left'
[INFO] [1781077938.479287642] [robotaction]: [Home] publish 2/3 arm='left'
[INFO] [1781077938.579962964] [robotaction]: [Publish] 'home' arm='left'
[INFO] [1781077938.580185509] [robotaction]: [Home] publish 3/3 arm='left'
[INFO] [1781077939.581394931] [robotaction]: [Home] 检测到 home 完成 arm='left'
[INFO] [1781077939.581593171] [robotaction]: [State] 'left hand holding the pen' 全部动作已完成，开始检查状态
[INFO] [1781077940.582332005] [robotaction]: [State] 动作组后检测到状态切换: 'left hand holding the pen' -> 'pencilbag been expended and exist pen in pen holder'
[INFO] [1781077940.739649466] [robotaction]: [State] 激活状态 'pencilbag been expended and exist pen in pen holder'，共 1 个动作
[INFO] [1781077941.211393912] [robotaction]: [Select] target='pen' 候选: pen_1(y=0.259) -> 选择: 'pen_1'
[INFO] [1781077941.211554902] [robotaction]: [Step] state='pencilbag been expended and exist pen in pen holder' step=1/1 target='pen' action='pick'
[INFO] [1781077941.212360394] [robotaction]: [Execute] 'pick'
[INFO] [1781077941.212654833] [robotaction]: [Publish] 'pick' arm='left'
[INFO] [1781077950.178827540] [robotaction]: [Progress] 当前机械臂动作结束
[INFO] [1781077950.179002957] [robotaction]: [State] 'pencilbag been expended and exist pen in pen holder' 全部动作已完成，开始检查状态
[WARN] [1781077951.679949749] [robotaction]: [State] 动作组结束后 0.5s 内未等到稳定状态
[INFO] [1781077951.939726306] [robotaction]: [State] 激活状态 'left hand holding the pen'，共 1 个动作
[INFO] [1781077952.411742682] [robotaction]: [Select] target='pencilbag' 候选: pencilbag_1(y=-0.026) -> 选择: 'pencilbag_1'
[INFO] [1781077952.411904885] [robotaction]: [Step] state='left hand holding the pen' step=1/1 target='pencilbag' action='place'
[INFO] [1781077952.412708764] [robotaction]: [Execute] 'place'
[INFO] [1781077952.413011769] [robotaction]: [Publish] 'place' arm='left'
[INFO] [1781077959.576336543] [robotaction]: [Progress] 当前机械臂动作结束
[INFO] [1781077959.576599433] [robotaction]: [Home] 发布 home arm='left', allow_preempt=False
[INFO] [1781077959.576945990] [robotaction]: [Publish] 'home' arm='left'
[INFO] [1781077959.577088515] [robotaction]: [Home] publish 1/3 arm='left'
[INFO] [1781077959.677631511] [robotaction]: [Publish] 'home' arm='left'
[INFO] [1781077959.677786540] [robotaction]: [Home] publish 2/3 arm='left'
[INFO] [1781077959.778370141] [robotaction]: [Publish] 'home' arm='left'
[INFO] [1781077959.778535048] [robotaction]: [Home] publish 3/3 arm='left'
[INFO] [1781077960.779344938] [robotaction]: [Home] 检测到 home 完成 arm='left'
[INFO] [1781077960.779519483] [robotaction]: [State] 'left hand holding the pen' 全部动作已完成，开始检查状态
[INFO] [1781077961.780701255] [robotaction]: [State] 动作组后检测到状态切换: 'left hand holding the pen' -> 'pencilbag been expended and exist pen in pen holder'
[INFO] [1781077961.939668104] [robotaction]: [State] 激活状态 'pencilbag been expended and exist pen in pen holder'，共 1 个动作
[INFO] [1781077962.411460190] [robotaction]: [Select] target='pen' 候选: pen_1(y=0.262) -> 选择: 'pen_1'
[INFO] [1781077962.411617564] [robotaction]: [Step] state='pencilbag been expended and exist pen in pen holder' step=1/1 target='pen' action='pick'
[INFO] [1781077962.412539694] [robotaction]: [Execute] 'pick'
[INFO] [1781077962.412830035] [robotaction]: [Publish] 'pick' arm='left'
[INFO] [1781077971.380148944] [robotaction]: [Progress] 当前机械臂动作结束
[INFO] [1781077971.380303742] [robotaction]: [State] 'pencilbag been expended and exist pen in pen holder' 全部动作已完成，开始检查状态
[INFO] [1781077972.381570768] [robotaction]: [State] 动作组后检测到状态切换: 'pencilbag been expended and exist pen in pen holder' -> 'left hand holding the pen'
[INFO] [1781077972.539529077] [robotaction]: [State] 激活状态 'left hand holding the pen'，共 1 个动作
[INFO] [1781077973.011095449] [robotaction]: [Select] target='pencilbag' 候选: pencilbag_1(y=-0.031) -> 选择: 'pencilbag_1'
[INFO] [1781077973.011499462] [robotaction]: [Step] state='left hand holding the pen' step=1/1 target='pencilbag' action='place'
[INFO] [1781077973.012403799] [robotaction]: [Execute] 'place'
[INFO] [1781077973.012668763] [robotaction]: [Publish] 'place' arm='left'
[WARN] [1781077979.727797225] [robotaction]: [Step] 等待动作结束异常 status='stop'
