[INFO] [1781078445.113644487] [robotaction]: [Config] status_topic=/siglip2/result, progress_topic=/control/task_percentage, object_tf_topic=/tf, base_frame=base_link
[INFO] [1781078445.701499265] [robotaction]: [State] 激活状态 'pencilbag free and pens in pen holder'，共 1 个动作
[INFO] [1781078446.173596438] [robotaction]: [Select] target='pencilbag' 候选: pencilbag_1(y=-0.104) -> 选择: 'pencilbag_1'
[INFO] [1781078446.173761286] [robotaction]: [Step] state='pencilbag free and pens in pen holder' step=1/1 target='pencilbag' action='pick'
[INFO] [1781078446.174516970] [robotaction]: [Execute] 'pick'
[INFO] [1781078446.174828984] [robotaction]: [Publish] 'pick' arm='right'
[INFO] [1781078451.385708924] [robotaction]: [Progress] 当前机械臂动作结束
[INFO] [1781078451.385909479] [robotaction]: [State] 'pencilbag free and pens in pen holder' 全部动作已完成，开始检查状态
[INFO] [1781078452.387065841] [robotaction]: [State] 动作组后检测到状态切换: 'pencilbag free and pens in pen holder' -> 'pencilbag opened'
[INFO] [1781078452.501439234] [robotaction]: [State] 激活状态 'pencilbag opened'，共 1 个动作
[INFO] [1781078452.973494911] [robotaction]: [Select] target='pencilbag' 候选: pencilbag_1(y=-0.103) -> 选择: 'pencilbag_1'
[INFO] [1781078452.973675879] [robotaction]: [Step] state='pencilbag opened' step=1/1 target='pencilbag' action='expand'
[INFO] [1781078452.974603154] [robotaction]: [Execute] 'expand'
[INFO] [1781078452.974919707] [robotaction]: [Publish] 'expand' arm='left'
[INFO] [1781078462.093750794] [robotaction]: [Progress] 当前机械臂动作结束
[INFO] [1781078462.094007774] [robotaction]: [Home] 发布 home arm='left', allow_preempt=False
[INFO] [1781078462.094335407] [robotaction]: [Publish] 'home' arm='left'
[INFO] [1781078462.094459209] [robotaction]: [Home] publish 1/3 arm='left'
[INFO] [1781078462.195028932] [robotaction]: [Publish] 'home' arm='left'
[INFO] [1781078462.195311080] [robotaction]: [Home] publish 2/3 arm='left'
[INFO] [1781078462.295979538] [robotaction]: [Publish] 'home' arm='left'
[INFO] [1781078462.296151840] [robotaction]: [Home] publish 3/3 arm='left'
[INFO] [1781078466.300353481] [robotaction]: [Home] 检测到 home 完成 arm='left'
[INFO] [1781078466.300522037] [robotaction]: [State] 'pencilbag opened' 全部动作已完成，开始检查状态
[INFO] [1781078467.301989074] [robotaction]: [State] 动作组后检测到状态切换: 'pencilbag opened' -> 'right hand holding the pencilbag'
[INFO] [1781078467.501516591] [robotaction]: [State] 激活状态 'right hand holding the pencilbag'，共 1 个动作
[INFO] [1781078467.973291302] [robotaction]: [Select] target='pig_zipper' 候选: pig zipper_1(y=-0.122) -> 选择: 'pig zipper_1'
[INFO] [1781078467.973453897] [robotaction]: [Step] state='right hand holding the pencilbag' step=1/1 target='pig_zipper' action='pick_leftslide'
[INFO] [1781078467.974638994] [robotaction]: [Execute] 'pick_leftslide'
[INFO] [1781078467.974973169] [robotaction]: [Publish] 'pick_leftslide' arm='left'
[INFO] [1781078478.999441529] [robotaction]: [Progress] 当前机械臂动作结束
[INFO] [1781078478.999667262] [robotaction]: [Home] 发布 home arm='left', allow_preempt=False
[INFO] [1781078478.999963707] [robotaction]: [Publish] 'home' arm='left'
[INFO] [1781078479.000086837] [robotaction]: [Home] publish 1/3 arm='left'
[INFO] [1781078479.100695455] [robotaction]: [Publish] 'home' arm='left'
[INFO] [1781078479.100871384] [robotaction]: [Home] publish 2/3 arm='left'
[INFO] [1781078479.201485191] [robotaction]: [Publish] 'home' arm='left'
[INFO] [1781078479.201643107] [robotaction]: [Home] publish 3/3 arm='left'
[INFO] [1781078482.204511674] [robotaction]: [Home] 检测到 home 完成 arm='left'
[INFO] [1781078482.204704445] [robotaction]: [State] 'right hand holding the pencilbag' 全部动作已完成，开始检查状态
[INFO] [1781078483.205419904] [robotaction]: [State] 动作组后检测到状态切换: 'right hand holding the pencilbag' -> 'pencilbag opened'
[INFO] [1781078483.301680448] [robotaction]: [State] 激活状态 'pencilbag opened'，共 1 个动作
[INFO] [1781078483.773383616] [robotaction]: [Select] target='pencilbag' 候选: pencilbag_1(y=-0.089) -> 选择: 'pencilbag_1'
[INFO] [1781078483.773583510] [robotaction]: [Step] state='pencilbag opened' step=1/1 target='pencilbag' action='expand'
[INFO] [1781078483.774538527] [robotaction]: [Execute] 'expand'
[INFO] [1781078483.774836745] [robotaction]: [Publish] 'expand' arm='left'
[INFO] [1781078492.845825638] [robotaction]: [Progress] 当前机械臂动作结束
[INFO] [1781078492.846049136] [robotaction]: [Home] 发布 home arm='left', allow_preempt=False
[INFO] [1781078492.846406295] [robotaction]: [Publish] 'home' arm='left'
[INFO] [1781078492.846537450] [robotaction]: [Home] publish 1/3 arm='left'
[INFO] [1781078492.947037944] [robotaction]: [Publish] 'home' arm='left'
[INFO] [1781078492.947184268] [robotaction]: [Home] publish 2/3 arm='left'
[INFO] [1781078493.047705952] [robotaction]: [Publish] 'home' arm='left'
[INFO] [1781078493.047850753] [robotaction]: [Home] publish 3/3 arm='left'
[INFO] [1781078495.049413448] [robotaction]: [Home] 检测到 home 完成 arm='left'
[INFO] [1781078495.049639110] [robotaction]: [State] 'pencilbag opened' 全部动作已完成，开始检查状态
[INFO] [1781078496.050377626] [robotaction]: [State] 动作组后稳定状态仍为 'pencilbag opened'
[INFO] [1781078496.101371752] [robotaction]: [State] 激活状态 'pencilbag opened'，共 1 个动作
[INFO] [1781078496.573386774] [robotaction]: [Select] target='pencilbag' 候选: pencilbag_1(y=-0.092) -> 选择: 'pencilbag_1'
[INFO] [1781078496.573533258] [robotaction]: [Step] state='pencilbag opened' step=1/1 target='pencilbag' action='expand'
[INFO] [1781078496.574277491] [robotaction]: [Execute] 'expand'
[INFO] [1781078496.574556613] [robotaction]: [Publish] 'expand' arm='left'
[INFO] [1781078505.692253583] [robotaction]: [Progress] 当前机械臂动作结束
[INFO] [1781078505.692472934] [robotaction]: [Home] 发布 home arm='left', allow_preempt=False
[INFO] [1781078505.692749010] [robotaction]: [Publish] 'home' arm='left'
[INFO] [1781078505.692861912] [robotaction]: [Home] publish 1/3 arm='left'
[INFO] [1781078505.793400586] [robotaction]: [Publish] 'home' arm='left'
[INFO] [1781078505.793552430] [robotaction]: [Home] publish 2/3 arm='left'
[INFO] [1781078505.894207672] [robotaction]: [Publish] 'home' arm='left'
[INFO] [1781078505.894406704] [robotaction]: [Home] publish 3/3 arm='left'
[INFO] [1781078509.898268258] [robotaction]: [Home] 检测到 home 完成 arm='left'
[INFO] [1781078509.898418158] [robotaction]: [State] 'pencilbag opened' 全部动作已完成，开始检查状态
[INFO] [1781078510.899337659] [robotaction]: [State] 动作组后稳定状态仍为 'pencilbag opened'
[INFO] [1781078510.901297977] [robotaction]: [State] 激活状态 'pencilbag opened'，共 1 个动作
[INFO] [1781078511.372905532] [robotaction]: [Select] target='pencilbag' 候选: pencilbag_1(y=-0.087) -> 选择: 'pencilbag_1'
[INFO] [1781078511.373073907] [robotaction]: [Step] state='pencilbag opened' step=1/1 target='pencilbag' action='expand'
[INFO] [1781078511.373891647] [robotaction]: [Execute] 'expand'
[INFO] [1781078511.374208751] [robotaction]: [Publish] 'expand' arm='left'
[WARN] [1781078517.085302573] [robotaction]: [Step] 等待动作结束异常 status='stop'
