[INFO] [1781077777.092730515] [robotaction]: [Config] status_topic=/siglip2/result, progress_topic=/control/task_percentage, object_tf_topic=/tf, base_frame=base_link
[INFO] [1781077778.479928352] [robotaction]: [State] 激活状态 'pencilbag free and pens in pen holder'，共 1 个动作
[INFO] [1781077778.952159767] [robotaction]: [Select] target='pencilbag' 候选: pencilbag_1(y=-0.047) -> 选择: 'pencilbag_1'
[INFO] [1781077778.952336356] [robotaction]: [Step] state='pencilbag free and pens in pen holder' step=1/1 target='pencilbag' action='pick'
[INFO] [1781077778.953213258] [robotaction]: [Execute] 'pick'
[INFO] [1781077778.953512926] [robotaction]: [Publish] 'pick' arm='right'
[INFO] [1781077784.165142169] [robotaction]: [Progress] 当前机械臂动作结束
[INFO] [1781077784.165340819] [robotaction]: [State] 'pencilbag free and pens in pen holder' 全部动作已完成，开始检查状态
[INFO] [1781077785.166352715] [robotaction]: [State] 动作组后检测到状态切换: 'pencilbag free and pens in pen holder' -> 'right hand holding the pencilbag'
[INFO] [1781077785.279616400] [robotaction]: [State] 激活状态 'right hand holding the pencilbag'，共 1 个动作
[INFO] [1781077785.751765218] [robotaction]: [Select] target='pig_zipper' 候选: pig zipper_1(y=-0.098), pig zipper_2(y=-0.067) -> 选择: 'pig zipper_1'
[INFO] [1781077785.751936206] [robotaction]: [Step] state='right hand holding the pencilbag' step=1/1 target='pig_zipper' action='pick_leftslide'
[INFO] [1781077785.753167839] [robotaction]: [Execute] 'pick_leftslide'
[INFO] [1781077785.753696503] [robotaction]: [Publish] 'pick_leftslide' arm='left'
[INFO] [1781077796.976809477] [robotaction]: [Progress] 当前机械臂动作结束
[INFO] [1781077796.977059372] [robotaction]: [Home] 发布 home arm='left', allow_preempt=False
[INFO] [1781077796.977373236] [robotaction]: [Publish] 'home' arm='left'
[INFO] [1781077796.977505442] [robotaction]: [Home] publish 1/3 arm='left'
[INFO] [1781077797.078003137] [robotaction]: [Publish] 'home' arm='left'
[INFO] [1781077797.078142115] [robotaction]: [Home] publish 2/3 arm='left'
[INFO] [1781077797.178704561] [robotaction]: [Publish] 'home' arm='left'
[INFO] [1781077797.178845173] [robotaction]: [Home] publish 3/3 arm='left'
[INFO] [1781077799.180422171] [robotaction]: [Home] 检测到 home 完成 arm='left'
[INFO] [1781077799.180638083] [robotaction]: [State] 'right hand holding the pencilbag' 全部动作已完成，开始检查状态
[INFO] [1781077800.181314882] [robotaction]: [State] 动作组后检测到状态切换: 'right hand holding the pencilbag' -> 'pencilbag opened'
[INFO] [1781077800.279437964] [robotaction]: [State] 激活状态 'pencilbag opened'，共 1 个动作
[INFO] [1781077800.751615378] [robotaction]: [Select] target='pencilbag' 候选: pencilbag_1(y=-0.025) -> 选择: 'pencilbag_1'
[INFO] [1781077800.751766429] [robotaction]: [Step] state='pencilbag opened' step=1/1 target='pencilbag' action='expand'
[INFO] [1781077800.752510825] [robotaction]: [Execute] 'expand'
[INFO] [1781077800.752774456] [robotaction]: [Publish] 'expand' arm='left'
[WARN] [1781077803.860136889] [robotaction]: [Step] 等待动作结束异常 status='stop'
