[INFO] [1781073958.640081956] [robotaction]: [Config] status_topic=/siglip2/result, progress_topic=/control/task_percentage, object_tf_topic=/tf, base_frame=base_link
[INFO] [1781073959.027795894] [robotaction]: [State] 激活状态 'pencilbag free and pens in pen holder'，共 1 个动作
[INFO] [1781073959.982864110] [robotaction]: [Select] target='pencilbag' 候选: pencilbag_1(y=-0.137) -> 选择: 'pencilbag_1'
[INFO] [1781073959.983027919] [robotaction]: [Step] state='pencilbag free and pens in pen holder' step=1/1 target='pencilbag' action='pick'
[INFO] [1781073959.983714577] [robotaction]: [Execute] 'pick'
[INFO] [1781073959.984005026] [robotaction]: [Publish] 'pick' arm='right'
[INFO] [1781073965.495855144] [robotaction]: [Progress] 当前机械臂动作结束
[INFO] [1781073965.496050473] [robotaction]: [State] 'pencilbag free and pens in pen holder' 全部动作已完成，开始检查状态
[INFO] [1781073966.497418602] [robotaction]: [State] 动作组后检测到状态切换: 'pencilbag free and pens in pen holder' -> 'right hand holding the pencilbag'
[INFO] [1781073966.627939745] [robotaction]: [State] 激活状态 'right hand holding the pencilbag'，共 1 个动作
[INFO] [1781073967.099415658] [robotaction]: [Select] target='pig_zipper' 候选: pig zipper_1(y=-0.156) -> 选择: 'pig zipper_1'
[INFO] [1781073967.099582793] [robotaction]: [Step] state='right hand holding the pencilbag' step=1/1 target='pig_zipper' action='pick_leftslide'
[INFO] [1781073967.100386121] [robotaction]: [Execute] 'pick_leftslide'
[INFO] [1781073967.100695876] [robotaction]: [Publish] 'pick_leftslide' arm='left'
[INFO] [1781073978.376850307] [robotaction]: [Progress] 当前机械臂动作结束
[INFO] [1781073978.377123313] [robotaction]: [Home] 发布 home arm='left', allow_preempt=False
[INFO] [1781073978.377447485] [robotaction]: [Publish] 'home' arm='left'
[INFO] [1781073978.377579875] [robotaction]: [Home] publish 1/3 arm='left'
[INFO] [1781073978.478180226] [robotaction]: [Publish] 'home' arm='left'
[INFO] [1781073978.478322565] [robotaction]: [Home] publish 2/3 arm='left'
[INFO] [1781073978.578941972] [robotaction]: [Publish] 'home' arm='left'
[INFO] [1781073978.579118675] [robotaction]: [Home] publish 3/3 arm='left'
[INFO] [1781073980.581458274] [robotaction]: [Home] 检测到 home 完成 arm='left'
[INFO] [1781073980.581692897] [robotaction]: [State] 'right hand holding the pencilbag' 全部动作已完成，开始检查状态
[INFO] [1781073981.583125273] [robotaction]: [State] 动作组后检测到状态切换: 'right hand holding the pencilbag' -> 'pencilbag opened'
[INFO] [1781073981.627795807] [robotaction]: [State] 激活状态 'pencilbag opened'，共 1 个动作
[INFO] [1781073982.099756685] [robotaction]: [Select] target='pencilbag' 候选: pencilbag_1(y=-0.119) -> 选择: 'pencilbag_1'
[INFO] [1781073982.099910877] [robotaction]: [Step] state='pencilbag opened' step=1/1 target='pencilbag' action='expand'
[INFO] [1781073982.100709776] [robotaction]: [Execute] 'expand'
[INFO] [1781073982.101003701] [robotaction]: [Publish] 'expand' arm='left'
[INFO] [1781073991.470275541] [robotaction]: [Progress] 当前机械臂动作结束
[INFO] [1781073991.470541102] [robotaction]: [Home] 发布 home arm='left', allow_preempt=False
[INFO] [1781073991.470870995] [robotaction]: [Publish] 'home' arm='left'
[INFO] [1781073991.470976044] [robotaction]: [Home] publish 1/3 arm='left'
[INFO] [1781073991.571460226] [robotaction]: [Publish] 'home' arm='left'
[INFO] [1781073991.571597575] [robotaction]: [Home] publish 2/3 arm='left'
[INFO] [1781073991.672281575] [robotaction]: [Publish] 'home' arm='left'
[INFO] [1781073991.672457708] [robotaction]: [Home] publish 3/3 arm='left'
[INFO] [1781073994.675325643] [robotaction]: [Home] 检测到 home 完成 arm='left'
[INFO] [1781073994.675481918] [robotaction]: [State] 'pencilbag opened' 全部动作已完成，开始检查状态
[INFO] [1781073995.676339977] [robotaction]: [State] 动作组后稳定状态仍为 'pencilbag opened'
[INFO] [1781073995.829162571] [robotaction]: [State] 激活状态 'pencilbag opened'，共 1 个动作
[INFO] [1781073996.299604270] [robotaction]: [Select] target='pencilbag' 候选: pencilbag_1(y=-0.122) -> 选择: 'pencilbag_1'
[INFO] [1781073996.299763511] [robotaction]: [Step] state='pencilbag opened' step=1/1 target='pencilbag' action='expand'
[INFO] [1781073996.300554044] [robotaction]: [Execute] 'expand'
[INFO] [1781073996.300847418] [robotaction]: [Publish] 'expand' arm='left'
[INFO] [1781074005.719621899] [robotaction]: [Progress] 当前机械臂动作结束
[INFO] [1781074005.719836875] [robotaction]: [Home] 发布 home arm='left', allow_preempt=False
[INFO] [1781074005.720108478] [robotaction]: [Publish] 'home' arm='left'
[INFO] [1781074005.720211632] [robotaction]: [Home] publish 1/3 arm='left'
[INFO] [1781074005.820893588] [robotaction]: [Publish] 'home' arm='left'
[INFO] [1781074005.821071874] [robotaction]: [Home] publish 2/3 arm='left'
[INFO] [1781074005.921623253] [robotaction]: [Publish] 'home' arm='left'
[INFO] [1781074005.921772986] [robotaction]: [Home] publish 3/3 arm='left'
[INFO] [1781074008.924516371] [robotaction]: [Home] 检测到 home 完成 arm='left'
[INFO] [1781074008.924795518] [robotaction]: [State] 'pencilbag opened' 全部动作已完成，开始检查状态
[INFO] [1781074009.925416904] [robotaction]: [State] 动作组后检测到状态切换: 'pencilbag opened' -> 'pencilbag been expended and exist pen in pen holder'
[INFO] [1781074010.028081364] [robotaction]: [State] 激活状态 'pencilbag been expended and exist pen in pen holder'，共 1 个动作
[INFO] [1781074010.500213399] [robotaction]: [Select] target='pen' 候选: pen_1(y=0.212) -> 选择: 'pen_1'
[INFO] [1781074010.500361970] [robotaction]: [Step] state='pencilbag been expended and exist pen in pen holder' step=1/1 target='pen' action='pick'
[INFO] [1781074010.501368320] [robotaction]: [Execute] 'pick'
[INFO] [1781074010.501640984] [robotaction]: [Publish] 'pick' arm='left'
[INFO] [1781074019.671382377] [robotaction]: [Progress] 当前机械臂动作结束
[INFO] [1781074019.671582465] [robotaction]: [State] 'pencilbag been expended and exist pen in pen holder' 全部动作已完成，开始检查状态
[INFO] [1781074020.672365941] [robotaction]: [State] 动作组后检测到状态切换: 'pencilbag been expended and exist pen in pen holder' -> 'left hand holding the pen'
[INFO] [1781074020.827966118] [robotaction]: [State] 激活状态 'left hand holding the pen'，共 1 个动作
[INFO] [1781074021.300916794] [robotaction]: [Select] target='pencilbag' 候选: pencilbag_1(y=-0.136), pencilbag_2(y=0.553) -> 选择: 'pencilbag_1'
[INFO] [1781074021.301075343] [robotaction]: [Step] state='left hand holding the pen' step=1/1 target='pencilbag' action='place'
[INFO] [1781074021.301779002] [robotaction]: [Execute] 'place'
[INFO] [1781074021.302049051] [robotaction]: [Publish] 'place' arm='left'
[INFO] [1781074028.516104432] [robotaction]: [Progress] 当前机械臂动作结束
[INFO] [1781074028.516363541] [robotaction]: [Home] 发布 home arm='left', allow_preempt=False
[INFO] [1781074028.516698724] [robotaction]: [Publish] 'home' arm='left'
[INFO] [1781074028.516825012] [robotaction]: [Home] publish 1/3 arm='left'
[INFO] [1781074028.617399516] [robotaction]: [Publish] 'home' arm='left'
[INFO] [1781074028.617537266] [robotaction]: [Home] publish 2/3 arm='left'
[INFO] [1781074028.718194456] [robotaction]: [Publish] 'home' arm='left'
[INFO] [1781074028.718328990] [robotaction]: [Home] publish 3/3 arm='left'
[INFO] [1781074030.720345848] [robotaction]: [Home] 检测到 home 完成 arm='left'
[INFO] [1781074030.720506572] [robotaction]: [State] 'left hand holding the pen' 全部动作已完成，开始检查状态
[INFO] [1781074031.721292064] [robotaction]: [State] 动作组后检测到状态切换: 'left hand holding the pen' -> 'pencilbag opened'
[INFO] [1781074031.827852853] [robotaction]: [State] 激活状态 'pencilbag opened'，共 1 个动作
[INFO] [1781074032.299613646] [robotaction]: [Select] target='pencilbag' 候选: pencilbag_1(y=-0.126) -> 选择: 'pencilbag_1'
[INFO] [1781074032.299769500] [robotaction]: [Step] state='pencilbag opened' step=1/1 target='pencilbag' action='expand'
[INFO] [1781074032.300523623] [robotaction]: [Execute] 'expand'
[INFO] [1781074032.300796328] [robotaction]: [Publish] 'expand' arm='left'
[INFO] [1781074041.672874220] [robotaction]: [Progress] 当前机械臂动作结束
[INFO] [1781074041.673094516] [robotaction]: [Home] 发布 home arm='left', allow_preempt=False
[INFO] [1781074041.673373182] [robotaction]: [Publish] 'home' arm='left'
[INFO] [1781074041.673475585] [robotaction]: [Home] publish 1/3 arm='left'
[INFO] [1781074041.774036497] [robotaction]: [Publish] 'home' arm='left'
[INFO] [1781074041.774180669] [robotaction]: [Home] publish 2/3 arm='left'
[INFO] [1781074041.874724920] [robotaction]: [Publish] 'home' arm='left'
[INFO] [1781074041.874856629] [robotaction]: [Home] publish 3/3 arm='left'
[INFO] [1781074044.877430704] [robotaction]: [Home] 检测到 home 完成 arm='left'
[INFO] [1781074044.877646210] [robotaction]: [State] 'pencilbag opened' 全部动作已完成，开始检查状态
[INFO] [1781074045.878395400] [robotaction]: [State] 动作组后检测到状态切换: 'pencilbag opened' -> 'pencilbag been expended and exist pen in pen holder'
[INFO] [1781074046.027754167] [robotaction]: [State] 激活状态 'pencilbag been expended and exist pen in pen holder'，共 1 个动作
[INFO] [1781074046.500227590] [robotaction]: [Select] target='pen' 候选: pen_1(y=0.216) -> 选择: 'pen_1'
[INFO] [1781074046.500380839] [robotaction]: [Step] state='pencilbag been expended and exist pen in pen holder' step=1/1 target='pen' action='pick'
[INFO] [1781074046.501472169] [robotaction]: [Execute] 'pick'
[INFO] [1781074046.501756275] [robotaction]: [Publish] 'pick' arm='left'
[INFO] [1781074055.669353922] [robotaction]: [Progress] 当前机械臂动作结束
[INFO] [1781074055.669524875] [robotaction]: [State] 'pencilbag been expended and exist pen in pen holder' 全部动作已完成，开始检查状态
[INFO] [1781074056.670337503] [robotaction]: [State] 动作组后检测到状态切换: 'pencilbag been expended and exist pen in pen holder' -> 'pencilbag opened'
[INFO] [1781074056.827719060] [robotaction]: [State] 激活状态 'pencilbag opened'，共 1 个动作
[INFO] [1781074057.300899197] [robotaction]: [Select] target='pencilbag' 候选: pencilbag_1(y=-0.135) -> 选择: 'pencilbag_1'
[INFO] [1781074057.301093304] [robotaction]: [Step] state='pencilbag opened' step=1/1 target='pencilbag' action='expand'
[INFO] [1781074057.302071289] [robotaction]: [Execute] 'expand'
[INFO] [1781074057.302412433] [robotaction]: [Publish] 'expand' arm='left'
[INFO] [1781074066.218407007] [robotaction]: [Progress] 当前机械臂动作结束
[INFO] [1781074066.218625189] [robotaction]: [Home] 发布 home arm='left', allow_preempt=False
[INFO] [1781074066.218895930] [robotaction]: [Publish] 'home' arm='left'
[INFO] [1781074066.219000467] [robotaction]: [Home] publish 1/3 arm='left'
[INFO] [1781074066.319495275] [robotaction]: [Publish] 'home' arm='left'
[INFO] [1781074066.319629118] [robotaction]: [Home] publish 2/3 arm='left'
[INFO] [1781074066.420353850] [robotaction]: [Publish] 'home' arm='left'
[INFO] [1781074066.420574987] [robotaction]: [Home] publish 3/3 arm='left'
[INFO] [1781074069.423311991] [robotaction]: [Home] 检测到 home 完成 arm='left'
[INFO] [1781074069.423472033] [robotaction]: [State] 'pencilbag opened' 全部动作已完成，开始检查状态
[INFO] [1781074070.424337137] [robotaction]: [State] 动作组后稳定状态仍为 'pencilbag opened'
[INFO] [1781074070.427585356] [robotaction]: [State] 激活状态 'pencilbag opened'，共 1 个动作
[INFO] [1781074070.899881636] [robotaction]: [Select] target='pencilbag' 候选: pencilbag_1(y=-0.140) -> 选择: 'pencilbag_1'
[INFO] [1781074070.900034504] [robotaction]: [Step] state='pencilbag opened' step=1/1 target='pencilbag' action='expand'
[INFO] [1781074070.900812552] [robotaction]: [Execute] 'expand'
[INFO] [1781074070.901095977] [robotaction]: [Publish] 'expand' arm='left'
[INFO] [1781074080.367740760] [robotaction]: [Progress] 当前机械臂动作结束
[INFO] [1781074080.367936469] [robotaction]: [Home] 发布 home arm='left', allow_preempt=False
[INFO] [1781074080.369019242] [robotaction]: [Publish] 'home' arm='left'
[INFO] [1781074080.369237664] [robotaction]: [Home] publish 1/3 arm='left'
[INFO] [1781074080.469740261] [robotaction]: [Publish] 'home' arm='left'
[INFO] [1781074080.469876368] [robotaction]: [Home] publish 2/3 arm='left'
[INFO] [1781074080.570456601] [robotaction]: [Publish] 'home' arm='left'
[INFO] [1781074080.570624678] [robotaction]: [Home] publish 3/3 arm='left'
[INFO] [1781074083.573375124] [robotaction]: [Home] 检测到 home 完成 arm='left'
[INFO] [1781074083.573537029] [robotaction]: [State] 'pencilbag opened' 全部动作已完成，开始检查状态
[INFO] [1781074084.574342558] [robotaction]: [State] 动作组后检测到状态切换: 'pencilbag opened' -> 'pencilbag been expended and exist pen in pen holder'
[INFO] [1781074084.627853217] [robotaction]: [State] 激活状态 'pencilbag been expended and exist pen in pen holder'，共 1 个动作
[INFO] [1781074085.100166303] [robotaction]: [Select] target='pen' 候选: pen_1(y=0.220) -> 选择: 'pen_1'
[INFO] [1781074085.100332376] [robotaction]: [Step] state='pencilbag been expended and exist pen in pen holder' step=1/1 target='pen' action='pick'
[INFO] [1781074085.101614045] [robotaction]: [Execute] 'pick'
[INFO] [1781074085.101920673] [robotaction]: [Publish] 'pick' arm='left'
[INFO] [1781074094.218983347] [robotaction]: [Progress] 当前机械臂动作结束
[INFO] [1781074094.219180709] [robotaction]: [State] 'pencilbag been expended and exist pen in pen holder' 全部动作已完成，开始检查状态
[INFO] [1781074095.220334611] [robotaction]: [State] 动作组后检测到状态切换: 'pencilbag been expended and exist pen in pen holder' -> 'left hand holding the pen'
[INFO] [1781074095.227841493] [robotaction]: [State] 激活状态 'left hand holding the pen'，共 1 个动作
[INFO] [1781074095.701040779] [robotaction]: [Select] target='pencilbag' 候选: pencilbag_1(y=-0.130), pencilbag_2(y=0.565) -> 选择: 'pencilbag_1'
[INFO] [1781074095.701206852] [robotaction]: [Step] state='left hand holding the pen' step=1/1 target='pencilbag' action='place'
[INFO] [1781074095.701914167] [robotaction]: [Execute] 'place'
[INFO] [1781074095.702214774] [robotaction]: [Publish] 'place' arm='left'
[INFO] [1781074102.916668685] [robotaction]: [Progress] 当前机械臂动作结束
[INFO] [1781074102.916862861] [robotaction]: [Home] 发布 home arm='left', allow_preempt=False
[INFO] [1781074102.917135124] [robotaction]: [Publish] 'home' arm='left'
[INFO] [1781074102.917243078] [robotaction]: [Home] publish 1/3 arm='left'
[INFO] [1781074103.017815607] [robotaction]: [Publish] 'home' arm='left'
[INFO] [1781074103.017954388] [robotaction]: [Home] publish 2/3 arm='left'
[INFO] [1781074103.118500235] [robotaction]: [Publish] 'home' arm='left'
[INFO] [1781074103.118640299] [robotaction]: [Home] publish 3/3 arm='left'
[INFO] [1781074105.120409402] [robotaction]: [Home] 检测到 home 完成 arm='left'
[INFO] [1781074105.120588430] [robotaction]: [State] 'left hand holding the pen' 全部动作已完成，开始检查状态
[INFO] [1781074106.121427585] [robotaction]: [State] 动作组后检测到状态切换: 'left hand holding the pen' -> 'pencilbag been expended and exist pen in pen holder'
[INFO] [1781074106.227920504] [robotaction]: [State] 激活状态 'pencilbag been expended and exist pen in pen holder'，共 1 个动作
[INFO] [1781074106.699834924] [robotaction]: [Select] target='pen' 候选: pen_1(y=0.225) -> 选择: 'pen_1'
[INFO] [1781074106.699984015] [robotaction]: [Step] state='pencilbag been expended and exist pen in pen holder' step=1/1 target='pen' action='pick'
[INFO] [1781074106.700743217] [robotaction]: [Execute] 'pick'
[INFO] [1781074106.701031802] [robotaction]: [Publish] 'pick' arm='left'
[INFO] [1781074115.922559207] [robotaction]: [Progress] 当前机械臂动作结束
[INFO] [1781074115.922714019] [robotaction]: [State] 'pencilbag been expended and exist pen in pen holder' 全部动作已完成，开始检查状态
[INFO] [1781074116.923415846] [robotaction]: [State] 动作组后稳定状态仍为 'pencilbag been expended and exist pen in pen holder'
[INFO] [1781074117.029527918] [robotaction]: [State] 激活状态 'pencilbag been expended and exist pen in pen holder'，共 1 个动作
[INFO] [1781074117.499930617] [robotaction]: [Select] target='pen' 候选: pen_1(y=0.228) -> 选择: 'pen_1'
[INFO] [1781074117.500124663] [robotaction]: [Step] state='pencilbag been expended and exist pen in pen holder' step=1/1 target='pen' action='pick'
[INFO] [1781074117.501386002] [robotaction]: [Execute] 'pick'
[INFO] [1781074117.501717447] [robotaction]: [Publish] 'pick' arm='left'
[INFO] [1781074126.069517375] [robotaction]: [Progress] 当前机械臂动作结束
[INFO] [1781074126.069677036] [robotaction]: [State] 'pencilbag been expended and exist pen in pen holder' 全部动作已完成，开始检查状态
[INFO] [1781074127.070852374] [robotaction]: [State] 动作组后稳定状态仍为 'pencilbag been expended and exist pen in pen holder'
[INFO] [1781074127.227904738] [robotaction]: [State] 激活状态 'pencilbag been expended and exist pen in pen holder'，共 1 个动作
[INFO] [1781074127.699837091] [robotaction]: [Select] target='pen' 候选: pen_1(y=0.236) -> 选择: 'pen_1'
[INFO] [1781074127.700019234] [robotaction]: [Step] state='pencilbag been expended and exist pen in pen holder' step=1/1 target='pen' action='pick'
[INFO] [1781074127.701347800] [robotaction]: [Execute] 'pick'
[INFO] [1781074127.701678734] [robotaction]: [Publish] 'pick' arm='left'
[INFO] [1781074136.519973832] [robotaction]: [Progress] 当前机械臂动作结束
[INFO] [1781074136.520163870] [robotaction]: [State] 'pencilbag been expended and exist pen in pen holder' 全部动作已完成，开始检查状态
[INFO] [1781074137.521475681] [robotaction]: [State] 动作组后检测到状态切换: 'pencilbag been expended and exist pen in pen holder' -> 'pens all in pencilbag and pen holder empty'
[INFO] [1781074137.627808211] [robotaction]: [State] 激活状态 'pens all in pencilbag and pen holder empty'，共 1 个动作
[INFO] [1781074138.099509188] [robotaction]: [Select] target='simple_zipper' 候选: simple zipper_1(y=-0.194) -> 选择: 'simple zipper_1'
[INFO] [1781074138.099660874] [robotaction]: [Step] state='pens all in pencilbag and pen holder empty' step=1/1 target='simple_zipper' action='left_slide'
[INFO] [1781074138.100628569] [robotaction]: [Execute] 'left_slide'
[INFO] [1781074138.100888389] [robotaction]: [Publish] 'left_slide' arm='left'
[INFO] [1781074146.967693898] [robotaction]: [Progress] 当前机械臂动作结束
[INFO] [1781074146.967954639] [robotaction]: [Home] 发布 home arm='left', allow_preempt=False
[INFO] [1781074146.968304509] [robotaction]: [Publish] 'home' arm='left'
[INFO] [1781074146.968431999] [robotaction]: [Home] publish 1/3 arm='left'
[INFO] [1781074147.069165245] [robotaction]: [Publish] 'home' arm='left'
[INFO] [1781074147.069328874] [robotaction]: [Home] publish 2/3 arm='left'
[INFO] [1781074147.170208745] [robotaction]: [Publish] 'home' arm='left'
[INFO] [1781074147.170358147] [robotaction]: [Home] publish 3/3 arm='left'
[INFO] [1781074149.172347987] [robotaction]: [Home] 检测到 home 完成 arm='left'
[INFO] [1781074149.172519831] [robotaction]: [State] 'pens all in pencilbag and pen holder empty' 全部动作已完成，开始检查状态
[INFO] [1781074150.173923066] [robotaction]: [State] 动作组后稳定状态仍为 'pens all in pencilbag and pen holder empty'
[INFO] [1781074150.227687473] [robotaction]: [State] 激活状态 'pens all in pencilbag and pen holder empty'，共 1 个动作
[INFO] [1781074150.699548864] [robotaction]: [Select] target='simple_zipper' 候选: simple zipper_1(y=-0.159) -> 选择: 'simple zipper_1'
[INFO] [1781074150.699726329] [robotaction]: [Step] state='pens all in pencilbag and pen holder empty' step=1/1 target='simple_zipper' action='left_slide'
[INFO] [1781074150.700976145] [robotaction]: [Execute] 'left_slide'
[INFO] [1781074150.701319543] [robotaction]: [Publish] 'left_slide' arm='left'
[INFO] [1781074159.770433653] [robotaction]: [Progress] 当前机械臂动作结束
[INFO] [1781074159.770656433] [robotaction]: [Home] 发布 home arm='left', allow_preempt=False
[INFO] [1781074159.770990873] [robotaction]: [Publish] 'home' arm='left'
[INFO] [1781074159.771119686] [robotaction]: [Home] publish 1/3 arm='left'
[INFO] [1781074159.871721234] [robotaction]: [Publish] 'home' arm='left'
[INFO] [1781074159.871869263] [robotaction]: [Home] publish 2/3 arm='left'
[INFO] [1781074159.972470560] [robotaction]: [Publish] 'home' arm='left'
[INFO] [1781074159.972638096] [robotaction]: [Home] publish 3/3 arm='left'
[INFO] [1781074161.974708227] [robotaction]: [Home] 检测到 home 完成 arm='left'
[INFO] [1781074161.974974409] [robotaction]: [State] 'pens all in pencilbag and pen holder empty' 全部动作已完成，开始检查状态
[INFO] [1781074162.975690786] [robotaction]: [State] 动作组后稳定状态仍为 'pens all in pencilbag and pen holder empty'
[INFO] [1781074163.027757972] [robotaction]: [State] 激活状态 'pens all in pencilbag and pen holder empty'，共 1 个动作
[INFO] [1781074163.500088650] [robotaction]: [Select] target='simple_zipper' 候选: simple zipper_1(y=-0.163), simple zipper_2(y=-0.136) -> 选择: 'simple zipper_1'
[INFO] [1781074163.500247650] [robotaction]: [Step] state='pens all in pencilbag and pen holder empty' step=1/1 target='simple_zipper' action='left_slide'
[INFO] [1781074163.501216015] [robotaction]: [Execute] 'left_slide'
[INFO] [1781074163.501487016] [robotaction]: [Publish] 'left_slide' arm='left'
[INFO] [1781074172.770123051] [robotaction]: [Progress] 当前机械臂动作结束
[INFO] [1781074172.770384855] [robotaction]: [Home] 发布 home arm='left', allow_preempt=False
[INFO] [1781074172.770717892] [robotaction]: [Publish] 'home' arm='left'
[INFO] [1781074172.770817270] [robotaction]: [Home] publish 1/3 arm='left'
[INFO] [1781074172.871372880] [robotaction]: [Publish] 'home' arm='left'
[INFO] [1781074172.871510109] [robotaction]: [Home] publish 2/3 arm='left'
[INFO] [1781074172.972123268] [robotaction]: [Publish] 'home' arm='left'
[INFO] [1781074172.972279482] [robotaction]: [Home] publish 3/3 arm='left'
[INFO] [1781074174.975314818] [robotaction]: [Home] 检测到 home 完成 arm='left'
[INFO] [1781074174.975470742] [robotaction]: [State] 'pens all in pencilbag and pen holder empty' 全部动作已完成，开始检查状态
[INFO] [1781074175.976364631] [robotaction]: [State] 动作组后检测到状态切换: 'pens all in pencilbag and pen holder empty' -> 'pencilbag opened'
[INFO] [1781074176.027864808] [robotaction]: [State] 激活状态 'pencilbag opened'，共 1 个动作
[INFO] [1781074176.499431130] [robotaction]: [Select] target='pencilbag' 候选: pencilbag_1(y=-0.124) -> 选择: 'pencilbag_1'
[INFO] [1781074176.499574731] [robotaction]: [Step] state='pencilbag opened' step=1/1 target='pencilbag' action='expand'
[INFO] [1781074176.500352367] [robotaction]: [Execute] 'expand'
[INFO] [1781074176.500631733] [robotaction]: [Publish] 'expand' arm='left'
[INFO] [1781074185.918473474] [robotaction]: [Progress] 当前机械臂动作结束
[INFO] [1781074185.918689552] [robotaction]: [Home] 发布 home arm='left', allow_preempt=False
[INFO] [1781074185.918969139] [robotaction]: [Publish] 'home' arm='left'
[INFO] [1781074185.919088904] [robotaction]: [Home] publish 1/3 arm='left'
[INFO] [1781074186.019685141] [robotaction]: [Publish] 'home' arm='left'
[INFO] [1781074186.019877714] [robotaction]: [Home] publish 2/3 arm='left'
[INFO] [1781074186.120579178] [robotaction]: [Publish] 'home' arm='left'
[INFO] [1781074186.120780808] [robotaction]: [Home] publish 3/3 arm='left'
[INFO] [1781074189.123401197] [robotaction]: [Home] 检测到 home 完成 arm='left'
[INFO] [1781074189.123593720] [robotaction]: [State] 'pencilbag opened' 全部动作已完成，开始检查状态
[INFO] [1781074190.224491167] [robotaction]: [State] 动作组后检测到状态切换: 'pencilbag opened' -> 'pens all in pencilbag and pen holder empty'
[INFO] [1781074190.227633440] [robotaction]: [State] 激活状态 'pens all in pencilbag and pen holder empty'，共 1 个动作
[INFO] [1781074190.699486683] [robotaction]: [Select] target='simple_zipper' 候选: simple zipper_1(y=-0.157) -> 选择: 'simple zipper_1'
[INFO] [1781074190.699653247] [robotaction]: [Step] state='pens all in pencilbag and pen holder empty' step=1/1 target='simple_zipper' action='left_slide'
[INFO] [1781074190.700964739] [robotaction]: [Execute] 'left_slide'
[INFO] [1781074190.701311242] [robotaction]: [Publish] 'left_slide' arm='left'
[INFO] [1781074199.775028460] [robotaction]: [Progress] 当前机械臂动作结束
[INFO] [1781074199.775274404] [robotaction]: [Home] 发布 home arm='left', allow_preempt=False
[INFO] [1781074199.775573558] [robotaction]: [Publish] 'home' arm='left'
[INFO] [1781074199.775694636] [robotaction]: [Home] publish 1/3 arm='left'
[INFO] [1781074199.876274591] [robotaction]: [Publish] 'home' arm='left'
[INFO] [1781074199.876413964] [robotaction]: [Home] publish 2/3 arm='left'
[INFO] [1781074199.977049564] [robotaction]: [Publish] 'home' arm='left'
[INFO] [1781074199.977222250] [robotaction]: [Home] publish 3/3 arm='left'
[INFO] [1781074201.979327572] [robotaction]: [Home] 检测到 home 完成 arm='left'
[INFO] [1781074201.979489978] [robotaction]: [State] 'pens all in pencilbag and pen holder empty' 全部动作已完成，开始检查状态
[INFO] [1781074203.080568028] [robotaction]: [State] 动作组后检测到状态切换: 'pens all in pencilbag and pen holder empty' -> 'pencilbag opened'
[INFO] [1781074203.227764739] [robotaction]: [State] 激活状态 'pencilbag opened'，共 1 个动作
[INFO] [1781074203.700300237] [robotaction]: [Select] target='pencilbag' 候选: pencilbag_1(y=-0.118) -> 选择: 'pencilbag_1'
[INFO] [1781074203.700451723] [robotaction]: [Step] state='pencilbag opened' step=1/1 target='pencilbag' action='expand'
[INFO] [1781074203.701229990] [robotaction]: [Execute] 'expand'
[INFO] [1781074203.701515418] [robotaction]: [Publish] 'expand' arm='left'
[INFO] [1781074213.120734210] [robotaction]: [Progress] 当前机械臂动作结束
[INFO] [1781074213.121006864] [robotaction]: [Home] 发布 home arm='left', allow_preempt=False
[INFO] [1781074213.121316898] [robotaction]: [Publish] 'home' arm='left'
[INFO] [1781074213.121421826] [robotaction]: [Home] publish 1/3 arm='left'
[INFO] [1781074213.221907273] [robotaction]: [Publish] 'home' arm='left'
[INFO] [1781074213.222045904] [robotaction]: [Home] publish 2/3 arm='left'
[INFO] [1781074213.322526522] [robotaction]: [Publish] 'home' arm='left'
[INFO] [1781074213.322666226] [robotaction]: [Home] publish 3/3 arm='left'
[INFO] [1781074216.325361474] [robotaction]: [Home] 检测到 home 完成 arm='left'
[INFO] [1781074216.325532957] [robotaction]: [State] 'pencilbag opened' 全部动作已完成，开始检查状态
[INFO] [1781074217.326407540] [robotaction]: [State] 动作组后稳定状态仍为 'pencilbag opened'
[INFO] [1781074217.427653354] [robotaction]: [State] 激活状态 'pencilbag opened'，共 1 个动作
[INFO] [1781074217.899127698] [robotaction]: [Select] target='pencilbag' 候选: pencilbag_1(y=-0.112) -> 选择: 'pencilbag_1'
[INFO] [1781074217.899278783] [robotaction]: [Step] state='pencilbag opened' step=1/1 target='pencilbag' action='expand'
[INFO] [1781074217.900047452] [robotaction]: [Execute] 'expand'
[INFO] [1781074217.900330956] [robotaction]: [Publish] 'expand' arm='left'
[INFO] [1781074227.320887340] [robotaction]: [Progress] 当前机械臂动作结束
[INFO] [1781074227.321093218] [robotaction]: [Home] 发布 home arm='left', allow_preempt=False
[INFO] [1781074227.321359540] [robotaction]: [Publish] 'home' arm='left'
[INFO] [1781074227.321460090] [robotaction]: [Home] publish 1/3 arm='left'
[INFO] [1781074227.422013285] [robotaction]: [Publish] 'home' arm='left'
[INFO] [1781074227.422160752] [robotaction]: [Home] publish 2/3 arm='left'
[INFO] [1781074227.522756958] [robotaction]: [Publish] 'home' arm='left'
[INFO] [1781074227.522943600] [robotaction]: [Home] publish 3/3 arm='left'
[INFO] [1781074230.525368562] [robotaction]: [Home] 检测到 home 完成 arm='left'
[INFO] [1781074230.525609596] [robotaction]: [State] 'pencilbag opened' 全部动作已完成，开始检查状态
[INFO] [1781074231.526186981] [robotaction]: [State] 动作组后检测到状态切换: 'pencilbag opened' -> 'pencilbag closed and pen holder empty'
[INFO] [1781074231.627782584] [robotaction]: [State] 激活状态 'pencilbag closed and pen holder empty'，共 1 个动作
[INFO] [1781074232.099935434] [robotaction]: [Select] target='pencilbag' 候选: pencilbag_1(y=-0.116) -> 选择: 'pencilbag_1'
[INFO] [1781074232.100124330] [robotaction]: [Step] state='pencilbag closed and pen holder empty' step=1/1 target='pencilbag' action='release'
[INFO] [1781074232.100680237] [robotaction]: [Execute] 'release'
[INFO] [1781074232.100966617] [robotaction]: [Publish] 'release' arm='right'
[INFO] [1781074234.155536641] [robotaction]: [Progress] 当前机械臂动作结束
[INFO] [1781074234.155837137] [robotaction]: [Home] 发布 home arm='right', allow_preempt=False
[INFO] [1781074234.156216321] [robotaction]: [Publish] 'home' arm='right'
[INFO] [1781074234.156374830] [robotaction]: [Home] publish 1/3 arm='right'
[INFO] [1781074234.256980144] [robotaction]: [Publish] 'home' arm='right'
[INFO] [1781074234.257177055] [robotaction]: [Home] publish 2/3 arm='right'
[INFO] [1781074234.357788620] [robotaction]: [Publish] 'home' arm='right'
[INFO] [1781074234.357977125] [robotaction]: [Home] publish 3/3 arm='right'
[INFO] [1781074236.359349986] [robotaction]: [Home] 检测到 home 完成 arm='right'
[INFO] [1781074236.359511520] [robotaction]: [State] 'pencilbag closed and pen holder empty' 全部动作已完成，开始检查状态
[INFO] [1781074237.360937314] [robotaction]: [State] 动作组后检测到状态切换: 'pencilbag closed and pen holder empty' -> 'task finished'
[INFO] [1781074237.427843604] [robotaction]: [State] 'task finished' -> null,跳过
