[INFO] [1781073846.771936287] [robotaction]: [Config] status_topic=/siglip2/result, progress_topic=/control/task_percentage, object_tf_topic=/tf, base_frame=base_link
[INFO] [1781073847.360733326] [robotaction]: [State] 激活状态 'pencilbag free and pens in pen holder'，共 1 个动作
[INFO] [1781073847.832911558] [robotaction]: [Select] target='pencilbag' 候选: pencilbag_1(y=-0.166) -> 选择: 'pencilbag_1'
[INFO] [1781073847.833074215] [robotaction]: [Step] state='pencilbag free and pens in pen holder' step=1/1 target='pencilbag' action='pick'
[INFO] [1781073847.835976537] [robotaction]: [Execute] 'pick'
[INFO] [1781073847.836349633] [robotaction]: [Publish] 'pick' arm='right'
[INFO] [1781073853.298458747] [robotaction]: [Progress] 当前机械臂动作结束
[INFO] [1781073853.298616135] [robotaction]: [State] 'pencilbag free and pens in pen holder' 全部动作已完成，开始检查状态
[INFO] [1781073854.299314198] [robotaction]: [State] 动作组后稳定状态仍为 'pencilbag free and pens in pen holder'
[INFO] [1781073854.360570847] [robotaction]: [State] 激活状态 'pencilbag free and pens in pen holder'，共 1 个动作
[INFO] [1781073854.833454879] [robotaction]: [Select] target='pencilbag' 候选: pencilbag_1(y=-0.166) -> 选择: 'pencilbag_1'
[INFO] [1781073854.833606746] [robotaction]: [Step] state='pencilbag free and pens in pen holder' step=1/1 target='pencilbag' action='pick'
[INFO] [1781073854.834210659] [robotaction]: [Execute] 'pick'
[INFO] [1781073854.834476321] [robotaction]: [Publish] 'pick' arm='right'
[INFO] [1781073859.495474852] [robotaction]: [Progress] 当前机械臂动作结束
[INFO] [1781073859.495703505] [robotaction]: [State] 'pencilbag free and pens in pen holder' 全部动作已完成，开始检查状态
[INFO] [1781073860.496345324] [robotaction]: [State] 动作组后检测到状态切换: 'pencilbag free and pens in pen holder' -> 'pencilbag opened'
[INFO] [1781073861.160534162] [robotaction]: [State] 激活状态 'pencilbag opened'，共 1 个动作
[INFO] [1781073861.632172342] [robotaction]: [Select] target='pencilbag' 候选: pencilbag_1(y=-0.165) -> 选择: 'pencilbag_1'
[INFO] [1781073861.632335140] [robotaction]: [Step] state='pencilbag opened' step=1/1 target='pencilbag' action='expand'
[INFO] [1781073861.633172614] [robotaction]: [Execute] 'expand'
[INFO] [1781073861.633459026] [robotaction]: [Publish] 'expand' arm='left'
[INFO] [1781073871.102635233] [robotaction]: [Progress] 当前机械臂动作结束
[INFO] [1781073871.102860139] [robotaction]: [Home] 发布 home arm='left', allow_preempt=False
[INFO] [1781073871.103155006] [robotaction]: [Publish] 'home' arm='left'
[INFO] [1781073871.103260426] [robotaction]: [Home] publish 1/3 arm='left'
[INFO] [1781073871.203831932] [robotaction]: [Publish] 'home' arm='left'
[INFO] [1781073871.203974692] [robotaction]: [Home] publish 2/3 arm='left'
[INFO] [1781073871.304555416] [robotaction]: [Publish] 'home' arm='left'
[INFO] [1781073871.304695000] [robotaction]: [Home] publish 3/3 arm='left'
