[INFO] [1781078311.446999224] [robotaction]: [Config] status_topic=/siglip2/result, progress_topic=/control/task_percentage, object_tf_topic=/tf, base_frame=base_link
[INFO] [1781078311.836099213] [robotaction]: [State] 激活状态 'pencilbag free and pens in pen holder'，共 1 个动作
[INFO] [1781078312.308214051] [robotaction]: [Select] target='pencilbag' 候选: pencilbag_1(y=-0.046) -> 选择: 'pencilbag_1'
[INFO] [1781078312.308380883] [robotaction]: [Step] state='pencilbag free and pens in pen holder' step=1/1 target='pencilbag' action='pick'
[INFO] [1781078312.309079729] [robotaction]: [Execute] 'pick'
[INFO] [1781078312.309368660] [robotaction]: [Publish] 'pick' arm='right'
[INFO] [1781078317.519524825] [robotaction]: [Progress] 当前机械臂动作结束
[INFO] [1781078317.519699251] [robotaction]: [State] 'pencilbag free and pens in pen holder' 全部动作已完成，开始检查状态
[INFO] [1781078318.520353908] [robotaction]: [State] 动作组后检测到状态切换: 'pencilbag free and pens in pen holder' -> 'pencilbag opened'
[INFO] [1781078318.636046343] [robotaction]: [State] 激活状态 'pencilbag opened'，共 1 个动作
[INFO] [1781078319.107895793] [robotaction]: [Select] target='pencilbag' 候选: pencilbag_1(y=-0.050) -> 选择: 'pencilbag_1'
[INFO] [1781078319.108063547] [robotaction]: [Step] state='pencilbag opened' step=1/1 target='pencilbag' action='expand'
[INFO] [1781078319.108854045] [robotaction]: [Execute] 'expand'
[INFO] [1781078319.109152493] [robotaction]: [Publish] 'expand' arm='left'
[INFO] [1781078328.129832937] [robotaction]: [Progress] 当前机械臂动作结束
[INFO] [1781078328.130063729] [robotaction]: [Home] 发布 home arm='left', allow_preempt=False
[INFO] [1781078328.130552292] [robotaction]: [Publish] 'home' arm='left'
[INFO] [1781078328.130697524] [robotaction]: [Home] publish 1/3 arm='left'
[INFO] [1781078328.231390861] [robotaction]: [Publish] 'home' arm='left'
[INFO] [1781078328.231551071] [robotaction]: [Home] publish 2/3 arm='left'
[INFO] [1781078328.332890326] [robotaction]: [Publish] 'home' arm='left'
[INFO] [1781078328.333040467] [robotaction]: [Home] publish 3/3 arm='left'
[INFO] [1781078330.335394119] [robotaction]: [Home] 检测到 home 完成 arm='left'
[INFO] [1781078330.335555511] [robotaction]: [State] 'pencilbag opened' 全部动作已完成，开始检查状态
[INFO] [1781078331.336333816] [robotaction]: [State] 动作组后检测到状态切换: 'pencilbag opened' -> 'right hand holding the pencilbag'
[INFO] [1781078331.436213775] [robotaction]: [State] 激活状态 'right hand holding the pencilbag'，共 1 个动作
[INFO] [1781078331.907911175] [robotaction]: [Select] target='pig_zipper' 候选: pig zipper_1(y=-0.068) -> 选择: 'pig zipper_1'
[INFO] [1781078331.908076494] [robotaction]: [Step] state='right hand holding the pencilbag' step=1/1 target='pig_zipper' action='pick_leftslide'
[INFO] [1781078331.909491591] [robotaction]: [Execute] 'pick_leftslide'
[INFO] [1781078331.909782425] [robotaction]: [Publish] 'pick_leftslide' arm='left'
[INFO] [1781078342.783278589] [robotaction]: [Progress] 当前机械臂动作结束
[INFO] [1781078342.783623003] [robotaction]: [Home] 发布 home arm='left', allow_preempt=False
[INFO] [1781078342.783993797] [robotaction]: [Publish] 'home' arm='left'
[INFO] [1781078342.784119091] [robotaction]: [Home] publish 1/3 arm='left'
[INFO] [1781078342.884864598] [robotaction]: [Publish] 'home' arm='left'
[INFO] [1781078342.885050356] [robotaction]: [Home] publish 2/3 arm='left'
[INFO] [1781078342.985712928] [robotaction]: [Publish] 'home' arm='left'
[INFO] [1781078342.985859362] [robotaction]: [Home] publish 3/3 arm='left'
[INFO] [1781078343.986323371] [robotaction]: [Home] 检测到 home 完成 arm='left'
[INFO] [1781078343.986482980] [robotaction]: [State] 'right hand holding the pencilbag' 全部动作已完成，开始检查状态
[INFO] [1781078344.987473121] [robotaction]: [State] 动作组后检测到状态切换: 'right hand holding the pencilbag' -> 'pencilbag opened'
[INFO] [1781078345.036370607] [robotaction]: [State] 激活状态 'pencilbag opened'，共 1 个动作
[INFO] [1781078345.508391221] [robotaction]: [Select] target='pencilbag' 候选: pencilbag_1(y=-0.033), pencilbag_2(y=0.499) -> 选择: 'pencilbag_1'
[INFO] [1781078345.508543125] [robotaction]: [Step] state='pencilbag opened' step=1/1 target='pencilbag' action='expand'
[INFO] [1781078345.509278821] [robotaction]: [Execute] 'expand'
[INFO] [1781078345.509543406] [robotaction]: [Publish] 'expand' arm='left'
[INFO] [1781078354.530465167] [robotaction]: [Progress] 当前机械臂动作结束
[INFO] [1781078354.530707400] [robotaction]: [Home] 发布 home arm='left', allow_preempt=False
[INFO] [1781078354.531010517] [robotaction]: [Publish] 'home' arm='left'
[INFO] [1781078354.531119160] [robotaction]: [Home] publish 1/3 arm='left'
[INFO] [1781078354.632014689] [robotaction]: [Publish] 'home' arm='left'
[INFO] [1781078354.632190217] [robotaction]: [Home] publish 2/3 arm='left'
[INFO] [1781078354.732734278] [robotaction]: [Publish] 'home' arm='left'
[INFO] [1781078354.732959068] [robotaction]: [Home] publish 3/3 arm='left'
[INFO] [1781078356.734287528] [robotaction]: [Home] 检测到 home 完成 arm='left'
[INFO] [1781078356.734449992] [robotaction]: [State] 'pencilbag opened' 全部动作已完成，开始检查状态
[INFO] [1781078357.735733042] [robotaction]: [State] 动作组后稳定状态仍为 'pencilbag opened'
[INFO] [1781078357.837035724] [robotaction]: [State] 激活状态 'pencilbag opened'，共 1 个动作
[INFO] [1781078358.308083470] [robotaction]: [Select] target='pencilbag' 候选: pencilbag_1(y=-0.029) -> 选择: 'pencilbag_1'
[INFO] [1781078358.308272564] [robotaction]: [Step] state='pencilbag opened' step=1/1 target='pencilbag' action='expand'
[INFO] [1781078358.309158130] [robotaction]: [Execute] 'expand'
[INFO] [1781078358.309478830] [robotaction]: [Publish] 'expand' arm='left'
[INFO] [1781078367.327914178] [robotaction]: [Progress] 当前机械臂动作结束
[INFO] [1781078367.328172200] [robotaction]: [Home] 发布 home arm='left', allow_preempt=False
[INFO] [1781078367.328506295] [robotaction]: [Publish] 'home' arm='left'
[INFO] [1781078367.328620068] [robotaction]: [Home] publish 1/3 arm='left'
[INFO] [1781078367.429220436] [robotaction]: [Publish] 'home' arm='left'
[INFO] [1781078367.429369154] [robotaction]: [Home] publish 2/3 arm='left'
[INFO] [1781078367.529880044] [robotaction]: [Publish] 'home' arm='left'
[INFO] [1781078367.530021809] [robotaction]: [Home] publish 3/3 arm='left'
[INFO] [1781078369.531336299] [robotaction]: [Home] 检测到 home 完成 arm='left'
[INFO] [1781078369.531491379] [robotaction]: [State] 'pencilbag opened' 全部动作已完成，开始检查状态
[INFO] [1781078370.532759800] [robotaction]: [State] 动作组后检测到状态切换: 'pencilbag opened' -> 'pencilbag been expended and exist pen in pen holder'
[INFO] [1781078370.635976674] [robotaction]: [State] 激活状态 'pencilbag been expended and exist pen in pen holder'，共 1 个动作
[INFO] [1781078371.108316045] [robotaction]: [Select] target='pen' 候选: pen_1(y=0.204) -> 选择: 'pen_1'
[INFO] [1781078371.108486183] [robotaction]: [Step] state='pencilbag been expended and exist pen in pen holder' step=1/1 target='pen' action='pick'
[INFO] [1781078371.109593945] [robotaction]: [Execute] 'pick'
[INFO] [1781078371.109887183] [robotaction]: [Publish] 'pick' arm='left'
[INFO] [1781078380.177692799] [robotaction]: [Progress] 当前机械臂动作结束
[INFO] [1781078380.177938599] [robotaction]: [State] 'pencilbag been expended and exist pen in pen holder' 全部动作已完成，开始检查状态
[INFO] [1781078381.179271387] [robotaction]: [State] 动作组后检测到状态切换: 'pencilbag been expended and exist pen in pen holder' -> 'left hand holding the pen'
[INFO] [1781078381.236275111] [robotaction]: [State] 激活状态 'left hand holding the pen'，共 1 个动作
[INFO] [1781078381.707598453] [robotaction]: [Select] target='pencilbag' 候选: pencilbag_1(y=-0.032) -> 选择: 'pencilbag_1'
[INFO] [1781078381.707760637] [robotaction]: [Step] state='left hand holding the pen' step=1/1 target='pencilbag' action='place'
[INFO] [1781078381.708485573] [robotaction]: [Execute] 'place'
[INFO] [1781078381.708858260] [robotaction]: [Publish] 'place' arm='left'
[WARN] [1781078386.066542389] [robotaction]: [Step] 等待动作结束异常 status='stop'
