[INFO] [1781076269.050326927] [robotaction]: [Config] status_topic=/siglip2/result, progress_topic=/control/task_percentage, object_tf_topic=/tf, base_frame=base_link
[INFO] [1781076269.438988654] [robotaction]: [State] 激活状态 'right hand holding the pencilbag'，共 1 个动作
[INFO] [1781076269.910906678] [robotaction]: [Select] target='pig_zipper' 候选: pig zipper_1(y=-0.052) -> 选择: 'pig zipper_1'
[INFO] [1781076269.911059866] [robotaction]: [Step] state='right hand holding the pencilbag' step=1/1 target='pig_zipper' action='pick_leftslide'
[INFO] [1781076269.911990915] [robotaction]: [Execute] 'pick_leftslide'
[INFO] [1781076269.912430982] [robotaction]: [Publish] 'pick_leftslide' arm='left'
[INFO] [1781076280.785092027] [robotaction]: [Progress] 当前机械臂动作结束
[INFO] [1781076280.785458296] [robotaction]: [Home] 发布 home arm='left', allow_preempt=False
[INFO] [1781076280.785891840] [robotaction]: [Publish] 'home' arm='left'
[INFO] [1781076280.786008459] [robotaction]: [Home] publish 1/3 arm='left'
[INFO] [1781076280.886509075] [robotaction]: [Publish] 'home' arm='left'
[INFO] [1781076280.886646383] [robotaction]: [Home] publish 2/3 arm='left'
[INFO] [1781076280.987226478] [robotaction]: [Publish] 'home' arm='left'
[INFO] [1781076280.987364567] [robotaction]: [Home] publish 3/3 arm='left'
[INFO] [1781076281.988405833] [robotaction]: [Home] 检测到 home 完成 arm='left'
[INFO] [1781076281.988604997] [robotaction]: [State] 'right hand holding the pencilbag' 全部动作已完成，开始检查状态
[INFO] [1781076282.989323594] [robotaction]: [State] 动作组后检测到状态切换: 'right hand holding the pencilbag' -> 'pencilbag opened'
[INFO] [1781076283.038601420] [robotaction]: [State] 激活状态 'pencilbag opened'，共 1 个动作
[INFO] [1781076283.510268690] [robotaction]: [Select] target='pencilbag' 候选: pencilbag_1(y=-0.008) -> 选择: 'pencilbag_1'
[INFO] [1781076283.510436034] [robotaction]: [Step] state='pencilbag opened' step=1/1 target='pencilbag' action='expand'
[INFO] [1781076283.511442104] [robotaction]: [Execute] 'expand'
[INFO] [1781076283.511821557] [robotaction]: [Publish] 'expand' arm='left'
[INFO] [1781076292.530610593] [robotaction]: [Progress] 当前机械臂动作结束
[INFO] [1781076292.530814787] [robotaction]: [Home] 发布 home arm='left', allow_preempt=False
[INFO] [1781076292.531095855] [robotaction]: [Publish] 'home' arm='left'
[INFO] [1781076292.531206944] [robotaction]: [Home] publish 1/3 arm='left'
[INFO] [1781076292.631965542] [robotaction]: [Publish] 'home' arm='left'
[INFO] [1781076292.632230069] [robotaction]: [Home] publish 2/3 arm='left'
[INFO] [1781076292.732735000] [robotaction]: [Publish] 'home' arm='left'
[INFO] [1781076292.732872018] [robotaction]: [Home] publish 3/3 arm='left'
[INFO] [1781076294.734350745] [robotaction]: [Home] 检测到 home 完成 arm='left'
[INFO] [1781076294.734513080] [robotaction]: [State] 'pencilbag opened' 全部动作已完成，开始检查状态
[INFO] [1781076295.735323184] [robotaction]: [State] 动作组后稳定状态仍为 'pencilbag opened'
[INFO] [1781076295.838811791] [robotaction]: [State] 激活状态 'pencilbag opened'，共 1 个动作
[INFO] [1781076296.310708870] [robotaction]: [Select] target='pencilbag' 候选: pencilbag_1(y=-0.014) -> 选择: 'pencilbag_1'
[INFO] [1781076296.310899148] [robotaction]: [Step] state='pencilbag opened' step=1/1 target='pencilbag' action='expand'
[INFO] [1781076296.311858560] [robotaction]: [Execute] 'expand'
[INFO] [1781076296.312197627] [robotaction]: [Publish] 'expand' arm='left'
[INFO] [1781076305.281594107] [robotaction]: [Progress] 当前机械臂动作结束
[INFO] [1781076305.281869284] [robotaction]: [Home] 发布 home arm='left', allow_preempt=False
[INFO] [1781076305.282229641] [robotaction]: [Publish] 'home' arm='left'
[INFO] [1781076305.282359505] [robotaction]: [Home] publish 1/3 arm='left'
[INFO] [1781076305.382903097] [robotaction]: [Publish] 'home' arm='left'
[INFO] [1781076305.383075451] [robotaction]: [Home] publish 2/3 arm='left'
[INFO] [1781076305.483634551] [robotaction]: [Publish] 'home' arm='left'
[INFO] [1781076305.483800633] [robotaction]: [Home] publish 3/3 arm='left'
[INFO] [1781076307.485402523] [robotaction]: [Home] 检测到 home 完成 arm='left'
[INFO] [1781076307.485588983] [robotaction]: [State] 'pencilbag opened' 全部动作已完成，开始检查状态
[INFO] [1781076308.486361902] [robotaction]: [State] 动作组后检测到状态切换: 'pencilbag opened' -> 'pencilbag been expended and exist pen in pen holder'
[INFO] [1781076308.638804430] [robotaction]: [State] 激活状态 'pencilbag been expended and exist pen in pen holder'，共 1 个动作
[INFO] [1781076309.110421733] [robotaction]: [Select] target='pen' 候选: pen_1(y=0.241) -> 选择: 'pen_1'
[INFO] [1781076309.110611760] [robotaction]: [Step] state='pencilbag been expended and exist pen in pen holder' step=1/1 target='pen' action='pick'
[INFO] [1781076309.111995840] [robotaction]: [Execute] 'pick'
[INFO] [1781076309.112351478] [robotaction]: [Publish] 'pick' arm='left'
[INFO] [1781076318.079751928] [robotaction]: [Progress] 当前机械臂动作结束
[INFO] [1781076318.079908763] [robotaction]: [State] 'pencilbag been expended and exist pen in pen holder' 全部动作已完成，开始检查状态
[INFO] [1781076319.080375046] [robotaction]: [State] 动作组后检测到状态切换: 'pencilbag been expended and exist pen in pen holder' -> 'left hand holding the pen'
[INFO] [1781076319.238811923] [robotaction]: [State] 激活状态 'left hand holding the pen'，共 1 个动作
[INFO] [1781076319.710792909] [robotaction]: [Select] target='pencilbag' 候选: pencilbag_1(y=-0.015) -> 选择: 'pencilbag_1'
[INFO] [1781076319.710969992] [robotaction]: [Step] state='left hand holding the pen' step=1/1 target='pencilbag' action='place'
[INFO] [1781076319.711825048] [robotaction]: [Execute] 'place'
[INFO] [1781076319.712167331] [robotaction]: [Publish] 'place' arm='left'
[INFO] [1781076326.776823182] [robotaction]: [Progress] 当前机械臂动作结束
[INFO] [1781076326.778536892] [robotaction]: [Home] 发布 home arm='left', allow_preempt=False
[INFO] [1781076326.778904843] [robotaction]: [Publish] 'home' arm='left'
[INFO] [1781076326.779021151] [robotaction]: [Home] publish 1/3 arm='left'
[INFO] [1781076326.879491131] [robotaction]: [Publish] 'home' arm='left'
[INFO] [1781076326.879640451] [robotaction]: [Home] publish 2/3 arm='left'
[INFO] [1781076326.980264610] [robotaction]: [Publish] 'home' arm='left'
[INFO] [1781076326.980423469] [robotaction]: [Home] publish 3/3 arm='left'
[INFO] [1781076327.981833819] [robotaction]: [Home] 检测到 home 完成 arm='left'
[INFO] [1781076327.982102123] [robotaction]: [State] 'left hand holding the pen' 全部动作已完成，开始检查状态
[INFO] [1781076328.982791326] [robotaction]: [State] 动作组后检测到状态切换: 'left hand holding the pen' -> 'pencilbag been expended and exist pen in pen holder'
[INFO] [1781076329.038794432] [robotaction]: [State] 激活状态 'pencilbag been expended and exist pen in pen holder'，共 1 个动作
[INFO] [1781076329.511365258] [robotaction]: [Select] target='pen' 候选: pen_1(y=0.244) -> 选择: 'pen_1'
[INFO] [1781076329.511529717] [robotaction]: [Step] state='pencilbag been expended and exist pen in pen holder' step=1/1 target='pen' action='pick'
[INFO] [1781076329.512548711] [robotaction]: [Execute] 'pick'
[INFO] [1781076329.512837844] [robotaction]: [Publish] 'pick' arm='left'
[INFO] [1781076338.532644652] [robotaction]: [Progress] 当前机械臂动作结束
[INFO] [1781076338.532829499] [robotaction]: [State] 'pencilbag been expended and exist pen in pen holder' 全部动作已完成，开始检查状态
[INFO] [1781076339.533341350] [robotaction]: [State] 动作组后检测到状态切换: 'pencilbag been expended and exist pen in pen holder' -> 'left hand holding the pen'
[INFO] [1781076339.638768349] [robotaction]: [State] 激活状态 'left hand holding the pen'，共 1 个动作
[INFO] [1781076340.110369705] [robotaction]: [Select] target='pencilbag' 候选: pencilbag_1(y=-0.015) -> 选择: 'pencilbag_1'
[INFO] [1781076340.110551326] [robotaction]: [Step] state='left hand holding the pen' step=1/1 target='pencilbag' action='place'
[INFO] [1781076340.111313208] [robotaction]: [Execute] 'place'
[INFO] [1781076340.111605867] [robotaction]: [Publish] 'place' arm='left'
[INFO] [1781076347.228893466] [robotaction]: [Progress] 当前机械臂动作结束
[INFO] [1781076347.229196785] [robotaction]: [Home] 发布 home arm='left', allow_preempt=False
[INFO] [1781076347.229579024] [robotaction]: [Publish] 'home' arm='left'
[INFO] [1781076347.229704209] [robotaction]: [Home] publish 1/3 arm='left'
[INFO] [1781076347.330202798] [robotaction]: [Publish] 'home' arm='left'
[INFO] [1781076347.330334596] [robotaction]: [Home] publish 2/3 arm='left'
[INFO] [1781076347.430919206] [robotaction]: [Publish] 'home' arm='left'
[INFO] [1781076347.431091350] [robotaction]: [Home] publish 3/3 arm='left'
[INFO] [1781076348.432351561] [robotaction]: [Home] 检测到 home 完成 arm='left'
[INFO] [1781076348.432527631] [robotaction]: [State] 'left hand holding the pen' 全部动作已完成，开始检查状态
[INFO] [1781076349.433339168] [robotaction]: [State] 动作组后检测到状态切换: 'left hand holding the pen' -> 'pencilbag been expended and exist pen in pen holder'
[INFO] [1781076349.438571087] [robotaction]: [State] 激活状态 'pencilbag been expended and exist pen in pen holder'，共 1 个动作
[INFO] [1781076349.910782310] [robotaction]: [Select] target='pen' 候选: pen_1(y=0.245), pen_2(y=0.438) -> 选择: 'pen_1'
[INFO] [1781076349.910945406] [robotaction]: [Step] state='pencilbag been expended and exist pen in pen holder' step=1/1 target='pen' action='pick'
[INFO] [1781076349.912020446] [robotaction]: [Execute] 'pick'
[INFO] [1781076349.912332252] [robotaction]: [Publish] 'pick' arm='left'
[INFO] [1781076358.880603129] [robotaction]: [Progress] 当前机械臂动作结束
[INFO] [1781076358.880801662] [robotaction]: [State] 'pencilbag been expended and exist pen in pen holder' 全部动作已完成，开始检查状态
[INFO] [1781076359.881337312] [robotaction]: [State] 动作组后检测到状态切换: 'pencilbag been expended and exist pen in pen holder' -> 'left hand holding the pen'
[INFO] [1781076360.038737330] [robotaction]: [State] 激活状态 'left hand holding the pen'，共 1 个动作
[INFO] [1781076360.510786760] [robotaction]: [Select] target='pencilbag' 候选: pencilbag_1(y=-0.023) -> 选择: 'pencilbag_1'
[INFO] [1781076360.510961558] [robotaction]: [Step] state='left hand holding the pen' step=1/1 target='pencilbag' action='place'
[INFO] [1781076360.511647196] [robotaction]: [Execute] 'place'
[INFO] [1781076360.511917715] [robotaction]: [Publish] 'place' arm='left'
[INFO] [1781076367.625500217] [robotaction]: [Progress] 当前机械臂动作结束
[INFO] [1781076367.625730931] [robotaction]: [Home] 发布 home arm='left', allow_preempt=False
[INFO] [1781076367.626025324] [robotaction]: [Publish] 'home' arm='left'
[INFO] [1781076367.626143817] [robotaction]: [Home] publish 1/3 arm='left'
[INFO] [1781076367.726764541] [robotaction]: [Publish] 'home' arm='left'
[INFO] [1781076367.726913331] [robotaction]: [Home] publish 2/3 arm='left'
[INFO] [1781076367.827451000] [robotaction]: [Publish] 'home' arm='left'
[INFO] [1781076367.827604508] [robotaction]: [Home] publish 3/3 arm='left'
[INFO] [1781076368.828417424] [robotaction]: [Home] 检测到 home 完成 arm='left'
[INFO] [1781076368.828639651] [robotaction]: [State] 'left hand holding the pen' 全部动作已完成，开始检查状态
[INFO] [1781076370.129897356] [robotaction]: [State] 动作组后检测到状态切换: 'left hand holding the pen' -> 'pencilbag opened'
[INFO] [1781076370.238817312] [robotaction]: [State] 激活状态 'pencilbag opened'，共 1 个动作
[INFO] [1781076370.710904034] [robotaction]: [Select] target='pencilbag' 候选: pencilbag_1(y=-0.029) -> 选择: 'pencilbag_1'
[INFO] [1781076370.711113567] [robotaction]: [Step] state='pencilbag opened' step=1/1 target='pencilbag' action='expand'
[INFO] [1781076370.711979714] [robotaction]: [Execute] 'expand'
[INFO] [1781076370.712267034] [robotaction]: [Publish] 'expand' arm='left'
[INFO] [1781076379.731562671] [robotaction]: [Progress] 当前机械臂动作结束
[INFO] [1781076379.731781792] [robotaction]: [Home] 发布 home arm='left', allow_preempt=False
[INFO] [1781076379.732085723] [robotaction]: [Publish] 'home' arm='left'
[INFO] [1781076379.732191612] [robotaction]: [Home] publish 1/3 arm='left'
[INFO] [1781076379.832812055] [robotaction]: [Publish] 'home' arm='left'
[INFO] [1781076379.833042989] [robotaction]: [Home] publish 2/3 arm='left'
[INFO] [1781076379.933676295] [robotaction]: [Publish] 'home' arm='left'
[INFO] [1781076379.933839722] [robotaction]: [Home] publish 3/3 arm='left'
[INFO] [1781076381.935362486] [robotaction]: [Home] 检测到 home 完成 arm='left'
[INFO] [1781076381.935543306] [robotaction]: [State] 'pencilbag opened' 全部动作已完成，开始检查状态
[INFO] [1781076382.936886444] [robotaction]: [State] 动作组后检测到状态切换: 'pencilbag opened' -> 'pencilbag been expended and exist pen in pen holder'
[INFO] [1781076383.038846993] [robotaction]: [State] 激活状态 'pencilbag been expended and exist pen in pen holder'，共 1 个动作
[INFO] [1781076383.510820863] [robotaction]: [Select] target='pen' 候选: pen_1(y=0.247) -> 选择: 'pen_1'
[INFO] [1781076383.511000230] [robotaction]: [Step] state='pencilbag been expended and exist pen in pen holder' step=1/1 target='pen' action='pick'
[INFO] [1781076383.512939082] [robotaction]: [Execute] 'pick'
[INFO] [1781076383.513300982] [robotaction]: [Publish] 'pick' arm='left'
[INFO] [1781076392.529970734] [robotaction]: [Progress] 当前机械臂动作结束
[INFO] [1781076392.530174346] [robotaction]: [State] 'pencilbag been expended and exist pen in pen holder' 全部动作已完成，开始检查状态
[INFO] [1781076393.531329894] [robotaction]: [State] 动作组后检测到状态切换: 'pencilbag been expended and exist pen in pen holder' -> 'left hand holding the pen'
[INFO] [1781076393.638835479] [robotaction]: [State] 激活状态 'left hand holding the pen'，共 1 个动作
[INFO] [1781076394.110679386] [robotaction]: [Select] target='pencilbag' 候选: pencilbag_1(y=-0.019) -> 选择: 'pencilbag_1'
[INFO] [1781076394.110832243] [robotaction]: [Step] state='left hand holding the pen' step=1/1 target='pencilbag' action='place'
[INFO] [1781076394.111558167] [robotaction]: [Execute] 'place'
[INFO] [1781076394.111835759] [robotaction]: [Publish] 'place' arm='left'
[INFO] [1781076401.275520408] [robotaction]: [Progress] 当前机械臂动作结束
[INFO] [1781076401.275771570] [robotaction]: [Home] 发布 home arm='left', allow_preempt=False
[INFO] [1781076401.276116047] [robotaction]: [Publish] 'home' arm='left'
[INFO] [1781076401.276231834] [robotaction]: [Home] publish 1/3 arm='left'
[INFO] [1781076401.376889112] [robotaction]: [Publish] 'home' arm='left'
[INFO] [1781076401.377075873] [robotaction]: [Home] publish 2/3 arm='left'
[INFO] [1781076401.477624958] [robotaction]: [Publish] 'home' arm='left'
[INFO] [1781076401.477760703] [robotaction]: [Home] publish 3/3 arm='left'
[INFO] [1781076402.478419623] [robotaction]: [Home] 检测到 home 完成 arm='left'
[INFO] [1781076402.478711692] [robotaction]: [State] 'left hand holding the pen' 全部动作已完成，开始检查状态
[INFO] [1781076403.479365541] [robotaction]: [State] 动作组后检测到状态切换: 'left hand holding the pen' -> 'pencilbag been expended and exist pen in pen holder'
[INFO] [1781076403.638907722] [robotaction]: [State] 激活状态 'pencilbag been expended and exist pen in pen holder'，共 1 个动作
[INFO] [1781076404.110389802] [robotaction]: [Select] target='pen' 候选: pen_1(y=0.241), pen_2(y=0.242) -> 选择: 'pen_1'
[INFO] [1781076404.110544292] [robotaction]: [Step] state='pencilbag been expended and exist pen in pen holder' step=1/1 target='pen' action='pick'
[INFO] [1781076404.111579447] [robotaction]: [Execute] 'pick'
[INFO] [1781076404.112014765] [robotaction]: [Publish] 'pick' arm='left'
[INFO] [1781076412.978764065] [robotaction]: [Progress] 当前机械臂动作结束
[INFO] [1781076412.978969441] [robotaction]: [State] 'pencilbag been expended and exist pen in pen holder' 全部动作已完成，开始检查状态
[INFO] [1781076413.979319423] [robotaction]: [State] 动作组后检测到状态切换: 'pencilbag been expended and exist pen in pen holder' -> 'left hand holding the pen'
[INFO] [1781076414.038744169] [robotaction]: [State] 激活状态 'left hand holding the pen'，共 1 个动作
[INFO] [1781076414.511285120] [robotaction]: [Select] target='pencilbag' 候选: pencilbag_1(y=-0.020) -> 选择: 'pencilbag_1'
[INFO] [1781076414.511444560] [robotaction]: [Step] state='left hand holding the pen' step=1/1 target='pencilbag' action='place'
[INFO] [1781076414.512248700] [robotaction]: [Execute] 'place'
[INFO] [1781076414.512826776] [robotaction]: [Publish] 'place' arm='left'
[INFO] [1781076421.577026232] [robotaction]: [Progress] 当前机械臂动作结束
[INFO] [1781076421.577336846] [robotaction]: [Home] 发布 home arm='left', allow_preempt=False
[INFO] [1781076421.577716008] [robotaction]: [Publish] 'home' arm='left'
[INFO] [1781076421.577843537] [robotaction]: [Home] publish 1/3 arm='left'
[INFO] [1781076421.678555305] [robotaction]: [Publish] 'home' arm='left'
[INFO] [1781076421.678793081] [robotaction]: [Home] publish 2/3 arm='left'
[INFO] [1781076421.779611098] [robotaction]: [Publish] 'home' arm='left'
[INFO] [1781076421.779767031] [robotaction]: [Home] publish 3/3 arm='left'
[INFO] [1781076422.781278772] [robotaction]: [Home] 检测到 home 完成 arm='left'
[INFO] [1781076422.781430026] [robotaction]: [State] 'left hand holding the pen' 全部动作已完成，开始检查状态
[INFO] [1781076423.782332250] [robotaction]: [State] 动作组后检测到状态切换: 'left hand holding the pen' -> 'pencilbag opened'
[INFO] [1781076423.838805340] [robotaction]: [State] 激活状态 'pencilbag opened'，共 1 个动作
[INFO] [1781076424.310638595] [robotaction]: [Select] target='pencilbag' 候选: pencilbag_1(y=-0.021) -> 选择: 'pencilbag_1'
[INFO] [1781076424.310791573] [robotaction]: [Step] state='pencilbag opened' step=1/1 target='pencilbag' action='expand'
[INFO] [1781076424.311817380] [robotaction]: [Execute] 'expand'
[INFO] [1781076424.312166355] [robotaction]: [Publish] 'expand' arm='left'
[INFO] [1781076433.329401980] [robotaction]: [Progress] 当前机械臂动作结束
[INFO] [1781076433.329843530] [robotaction]: [Home] 发布 home arm='left', allow_preempt=False
[INFO] [1781076433.330232931] [robotaction]: [Publish] 'home' arm='left'
[INFO] [1781076433.330343990] [robotaction]: [Home] publish 1/3 arm='left'
[INFO] [1781076433.430866099] [robotaction]: [Publish] 'home' arm='left'
[INFO] [1781076433.431005160] [robotaction]: [Home] publish 2/3 arm='left'
[INFO] [1781076433.531402214] [robotaction]: [Publish] 'home' arm='left'
[INFO] [1781076433.531532700] [robotaction]: [Home] publish 3/3 arm='left'
[INFO] [1781076435.533337925] [robotaction]: [Home] 检测到 home 完成 arm='left'
[INFO] [1781076435.533495230] [robotaction]: [State] 'pencilbag opened' 全部动作已完成，开始检查状态
[INFO] [1781076436.534353693] [robotaction]: [State] 动作组后检测到状态切换: 'pencilbag opened' -> 'pencilbag been expended and exist pen in pen holder'
[INFO] [1781076436.638920320] [robotaction]: [State] 激活状态 'pencilbag been expended and exist pen in pen holder'，共 1 个动作
[INFO] [1781076437.111118281] [robotaction]: [Select] target='pen' 候选: pen_2(y=0.239), pen_1(y=0.309) -> 选择: 'pen_2'
[INFO] [1781076437.111277179] [robotaction]: [Step] state='pencilbag been expended and exist pen in pen holder' step=1/1 target='pen' action='pick'
[INFO] [1781076437.112555050] [robotaction]: [Execute] 'pick'
[INFO] [1781076437.112926037] [robotaction]: [Publish] 'pick' arm='left'
[INFO] [1781076445.928711632] [robotaction]: [Progress] 当前机械臂动作结束
[INFO] [1781076445.928872534] [robotaction]: [State] 'pencilbag been expended and exist pen in pen holder' 全部动作已完成，开始检查状态
[INFO] [1781076447.129561977] [robotaction]: [State] 动作组后检测到状态切换: 'pencilbag been expended and exist pen in pen holder' -> 'left hand holding the pen'
[INFO] [1781076447.238853818] [robotaction]: [State] 激活状态 'left hand holding the pen'，共 1 个动作
[INFO] [1781076447.710933159] [robotaction]: [Select] target='pencilbag' 候选: pencilbag_1(y=-0.020) -> 选择: 'pencilbag_1'
[INFO] [1781076447.711098830] [robotaction]: [Step] state='left hand holding the pen' step=1/1 target='pencilbag' action='place'
[INFO] [1781076447.711827509] [robotaction]: [Execute] 'place'
[INFO] [1781076447.712114558] [robotaction]: [Publish] 'place' arm='left'
[INFO] [1781076454.775255214] [robotaction]: [Progress] 当前机械臂动作结束
[INFO] [1781076454.775596786] [robotaction]: [Home] 发布 home arm='left', allow_preempt=False
[INFO] [1781076454.775988952] [robotaction]: [Publish] 'home' arm='left'
[INFO] [1781076454.776097236] [robotaction]: [Home] publish 1/3 arm='left'
[INFO] [1781076454.876691167] [robotaction]: [Publish] 'home' arm='left'
[INFO] [1781076454.876831019] [robotaction]: [Home] publish 2/3 arm='left'
[INFO] [1781076454.978196029] [robotaction]: [Publish] 'home' arm='left'
[INFO] [1781076454.978326113] [robotaction]: [Home] publish 3/3 arm='left'
[INFO] [1781076455.979292831] [robotaction]: [Home] 检测到 home 完成 arm='left'
[INFO] [1781076455.979448774] [robotaction]: [State] 'left hand holding the pen' 全部动作已完成，开始检查状态
[INFO] [1781076456.981618239] [robotaction]: [State] 动作组后检测到状态切换: 'left hand holding the pen' -> 'pencilbag been expended and exist pen in pen holder'
[INFO] [1781076457.038819404] [robotaction]: [State] 激活状态 'pencilbag been expended and exist pen in pen holder'，共 1 个动作
[INFO] [1781076457.692218035] [robotaction]: [Select] target='pen' 候选: pen_2(y=0.227), pen_1(y=0.234) -> 选择: 'pen_2'
[INFO] [1781076457.692410266] [robotaction]: [Step] state='pencilbag been expended and exist pen in pen holder' step=1/1 target='pen' action='pick'
[INFO] [1781076457.693640537] [robotaction]: [Execute] 'pick'
[INFO] [1781076457.693911206] [robotaction]: [Publish] 'pick' arm='left'
[INFO] [1781076466.510134501] [robotaction]: [Progress] 当前机械臂动作结束
[INFO] [1781076466.510284031] [robotaction]: [State] 'pencilbag been expended and exist pen in pen holder' 全部动作已完成，开始检查状态
[INFO] [1781076467.511295336] [robotaction]: [State] 动作组后检测到状态切换: 'pencilbag been expended and exist pen in pen holder' -> 'left hand holding the pen'
[INFO] [1781076467.638841166] [robotaction]: [State] 激活状态 'left hand holding the pen'，共 1 个动作
[INFO] [1781076468.110996976] [robotaction]: [Select] target='pencilbag' 候选: pencilbag_1(y=-0.021) -> 选择: 'pencilbag_1'
[INFO] [1781076468.111166655] [robotaction]: [Step] state='left hand holding the pen' step=1/1 target='pencilbag' action='place'
[INFO] [1781076468.112000030] [robotaction]: [Execute] 'place'
[INFO] [1781076468.112316916] [robotaction]: [Publish] 'place' arm='left'
[INFO] [1781076475.176108620] [robotaction]: [Progress] 当前机械臂动作结束
[INFO] [1781076475.176320067] [robotaction]: [Home] 发布 home arm='left', allow_preempt=False
[INFO] [1781076475.176601025] [robotaction]: [Publish] 'home' arm='left'
[INFO] [1781076475.176748101] [robotaction]: [Home] publish 1/3 arm='left'
[INFO] [1781076475.277372426] [robotaction]: [Publish] 'home' arm='left'
[INFO] [1781076475.277544049] [robotaction]: [Home] publish 2/3 arm='left'
[INFO] [1781076475.378189834] [robotaction]: [Publish] 'home' arm='left'
[INFO] [1781076475.378344014] [robotaction]: [Home] publish 3/3 arm='left'
[INFO] [1781076476.379316794] [robotaction]: [Home] 检测到 home 完成 arm='left'
[INFO] [1781076476.379473157] [robotaction]: [State] 'left hand holding the pen' 全部动作已完成，开始检查状态
[INFO] [1781076477.381718657] [robotaction]: [State] 动作组后检测到状态切换: 'left hand holding the pen' -> 'pencilbag been expended and exist pen in pen holder'
[INFO] [1781076477.438804263] [robotaction]: [State] 激活状态 'pencilbag been expended and exist pen in pen holder'，共 1 个动作
[WARN] [1781076479.661460756] [robotaction]: [TF] 未等到 target='pen' 的TF,跳过本周期 (连续1/2)
[WARN] [1781076481.860658985] [robotaction]: [TF] 未等到 target='pen' 的TF,跳过本周期 (连续2/2)
[WARN] [1781076481.860812433] [robotaction]: [TF] 连续2次未获取到 'pen',执行home arm='left'，并重新查询状态
[INFO] [1781076481.860984286] [robotaction]: [Home] 发布 home arm='left', allow_preempt=False
[INFO] [1781076481.861262739] [robotaction]: [Publish] 'home' arm='left'
[INFO] [1781076481.861369078] [robotaction]: [Home] publish 1/3 arm='left'
[INFO] [1781076481.961972664] [robotaction]: [Publish] 'home' arm='left'
[INFO] [1781076481.962144156] [robotaction]: [Home] publish 2/3 arm='left'
[INFO] [1781076482.062655388] [robotaction]: [Publish] 'home' arm='left'
[INFO] [1781076482.062794259] [robotaction]: [Home] publish 3/3 arm='left'
[INFO] [1781076483.063320010] [robotaction]: [Home] 检测到 home 完成 arm='left'
[INFO] [1781076483.638616862] [robotaction]: [State] 激活状态 'pencilbag been expended and exist pen in pen holder'，共 1 个动作
[INFO] [1781076484.321783108] [robotaction]: [Select] target='pen' 候选: pen_1(y=0.051) -> 选择: 'pen_1'
[INFO] [1781076484.321938600] [robotaction]: [Step] state='pencilbag been expended and exist pen in pen holder' step=1/1 target='pen' action='pick'
[INFO] [1781076484.322985296] [robotaction]: [Execute] 'pick'
[INFO] [1781076484.323293795] [robotaction]: [Publish] 'pick' arm='left'
[INFO] [1781076493.392471110] [robotaction]: [Progress] 当前机械臂动作结束
[INFO] [1781076493.392630469] [robotaction]: [State] 'pencilbag been expended and exist pen in pen holder' 全部动作已完成，开始检查状态
[INFO] [1781076494.394010089] [robotaction]: [State] 动作组后检测到状态切换: 'pencilbag been expended and exist pen in pen holder' -> 'pencilbag free and pens in pen holder'
[INFO] [1781076494.438608056] [robotaction]: [State] 激活状态 'pencilbag free and pens in pen holder'，共 1 个动作
[INFO] [1781076494.910548164] [robotaction]: [Select] target='pencilbag' 候选: pencilbag_1(y=-0.036) -> 选择: 'pencilbag_1'
[INFO] [1781076494.910696152] [robotaction]: [Step] state='pencilbag free and pens in pen holder' step=1/1 target='pencilbag' action='pick'
[INFO] [1781076494.911319774] [robotaction]: [Execute] 'pick'
[INFO] [1781076494.911584952] [robotaction]: [Publish] 'pick' arm='right'
[INFO] [1781076499.669320418] [robotaction]: [Progress] 当前机械臂动作结束
[INFO] [1781076499.669480088] [robotaction]: [State] 'pencilbag free and pens in pen holder' 全部动作已完成，开始检查状态
[INFO] [1781076500.670733612] [robotaction]: [State] 动作组后稳定状态仍为 'pencilbag free and pens in pen holder'
[INFO] [1781076500.838796266] [robotaction]: [State] 激活状态 'pencilbag free and pens in pen holder'，共 1 个动作
[INFO] [1781076501.311069616] [robotaction]: [Select] target='pencilbag' 候选: pencilbag_1(y=-0.033) -> 选择: 'pencilbag_1'
[INFO] [1781076501.311282466] [robotaction]: [Step] state='pencilbag free and pens in pen holder' step=1/1 target='pencilbag' action='pick'
[INFO] [1781076501.312128976] [robotaction]: [Execute] 'pick'
[INFO] [1781076501.312481288] [robotaction]: [Publish] 'pick' arm='right'
[WARN] [1781076501.614224399] [robotaction]: [Step] 等待动作结束异常 status='stop'
