[INFO] [1781165566.679046299] [robotaction]: [Config] status_topic=/siglip2/result, progress_topic=/control/task_percentage, object_tf_topic=/tf, base_frame=base_link
[INFO] [1781165566.867832519] [robotaction]: [State] 激活状态 'pencilbag been expended and exist pen in pen holder'，共 1 个动作
[INFO] [1781165567.339777015] [robotaction]: [Select] target='pen' 候选: pen_1(y=0.148), pen_2(y=0.151) -> 选择: 'pen_1'
[INFO] [1781165567.340058150] [robotaction]: [Step] state='pencilbag been expended and exist pen in pen holder' step=1/1 target='pen' action='pick'
[INFO] [1781165567.341313525] [robotaction]: [Execute] 'pick'
[INFO] [1781165567.341624005] [robotaction]: [Publish] 'pick' arm='left'
[INFO] [1781165576.508456439] [robotaction]: [Progress] 当前机械臂动作结束
[INFO] [1781165576.508634441] [robotaction]: [State] 'pencilbag been expended and exist pen in pen holder' 全部动作已完成，开始检查状态
[INFO] [1781165577.510295822] [robotaction]: [State] 动作组后检测到状态切换: 'pencilbag been expended and exist pen in pen holder' -> 'left hand holding the pen'
[INFO] [1781165577.667992640] [robotaction]: [State] 激活状态 'left hand holding the pen'，共 1 个动作
[INFO] [1781165578.139728422] [robotaction]: [Select] target='pencilbag' 候选: pencilbag_1(y=-0.034) -> 选择: 'pencilbag_1'
[INFO] [1781165578.139918898] [robotaction]: [Step] state='left hand holding the pen' step=1/1 target='pencilbag' action='place'
[INFO] [1781165578.140835881] [robotaction]: [Execute] 'place'
[INFO] [1781165578.141171087] [robotaction]: [Publish] 'place' arm='left'
[INFO] [1781165585.257467467] [robotaction]: [Progress] 当前机械臂动作结束
[INFO] [1781165585.257699200] [robotaction]: [Home] 发布 home arm='left', allow_preempt=False
[INFO] [1781165585.257989132] [robotaction]: [Publish] 'home' arm='left'
[INFO] [1781165585.258098005] [robotaction]: [Home] publish 1/3 arm='left'
[INFO] [1781165585.358733956] [robotaction]: [Publish] 'home' arm='left'
[INFO] [1781165585.358931565] [robotaction]: [Home] publish 2/3 arm='left'
[INFO] [1781165585.459561224] [robotaction]: [Publish] 'home' arm='left'
[INFO] [1781165585.459699653] [robotaction]: [Home] publish 3/3 arm='left'
[INFO] [1781165586.460955628] [robotaction]: [Home] 检测到 home 完成 arm='left'
[INFO] [1781165586.461133450] [robotaction]: [State] 'left hand holding the pen' 全部动作已完成，开始检查状态
[INFO] [1781165587.462390409] [robotaction]: [State] 动作组后检测到状态切换: 'left hand holding the pen' -> 'pencilbag been expended and exist pen in pen holder'
[INFO] [1781165587.467490307] [robotaction]: [State] 激活状态 'pencilbag been expended and exist pen in pen holder'，共 1 个动作
[WARN] [1781165587.850859577] [robotaction]: [TF] 未等到 target='pen' 的TF,跳过本周期 (连续1/2)
