[INFO] [1781076718.975279244] [robotaction]: [Config] status_topic=/siglip2/result, progress_topic=/control/task_percentage, object_tf_topic=/tf, base_frame=base_link
[INFO] [1781076719.564515830] [robotaction]: [State] 激活状态 'pencilbag free and pens in pen holder'，共 1 个动作
[INFO] [1781076720.035725222] [robotaction]: [Select] target='pencilbag' 候选: pencilbag_1(y=-0.048) -> 选择: 'pencilbag_1'
[INFO] [1781076720.035881836] [robotaction]: [Step] state='pencilbag free and pens in pen holder' step=1/1 target='pencilbag' action='pick'
[INFO] [1781076720.036764514] [robotaction]: [Execute] 'pick'
[INFO] [1781076720.037117226] [robotaction]: [Publish] 'pick' arm='right'
[INFO] [1781076725.196626877] [robotaction]: [Progress] 当前机械臂动作结束
[INFO] [1781076725.196803409] [robotaction]: [State] 'pencilbag free and pens in pen holder' 全部动作已完成，开始检查状态
[INFO] [1781076726.197430126] [robotaction]: [State] 动作组后检测到状态切换: 'pencilbag free and pens in pen holder' -> 'right hand holding the pencilbag'
[INFO] [1781076726.363944551] [robotaction]: [State] 激活状态 'right hand holding the pencilbag'，共 1 个动作
[INFO] [1781076726.835635244] [robotaction]: [Select] target='pig_zipper' 候选: pig zipper_1(y=-0.092), pig zipper_2(y=0.183) -> 选择: 'pig zipper_1'
[INFO] [1781076726.835832334] [robotaction]: [Step] state='right hand holding the pencilbag' step=1/1 target='pig_zipper' action='pick_leftslide'
[INFO] [1781076726.837250237] [robotaction]: [Execute] 'pick_leftslide'
[INFO] [1781076726.837537086] [robotaction]: [Publish] 'pick_leftslide' arm='left'
[INFO] [1781076737.759482967] [robotaction]: [Progress] 当前机械臂动作结束
[INFO] [1781076737.759749037] [robotaction]: [Home] 发布 home arm='left', allow_preempt=False
[INFO] [1781076737.760051004] [robotaction]: [Publish] 'home' arm='left'
[INFO] [1781076737.760240971] [robotaction]: [Home] publish 1/3 arm='left'
[INFO] [1781076737.860875807] [robotaction]: [Publish] 'home' arm='left'
[INFO] [1781076737.861089178] [robotaction]: [Home] publish 2/3 arm='left'
[INFO] [1781076737.961903371] [robotaction]: [Publish] 'home' arm='left'
[INFO] [1781076737.962088028] [robotaction]: [Home] publish 3/3 arm='left'
[INFO] [1781076740.965332947] [robotaction]: [Home] 检测到 home 完成 arm='left'
[INFO] [1781076740.965515630] [robotaction]: [State] 'right hand holding the pencilbag' 全部动作已完成，开始检查状态
[INFO] [1781076741.966372366] [robotaction]: [State] 动作组后检测到状态切换: 'right hand holding the pencilbag' -> 'pencilbag opened'
[INFO] [1781076742.163644129] [robotaction]: [State] 激活状态 'pencilbag opened'，共 1 个动作
[INFO] [1781076742.636202966] [robotaction]: [Select] target='pencilbag' 候选: pencilbag_1(y=-0.036) -> 选择: 'pencilbag_1'
[INFO] [1781076742.636358328] [robotaction]: [Step] state='pencilbag opened' step=1/1 target='pencilbag' action='expand'
[INFO] [1781076742.637120880] [robotaction]: [Execute] 'expand'
[INFO] [1781076742.637414812] [robotaction]: [Publish] 'expand' arm='left'
[INFO] [1781076751.657238292] [robotaction]: [Progress] 当前机械臂动作结束
[INFO] [1781076751.657486278] [robotaction]: [Home] 发布 home arm='left', allow_preempt=False
[INFO] [1781076751.657768408] [robotaction]: [Publish] 'home' arm='left'
[INFO] [1781076751.657880008] [robotaction]: [Home] publish 1/3 arm='left'
[INFO] [1781076751.758519331] [robotaction]: [Publish] 'home' arm='left'
[INFO] [1781076751.758672269] [robotaction]: [Home] publish 2/3 arm='left'
[INFO] [1781076751.859525644] [robotaction]: [Publish] 'home' arm='left'
[INFO] [1781076751.859694782] [robotaction]: [Home] publish 3/3 arm='left'
[INFO] [1781076753.861327734] [robotaction]: [Home] 检测到 home 完成 arm='left'
[INFO] [1781076753.861488576] [robotaction]: [State] 'pencilbag opened' 全部动作已完成，开始检查状态
[INFO] [1781076754.862350972] [robotaction]: [State] 动作组后稳定状态仍为 'pencilbag opened'
[INFO] [1781076754.963933226] [robotaction]: [State] 激活状态 'pencilbag opened'，共 1 个动作
[INFO] [1781076755.437825633] [robotaction]: [Select] target='pencilbag' 候选: pencilbag_1(y=-0.042) -> 选择: 'pencilbag_1'
[INFO] [1781076755.438042821] [robotaction]: [Step] state='pencilbag opened' step=1/1 target='pencilbag' action='expand'
[INFO] [1781076755.439191658] [robotaction]: [Execute] 'expand'
[INFO] [1781076755.439498094] [robotaction]: [Publish] 'expand' arm='left'
[INFO] [1781076764.507753267] [robotaction]: [Progress] 当前机械臂动作结束
[INFO] [1781076764.507970084] [robotaction]: [Home] 发布 home arm='left', allow_preempt=False
[INFO] [1781076764.508282261] [robotaction]: [Publish] 'home' arm='left'
[INFO] [1781076764.508398028] [robotaction]: [Home] publish 1/3 arm='left'
[INFO] [1781076764.608838908] [robotaction]: [Publish] 'home' arm='left'
[INFO] [1781076764.608980364] [robotaction]: [Home] publish 2/3 arm='left'
[INFO] [1781076764.709650184] [robotaction]: [Publish] 'home' arm='left'
[INFO] [1781076764.709844719] [robotaction]: [Home] publish 3/3 arm='left'
[INFO] [1781076766.712203293] [robotaction]: [Home] 检测到 home 完成 arm='left'
[INFO] [1781076766.712369906] [robotaction]: [State] 'pencilbag opened' 全部动作已完成，开始检查状态
[INFO] [1781076767.713400247] [robotaction]: [State] 动作组后稳定状态仍为 'pencilbag opened'
[INFO] [1781076767.764034409] [robotaction]: [State] 激活状态 'pencilbag opened'，共 1 个动作
[INFO] [1781076768.235680121] [robotaction]: [Select] target='pencilbag' 候选: pencilbag_1(y=-0.043) -> 选择: 'pencilbag_1'
[INFO] [1781076768.235847445] [robotaction]: [Step] state='pencilbag opened' step=1/1 target='pencilbag' action='expand'
[INFO] [1781076768.236660192] [robotaction]: [Execute] 'expand'
[INFO] [1781076768.236961508] [robotaction]: [Publish] 'expand' arm='left'
[INFO] [1781076777.204358467] [robotaction]: [Progress] 当前机械臂动作结束
[INFO] [1781076777.204603678] [robotaction]: [Home] 发布 home arm='left', allow_preempt=False
[INFO] [1781076777.205024458] [robotaction]: [Publish] 'home' arm='left'
[INFO] [1781076777.205145666] [robotaction]: [Home] publish 1/3 arm='left'
[INFO] [1781076777.305769569] [robotaction]: [Publish] 'home' arm='left'
[INFO] [1781076777.305911074] [robotaction]: [Home] publish 2/3 arm='left'
[INFO] [1781076777.406467119] [robotaction]: [Publish] 'home' arm='left'
[INFO] [1781076777.406606621] [robotaction]: [Home] publish 3/3 arm='left'
[INFO] [1781076779.408472701] [robotaction]: [Home] 检测到 home 完成 arm='left'
[INFO] [1781076779.408673809] [robotaction]: [State] 'pencilbag opened' 全部动作已完成，开始检查状态
[INFO] [1781076780.409528861] [robotaction]: [State] 动作组后检测到状态切换: 'pencilbag opened' -> 'pencilbag been expended and exist pen in pen holder'
[INFO] [1781076780.565058237] [robotaction]: [State] 激活状态 'pencilbag been expended and exist pen in pen holder'，共 1 个动作
[INFO] [1781076781.035547613] [robotaction]: [Select] target='pen' 候选: pen_1(y=0.257) -> 选择: 'pen_1'
[INFO] [1781076781.035718153] [robotaction]: [Step] state='pencilbag been expended and exist pen in pen holder' step=1/1 target='pen' action='pick'
[INFO] [1781076781.036469464] [robotaction]: [Execute] 'pick'
[INFO] [1781076781.036757215] [robotaction]: [Publish] 'pick' arm='left'
[INFO] [1781076790.002452681] [robotaction]: [Progress] 当前机械臂动作结束
[INFO] [1781076790.002706999] [robotaction]: [State] 'pencilbag been expended and exist pen in pen holder' 全部动作已完成，开始检查状态
[INFO] [1781076791.003537757] [robotaction]: [State] 动作组后稳定状态仍为 'pencilbag been expended and exist pen in pen holder'
[INFO] [1781076791.163725201] [robotaction]: [State] 激活状态 'pencilbag been expended and exist pen in pen holder'，共 1 个动作
[INFO] [1781076791.636433741] [robotaction]: [Select] target='pen' 候选: pen_1(y=0.263) -> 选择: 'pen_1'
[INFO] [1781076791.636656199] [robotaction]: [Step] state='pencilbag been expended and exist pen in pen holder' step=1/1 target='pen' action='pick'
[INFO] [1781076791.638189448] [robotaction]: [Execute] 'pick'
[INFO] [1781076791.638571907] [robotaction]: [Publish] 'pick' arm='left'
[INFO] [1781076800.202489506] [robotaction]: [Progress] 当前机械臂动作结束
[INFO] [1781076800.202651510] [robotaction]: [State] 'pencilbag been expended and exist pen in pen holder' 全部动作已完成，开始检查状态
[INFO] [1781076801.204751285] [robotaction]: [State] 动作组后检测到状态切换: 'pencilbag been expended and exist pen in pen holder' -> 'left hand holding the pen'
[INFO] [1781076801.363822070] [robotaction]: [State] 激活状态 'left hand holding the pen'，共 1 个动作
[INFO] [1781076801.835981445] [robotaction]: [Select] target='pencilbag' 候选: pencilbag_1(y=-0.037) -> 选择: 'pencilbag_1'
[INFO] [1781076801.836174949] [robotaction]: [Step] state='left hand holding the pen' step=1/1 target='pencilbag' action='place'
[INFO] [1781076801.837035545] [robotaction]: [Execute] 'place'
[INFO] [1781076801.837316132] [robotaction]: [Publish] 'place' arm='left'
[INFO] [1781076808.949739454] [robotaction]: [Progress] 当前机械臂动作结束
[INFO] [1781076808.950025401] [robotaction]: [Home] 发布 home arm='left', allow_preempt=False
[INFO] [1781076808.950389626] [robotaction]: [Publish] 'home' arm='left'
[INFO] [1781076808.950540549] [robotaction]: [Home] publish 1/3 arm='left'
[INFO] [1781076809.051131657] [robotaction]: [Publish] 'home' arm='left'
[INFO] [1781076809.051320212] [robotaction]: [Home] publish 2/3 arm='left'
[INFO] [1781076809.151940255] [robotaction]: [Publish] 'home' arm='left'
[INFO] [1781076809.152136914] [robotaction]: [Home] publish 3/3 arm='left'
[INFO] [1781076810.153334317] [robotaction]: [Home] 检测到 home 完成 arm='left'
[INFO] [1781076810.153522460] [robotaction]: [State] 'left hand holding the pen' 全部动作已完成，开始检查状态
[INFO] [1781076811.154491013] [robotaction]: [State] 动作组后检测到状态切换: 'left hand holding the pen' -> 'pencilbag been expended and exist pen in pen holder'
[INFO] [1781076811.165208142] [robotaction]: [State] 激活状态 'pencilbag been expended and exist pen in pen holder'，共 1 个动作
[INFO] [1781076813.384761447] [robotaction]: [Select] target='pen' 候选: pen_1(y=0.250) -> 选择: 'pen_1'
[INFO] [1781076813.384915106] [robotaction]: [Step] state='pencilbag been expended and exist pen in pen holder' step=1/1 target='pen' action='pick'
[INFO] [1781076813.386217532] [robotaction]: [Execute] 'pick'
[INFO] [1781076813.386579021] [robotaction]: [Publish] 'pick' arm='left'
[INFO] [1781076822.103661066] [robotaction]: [Progress] 当前机械臂动作结束
[INFO] [1781076822.103824022] [robotaction]: [State] 'pencilbag been expended and exist pen in pen holder' 全部动作已完成，开始检查状态
[INFO] [1781076823.104916358] [robotaction]: [State] 动作组后检测到状态切换: 'pencilbag been expended and exist pen in pen holder' -> 'left hand holding the pen'
[INFO] [1781076823.164729398] [robotaction]: [State] 激活状态 'left hand holding the pen'，共 1 个动作
[INFO] [1781076823.635667221] [robotaction]: [Select] target='pencilbag' 候选: pencilbag_1(y=-0.041) -> 选择: 'pencilbag_1'
[INFO] [1781076823.635815409] [robotaction]: [Step] state='left hand holding the pen' step=1/1 target='pencilbag' action='place'
[INFO] [1781076823.636497561] [robotaction]: [Execute] 'place'
[INFO] [1781076823.636973665] [robotaction]: [Publish] 'place' arm='left'
[INFO] [1781076830.700749479] [robotaction]: [Progress] 当前机械臂动作结束
[INFO] [1781076830.700981775] [robotaction]: [Home] 发布 home arm='left', allow_preempt=False
[INFO] [1781076830.701297959] [robotaction]: [Publish] 'home' arm='left'
[INFO] [1781076830.701407485] [robotaction]: [Home] publish 1/3 arm='left'
[INFO] [1781076830.801968926] [robotaction]: [Publish] 'home' arm='left'
[INFO] [1781076830.802159875] [robotaction]: [Home] publish 2/3 arm='left'
[INFO] [1781076830.902728209] [robotaction]: [Publish] 'home' arm='left'
[INFO] [1781076830.902881627] [robotaction]: [Home] publish 3/3 arm='left'
[INFO] [1781076831.903326081] [robotaction]: [Home] 检测到 home 完成 arm='left'
[INFO] [1781076831.903490009] [robotaction]: [State] 'left hand holding the pen' 全部动作已完成，开始检查状态
[INFO] [1781076832.904363608] [robotaction]: [State] 动作组后检测到状态切换: 'left hand holding the pen' -> 'pencilbag opened'
[INFO] [1781076832.963916157] [robotaction]: [State] 激活状态 'pencilbag opened'，共 1 个动作
[INFO] [1781076833.435644743] [robotaction]: [Select] target='pencilbag' 候选: pencilbag_1(y=-0.033) -> 选择: 'pencilbag_1'
[INFO] [1781076833.435805585] [robotaction]: [Step] state='pencilbag opened' step=1/1 target='pencilbag' action='expand'
[INFO] [1781076833.437132848] [robotaction]: [Execute] 'expand'
[INFO] [1781076833.437432410] [robotaction]: [Publish] 'expand' arm='left'
[INFO] [1781076842.353499840] [robotaction]: [Progress] 当前机械臂动作结束
[INFO] [1781076842.353761932] [robotaction]: [Home] 发布 home arm='left', allow_preempt=False
[INFO] [1781076842.354076854] [robotaction]: [Publish] 'home' arm='left'
[INFO] [1781076842.354205285] [robotaction]: [Home] publish 1/3 arm='left'
[INFO] [1781076842.454713576] [robotaction]: [Publish] 'home' arm='left'
[INFO] [1781076842.454850363] [robotaction]: [Home] publish 2/3 arm='left'
[INFO] [1781076842.555420289] [robotaction]: [Publish] 'home' arm='left'
[INFO] [1781076842.555586391] [robotaction]: [Home] publish 3/3 arm='left'
[INFO] [1781076844.557335327] [robotaction]: [Home] 检测到 home 完成 arm='left'
[INFO] [1781076844.557494126] [robotaction]: [State] 'pencilbag opened' 全部动作已完成，开始检查状态
[INFO] [1781076845.558560027] [robotaction]: [State] 动作组后检测到状态切换: 'pencilbag opened' -> 'pencilbag been expended and exist pen in pen holder'
[INFO] [1781076845.563683309] [robotaction]: [State] 激活状态 'pencilbag been expended and exist pen in pen holder'，共 1 个动作
[INFO] [1781076846.035514553] [robotaction]: [Select] target='pen' 候选: pen_1(y=0.253) -> 选择: 'pen_1'
[INFO] [1781076846.035670196] [robotaction]: [Step] state='pencilbag been expended and exist pen in pen holder' step=1/1 target='pen' action='pick'
[INFO] [1781076846.036756356] [robotaction]: [Execute] 'pick'
[INFO] [1781076846.037067370] [robotaction]: [Publish] 'pick' arm='left'
[INFO] [1781076854.852574497] [robotaction]: [Progress] 当前机械臂动作结束
[INFO] [1781076854.852734437] [robotaction]: [State] 'pencilbag been expended and exist pen in pen holder' 全部动作已完成，开始检查状态
[INFO] [1781076855.853393327] [robotaction]: [State] 动作组后稳定状态仍为 'pencilbag been expended and exist pen in pen holder'
[INFO] [1781076855.963868927] [robotaction]: [State] 激活状态 'pencilbag been expended and exist pen in pen holder'，共 1 个动作
[INFO] [1781076856.436039986] [robotaction]: [Select] target='pen' 候选: pen_1(y=0.186) -> 选择: 'pen_1'
[INFO] [1781076856.436234452] [robotaction]: [Step] state='pencilbag been expended and exist pen in pen holder' step=1/1 target='pen' action='pick'
[INFO] [1781076856.437512743] [robotaction]: [Execute] 'pick'
[INFO] [1781076856.437859995] [robotaction]: [Publish] 'pick' arm='left'
[INFO] [1781076865.258428327] [robotaction]: [Progress] 当前机械臂动作结束
[INFO] [1781076865.258624355] [robotaction]: [State] 'pencilbag been expended and exist pen in pen holder' 全部动作已完成，开始检查状态
[INFO] [1781076866.261327498] [robotaction]: [State] 动作组后检测到状态切换: 'pencilbag been expended and exist pen in pen holder' -> 'pencilbag opened'
[INFO] [1781076866.365131387] [robotaction]: [State] 激活状态 'pencilbag opened'，共 1 个动作
[INFO] [1781076866.835860214] [robotaction]: [Select] target='pencilbag' 候选: pencilbag_1(y=-0.031) -> 选择: 'pencilbag_1'
[INFO] [1781076866.836026146] [robotaction]: [Step] state='pencilbag opened' step=1/1 target='pencilbag' action='expand'
[INFO] [1781076866.838088168] [robotaction]: [Execute] 'expand'
[INFO] [1781076866.838527764] [robotaction]: [Publish] 'expand' arm='left'
[INFO] [1781076875.305262128] [robotaction]: [Progress] 当前机械臂动作结束
[INFO] [1781076875.305480228] [robotaction]: [Home] 发布 home arm='left', allow_preempt=False
[INFO] [1781076875.305750956] [robotaction]: [Publish] 'home' arm='left'
[INFO] [1781076875.305857246] [robotaction]: [Home] publish 1/3 arm='left'
[INFO] [1781076875.406454351] [robotaction]: [Publish] 'home' arm='left'
[INFO] [1781076875.406627637] [robotaction]: [Home] publish 2/3 arm='left'
[INFO] [1781076875.507249358] [robotaction]: [Publish] 'home' arm='left'
[INFO] [1781076875.507419798] [robotaction]: [Home] publish 3/3 arm='left'
[INFO] [1781076877.509316699] [robotaction]: [Home] 检测到 home 完成 arm='left'
[INFO] [1781076877.509474886] [robotaction]: [State] 'pencilbag opened' 全部动作已完成，开始检查状态
[INFO] [1781076878.510407846] [robotaction]: [State] 动作组后检测到状态切换: 'pencilbag opened' -> 'pencilbag been expended and exist pen in pen holder'
[INFO] [1781076878.563935779] [robotaction]: [State] 激活状态 'pencilbag been expended and exist pen in pen holder'，共 1 个动作
[INFO] [1781076879.036162316] [robotaction]: [Select] target='pen' 候选: pen_2(y=0.226), pen_1(y=0.252) -> 选择: 'pen_2'
[INFO] [1781076879.036336062] [robotaction]: [Step] state='pencilbag been expended and exist pen in pen holder' step=1/1 target='pen' action='pick'
[INFO] [1781076879.037068057] [robotaction]: [Execute] 'pick'
[INFO] [1781076879.037340509] [robotaction]: [Publish] 'pick' arm='left'
[INFO] [1781076888.053398610] [robotaction]: [Progress] 当前机械臂动作结束
[INFO] [1781076888.053605709] [robotaction]: [State] 'pencilbag been expended and exist pen in pen holder' 全部动作已完成，开始检查状态
[INFO] [1781076889.055367509] [robotaction]: [State] 动作组后检测到状态切换: 'pencilbag been expended and exist pen in pen holder' -> 'left hand holding the pen'
[INFO] [1781076889.164895647] [robotaction]: [State] 激活状态 'left hand holding the pen'，共 1 个动作
[INFO] [1781076889.635915715] [robotaction]: [Select] target='pencilbag' 候选: pencilbag_1(y=-0.031) -> 选择: 'pencilbag_1'
[INFO] [1781076889.636088039] [robotaction]: [Step] state='left hand holding the pen' step=1/1 target='pencilbag' action='place'
[INFO] [1781076889.636801388] [robotaction]: [Execute] 'place'
[INFO] [1781076889.637088608] [robotaction]: [Publish] 'place' arm='left'
[INFO] [1781076896.700071599] [robotaction]: [Progress] 当前机械臂动作结束
[INFO] [1781076896.700341366] [robotaction]: [Home] 发布 home arm='left', allow_preempt=False
[INFO] [1781076896.700690151] [robotaction]: [Publish] 'home' arm='left'
[INFO] [1781076896.700818562] [robotaction]: [Home] publish 1/3 arm='left'
[INFO] [1781076896.801431225] [robotaction]: [Publish] 'home' arm='left'
[INFO] [1781076896.801567010] [robotaction]: [Home] publish 2/3 arm='left'
[INFO] [1781076896.902182970] [robotaction]: [Publish] 'home' arm='left'
[INFO] [1781076896.902346346] [robotaction]: [Home] publish 3/3 arm='left'
[INFO] [1781076897.903706407] [robotaction]: [Home] 检测到 home 完成 arm='left'
[INFO] [1781076897.903929436] [robotaction]: [State] 'left hand holding the pen' 全部动作已完成，开始检查状态
[INFO] [1781076898.904376661] [robotaction]: [State] 动作组后检测到状态切换: 'left hand holding the pen' -> 'pencilbag been expended and exist pen in pen holder'
[INFO] [1781076898.963887160] [robotaction]: [State] 激活状态 'pencilbag been expended and exist pen in pen holder'，共 1 个动作
[INFO] [1781076899.435921810] [robotaction]: [Select] target='pen' 候选: pen_1(y=0.231) -> 选择: 'pen_1'
[INFO] [1781076899.436093542] [robotaction]: [Step] state='pencilbag been expended and exist pen in pen holder' step=1/1 target='pen' action='pick'
[INFO] [1781076899.437224917] [robotaction]: [Execute] 'pick'
[INFO] [1781076899.437534549] [robotaction]: [Publish] 'pick' arm='left'
[INFO] [1781076908.356456835] [robotaction]: [Progress] 当前机械臂动作结束
[INFO] [1781076908.356649908] [robotaction]: [State] 'pencilbag been expended and exist pen in pen holder' 全部动作已完成，开始检查状态
[INFO] [1781076909.357281182] [robotaction]: [State] 动作组后稳定状态仍为 'pencilbag been expended and exist pen in pen holder'
[INFO] [1781076909.363776091] [robotaction]: [State] 激活状态 'pencilbag been expended and exist pen in pen holder'，共 1 个动作
[INFO] [1781076909.836370750] [robotaction]: [Select] target='pen' 候选: pen_1(y=0.251) -> 选择: 'pen_1'
[INFO] [1781076909.836550828] [robotaction]: [Step] state='pencilbag been expended and exist pen in pen holder' step=1/1 target='pen' action='pick'
[INFO] [1781076909.837617331] [robotaction]: [Execute] 'pick'
[INFO] [1781076909.837913417] [robotaction]: [Publish] 'pick' arm='left'
[INFO] [1781076918.455879979] [robotaction]: [Progress] 当前机械臂动作结束
[INFO] [1781076918.456065037] [robotaction]: [State] 'pencilbag been expended and exist pen in pen holder' 全部动作已完成，开始检查状态
[INFO] [1781076919.457335757] [robotaction]: [State] 动作组后检测到状态切换: 'pencilbag been expended and exist pen in pen holder' -> 'left hand holding the pen'
[INFO] [1781076919.564590433] [robotaction]: [State] 激活状态 'left hand holding the pen'，共 1 个动作
[INFO] [1781076920.036711800] [robotaction]: [Select] target='pencilbag' 候选: pencilbag_1(y=-0.043) -> 选择: 'pencilbag_1'
[INFO] [1781076920.036863656] [robotaction]: [Step] state='left hand holding the pen' step=1/1 target='pencilbag' action='place'
[INFO] [1781076920.037583177] [robotaction]: [Execute] 'place'
[INFO] [1781076920.037862712] [robotaction]: [Publish] 'place' arm='left'
[WARN] [1781076925.398471371] [robotaction]: [Step] 等待动作结束异常 status='stop'
