[INFO] [1781165713.641488883] [robotaction]: [Config] status_topic=/siglip2/result, progress_topic=/control/task_percentage, object_tf_topic=/tf, base_frame=base_link
[INFO] [1781165714.030001821] [robotaction]: [State] 激活状态 'pencilbag been expended and exist pen in pen holder'，共 1 个动作
[INFO] [1781165714.501644665] [robotaction]: [Select] target='pen' 候选: pen_1(y=0.202) -> 选择: 'pen_1'
[INFO] [1781165714.501815945] [robotaction]: [Step] state='pencilbag been expended and exist pen in pen holder' step=1/1 target='pen' action='pick'
[INFO] [1781165714.502995349] [robotaction]: [Execute] 'pick'
[INFO] [1781165714.503313844] [robotaction]: [Publish] 'pick' arm='left'
[INFO] [1781165723.621582227] [robotaction]: [Progress] 当前机械臂动作结束
[INFO] [1781165723.621902827] [robotaction]: [State] 'pencilbag been expended and exist pen in pen holder' 全部动作已完成，开始检查状态
[INFO] [1781165724.622475284] [robotaction]: [State] 动作组后检测到状态切换: 'pencilbag been expended and exist pen in pen holder' -> 'left hand holding the pen'
[INFO] [1781165724.629515799] [robotaction]: [State] 激活状态 'left hand holding the pen'，共 1 个动作
[INFO] [1781165725.101713254] [robotaction]: [Select] target='pencilbag' 候选: pencilbag_1(y=-0.030) -> 选择: 'pencilbag_1'
[INFO] [1781165725.101867753] [robotaction]: [Step] state='left hand holding the pen' step=1/1 target='pencilbag' action='place'
[INFO] [1781165725.102641278] [robotaction]: [Execute] 'place'
[INFO] [1781165725.102928905] [robotaction]: [Publish] 'place' arm='left'
[INFO] [1781165732.216640208] [robotaction]: [Progress] 当前机械臂动作结束
[INFO] [1781165732.216835833] [robotaction]: [Home] 发布 home arm='left', allow_preempt=False
[INFO] [1781165732.217084989] [robotaction]: [Publish] 'home' arm='left'
[INFO] [1781165732.217278400] [robotaction]: [Home] publish 1/3 arm='left'
[INFO] [1781165732.317959071] [robotaction]: [Publish] 'home' arm='left'
[INFO] [1781165732.318254253] [robotaction]: [Home] publish 2/3 arm='left'
[INFO] [1781165732.418909898] [robotaction]: [Publish] 'home' arm='left'
[INFO] [1781165732.419049619] [robotaction]: [Home] publish 3/3 arm='left'
[INFO] [1781165733.419423153] [robotaction]: [Home] 检测到 home 完成 arm='left'
[INFO] [1781165733.419646961] [robotaction]: [State] 'left hand holding the pen' 全部动作已完成，开始检查状态
[INFO] [1781165734.420466489] [robotaction]: [State] 动作组后检测到状态切换: 'left hand holding the pen' -> 'pens all in pencilbag and pen holder empty'
[INFO] [1781165734.429635081] [robotaction]: [State] 激活状态 'pens all in pencilbag and pen holder empty'，共 1 个动作
[INFO] [1781165734.901415742] [robotaction]: [Select] target='simple_zipper' 候选: simple zipper_1(y=-0.101) -> 选择: 'simple zipper_1'
[INFO] [1781165734.901588936] [robotaction]: [Step] state='pens all in pencilbag and pen holder empty' step=1/1 target='simple_zipper' action='left_slide'
[INFO] [1781165734.902630261] [robotaction]: [Execute] 'left_slide'
[INFO] [1781165734.902923980] [robotaction]: [Publish] 'left_slide' arm='left'
[WARN] [1781165741.115873032] [robotaction]: [Step] 等待动作结束异常 status='stop'
