[INFO] [1781077137.118249327] [robotaction]: [Config] status_topic=/siglip2/result, progress_topic=/control/task_percentage, object_tf_topic=/tf, base_frame=base_link
[INFO] [1781077137.706801905] [robotaction]: [State] 激活状态 'pencilbag free and pens in pen holder'，共 1 个动作
[INFO] [1781077138.178462298] [robotaction]: [Select] target='pencilbag' 候选: pencilbag_1(y=-0.050) -> 选择: 'pencilbag_1'
[INFO] [1781077138.178619763] [robotaction]: [Step] state='pencilbag free and pens in pen holder' step=1/1 target='pencilbag' action='pick'
[INFO] [1781077138.179349003] [robotaction]: [Execute] 'pick'
[INFO] [1781077138.179643887] [robotaction]: [Publish] 'pick' arm='right'
[INFO] [1781077143.440483109] [robotaction]: [Progress] 当前机械臂动作结束
[INFO] [1781077143.441154490] [robotaction]: [State] 'pencilbag free and pens in pen holder' 全部动作已完成，开始检查状态
[INFO] [1781077144.441958478] [robotaction]: [State] 动作组后检测到状态切换: 'pencilbag free and pens in pen holder' -> 'pencilbag opened'
[INFO] [1781077144.506808456] [robotaction]: [State] 激活状态 'pencilbag opened'，共 1 个动作
[INFO] [1781077144.979617085] [robotaction]: [Select] target='pencilbag' 候选: pencilbag_1(y=-0.050) -> 选择: 'pencilbag_1'
[INFO] [1781077144.979772957] [robotaction]: [Step] state='pencilbag opened' step=1/1 target='pencilbag' action='expand'
[INFO] [1781077144.980539286] [robotaction]: [Execute] 'expand'
[INFO] [1781077144.980842115] [robotaction]: [Publish] 'expand' arm='left'
[INFO] [1781077154.096662928] [robotaction]: [Progress] 当前机械臂动作结束
[INFO] [1781077154.096873643] [robotaction]: [Home] 发布 home arm='left', allow_preempt=False
[INFO] [1781077154.097169789] [robotaction]: [Publish] 'home' arm='left'
[INFO] [1781077154.097274746] [robotaction]: [Home] publish 1/3 arm='left'
[INFO] [1781077154.197755019] [robotaction]: [Publish] 'home' arm='left'
[INFO] [1781077154.197890714] [robotaction]: [Home] publish 2/3 arm='left'
[INFO] [1781077154.298381125] [robotaction]: [Publish] 'home' arm='left'
[INFO] [1781077154.298528522] [robotaction]: [Home] publish 3/3 arm='left'
[INFO] [1781077156.300307089] [robotaction]: [Home] 检测到 home 完成 arm='left'
[INFO] [1781077156.300467470] [robotaction]: [State] 'pencilbag opened' 全部动作已完成，开始检查状态
[INFO] [1781077157.301316578] [robotaction]: [State] 动作组后检测到状态切换: 'pencilbag opened' -> 'pencilbag closed and pen holder empty'
[INFO] [1781077157.306434659] [robotaction]: [State] 激活状态 'pencilbag closed and pen holder empty'，共 1 个动作
[INFO] [1781077157.778228079] [robotaction]: [Select] target='pencilbag' 候选: pencilbag_1(y=-0.041) -> 选择: 'pencilbag_1'
[INFO] [1781077157.778382950] [robotaction]: [Step] state='pencilbag closed and pen holder empty' step=1/1 target='pencilbag' action='release'
[INFO] [1781077157.778846921] [robotaction]: [Execute] 'release'
[INFO] [1781077157.779104495] [robotaction]: [Publish] 'release' arm='right'
[INFO] [1781077159.832673161] [robotaction]: [Progress] 当前机械臂动作结束
[INFO] [1781077159.832878386] [robotaction]: [Home] 发布 home arm='right', allow_preempt=False
[INFO] [1781077159.833220629] [robotaction]: [Publish] 'home' arm='right'
[INFO] [1781077159.833386371] [robotaction]: [Home] publish 1/3 arm='right'
[INFO] [1781077159.934098999] [robotaction]: [Publish] 'home' arm='right'
[INFO] [1781077159.934306068] [robotaction]: [Home] publish 2/3 arm='right'
[INFO] [1781077160.034956530] [robotaction]: [Publish] 'home' arm='right'
[INFO] [1781077160.035104818] [robotaction]: [Home] publish 3/3 arm='right'
[INFO] [1781077162.038610745] [robotaction]: [Home] 检测到 home 完成 arm='right'
[INFO] [1781077162.038806162] [robotaction]: [State] 'pencilbag closed and pen holder empty' 全部动作已完成，开始检查状态
[INFO] [1781077163.039283690] [robotaction]: [State] 动作组后检测到状态切换: 'pencilbag closed and pen holder empty' -> 'pencilbag free and pens in pen holder'
[INFO] [1781077163.106679759] [robotaction]: [State] 激活状态 'pencilbag free and pens in pen holder'，共 1 个动作
[INFO] [1781077163.820245136] [robotaction]: [Select] target='pencilbag' 候选: pencilbag_1(y=-0.010), pencilbag_2(y=-0.002) -> 选择: 'pencilbag_1'
[INFO] [1781077163.820511646] [robotaction]: [Step] state='pencilbag free and pens in pen holder' step=1/1 target='pencilbag' action='pick'
[INFO] [1781077163.821288695] [robotaction]: [Execute] 'pick'
[INFO] [1781077163.821669701] [robotaction]: [Publish] 'pick' arm='right'
[INFO] [1781077169.133832480] [robotaction]: [Progress] 当前机械臂动作结束
[INFO] [1781077169.133996628] [robotaction]: [State] 'pencilbag free and pens in pen holder' 全部动作已完成，开始检查状态
[INFO] [1781077170.135265439] [robotaction]: [State] 动作组后检测到状态切换: 'pencilbag free and pens in pen holder' -> 'pencilbag opened'
[INFO] [1781077170.306824477] [robotaction]: [State] 激活状态 'pencilbag opened'，共 1 个动作
[INFO] [1781077170.779697531] [robotaction]: [Select] target='pencilbag' 候选: pencilbag_1(y=-0.040), pencilbag_2(y=-0.015) -> 选择: 'pencilbag_1'
[INFO] [1781077170.779865597] [robotaction]: [Step] state='pencilbag opened' step=1/1 target='pencilbag' action='expand'
[INFO] [1781077170.780649168] [robotaction]: [Execute] 'expand'
[INFO] [1781077170.780943491] [robotaction]: [Publish] 'expand' arm='left'
[WARN] [1781077174.437275873] [robotaction]: [Step] 等待动作结束异常 status='stop'
