[INFO] [1781078114.968170123] [robotaction]: [Config] status_topic=/siglip2/result, progress_topic=/control/task_percentage, object_tf_topic=/tf, base_frame=base_link
[INFO] [1781078115.356614960] [robotaction]: [State] 激活状态 'pencilbag free and pens in pen holder'，共 1 个动作
[INFO] [1781078115.828047649] [robotaction]: [Select] target='pencilbag' 候选: pencilbag_1(y=-0.025) -> 选择: 'pencilbag_1'
[INFO] [1781078115.828215121] [robotaction]: [Step] state='pencilbag free and pens in pen holder' step=1/1 target='pencilbag' action='pick'
[INFO] [1781078115.829118980] [robotaction]: [Execute] 'pick'
[INFO] [1781078115.829411195] [robotaction]: [Publish] 'pick' arm='right'
[INFO] [1781078121.091621757] [robotaction]: [Progress] 当前机械臂动作结束
[INFO] [1781078121.091811190] [robotaction]: [State] 'pencilbag free and pens in pen holder' 全部动作已完成，开始检查状态
[INFO] [1781078122.092389496] [robotaction]: [State] 动作组后检测到状态切换: 'pencilbag free and pens in pen holder' -> 'right hand holding the pencilbag'
[INFO] [1781078122.156215886] [robotaction]: [State] 激活状态 'right hand holding the pencilbag'，共 1 个动作
[INFO] [1781078122.627599166] [robotaction]: [Select] target='pig_zipper' 候选: pig zipper_1(y=-0.061) -> 选择: 'pig zipper_1'
[INFO] [1781078122.627743195] [robotaction]: [Step] state='right hand holding the pencilbag' step=1/1 target='pig_zipper' action='pick_leftslide'
[INFO] [1781078122.628873987] [robotaction]: [Execute] 'pick_leftslide'
[INFO] [1781078122.629157066] [robotaction]: [Publish] 'pick_leftslide' arm='left'
[INFO] [1781078133.449761362] [robotaction]: [Progress] 当前机械臂动作结束
[INFO] [1781078133.450018251] [robotaction]: [Home] 发布 home arm='left', allow_preempt=False
[INFO] [1781078133.450326918] [robotaction]: [Publish] 'home' arm='left'
[INFO] [1781078133.450458614] [robotaction]: [Home] publish 1/3 arm='left'
[INFO] [1781078133.551132299] [robotaction]: [Publish] 'home' arm='left'
[INFO] [1781078133.551372137] [robotaction]: [Home] publish 2/3 arm='left'
[INFO] [1781078133.651883448] [robotaction]: [Publish] 'home' arm='left'
[INFO] [1781078133.652018941] [robotaction]: [Home] publish 3/3 arm='left'
[INFO] [1781078134.653348097] [robotaction]: [Home] 检测到 home 完成 arm='left'
[INFO] [1781078134.653535658] [robotaction]: [State] 'right hand holding the pencilbag' 全部动作已完成，开始检查状态
[INFO] [1781078135.654880155] [robotaction]: [State] 动作组后检测到状态切换: 'right hand holding the pencilbag' -> 'pencilbag opened'
[INFO] [1781078135.756020665] [robotaction]: [State] 激活状态 'pencilbag opened'，共 1 个动作
[INFO] [1781078136.228756727] [robotaction]: [Select] target='pencilbag' 候选: pencilbag_1(y=-0.013) -> 选择: 'pencilbag_1'
[INFO] [1781078136.228910524] [robotaction]: [Step] state='pencilbag opened' step=1/1 target='pencilbag' action='expand'
[INFO] [1781078136.229957440] [robotaction]: [Execute] 'expand'
[INFO] [1781078136.230247241] [robotaction]: [Publish] 'expand' arm='left'
[INFO] [1781078145.248038479] [robotaction]: [Progress] 当前机械臂动作结束
[INFO] [1781078145.248305027] [robotaction]: [Home] 发布 home arm='left', allow_preempt=False
[INFO] [1781078145.248638059] [robotaction]: [Publish] 'home' arm='left'
[INFO] [1781078145.248749337] [robotaction]: [Home] publish 1/3 arm='left'
[INFO] [1781078145.349523095] [robotaction]: [Publish] 'home' arm='left'
[INFO] [1781078145.349701538] [robotaction]: [Home] publish 2/3 arm='left'
[INFO] [1781078145.450213166] [robotaction]: [Publish] 'home' arm='left'
[INFO] [1781078145.450363377] [robotaction]: [Home] publish 3/3 arm='left'
[INFO] [1781078147.452337000] [robotaction]: [Home] 检测到 home 完成 arm='left'
[INFO] [1781078147.452521715] [robotaction]: [State] 'pencilbag opened' 全部动作已完成，开始检查状态
[INFO] [1781078148.453378489] [robotaction]: [State] 动作组后稳定状态仍为 'pencilbag opened'
[INFO] [1781078148.556268494] [robotaction]: [State] 激活状态 'pencilbag opened'，共 1 个动作
[INFO] [1781078149.028024793] [robotaction]: [Select] target='pencilbag' 候选: pencilbag_1(y=-0.011) -> 选择: 'pencilbag_1'
[INFO] [1781078149.028191304] [robotaction]: [Step] state='pencilbag opened' step=1/1 target='pencilbag' action='expand'
[INFO] [1781078149.029261884] [robotaction]: [Execute] 'expand'
[INFO] [1781078149.029549331] [robotaction]: [Publish] 'expand' arm='left'
[INFO] [1781078158.047265655] [robotaction]: [Progress] 当前机械臂动作结束
[INFO] [1781078158.047474966] [robotaction]: [Home] 发布 home arm='left', allow_preempt=False
[INFO] [1781078158.047798540] [robotaction]: [Publish] 'home' arm='left'
[INFO] [1781078158.047948080] [robotaction]: [Home] publish 1/3 arm='left'
[INFO] [1781078158.148460416] [robotaction]: [Publish] 'home' arm='left'
[INFO] [1781078158.148592272] [robotaction]: [Home] publish 2/3 arm='left'
[INFO] [1781078158.249108505] [robotaction]: [Publish] 'home' arm='left'
[INFO] [1781078158.249244419] [robotaction]: [Home] publish 3/3 arm='left'
[INFO] [1781078160.251353582] [robotaction]: [Home] 检测到 home 完成 arm='left'
[INFO] [1781078160.251541794] [robotaction]: [State] 'pencilbag opened' 全部动作已完成，开始检查状态
[INFO] [1781078161.252375587] [robotaction]: [State] 动作组后稳定状态仍为 'pencilbag opened'
[INFO] [1781078161.356130554] [robotaction]: [State] 激活状态 'pencilbag opened'，共 1 个动作
[INFO] [1781078161.828475801] [robotaction]: [Select] target='pencilbag' 候选: pencilbag_1(y=-0.018) -> 选择: 'pencilbag_1'
[INFO] [1781078161.828629599] [robotaction]: [Step] state='pencilbag opened' step=1/1 target='pencilbag' action='expand'
[INFO] [1781078161.829387795] [robotaction]: [Execute] 'expand'
[INFO] [1781078161.829668450] [robotaction]: [Publish] 'expand' arm='left'
[INFO] [1781078170.847751828] [robotaction]: [Progress] 当前机械臂动作结束
[INFO] [1781078170.847974003] [robotaction]: [Home] 发布 home arm='left', allow_preempt=False
[INFO] [1781078170.848292849] [robotaction]: [Publish] 'home' arm='left'
[INFO] [1781078170.848411781] [robotaction]: [Home] publish 1/3 arm='left'
[INFO] [1781078170.948868258] [robotaction]: [Publish] 'home' arm='left'
[INFO] [1781078170.949001477] [robotaction]: [Home] publish 2/3 arm='left'
[INFO] [1781078171.052772517] [robotaction]: [Publish] 'home' arm='left'
[INFO] [1781078171.053079330] [robotaction]: [Home] publish 3/3 arm='left'
[INFO] [1781078173.055528026] [robotaction]: [Home] 检测到 home 完成 arm='left'
[INFO] [1781078173.055826103] [robotaction]: [State] 'pencilbag opened' 全部动作已完成，开始检查状态
[INFO] [1781078174.056363330] [robotaction]: [State] 动作组后检测到状态切换: 'pencilbag opened' -> 'pencilbag been expended and exist pen in pen holder'
[INFO] [1781078174.156447135] [robotaction]: [State] 激活状态 'pencilbag been expended and exist pen in pen holder'，共 1 个动作
[INFO] [1781078174.628089996] [robotaction]: [Select] target='pen' 候选: pen_1(y=0.203) -> 选择: 'pen_1'
[INFO] [1781078174.628241078] [robotaction]: [Step] state='pencilbag been expended and exist pen in pen holder' step=1/1 target='pen' action='pick'
[INFO] [1781078174.629347205] [robotaction]: [Execute] 'pick'
[INFO] [1781078174.629762371] [robotaction]: [Publish] 'pick' arm='left'
[INFO] [1781078183.597408952] [robotaction]: [Progress] 当前机械臂动作结束
[INFO] [1781078183.597565435] [robotaction]: [State] 'pencilbag been expended and exist pen in pen holder' 全部动作已完成，开始检查状态
[INFO] [1781078184.598323953] [robotaction]: [State] 动作组后检测到状态切换: 'pencilbag been expended and exist pen in pen holder' -> 'left hand holding the pen'
[INFO] [1781078184.756083077] [robotaction]: [State] 激活状态 'left hand holding the pen'，共 1 个动作
[INFO] [1781078185.227894753] [robotaction]: [Select] target='pencilbag' 候选: pencilbag_1(y=-0.018) -> 选择: 'pencilbag_1'
[INFO] [1781078185.228044383] [robotaction]: [Step] state='left hand holding the pen' step=1/1 target='pencilbag' action='place'
[INFO] [1781078185.228734131] [robotaction]: [Execute] 'place'
[INFO] [1781078185.228999197] [robotaction]: [Publish] 'place' arm='left'
[INFO] [1781078192.242777448] [robotaction]: [Progress] 当前机械臂动作结束
[INFO] [1781078192.243004833] [robotaction]: [Home] 发布 home arm='left', allow_preempt=False
[INFO] [1781078192.243307268] [robotaction]: [Publish] 'home' arm='left'
[INFO] [1781078192.243410181] [robotaction]: [Home] publish 1/3 arm='left'
[INFO] [1781078192.343842669] [robotaction]: [Publish] 'home' arm='left'
[INFO] [1781078192.343991076] [robotaction]: [Home] publish 2/3 arm='left'
[INFO] [1781078192.444586218] [robotaction]: [Publish] 'home' arm='left'
[INFO] [1781078192.444755715] [robotaction]: [Home] publish 3/3 arm='left'
[INFO] [1781078193.446395926] [robotaction]: [Home] 检测到 home 完成 arm='left'
[INFO] [1781078193.446687632] [robotaction]: [State] 'left hand holding the pen' 全部动作已完成，开始检查状态
[INFO] [1781078194.447338556] [robotaction]: [State] 动作组后检测到状态切换: 'left hand holding the pen' -> 'pencilbag opened'
[INFO] [1781078194.556291879] [robotaction]: [State] 激活状态 'pencilbag opened'，共 1 个动作
[INFO] [1781078195.028077399] [robotaction]: [Select] target='pencilbag' 候选: pencilbag_1(y=-0.022) -> 选择: 'pencilbag_1'
[INFO] [1781078195.028245143] [robotaction]: [Step] state='pencilbag opened' step=1/1 target='pencilbag' action='expand'
[INFO] [1781078195.028996186] [robotaction]: [Execute] 'expand'
[INFO] [1781078195.029348134] [robotaction]: [Publish] 'expand' arm='left'
[INFO] [1781078204.046284353] [robotaction]: [Progress] 当前机械臂动作结束
[INFO] [1781078204.046512199] [robotaction]: [Home] 发布 home arm='left', allow_preempt=False
[INFO] [1781078204.046819123] [robotaction]: [Publish] 'home' arm='left'
[INFO] [1781078204.046924169] [robotaction]: [Home] publish 1/3 arm='left'
[INFO] [1781078204.147457490] [robotaction]: [Publish] 'home' arm='left'
[INFO] [1781078204.147594215] [robotaction]: [Home] publish 2/3 arm='left'
[INFO] [1781078204.248173492] [robotaction]: [Publish] 'home' arm='left'
[INFO] [1781078204.248359289] [robotaction]: [Home] publish 3/3 arm='left'
[INFO] [1781078206.250391326] [robotaction]: [Home] 检测到 home 完成 arm='left'
[INFO] [1781078206.250580950] [robotaction]: [State] 'pencilbag opened' 全部动作已完成，开始检查状态
[INFO] [1781078207.251869625] [robotaction]: [State] 动作组后检测到状态切换: 'pencilbag opened' -> 'pencilbag been expended and exist pen in pen holder'
[INFO] [1781078207.356373419] [robotaction]: [State] 激活状态 'pencilbag been expended and exist pen in pen holder'，共 1 个动作
[INFO] [1781078207.827717736] [robotaction]: [Select] target='pen' 候选: pen_1(y=0.195) -> 选择: 'pen_1'
[INFO] [1781078207.827867005] [robotaction]: [Step] state='pencilbag been expended and exist pen in pen holder' step=1/1 target='pen' action='pick'
[INFO] [1781078207.828694190] [robotaction]: [Execute] 'pick'
[INFO] [1781078207.828986977] [robotaction]: [Publish] 'pick' arm='left'
[INFO] [1781078216.796419465] [robotaction]: [Progress] 当前机械臂动作结束
[INFO] [1781078216.796578652] [robotaction]: [State] 'pencilbag been expended and exist pen in pen holder' 全部动作已完成，开始检查状态
[INFO] [1781078217.797405173] [robotaction]: [State] 动作组后检测到状态切换: 'pencilbag been expended and exist pen in pen holder' -> 'left hand holding the pen'
[INFO] [1781078217.956362216] [robotaction]: [State] 激活状态 'left hand holding the pen'，共 1 个动作
[INFO] [1781078218.428632211] [robotaction]: [Select] target='pencilbag' 候选: pencilbag_1(y=-0.021) -> 选择: 'pencilbag_1'
[INFO] [1781078218.428863784] [robotaction]: [Step] state='left hand holding the pen' step=1/1 target='pencilbag' action='place'
[INFO] [1781078218.430347497] [robotaction]: [Execute] 'place'
[INFO] [1781078218.430779043] [robotaction]: [Publish] 'place' arm='left'
[INFO] [1781078225.494336667] [robotaction]: [Progress] 当前机械臂动作结束
[INFO] [1781078225.494541830] [robotaction]: [Home] 发布 home arm='left', allow_preempt=False
[INFO] [1781078225.494813979] [robotaction]: [Publish] 'home' arm='left'
[INFO] [1781078225.494916240] [robotaction]: [Home] publish 1/3 arm='left'
[INFO] [1781078225.595422053] [robotaction]: [Publish] 'home' arm='left'
[INFO] [1781078225.595587112] [robotaction]: [Home] publish 2/3 arm='left'
[INFO] [1781078225.696203541] [robotaction]: [Publish] 'home' arm='left'
[INFO] [1781078225.696418794] [robotaction]: [Home] publish 3/3 arm='left'
