[WARN] [1781165851.917458691] [kdl_parser]: The root link base_link has an inertia specified in the URDF, but KDL does not support a root link with an inertia.  As a workaround, you can add an extra dummy link to your URDF.
[INFO] [1781165851.917511089] [robot_state_publisher]: got segment Base_L
[INFO] [1781165851.917529704] [robot_state_publisher]: got segment Base_R
[INFO] [1781165851.917532088] [robot_state_publisher]: got segment Link1_L
[INFO] [1781165851.917533802] [robot_state_publisher]: got segment Link1_R
[INFO] [1781165851.917535395] [robot_state_publisher]: got segment Link2_L
[INFO] [1781165851.917536847] [robot_state_publisher]: got segment Link2_R
[INFO] [1781165851.917538450] [robot_state_publisher]: got segment Link3_L
[INFO] [1781165851.917539903] [robot_state_publisher]: got segment Link3_R
[INFO] [1781165851.917541346] [robot_state_publisher]: got segment Link4_L
[INFO] [1781165851.917542879] [robot_state_publisher]: got segment Link4_R
[INFO] [1781165851.917544391] [robot_state_publisher]: got segment Link5_L
[INFO] [1781165851.917546185] [robot_state_publisher]: got segment Link5_R
[INFO] [1781165851.917547677] [robot_state_publisher]: got segment Link6_L
[INFO] [1781165851.917549100] [robot_state_publisher]: got segment Link6_R
[INFO] [1781165851.917550593] [robot_state_publisher]: got segment Link7_L
[INFO] [1781165851.917552727] [robot_state_publisher]: got segment Link7_R
[INFO] [1781165851.917554901] [robot_state_publisher]: got segment base_link
[INFO] [1781165851.917557255] [robot_state_publisher]: got segment camera_left_link
[INFO] [1781165851.917559009] [robot_state_publisher]: got segment camera_rgb_link
[INFO] [1781165851.917560582] [robot_state_publisher]: got segment camera_right_link
[INFO] [1781165851.917562275] [robot_state_publisher]: got segment flange_L
[INFO] [1781165851.917563828] [robot_state_publisher]: got segment flange_R
[INFO] [1781165851.917565270] [robot_state_publisher]: got segment left_tool
[INFO] [1781165851.917566753] [robot_state_publisher]: got segment right_tool
[INFO] [1781165851.917568246] [robot_state_publisher]: got segment tracking_base_link
