[WARN] [1781073428.213717643] [kdl_parser]: The root link base_link has an inertia specified in the URDF, but KDL does not support a root link with an inertia.  As a workaround, you can add an extra dummy link to your URDF.
[INFO] [1781073428.213767677] [robot_state_publisher]: got segment Base_L
[INFO] [1781073428.213786222] [robot_state_publisher]: got segment Base_R
[INFO] [1781073428.213788526] [robot_state_publisher]: got segment Link1_L
[INFO] [1781073428.213790420] [robot_state_publisher]: got segment Link1_R
[INFO] [1781073428.213791983] [robot_state_publisher]: got segment Link2_L
[INFO] [1781073428.213793586] [robot_state_publisher]: got segment Link2_R
[INFO] [1781073428.213795349] [robot_state_publisher]: got segment Link3_L
[INFO] [1781073428.213796882] [robot_state_publisher]: got segment Link3_R
[INFO] [1781073428.213798365] [robot_state_publisher]: got segment Link4_L
[INFO] [1781073428.213799857] [robot_state_publisher]: got segment Link4_R
[INFO] [1781073428.213801310] [robot_state_publisher]: got segment Link5_L
[INFO] [1781073428.213803043] [robot_state_publisher]: got segment Link5_R
[INFO] [1781073428.213804596] [robot_state_publisher]: got segment Link6_L
[INFO] [1781073428.213806029] [robot_state_publisher]: got segment Link6_R
[INFO] [1781073428.213807422] [robot_state_publisher]: got segment Link7_L
[INFO] [1781073428.213808804] [robot_state_publisher]: got segment Link7_R
[INFO] [1781073428.213810147] [robot_state_publisher]: got segment base_link
[INFO] [1781073428.213811569] [robot_state_publisher]: got segment camera_left_link
[INFO] [1781073428.213812992] [robot_state_publisher]: got segment camera_rgb_link
[INFO] [1781073428.213814445] [robot_state_publisher]: got segment camera_right_link
[INFO] [1781073428.213815947] [robot_state_publisher]: got segment flange_L
[INFO] [1781073428.213817380] [robot_state_publisher]: got segment flange_R
[INFO] [1781073428.213818743] [robot_state_publisher]: got segment left_tool
[INFO] [1781073428.213820155] [robot_state_publisher]: got segment right_tool
[INFO] [1781073428.213821548] [robot_state_publisher]: got segment tracking_base_link
[INFO] [1781078615.027368321] [rclcpp]: signal_handler(SIGINT/SIGTERM)
