[WARN] [1781078658.184276788] [kdl_parser]: The root link base_link has an inertia specified in the URDF, but KDL does not support a root link with an inertia.  As a workaround, you can add an extra dummy link to your URDF.
[INFO] [1781078658.184329687] [robot_state_publisher]: got segment Base_L
[INFO] [1781078658.184348593] [robot_state_publisher]: got segment Base_R
[INFO] [1781078658.184351288] [robot_state_publisher]: got segment Link1_L
[INFO] [1781078658.184352981] [robot_state_publisher]: got segment Link1_R
[INFO] [1781078658.184354604] [robot_state_publisher]: got segment Link2_L
[INFO] [1781078658.184356087] [robot_state_publisher]: got segment Link2_R
[INFO] [1781078658.184357600] [robot_state_publisher]: got segment Link3_L
[INFO] [1781078658.184359173] [robot_state_publisher]: got segment Link3_R
[INFO] [1781078658.184360685] [robot_state_publisher]: got segment Link4_L
[INFO] [1781078658.184362148] [robot_state_publisher]: got segment Link4_R
[INFO] [1781078658.184363671] [robot_state_publisher]: got segment Link5_L
[INFO] [1781078658.184365204] [robot_state_publisher]: got segment Link5_R
[INFO] [1781078658.184366707] [robot_state_publisher]: got segment Link6_L
[INFO] [1781078658.184368149] [robot_state_publisher]: got segment Link6_R
[INFO] [1781078658.184369662] [robot_state_publisher]: got segment Link7_L
[INFO] [1781078658.184371255] [robot_state_publisher]: got segment Link7_R
[INFO] [1781078658.184372798] [robot_state_publisher]: got segment base_link
[INFO] [1781078658.184375253] [robot_state_publisher]: got segment camera_left_link
[INFO] [1781078658.184377667] [robot_state_publisher]: got segment camera_rgb_link
[INFO] [1781078658.184380082] [robot_state_publisher]: got segment camera_right_link
[INFO] [1781078658.184382406] [robot_state_publisher]: got segment flange_L
[INFO] [1781078658.184384821] [robot_state_publisher]: got segment flange_R
[INFO] [1781078658.184386414] [robot_state_publisher]: got segment left_tool
[INFO] [1781078658.184388127] [robot_state_publisher]: got segment right_tool
[INFO] [1781078658.184389740] [robot_state_publisher]: got segment tracking_base_link
