1781164827.5437465 [INFO] [launch]: All log files can be found below /ros2_ws/log/runtime/2026-06-11-08-00-27-543241-kewei-Pulse-GL76-11UEK-324351
1781164827.5438285 [INFO] [launch]: Default logging verbosity is set to INFO
1781164827.6213462 [INFO] [planner_node-1]: process started with pid [324710]
1781164827.6214573 [INFO] [marvin_robot_node-2]: process started with pid [324712]
1781164827.6214895 [INFO] [robot_state_publisher-3]: process started with pid [324714]
1781164827.6215134 [INFO] [rviz2-4]: process started with pid [324716]
1781164827.6349781 [robot_state_publisher-3] [WARN] [1781164827.634909259] [kdl_parser]: The root link base_link has an inertia specified in the URDF, but KDL does not support a root link with an inertia.  As a workaround, you can add an extra dummy link to your URDF.
1781164827.6351185 [robot_state_publisher-3] [INFO] [1781164827.634965253] [robot_state_publisher]: got segment Base_L
1781164827.6351523 [robot_state_publisher-3] [INFO] [1781164827.634983828] [robot_state_publisher]: got segment Base_R
1781164827.6351731 [robot_state_publisher-3] [INFO] [1781164827.634986002] [robot_state_publisher]: got segment Link1_L
1781164827.6351922 [robot_state_publisher-3] [INFO] [1781164827.634987775] [robot_state_publisher]: got segment Link1_R
1781164827.6352096 [robot_state_publisher-3] [INFO] [1781164827.634989308] [robot_state_publisher]: got segment Link2_L
1781164827.6352274 [robot_state_publisher-3] [INFO] [1781164827.634990791] [robot_state_publisher]: got segment Link2_R
1781164827.6352448 [robot_state_publisher-3] [INFO] [1781164827.634992244] [robot_state_publisher]: got segment Link3_L
1781164827.6352623 [robot_state_publisher-3] [INFO] [1781164827.634993707] [robot_state_publisher]: got segment Link3_R
1781164827.6352792 [robot_state_publisher-3] [INFO] [1781164827.634995380] [robot_state_publisher]: got segment Link4_L
1781164827.6352956 [robot_state_publisher-3] [INFO] [1781164827.634996822] [robot_state_publisher]: got segment Link4_R
1781164827.6353121 [robot_state_publisher-3] [INFO] [1781164827.634998265] [robot_state_publisher]: got segment Link5_L
1781164827.6353295 [robot_state_publisher-3] [INFO] [1781164827.634999698] [robot_state_publisher]: got segment Link5_R
1781164827.6353464 [robot_state_publisher-3] [INFO] [1781164827.635001130] [robot_state_publisher]: got segment Link6_L
1781164827.6353638 [robot_state_publisher-3] [INFO] [1781164827.635002583] [robot_state_publisher]: got segment Link6_R
1781164827.6353807 [robot_state_publisher-3] [INFO] [1781164827.635004036] [robot_state_publisher]: got segment Link7_L
1781164827.6353977 [robot_state_publisher-3] [INFO] [1781164827.635005489] [robot_state_publisher]: got segment Link7_R
1781164827.6354141 [robot_state_publisher-3] [INFO] [1781164827.635007152] [robot_state_publisher]: got segment base_link
1781164827.6354303 [robot_state_publisher-3] [INFO] [1781164827.635008654] [robot_state_publisher]: got segment camera_left_link
1781164827.6354465 [robot_state_publisher-3] [INFO] [1781164827.635010267] [robot_state_publisher]: got segment camera_rgb_link
1781164827.6354632 [robot_state_publisher-3] [INFO] [1781164827.635011820] [robot_state_publisher]: got segment camera_right_link
1781164827.6354787 [robot_state_publisher-3] [INFO] [1781164827.635013413] [robot_state_publisher]: got segment flange_L
1781164827.6354957 [robot_state_publisher-3] [INFO] [1781164827.635014916] [robot_state_publisher]: got segment flange_R
1781164827.6355114 [robot_state_publisher-3] [INFO] [1781164827.635016369] [robot_state_publisher]: got segment left_tool
1781164827.6355267 [robot_state_publisher-3] [INFO] [1781164827.635017872] [robot_state_publisher]: got segment right_tool
1781164827.6355422 [robot_state_publisher-3] [INFO] [1781164827.635019364] [robot_state_publisher]: got segment tracking_base_link
