-- The C compiler identification is GNU 11.4.0
-- The CXX compiler identification is GNU 11.4.0
-- Detecting C compiler ABI info
-- Detecting C compiler ABI info - done
-- Check for working C compiler: /usr/bin/cc - skipped
-- Detecting C compile features
-- Detecting C compile features - done
-- Detecting CXX compiler ABI info
-- Detecting CXX compiler ABI info - done
-- Check for working CXX compiler: /usr/bin/c++ - skipped
-- Detecting CXX compile features
-- Detecting CXX compile features - done
-- Found ament_cmake: 1.3.14 (/opt/ros/humble/share/ament_cmake/cmake)
-- Found Python3: /usr/bin/python3 (found version "3.10.12") found components: Interpreter 
-- Found rosidl_default_generators: 1.2.1 (/opt/ros/humble/share/rosidl_default_generators/cmake)
-- Using all available rosidl_typesupport_c: rosidl_typesupport_fastrtps_c;rosidl_typesupport_introspection_c
-- Found rosidl_adapter: 3.1.8 (/opt/ros/humble/share/rosidl_adapter/cmake)
-- Using all available rosidl_typesupport_cpp: rosidl_typesupport_fastrtps_cpp;rosidl_typesupport_introspection_cpp
-- Found geometry_msgs: 4.9.1 (/opt/ros/humble/share/geometry_msgs/cmake)
-- Found ament_cmake_ros: 0.10.0 (/opt/ros/humble/share/ament_cmake_ros/cmake)
-- Using all available rosidl_typesupport_c: rosidl_typesupport_fastrtps_c;rosidl_typesupport_introspection_c
-- Using all available rosidl_typesupport_cpp: rosidl_typesupport_fastrtps_cpp;rosidl_typesupport_introspection_cpp
-- Found PythonInterp: /usr/bin/python3 (found suitable version "3.10.12", minimum required is "3.6") 
-- Found python_cmake_module: 0.10.0 (/opt/ros/humble/share/python_cmake_module/cmake)
-- Found PythonLibs: /usr/lib/x86_64-linux-gnu/libpython3.10.so (found suitable version "3.10.12", minimum required is "3.5") 
-- Using PYTHON_EXECUTABLE: /usr/bin/python3
-- Using PYTHON_INCLUDE_DIRS: /usr/include/python3.10
-- Using PYTHON_LIBRARIES: /usr/lib/x86_64-linux-gnu/libpython3.10.so
-- Found PythonExtra: .so  
-- Configuring done
-- Generating done
CMake Warning:
  Manually-specified variables were not used by the project:

    CATKIN_INSTALL_INTO_PREFIX_ROOT


-- Build files have been written to: /ros2_ws/build/fake_interface_pkg
[  1%] Generating C code for ROS interfaces
[  2%] Generating Rust code for ROS interfaces
[  4%] Generating C++ code for ROS interfaces
[  4%] Built target ament_cmake_python_copy_fake_interface_pkg
running egg_info
creating fake_interface_pkg.egg-info
writing fake_interface_pkg.egg-info/PKG-INFO
writing dependency_links to fake_interface_pkg.egg-info/dependency_links.txt
writing top-level names to fake_interface_pkg.egg-info/top_level.txt
writing manifest file 'fake_interface_pkg.egg-info/SOURCES.txt'
reading manifest file 'fake_interface_pkg.egg-info/SOURCES.txt'
writing manifest file 'fake_interface_pkg.egg-info/SOURCES.txt'
[  4%] Built target ament_cmake_python_build_fake_interface_pkg_egg
[  4%] Built target fake_interface_pkg__rs
[  4%] Built target fake_interface_pkg__cpp
[  5%] Generating C++ type support for eProsima Fast-RTPS
[  6%] Generating C++ type support dispatch for ROS interfaces
[  8%] Generating C++ introspection for ROS interfaces
[  9%] Building C object CMakeFiles/fake_interface_pkg__rosidl_generator_c.dir/rosidl_generator_c/fake_interface_pkg/msg/detail/object_pose__functions.c.o
[ 12%] Building C object CMakeFiles/fake_interface_pkg__rosidl_generator_c.dir/rosidl_generator_c/fake_interface_pkg/msg/detail/keypoint_pose__functions.c.o
[ 13%] Building C object CMakeFiles/fake_interface_pkg__rosidl_generator_c.dir/rosidl_generator_c/fake_interface_pkg/msg/detail/action__functions.c.o
[ 13%] Building C object CMakeFiles/fake_interface_pkg__rosidl_generator_c.dir/rosidl_generator_c/fake_interface_pkg/msg/detail/keypoint_pose_array__functions.c.o
[ 15%] Building C object CMakeFiles/fake_interface_pkg__rosidl_generator_c.dir/rosidl_generator_c/fake_interface_pkg/msg/detail/pose__functions.c.o
[ 16%] Building C object CMakeFiles/fake_interface_pkg__rosidl_generator_c.dir/rosidl_generator_c/fake_interface_pkg/msg/detail/action_plan__functions.c.o
[ 18%] Linking C shared library libfake_interface_pkg__rosidl_generator_c.so
[ 18%] Built target fake_interface_pkg__rosidl_generator_c
[ 20%] Generating C type support for eProsima Fast-RTPS
[ 20%] Generating C introspection for ROS interfaces
[ 22%] Generating C type support dispatch for ROS interfaces
[ 23%] Building CXX object CMakeFiles/fake_interface_pkg__rosidl_typesupport_cpp.dir/rosidl_typesupport_cpp/fake_interface_pkg/msg/object_pose__type_support.cpp.o
[ 25%] Building CXX object CMakeFiles/fake_interface_pkg__rosidl_typesupport_cpp.dir/rosidl_typesupport_cpp/fake_interface_pkg/msg/action_plan__type_support.cpp.o
[ 26%] Building CXX object CMakeFiles/fake_interface_pkg__rosidl_typesupport_cpp.dir/rosidl_typesupport_cpp/fake_interface_pkg/msg/pose__type_support.cpp.o
[ 27%] Building CXX object CMakeFiles/fake_interface_pkg__rosidl_typesupport_cpp.dir/rosidl_typesupport_cpp/fake_interface_pkg/msg/keypoint_pose__type_support.cpp.o
[ 29%] Building CXX object CMakeFiles/fake_interface_pkg__rosidl_typesupport_cpp.dir/rosidl_typesupport_cpp/fake_interface_pkg/msg/keypoint_pose_array__type_support.cpp.o
[ 30%] Building CXX object CMakeFiles/fake_interface_pkg__rosidl_typesupport_cpp.dir/rosidl_typesupport_cpp/fake_interface_pkg/msg/action__type_support.cpp.o
[ 31%] Building CXX object CMakeFiles/fake_interface_pkg__rosidl_typesupport_introspection_cpp.dir/rosidl_typesupport_introspection_cpp/fake_interface_pkg/msg/detail/object_pose__type_support.cpp.o
[ 33%] Building CXX object CMakeFiles/fake_interface_pkg__rosidl_typesupport_introspection_cpp.dir/rosidl_typesupport_introspection_cpp/fake_interface_pkg/msg/detail/pose__type_support.cpp.o
[ 34%] Building CXX object CMakeFiles/fake_interface_pkg__rosidl_typesupport_introspection_cpp.dir/rosidl_typesupport_introspection_cpp/fake_interface_pkg/msg/detail/keypoint_pose__type_support.cpp.o
[ 36%] Building CXX object CMakeFiles/fake_interface_pkg__rosidl_typesupport_introspection_cpp.dir/rosidl_typesupport_introspection_cpp/fake_interface_pkg/msg/detail/action__type_support.cpp.o
[ 37%] Building CXX object CMakeFiles/fake_interface_pkg__rosidl_typesupport_introspection_cpp.dir/rosidl_typesupport_introspection_cpp/fake_interface_pkg/msg/detail/action_plan__type_support.cpp.o
[ 38%] Building CXX object CMakeFiles/fake_interface_pkg__rosidl_typesupport_introspection_cpp.dir/rosidl_typesupport_introspection_cpp/fake_interface_pkg/msg/detail/keypoint_pose_array__type_support.cpp.o
[ 40%] Building CXX object CMakeFiles/fake_interface_pkg__rosidl_typesupport_fastrtps_cpp.dir/rosidl_typesupport_fastrtps_cpp/fake_interface_pkg/msg/detail/dds_fastrtps/action__type_support.cpp.o
[ 41%] Building CXX object CMakeFiles/fake_interface_pkg__rosidl_typesupport_fastrtps_cpp.dir/rosidl_typesupport_fastrtps_cpp/fake_interface_pkg/msg/detail/dds_fastrtps/object_pose__type_support.cpp.o
[ 44%] Building CXX object CMakeFiles/fake_interface_pkg__rosidl_typesupport_fastrtps_cpp.dir/rosidl_typesupport_fastrtps_cpp/fake_interface_pkg/msg/detail/dds_fastrtps/action_plan__type_support.cpp.o
[ 44%] Building CXX object CMakeFiles/fake_interface_pkg__rosidl_typesupport_fastrtps_cpp.dir/rosidl_typesupport_fastrtps_cpp/fake_interface_pkg/msg/detail/dds_fastrtps/keypoint_pose__type_support.cpp.o
[ 47%] Building CXX object CMakeFiles/fake_interface_pkg__rosidl_typesupport_fastrtps_cpp.dir/rosidl_typesupport_fastrtps_cpp/fake_interface_pkg/msg/detail/dds_fastrtps/pose__type_support.cpp.o
[ 47%] Building CXX object CMakeFiles/fake_interface_pkg__rosidl_typesupport_fastrtps_cpp.dir/rosidl_typesupport_fastrtps_cpp/fake_interface_pkg/msg/detail/dds_fastrtps/keypoint_pose_array__type_support.cpp.o
[ 51%] Building CXX object CMakeFiles/fake_interface_pkg__rosidl_typesupport_c.dir/rosidl_typesupport_c/fake_interface_pkg/msg/action__type_support.cpp.o
[ 51%] Building CXX object CMakeFiles/fake_interface_pkg__rosidl_typesupport_c.dir/rosidl_typesupport_c/fake_interface_pkg/msg/pose__type_support.cpp.o
[ 51%] Building CXX object CMakeFiles/fake_interface_pkg__rosidl_typesupport_c.dir/rosidl_typesupport_c/fake_interface_pkg/msg/action_plan__type_support.cpp.o
[ 52%] Building CXX object CMakeFiles/fake_interface_pkg__rosidl_typesupport_c.dir/rosidl_typesupport_c/fake_interface_pkg/msg/object_pose__type_support.cpp.o
[ 54%] Building CXX object CMakeFiles/fake_interface_pkg__rosidl_typesupport_c.dir/rosidl_typesupport_c/fake_interface_pkg/msg/keypoint_pose__type_support.cpp.o
[ 55%] Building CXX object CMakeFiles/fake_interface_pkg__rosidl_typesupport_c.dir/rosidl_typesupport_c/fake_interface_pkg/msg/keypoint_pose_array__type_support.cpp.o
[ 56%] Linking CXX shared library libfake_interface_pkg__rosidl_typesupport_c.so
[ 56%] Built target fake_interface_pkg__rosidl_typesupport_c
[ 58%] Building C object CMakeFiles/fake_interface_pkg__rosidl_typesupport_introspection_c.dir/rosidl_typesupport_introspection_c/fake_interface_pkg/msg/detail/object_pose__type_support.c.o
[ 59%] Building C object CMakeFiles/fake_interface_pkg__rosidl_typesupport_introspection_c.dir/rosidl_typesupport_introspection_c/fake_interface_pkg/msg/detail/pose__type_support.c.o
[ 61%] Building C object CMakeFiles/fake_interface_pkg__rosidl_typesupport_introspection_c.dir/rosidl_typesupport_introspection_c/fake_interface_pkg/msg/detail/action__type_support.c.o
[ 62%] Building C object CMakeFiles/fake_interface_pkg__rosidl_typesupport_introspection_c.dir/rosidl_typesupport_introspection_c/fake_interface_pkg/msg/detail/action_plan__type_support.c.o
[ 63%] Building CXX object CMakeFiles/fake_interface_pkg__rosidl_typesupport_fastrtps_c.dir/rosidl_typesupport_fastrtps_c/fake_interface_pkg/msg/detail/object_pose__type_support_c.cpp.o
[ 65%] Building CXX object CMakeFiles/fake_interface_pkg__rosidl_typesupport_fastrtps_c.dir/rosidl_typesupport_fastrtps_c/fake_interface_pkg/msg/detail/action__type_support_c.cpp.o
[ 66%] Building CXX object CMakeFiles/fake_interface_pkg__rosidl_typesupport_fastrtps_c.dir/rosidl_typesupport_fastrtps_c/fake_interface_pkg/msg/detail/pose__type_support_c.cpp.o
[ 68%] Building C object CMakeFiles/fake_interface_pkg__rosidl_typesupport_introspection_c.dir/rosidl_typesupport_introspection_c/fake_interface_pkg/msg/detail/keypoint_pose_array__type_support.c.o
[ 69%] Building C object CMakeFiles/fake_interface_pkg__rosidl_typesupport_introspection_c.dir/rosidl_typesupport_introspection_c/fake_interface_pkg/msg/detail/keypoint_pose__type_support.c.o
[ 70%] Building CXX object CMakeFiles/fake_interface_pkg__rosidl_typesupport_fastrtps_c.dir/rosidl_typesupport_fastrtps_c/fake_interface_pkg/msg/detail/action_plan__type_support_c.cpp.o
[ 72%] Building CXX object CMakeFiles/fake_interface_pkg__rosidl_typesupport_fastrtps_c.dir/rosidl_typesupport_fastrtps_c/fake_interface_pkg/msg/detail/keypoint_pose__type_support_c.cpp.o
[ 73%] Building CXX object CMakeFiles/fake_interface_pkg__rosidl_typesupport_fastrtps_c.dir/rosidl_typesupport_fastrtps_c/fake_interface_pkg/msg/detail/keypoint_pose_array__type_support_c.cpp.o
[ 75%] Linking CXX shared library libfake_interface_pkg__rosidl_typesupport_cpp.so
[ 76%] Linking C shared library libfake_interface_pkg__rosidl_typesupport_introspection_c.so
[ 76%] Built target fake_interface_pkg__rosidl_typesupport_cpp
[ 76%] Built target fake_interface_pkg__rosidl_typesupport_introspection_c
[ 77%] Linking CXX shared library libfake_interface_pkg__rosidl_typesupport_introspection_cpp.so
[ 79%] Linking CXX shared library libfake_interface_pkg__rosidl_typesupport_fastrtps_c.so
[ 80%] Linking CXX shared library libfake_interface_pkg__rosidl_typesupport_fastrtps_cpp.so
[ 80%] Built target fake_interface_pkg__rosidl_typesupport_introspection_cpp
[ 80%] Built target fake_interface_pkg__rosidl_typesupport_fastrtps_c
[ 80%] Built target fake_interface_pkg__rosidl_typesupport_fastrtps_cpp
[ 80%] Built target fake_interface_pkg
[ 81%] Generating Python code for ROS interfaces
[ 81%] Built target fake_interface_pkg__py
[ 83%] Building C object CMakeFiles/fake_interface_pkg__rosidl_generator_py.dir/rosidl_generator_py/fake_interface_pkg/msg/_object_pose_s.c.o
[ 84%] Building C object CMakeFiles/fake_interface_pkg__rosidl_generator_py.dir/rosidl_generator_py/fake_interface_pkg/msg/_action_s.c.o
[ 86%] Building C object CMakeFiles/fake_interface_pkg__rosidl_generator_py.dir/rosidl_generator_py/fake_interface_pkg/msg/_keypoint_pose_s.c.o
[ 88%] Building C object CMakeFiles/fake_interface_pkg__rosidl_generator_py.dir/rosidl_generator_py/fake_interface_pkg/msg/_pose_s.c.o
[ 88%] Building C object CMakeFiles/fake_interface_pkg__rosidl_generator_py.dir/rosidl_generator_py/fake_interface_pkg/msg/_keypoint_pose_array_s.c.o
[ 90%] Building C object CMakeFiles/fake_interface_pkg__rosidl_generator_py.dir/rosidl_generator_py/fake_interface_pkg/msg/_action_plan_s.c.o
[ 91%] Linking C shared library rosidl_generator_py/fake_interface_pkg/libfake_interface_pkg__rosidl_generator_py.so
[ 91%] Built target fake_interface_pkg__rosidl_generator_py
[ 95%] Building C object CMakeFiles/fake_interface_pkg__rosidl_typesupport_introspection_c__pyext.dir/rosidl_generator_py/fake_interface_pkg/_fake_interface_pkg_s.ep.rosidl_typesupport_introspection_c.c.o
[ 95%] Building C object CMakeFiles/fake_interface_pkg__rosidl_typesupport_fastrtps_c__pyext.dir/rosidl_generator_py/fake_interface_pkg/_fake_interface_pkg_s.ep.rosidl_typesupport_fastrtps_c.c.o
[ 95%] Building C object CMakeFiles/fake_interface_pkg__rosidl_typesupport_c__pyext.dir/rosidl_generator_py/fake_interface_pkg/_fake_interface_pkg_s.ep.rosidl_typesupport_c.c.o
[ 97%] Linking C shared library rosidl_generator_py/fake_interface_pkg/fake_interface_pkg_s__rosidl_typesupport_fastrtps_c.cpython-310-x86_64-linux-gnu.so
[ 98%] Linking C shared library rosidl_generator_py/fake_interface_pkg/fake_interface_pkg_s__rosidl_typesupport_introspection_c.cpython-310-x86_64-linux-gnu.so
[100%] Linking C shared library rosidl_generator_py/fake_interface_pkg/fake_interface_pkg_s__rosidl_typesupport_c.cpython-310-x86_64-linux-gnu.so
[100%] Built target fake_interface_pkg__rosidl_typesupport_fastrtps_c__pyext
[100%] Built target fake_interface_pkg__rosidl_typesupport_introspection_c__pyext
[100%] Built target fake_interface_pkg__rosidl_typesupport_c__pyext
-- Install configuration: ""
-- Installing: /ros2_ws/install/fake_interface_pkg/share/ament_index/resource_index/rosidl_interfaces/fake_interface_pkg
-- Installing: /ros2_ws/install/fake_interface_pkg/include/fake_interface_pkg/fake_interface_pkg
-- Installing: /ros2_ws/install/fake_interface_pkg/include/fake_interface_pkg/fake_interface_pkg/msg
-- Installing: /ros2_ws/install/fake_interface_pkg/include/fake_interface_pkg/fake_interface_pkg/msg/pose.h
-- Installing: /ros2_ws/install/fake_interface_pkg/include/fake_interface_pkg/fake_interface_pkg/msg/action_plan.h
-- Installing: /ros2_ws/install/fake_interface_pkg/include/fake_interface_pkg/fake_interface_pkg/msg/rosidl_generator_c__visibility_control.h
-- Installing: /ros2_ws/install/fake_interface_pkg/include/fake_interface_pkg/fake_interface_pkg/msg/detail
-- Installing: /ros2_ws/install/fake_interface_pkg/include/fake_interface_pkg/fake_interface_pkg/msg/detail/keypoint_pose__functions.c
-- Installing: /ros2_ws/install/fake_interface_pkg/include/fake_interface_pkg/fake_interface_pkg/msg/detail/keypoint_pose_array__functions.h
-- Installing: /ros2_ws/install/fake_interface_pkg/include/fake_interface_pkg/fake_interface_pkg/msg/detail/object_pose__struct.h
-- Installing: /ros2_ws/install/fake_interface_pkg/include/fake_interface_pkg/fake_interface_pkg/msg/detail/pose__struct.h
-- Installing: /ros2_ws/install/fake_interface_pkg/include/fake_interface_pkg/fake_interface_pkg/msg/detail/keypoint_pose__functions.h
-- Installing: /ros2_ws/install/fake_interface_pkg/include/fake_interface_pkg/fake_interface_pkg/msg/detail/action_plan__functions.h
-- Installing: /ros2_ws/install/fake_interface_pkg/include/fake_interface_pkg/fake_interface_pkg/msg/detail/pose__functions.c
-- Installing: /ros2_ws/install/fake_interface_pkg/include/fake_interface_pkg/fake_interface_pkg/msg/detail/pose__functions.h
-- Installing: /ros2_ws/install/fake_interface_pkg/include/fake_interface_pkg/fake_interface_pkg/msg/detail/action__struct.h
-- Installing: /ros2_ws/install/fake_interface_pkg/include/fake_interface_pkg/fake_interface_pkg/msg/detail/object_pose__functions.c
-- Installing: /ros2_ws/install/fake_interface_pkg/include/fake_interface_pkg/fake_interface_pkg/msg/detail/action_plan__functions.c
-- Installing: /ros2_ws/install/fake_interface_pkg/include/fake_interface_pkg/fake_interface_pkg/msg/detail/keypoint_pose_array__type_support.h
-- Installing: /ros2_ws/install/fake_interface_pkg/include/fake_interface_pkg/fake_interface_pkg/msg/detail/action_plan__type_support.h
-- Installing: /ros2_ws/install/fake_interface_pkg/include/fake_interface_pkg/fake_interface_pkg/msg/detail/action_plan__struct.h
-- Installing: /ros2_ws/install/fake_interface_pkg/include/fake_interface_pkg/fake_interface_pkg/msg/detail/action__type_support.h
-- Installing: /ros2_ws/install/fake_interface_pkg/include/fake_interface_pkg/fake_interface_pkg/msg/detail/pose__type_support.h
-- Installing: /ros2_ws/install/fake_interface_pkg/include/fake_interface_pkg/fake_interface_pkg/msg/detail/action__functions.h
-- Installing: /ros2_ws/install/fake_interface_pkg/include/fake_interface_pkg/fake_interface_pkg/msg/detail/action__functions.c
-- Installing: /ros2_ws/install/fake_interface_pkg/include/fake_interface_pkg/fake_interface_pkg/msg/detail/keypoint_pose__struct.h
-- Installing: /ros2_ws/install/fake_interface_pkg/include/fake_interface_pkg/fake_interface_pkg/msg/detail/object_pose__functions.h
-- Installing: /ros2_ws/install/fake_interface_pkg/include/fake_interface_pkg/fake_interface_pkg/msg/detail/keypoint_pose__type_support.h
-- Installing: /ros2_ws/install/fake_interface_pkg/include/fake_interface_pkg/fake_interface_pkg/msg/detail/keypoint_pose_array__struct.h
-- Installing: /ros2_ws/install/fake_interface_pkg/include/fake_interface_pkg/fake_interface_pkg/msg/detail/keypoint_pose_array__functions.c
-- Installing: /ros2_ws/install/fake_interface_pkg/include/fake_interface_pkg/fake_interface_pkg/msg/detail/object_pose__type_support.h
-- Installing: /ros2_ws/install/fake_interface_pkg/include/fake_interface_pkg/fake_interface_pkg/msg/keypoint_pose_array.h
-- Installing: /ros2_ws/install/fake_interface_pkg/include/fake_interface_pkg/fake_interface_pkg/msg/keypoint_pose.h
-- Installing: /ros2_ws/install/fake_interface_pkg/include/fake_interface_pkg/fake_interface_pkg/msg/object_pose.h
-- Installing: /ros2_ws/install/fake_interface_pkg/include/fake_interface_pkg/fake_interface_pkg/msg/action.h
-- Installing: /ros2_ws/install/fake_interface_pkg/share/fake_interface_pkg/environment/library_path.sh
-- Installing: /ros2_ws/install/fake_interface_pkg/share/fake_interface_pkg/environment/library_path.dsv
-- Installing: /ros2_ws/install/fake_interface_pkg/lib/libfake_interface_pkg__rosidl_generator_c.so
-- Set runtime path of "/ros2_ws/install/fake_interface_pkg/lib/libfake_interface_pkg__rosidl_generator_c.so" to ""
-- Up-to-date: /ros2_ws/install/fake_interface_pkg/include/fake_interface_pkg/fake_interface_pkg
-- Up-to-date: /ros2_ws/install/fake_interface_pkg/include/fake_interface_pkg/fake_interface_pkg/msg
-- Up-to-date: /ros2_ws/install/fake_interface_pkg/include/fake_interface_pkg/fake_interface_pkg/msg/detail
-- Installing: /ros2_ws/install/fake_interface_pkg/include/fake_interface_pkg/fake_interface_pkg/msg/detail/pose__rosidl_typesupport_fastrtps_c.h
-- Installing: /ros2_ws/install/fake_interface_pkg/include/fake_interface_pkg/fake_interface_pkg/msg/detail/keypoint_pose__rosidl_typesupport_fastrtps_c.h
-- Installing: /ros2_ws/install/fake_interface_pkg/include/fake_interface_pkg/fake_interface_pkg/msg/detail/keypoint_pose_array__rosidl_typesupport_fastrtps_c.h
-- Installing: /ros2_ws/install/fake_interface_pkg/include/fake_interface_pkg/fake_interface_pkg/msg/detail/action__rosidl_typesupport_fastrtps_c.h
-- Installing: /ros2_ws/install/fake_interface_pkg/include/fake_interface_pkg/fake_interface_pkg/msg/detail/object_pose__rosidl_typesupport_fastrtps_c.h
-- Installing: /ros2_ws/install/fake_interface_pkg/include/fake_interface_pkg/fake_interface_pkg/msg/detail/action_plan__rosidl_typesupport_fastrtps_c.h
-- Installing: /ros2_ws/install/fake_interface_pkg/include/fake_interface_pkg/fake_interface_pkg/msg/rosidl_typesupport_fastrtps_c__visibility_control.h
-- Installing: /ros2_ws/install/fake_interface_pkg/lib/libfake_interface_pkg__rosidl_typesupport_fastrtps_c.so
-- Set runtime path of "/ros2_ws/install/fake_interface_pkg/lib/libfake_interface_pkg__rosidl_typesupport_fastrtps_c.so" to ""
-- Up-to-date: /ros2_ws/install/fake_interface_pkg/include/fake_interface_pkg/fake_interface_pkg
-- Up-to-date: /ros2_ws/install/fake_interface_pkg/include/fake_interface_pkg/fake_interface_pkg/msg
-- Installing: /ros2_ws/install/fake_interface_pkg/include/fake_interface_pkg/fake_interface_pkg/msg/rosidl_typesupport_introspection_c__visibility_control.h
-- Up-to-date: /ros2_ws/install/fake_interface_pkg/include/fake_interface_pkg/fake_interface_pkg/msg/detail
-- Installing: /ros2_ws/install/fake_interface_pkg/include/fake_interface_pkg/fake_interface_pkg/msg/detail/keypoint_pose__rosidl_typesupport_introspection_c.h
-- Installing: /ros2_ws/install/fake_interface_pkg/include/fake_interface_pkg/fake_interface_pkg/msg/detail/pose__type_support.c
-- Installing: /ros2_ws/install/fake_interface_pkg/include/fake_interface_pkg/fake_interface_pkg/msg/detail/keypoint_pose_array__rosidl_typesupport_introspection_c.h
-- Installing: /ros2_ws/install/fake_interface_pkg/include/fake_interface_pkg/fake_interface_pkg/msg/detail/keypoint_pose_array__type_support.c
-- Installing: /ros2_ws/install/fake_interface_pkg/include/fake_interface_pkg/fake_interface_pkg/msg/detail/action_plan__rosidl_typesupport_introspection_c.h
-- Installing: /ros2_ws/install/fake_interface_pkg/include/fake_interface_pkg/fake_interface_pkg/msg/detail/action__type_support.c
-- Installing: /ros2_ws/install/fake_interface_pkg/include/fake_interface_pkg/fake_interface_pkg/msg/detail/keypoint_pose__type_support.c
-- Installing: /ros2_ws/install/fake_interface_pkg/include/fake_interface_pkg/fake_interface_pkg/msg/detail/pose__rosidl_typesupport_introspection_c.h
-- Installing: /ros2_ws/install/fake_interface_pkg/include/fake_interface_pkg/fake_interface_pkg/msg/detail/action_plan__type_support.c
-- Installing: /ros2_ws/install/fake_interface_pkg/include/fake_interface_pkg/fake_interface_pkg/msg/detail/object_pose__type_support.c
-- Installing: /ros2_ws/install/fake_interface_pkg/include/fake_interface_pkg/fake_interface_pkg/msg/detail/object_pose__rosidl_typesupport_introspection_c.h
-- Installing: /ros2_ws/install/fake_interface_pkg/include/fake_interface_pkg/fake_interface_pkg/msg/detail/action__rosidl_typesupport_introspection_c.h
-- Installing: /ros2_ws/install/fake_interface_pkg/lib/libfake_interface_pkg__rosidl_typesupport_introspection_c.so
-- Set runtime path of "/ros2_ws/install/fake_interface_pkg/lib/libfake_interface_pkg__rosidl_typesupport_introspection_c.so" to ""
-- Installing: /ros2_ws/install/fake_interface_pkg/lib/libfake_interface_pkg__rosidl_typesupport_c.so
-- Set runtime path of "/ros2_ws/install/fake_interface_pkg/lib/libfake_interface_pkg__rosidl_typesupport_c.so" to ""
-- Up-to-date: /ros2_ws/install/fake_interface_pkg/include/fake_interface_pkg/fake_interface_pkg
-- Up-to-date: /ros2_ws/install/fake_interface_pkg/include/fake_interface_pkg/fake_interface_pkg/msg
-- Installing: /ros2_ws/install/fake_interface_pkg/include/fake_interface_pkg/fake_interface_pkg/msg/action_plan.hpp
-- Installing: /ros2_ws/install/fake_interface_pkg/include/fake_interface_pkg/fake_interface_pkg/msg/object_pose.hpp
-- Installing: /ros2_ws/install/fake_interface_pkg/include/fake_interface_pkg/fake_interface_pkg/msg/pose.hpp
-- Installing: /ros2_ws/install/fake_interface_pkg/include/fake_interface_pkg/fake_interface_pkg/msg/action.hpp
-- Installing: /ros2_ws/install/fake_interface_pkg/include/fake_interface_pkg/fake_interface_pkg/msg/keypoint_pose_array.hpp
-- Up-to-date: /ros2_ws/install/fake_interface_pkg/include/fake_interface_pkg/fake_interface_pkg/msg/detail
-- Installing: /ros2_ws/install/fake_interface_pkg/include/fake_interface_pkg/fake_interface_pkg/msg/detail/action_plan__traits.hpp
-- Installing: /ros2_ws/install/fake_interface_pkg/include/fake_interface_pkg/fake_interface_pkg/msg/detail/action__builder.hpp
-- Installing: /ros2_ws/install/fake_interface_pkg/include/fake_interface_pkg/fake_interface_pkg/msg/detail/action_plan__type_support.hpp
-- Installing: /ros2_ws/install/fake_interface_pkg/include/fake_interface_pkg/fake_interface_pkg/msg/detail/pose__struct.hpp
-- Installing: /ros2_ws/install/fake_interface_pkg/include/fake_interface_pkg/fake_interface_pkg/msg/detail/keypoint_pose__traits.hpp
-- Installing: /ros2_ws/install/fake_interface_pkg/include/fake_interface_pkg/fake_interface_pkg/msg/detail/keypoint_pose_array__type_support.hpp
-- Installing: /ros2_ws/install/fake_interface_pkg/include/fake_interface_pkg/fake_interface_pkg/msg/detail/keypoint_pose__type_support.hpp
-- Installing: /ros2_ws/install/fake_interface_pkg/include/fake_interface_pkg/fake_interface_pkg/msg/detail/pose__type_support.hpp
-- Installing: /ros2_ws/install/fake_interface_pkg/include/fake_interface_pkg/fake_interface_pkg/msg/detail/keypoint_pose_array__struct.hpp
-- Installing: /ros2_ws/install/fake_interface_pkg/include/fake_interface_pkg/fake_interface_pkg/msg/detail/object_pose__traits.hpp
-- Installing: /ros2_ws/install/fake_interface_pkg/include/fake_interface_pkg/fake_interface_pkg/msg/detail/pose__traits.hpp
-- Installing: /ros2_ws/install/fake_interface_pkg/include/fake_interface_pkg/fake_interface_pkg/msg/detail/action__type_support.hpp
-- Installing: /ros2_ws/install/fake_interface_pkg/include/fake_interface_pkg/fake_interface_pkg/msg/detail/keypoint_pose__builder.hpp
-- Installing: /ros2_ws/install/fake_interface_pkg/include/fake_interface_pkg/fake_interface_pkg/msg/detail/keypoint_pose_array__builder.hpp
-- Installing: /ros2_ws/install/fake_interface_pkg/include/fake_interface_pkg/fake_interface_pkg/msg/detail/object_pose__type_support.hpp
-- Installing: /ros2_ws/install/fake_interface_pkg/include/fake_interface_pkg/fake_interface_pkg/msg/detail/object_pose__builder.hpp
-- Installing: /ros2_ws/install/fake_interface_pkg/include/fake_interface_pkg/fake_interface_pkg/msg/detail/action_plan__builder.hpp
-- Installing: /ros2_ws/install/fake_interface_pkg/include/fake_interface_pkg/fake_interface_pkg/msg/detail/keypoint_pose_array__traits.hpp
-- Installing: /ros2_ws/install/fake_interface_pkg/include/fake_interface_pkg/fake_interface_pkg/msg/detail/pose__builder.hpp
-- Installing: /ros2_ws/install/fake_interface_pkg/include/fake_interface_pkg/fake_interface_pkg/msg/detail/action__traits.hpp
-- Installing: /ros2_ws/install/fake_interface_pkg/include/fake_interface_pkg/fake_interface_pkg/msg/detail/action__struct.hpp
-- Installing: /ros2_ws/install/fake_interface_pkg/include/fake_interface_pkg/fake_interface_pkg/msg/detail/action_plan__struct.hpp
-- Installing: /ros2_ws/install/fake_interface_pkg/include/fake_interface_pkg/fake_interface_pkg/msg/detail/object_pose__struct.hpp
-- Installing: /ros2_ws/install/fake_interface_pkg/include/fake_interface_pkg/fake_interface_pkg/msg/detail/keypoint_pose__struct.hpp
-- Installing: /ros2_ws/install/fake_interface_pkg/include/fake_interface_pkg/fake_interface_pkg/msg/keypoint_pose.hpp
-- Installing: /ros2_ws/install/fake_interface_pkg/include/fake_interface_pkg/fake_interface_pkg/msg/rosidl_generator_cpp__visibility_control.hpp
-- Up-to-date: /ros2_ws/install/fake_interface_pkg/include/fake_interface_pkg/fake_interface_pkg
-- Up-to-date: /ros2_ws/install/fake_interface_pkg/include/fake_interface_pkg/fake_interface_pkg/msg
-- Up-to-date: /ros2_ws/install/fake_interface_pkg/include/fake_interface_pkg/fake_interface_pkg/msg/detail
-- Installing: /ros2_ws/install/fake_interface_pkg/include/fake_interface_pkg/fake_interface_pkg/msg/detail/action_plan__rosidl_typesupport_fastrtps_cpp.hpp
-- Installing: /ros2_ws/install/fake_interface_pkg/include/fake_interface_pkg/fake_interface_pkg/msg/detail/keypoint_pose_array__rosidl_typesupport_fastrtps_cpp.hpp
-- Installing: /ros2_ws/install/fake_interface_pkg/include/fake_interface_pkg/fake_interface_pkg/msg/detail/action__rosidl_typesupport_fastrtps_cpp.hpp
-- Installing: /ros2_ws/install/fake_interface_pkg/include/fake_interface_pkg/fake_interface_pkg/msg/detail/object_pose__rosidl_typesupport_fastrtps_cpp.hpp
-- Installing: /ros2_ws/install/fake_interface_pkg/include/fake_interface_pkg/fake_interface_pkg/msg/detail/pose__rosidl_typesupport_fastrtps_cpp.hpp
-- Installing: /ros2_ws/install/fake_interface_pkg/include/fake_interface_pkg/fake_interface_pkg/msg/detail/dds_fastrtps
-- Installing: /ros2_ws/install/fake_interface_pkg/include/fake_interface_pkg/fake_interface_pkg/msg/detail/keypoint_pose__rosidl_typesupport_fastrtps_cpp.hpp
-- Installing: /ros2_ws/install/fake_interface_pkg/include/fake_interface_pkg/fake_interface_pkg/msg/rosidl_typesupport_fastrtps_cpp__visibility_control.h
-- Installing: /ros2_ws/install/fake_interface_pkg/lib/libfake_interface_pkg__rosidl_typesupport_fastrtps_cpp.so
-- Set runtime path of "/ros2_ws/install/fake_interface_pkg/lib/libfake_interface_pkg__rosidl_typesupport_fastrtps_cpp.so" to ""
-- Up-to-date: /ros2_ws/install/fake_interface_pkg/include/fake_interface_pkg/fake_interface_pkg
-- Up-to-date: /ros2_ws/install/fake_interface_pkg/include/fake_interface_pkg/fake_interface_pkg/msg
-- Up-to-date: /ros2_ws/install/fake_interface_pkg/include/fake_interface_pkg/fake_interface_pkg/msg/detail
-- Installing: /ros2_ws/install/fake_interface_pkg/include/fake_interface_pkg/fake_interface_pkg/msg/detail/action__rosidl_typesupport_introspection_cpp.hpp
-- Installing: /ros2_ws/install/fake_interface_pkg/include/fake_interface_pkg/fake_interface_pkg/msg/detail/keypoint_pose__rosidl_typesupport_introspection_cpp.hpp
-- Installing: /ros2_ws/install/fake_interface_pkg/include/fake_interface_pkg/fake_interface_pkg/msg/detail/action_plan__rosidl_typesupport_introspection_cpp.hpp
-- Installing: /ros2_ws/install/fake_interface_pkg/include/fake_interface_pkg/fake_interface_pkg/msg/detail/keypoint_pose_array__type_support.cpp
-- Installing: /ros2_ws/install/fake_interface_pkg/include/fake_interface_pkg/fake_interface_pkg/msg/detail/object_pose__rosidl_typesupport_introspection_cpp.hpp
-- Installing: /ros2_ws/install/fake_interface_pkg/include/fake_interface_pkg/fake_interface_pkg/msg/detail/action_plan__type_support.cpp
-- Installing: /ros2_ws/install/fake_interface_pkg/include/fake_interface_pkg/fake_interface_pkg/msg/detail/action__type_support.cpp
-- Installing: /ros2_ws/install/fake_interface_pkg/include/fake_interface_pkg/fake_interface_pkg/msg/detail/pose__type_support.cpp
-- Installing: /ros2_ws/install/fake_interface_pkg/include/fake_interface_pkg/fake_interface_pkg/msg/detail/keypoint_pose_array__rosidl_typesupport_introspection_cpp.hpp
-- Installing: /ros2_ws/install/fake_interface_pkg/include/fake_interface_pkg/fake_interface_pkg/msg/detail/pose__rosidl_typesupport_introspection_cpp.hpp
-- Installing: /ros2_ws/install/fake_interface_pkg/include/fake_interface_pkg/fake_interface_pkg/msg/detail/keypoint_pose__type_support.cpp
-- Installing: /ros2_ws/install/fake_interface_pkg/include/fake_interface_pkg/fake_interface_pkg/msg/detail/object_pose__type_support.cpp
-- Installing: /ros2_ws/install/fake_interface_pkg/lib/libfake_interface_pkg__rosidl_typesupport_introspection_cpp.so
-- Set runtime path of "/ros2_ws/install/fake_interface_pkg/lib/libfake_interface_pkg__rosidl_typesupport_introspection_cpp.so" to ""
-- Installing: /ros2_ws/install/fake_interface_pkg/lib/libfake_interface_pkg__rosidl_typesupport_cpp.so
-- Set runtime path of "/ros2_ws/install/fake_interface_pkg/lib/libfake_interface_pkg__rosidl_typesupport_cpp.so" to ""
-- Installing: /ros2_ws/install/fake_interface_pkg/share/fake_interface_pkg/environment/pythonpath.sh
-- Installing: /ros2_ws/install/fake_interface_pkg/share/fake_interface_pkg/environment/pythonpath.dsv
-- Installing: /ros2_ws/install/fake_interface_pkg/local/lib/python3.10/dist-packages/fake_interface_pkg-0.0.0-py3.10.egg-info
-- Installing: /ros2_ws/install/fake_interface_pkg/local/lib/python3.10/dist-packages/fake_interface_pkg-0.0.0-py3.10.egg-info/top_level.txt
-- Installing: /ros2_ws/install/fake_interface_pkg/local/lib/python3.10/dist-packages/fake_interface_pkg-0.0.0-py3.10.egg-info/SOURCES.txt
-- Installing: /ros2_ws/install/fake_interface_pkg/local/lib/python3.10/dist-packages/fake_interface_pkg-0.0.0-py3.10.egg-info/PKG-INFO
-- Installing: /ros2_ws/install/fake_interface_pkg/local/lib/python3.10/dist-packages/fake_interface_pkg-0.0.0-py3.10.egg-info/dependency_links.txt
-- Installing: /ros2_ws/install/fake_interface_pkg/local/lib/python3.10/dist-packages/fake_interface_pkg
-- Installing: /ros2_ws/install/fake_interface_pkg/local/lib/python3.10/dist-packages/fake_interface_pkg/libfake_interface_pkg__rosidl_generator_py.so
-- Installing: /ros2_ws/install/fake_interface_pkg/local/lib/python3.10/dist-packages/fake_interface_pkg/__init__.py
-- Installing: /ros2_ws/install/fake_interface_pkg/local/lib/python3.10/dist-packages/fake_interface_pkg/fake_interface_pkg_s__rosidl_typesupport_fastrtps_c.cpython-310-x86_64-linux-gnu.so
-- Installing: /ros2_ws/install/fake_interface_pkg/local/lib/python3.10/dist-packages/fake_interface_pkg/_fake_interface_pkg_s.ep.rosidl_typesupport_introspection_c.c
-- Installing: /ros2_ws/install/fake_interface_pkg/local/lib/python3.10/dist-packages/fake_interface_pkg/_fake_interface_pkg_s.ep.rosidl_typesupport_fastrtps_c.c
-- Installing: /ros2_ws/install/fake_interface_pkg/local/lib/python3.10/dist-packages/fake_interface_pkg/msg
-- Installing: /ros2_ws/install/fake_interface_pkg/local/lib/python3.10/dist-packages/fake_interface_pkg/msg/_action_s.c
-- Installing: /ros2_ws/install/fake_interface_pkg/local/lib/python3.10/dist-packages/fake_interface_pkg/msg/_keypoint_pose_s.c
-- Installing: /ros2_ws/install/fake_interface_pkg/local/lib/python3.10/dist-packages/fake_interface_pkg/msg/__init__.py
-- Installing: /ros2_ws/install/fake_interface_pkg/local/lib/python3.10/dist-packages/fake_interface_pkg/msg/_keypoint_pose_array_s.c
-- Installing: /ros2_ws/install/fake_interface_pkg/local/lib/python3.10/dist-packages/fake_interface_pkg/msg/_keypoint_pose.py
-- Installing: /ros2_ws/install/fake_interface_pkg/local/lib/python3.10/dist-packages/fake_interface_pkg/msg/_object_pose.py
-- Installing: /ros2_ws/install/fake_interface_pkg/local/lib/python3.10/dist-packages/fake_interface_pkg/msg/_pose_s.c
-- Installing: /ros2_ws/install/fake_interface_pkg/local/lib/python3.10/dist-packages/fake_interface_pkg/msg/_action_plan_s.c
-- Installing: /ros2_ws/install/fake_interface_pkg/local/lib/python3.10/dist-packages/fake_interface_pkg/msg/_object_pose_s.c
-- Installing: /ros2_ws/install/fake_interface_pkg/local/lib/python3.10/dist-packages/fake_interface_pkg/msg/_pose.py
-- Installing: /ros2_ws/install/fake_interface_pkg/local/lib/python3.10/dist-packages/fake_interface_pkg/msg/_action_plan.py
-- Installing: /ros2_ws/install/fake_interface_pkg/local/lib/python3.10/dist-packages/fake_interface_pkg/msg/_action.py
-- Installing: /ros2_ws/install/fake_interface_pkg/local/lib/python3.10/dist-packages/fake_interface_pkg/msg/_keypoint_pose_array.py
-- Installing: /ros2_ws/install/fake_interface_pkg/local/lib/python3.10/dist-packages/fake_interface_pkg/_fake_interface_pkg_s.ep.rosidl_typesupport_c.c
-- Installing: /ros2_ws/install/fake_interface_pkg/local/lib/python3.10/dist-packages/fake_interface_pkg/fake_interface_pkg_s__rosidl_typesupport_introspection_c.cpython-310-x86_64-linux-gnu.so
-- Installing: /ros2_ws/install/fake_interface_pkg/local/lib/python3.10/dist-packages/fake_interface_pkg/fake_interface_pkg_s__rosidl_typesupport_c.cpython-310-x86_64-linux-gnu.so
Listing '/ros2_ws/install/fake_interface_pkg/local/lib/python3.10/dist-packages/fake_interface_pkg'...
Compiling '/ros2_ws/install/fake_interface_pkg/local/lib/python3.10/dist-packages/fake_interface_pkg/__init__.py'...
Listing '/ros2_ws/install/fake_interface_pkg/local/lib/python3.10/dist-packages/fake_interface_pkg/msg'...
Compiling '/ros2_ws/install/fake_interface_pkg/local/lib/python3.10/dist-packages/fake_interface_pkg/msg/__init__.py'...
Compiling '/ros2_ws/install/fake_interface_pkg/local/lib/python3.10/dist-packages/fake_interface_pkg/msg/_action.py'...
Compiling '/ros2_ws/install/fake_interface_pkg/local/lib/python3.10/dist-packages/fake_interface_pkg/msg/_action_plan.py'...
Compiling '/ros2_ws/install/fake_interface_pkg/local/lib/python3.10/dist-packages/fake_interface_pkg/msg/_keypoint_pose.py'...
Compiling '/ros2_ws/install/fake_interface_pkg/local/lib/python3.10/dist-packages/fake_interface_pkg/msg/_keypoint_pose_array.py'...
Compiling '/ros2_ws/install/fake_interface_pkg/local/lib/python3.10/dist-packages/fake_interface_pkg/msg/_object_pose.py'...
Compiling '/ros2_ws/install/fake_interface_pkg/local/lib/python3.10/dist-packages/fake_interface_pkg/msg/_pose.py'...
-- Installing: /ros2_ws/install/fake_interface_pkg/local/lib/python3.10/dist-packages/fake_interface_pkg/fake_interface_pkg_s__rosidl_typesupport_fastrtps_c.cpython-310-x86_64-linux-gnu.so
-- Set runtime path of "/ros2_ws/install/fake_interface_pkg/local/lib/python3.10/dist-packages/fake_interface_pkg/fake_interface_pkg_s__rosidl_typesupport_fastrtps_c.cpython-310-x86_64-linux-gnu.so" to ""
-- Installing: /ros2_ws/install/fake_interface_pkg/local/lib/python3.10/dist-packages/fake_interface_pkg/fake_interface_pkg_s__rosidl_typesupport_introspection_c.cpython-310-x86_64-linux-gnu.so
-- Set runtime path of "/ros2_ws/install/fake_interface_pkg/local/lib/python3.10/dist-packages/fake_interface_pkg/fake_interface_pkg_s__rosidl_typesupport_introspection_c.cpython-310-x86_64-linux-gnu.so" to ""
-- Installing: /ros2_ws/install/fake_interface_pkg/local/lib/python3.10/dist-packages/fake_interface_pkg/fake_interface_pkg_s__rosidl_typesupport_c.cpython-310-x86_64-linux-gnu.so
-- Set runtime path of "/ros2_ws/install/fake_interface_pkg/local/lib/python3.10/dist-packages/fake_interface_pkg/fake_interface_pkg_s__rosidl_typesupport_c.cpython-310-x86_64-linux-gnu.so" to ""
-- Installing: /ros2_ws/install/fake_interface_pkg/lib/libfake_interface_pkg__rosidl_generator_py.so
-- Set runtime path of "/ros2_ws/install/fake_interface_pkg/lib/libfake_interface_pkg__rosidl_generator_py.so" to ""
-- Installing: /ros2_ws/install/fake_interface_pkg/share/ament_index/resource_index/rust_packages/fake_interface_pkg
-- Installing: /ros2_ws/install/fake_interface_pkg/share/fake_interface_pkg/rust
-- Installing: /ros2_ws/install/fake_interface_pkg/share/fake_interface_pkg/rust/src
-- Installing: /ros2_ws/install/fake_interface_pkg/share/fake_interface_pkg/rust/src/msg.rs
-- Installing: /ros2_ws/install/fake_interface_pkg/share/fake_interface_pkg/rust/src/lib.rs
-- Installing: /ros2_ws/install/fake_interface_pkg/share/fake_interface_pkg/rust/src/msg
-- Installing: /ros2_ws/install/fake_interface_pkg/share/fake_interface_pkg/rust/src/msg/rmw.rs
-- Installing: /ros2_ws/install/fake_interface_pkg/share/fake_interface_pkg/rust/build.rs
-- Installing: /ros2_ws/install/fake_interface_pkg/share/fake_interface_pkg/rust/Cargo.toml
-- Installing: /ros2_ws/install/fake_interface_pkg/share/fake_interface_pkg/msg/ObjectPose.idl
-- Installing: /ros2_ws/install/fake_interface_pkg/share/fake_interface_pkg/msg/Action.idl
-- Installing: /ros2_ws/install/fake_interface_pkg/share/fake_interface_pkg/msg/Pose.idl
-- Installing: /ros2_ws/install/fake_interface_pkg/share/fake_interface_pkg/msg/ActionPlan.idl
-- Installing: /ros2_ws/install/fake_interface_pkg/share/fake_interface_pkg/msg/KeypointPose.idl
-- Installing: /ros2_ws/install/fake_interface_pkg/share/fake_interface_pkg/msg/KeypointPoseArray.idl
-- Installing: /ros2_ws/install/fake_interface_pkg/share/fake_interface_pkg/msg/ObjectPose.msg
-- Installing: /ros2_ws/install/fake_interface_pkg/share/fake_interface_pkg/msg/Action.msg
-- Installing: /ros2_ws/install/fake_interface_pkg/share/fake_interface_pkg/msg/Pose.msg
-- Installing: /ros2_ws/install/fake_interface_pkg/share/fake_interface_pkg/msg/ActionPlan.msg
-- Installing: /ros2_ws/install/fake_interface_pkg/share/fake_interface_pkg/msg/KeypointPose.msg
-- Installing: /ros2_ws/install/fake_interface_pkg/share/fake_interface_pkg/msg/KeypointPoseArray.msg
-- Installing: /ros2_ws/install/fake_interface_pkg/share/ament_index/resource_index/package_run_dependencies/fake_interface_pkg
-- Installing: /ros2_ws/install/fake_interface_pkg/share/ament_index/resource_index/parent_prefix_path/fake_interface_pkg
-- Installing: /ros2_ws/install/fake_interface_pkg/share/fake_interface_pkg/environment/ament_prefix_path.sh
-- Installing: /ros2_ws/install/fake_interface_pkg/share/fake_interface_pkg/environment/ament_prefix_path.dsv
-- Installing: /ros2_ws/install/fake_interface_pkg/share/fake_interface_pkg/environment/path.sh
-- Installing: /ros2_ws/install/fake_interface_pkg/share/fake_interface_pkg/environment/path.dsv
-- Installing: /ros2_ws/install/fake_interface_pkg/share/fake_interface_pkg/local_setup.bash
-- Installing: /ros2_ws/install/fake_interface_pkg/share/fake_interface_pkg/local_setup.sh
-- Installing: /ros2_ws/install/fake_interface_pkg/share/fake_interface_pkg/local_setup.zsh
-- Installing: /ros2_ws/install/fake_interface_pkg/share/fake_interface_pkg/local_setup.dsv
-- Installing: /ros2_ws/install/fake_interface_pkg/share/fake_interface_pkg/package.dsv
-- Installing: /ros2_ws/install/fake_interface_pkg/share/ament_index/resource_index/packages/fake_interface_pkg
-- Installing: /ros2_ws/install/fake_interface_pkg/share/fake_interface_pkg/cmake/export_fake_interface_pkg__rosidl_generator_cExport.cmake
-- Installing: /ros2_ws/install/fake_interface_pkg/share/fake_interface_pkg/cmake/export_fake_interface_pkg__rosidl_generator_cExport-noconfig.cmake
-- Installing: /ros2_ws/install/fake_interface_pkg/share/fake_interface_pkg/cmake/export_fake_interface_pkg__rosidl_typesupport_fastrtps_cExport.cmake
-- Installing: /ros2_ws/install/fake_interface_pkg/share/fake_interface_pkg/cmake/export_fake_interface_pkg__rosidl_typesupport_fastrtps_cExport-noconfig.cmake
-- Installing: /ros2_ws/install/fake_interface_pkg/share/fake_interface_pkg/cmake/fake_interface_pkg__rosidl_typesupport_introspection_cExport.cmake
-- Installing: /ros2_ws/install/fake_interface_pkg/share/fake_interface_pkg/cmake/fake_interface_pkg__rosidl_typesupport_introspection_cExport-noconfig.cmake
-- Installing: /ros2_ws/install/fake_interface_pkg/share/fake_interface_pkg/cmake/fake_interface_pkg__rosidl_typesupport_cExport.cmake
-- Installing: /ros2_ws/install/fake_interface_pkg/share/fake_interface_pkg/cmake/fake_interface_pkg__rosidl_typesupport_cExport-noconfig.cmake
-- Installing: /ros2_ws/install/fake_interface_pkg/share/fake_interface_pkg/cmake/export_fake_interface_pkg__rosidl_generator_cppExport.cmake
-- Installing: /ros2_ws/install/fake_interface_pkg/share/fake_interface_pkg/cmake/export_fake_interface_pkg__rosidl_typesupport_fastrtps_cppExport.cmake
-- Installing: /ros2_ws/install/fake_interface_pkg/share/fake_interface_pkg/cmake/export_fake_interface_pkg__rosidl_typesupport_fastrtps_cppExport-noconfig.cmake
-- Installing: /ros2_ws/install/fake_interface_pkg/share/fake_interface_pkg/cmake/fake_interface_pkg__rosidl_typesupport_introspection_cppExport.cmake
-- Installing: /ros2_ws/install/fake_interface_pkg/share/fake_interface_pkg/cmake/fake_interface_pkg__rosidl_typesupport_introspection_cppExport-noconfig.cmake
-- Installing: /ros2_ws/install/fake_interface_pkg/share/fake_interface_pkg/cmake/fake_interface_pkg__rosidl_typesupport_cppExport.cmake
-- Installing: /ros2_ws/install/fake_interface_pkg/share/fake_interface_pkg/cmake/fake_interface_pkg__rosidl_typesupport_cppExport-noconfig.cmake
-- Installing: /ros2_ws/install/fake_interface_pkg/share/fake_interface_pkg/cmake/export_fake_interface_pkg__rosidl_generator_pyExport.cmake
-- Installing: /ros2_ws/install/fake_interface_pkg/share/fake_interface_pkg/cmake/export_fake_interface_pkg__rosidl_generator_pyExport-noconfig.cmake
-- Installing: /ros2_ws/install/fake_interface_pkg/share/fake_interface_pkg/cmake/rosidl_cmake-extras.cmake
-- Installing: /ros2_ws/install/fake_interface_pkg/share/fake_interface_pkg/cmake/ament_cmake_export_dependencies-extras.cmake
-- Installing: /ros2_ws/install/fake_interface_pkg/share/fake_interface_pkg/cmake/ament_cmake_export_include_directories-extras.cmake
-- Installing: /ros2_ws/install/fake_interface_pkg/share/fake_interface_pkg/cmake/ament_cmake_export_libraries-extras.cmake
-- Installing: /ros2_ws/install/fake_interface_pkg/share/fake_interface_pkg/cmake/ament_cmake_export_targets-extras.cmake
-- Installing: /ros2_ws/install/fake_interface_pkg/share/fake_interface_pkg/cmake/rosidl_cmake_export_typesupport_targets-extras.cmake
-- Installing: /ros2_ws/install/fake_interface_pkg/share/fake_interface_pkg/cmake/rosidl_cmake_export_typesupport_libraries-extras.cmake
-- Installing: /ros2_ws/install/fake_interface_pkg/share/fake_interface_pkg/cmake/fake_interface_pkgConfig.cmake
-- Installing: /ros2_ws/install/fake_interface_pkg/share/fake_interface_pkg/cmake/fake_interface_pkgConfig-version.cmake
-- Installing: /ros2_ws/install/fake_interface_pkg/share/fake_interface_pkg/package.xml
