[0.005s] Invoking command in '/ros2_ws/build/fake_interface_pkg': /usr/bin/cmake /ros2_ws/src/fake_interface_pkg -DCATKIN_INSTALL_INTO_PREFIX_ROOT=0 -DCMAKE_INSTALL_PREFIX=/ros2_ws/install/fake_interface_pkg
[0.033s] -- The C compiler identification is GNU 11.4.0
[0.055s] -- The CXX compiler identification is GNU 11.4.0
[0.058s] -- Detecting C compiler ABI info
[0.085s] -- Detecting C compiler ABI info - done
[0.088s] -- Check for working C compiler: /usr/bin/cc - skipped
[0.088s] -- Detecting C compile features
[0.088s] -- Detecting C compile features - done
[0.090s] -- Detecting CXX compiler ABI info
[0.119s] -- Detecting CXX compiler ABI info - done
[0.122s] -- Check for working CXX compiler: /usr/bin/c++ - skipped
[0.122s] -- Detecting CXX compile features
[0.122s] -- Detecting CXX compile features - done
[0.125s] -- Found ament_cmake: 1.3.14 (/opt/ros/humble/share/ament_cmake/cmake)
[0.183s] -- Found Python3: /usr/bin/python3 (found version "3.10.12") found components: Interpreter 
[0.219s] -- Found rosidl_default_generators: 1.2.1 (/opt/ros/humble/share/rosidl_default_generators/cmake)
[0.220s] -- Using all available rosidl_typesupport_c: rosidl_typesupport_fastrtps_c;rosidl_typesupport_introspection_c
[0.222s] -- Found rosidl_adapter: 3.1.8 (/opt/ros/humble/share/rosidl_adapter/cmake)
[0.236s] -- Using all available rosidl_typesupport_cpp: rosidl_typesupport_fastrtps_cpp;rosidl_typesupport_introspection_cpp
[0.249s] -- Found geometry_msgs: 4.9.1 (/opt/ros/humble/share/geometry_msgs/cmake)
[0.392s] -- Found ament_cmake_ros: 0.10.0 (/opt/ros/humble/share/ament_cmake_ros/cmake)
[0.495s] -- Using all available rosidl_typesupport_c: rosidl_typesupport_fastrtps_c;rosidl_typesupport_introspection_c
[0.628s] -- Using all available rosidl_typesupport_cpp: rosidl_typesupport_fastrtps_cpp;rosidl_typesupport_introspection_cpp
[0.638s] -- Found PythonInterp: /usr/bin/python3 (found suitable version "3.10.12", minimum required is "3.6") 
[0.638s] -- Found python_cmake_module: 0.10.0 (/opt/ros/humble/share/python_cmake_module/cmake)
[0.649s] -- Found PythonLibs: /usr/lib/x86_64-linux-gnu/libpython3.10.so (found suitable version "3.10.12", minimum required is "3.5") 
[0.649s] -- Using PYTHON_EXECUTABLE: /usr/bin/python3
[0.649s] -- Using PYTHON_INCLUDE_DIRS: /usr/include/python3.10
[0.649s] -- Using PYTHON_LIBRARIES: /usr/lib/x86_64-linux-gnu/libpython3.10.so
[0.658s] -- Found PythonExtra: .so  
[0.715s] -- Configuring done
[0.732s] -- Generating done
[0.733s] CMake Warning:
[0.733s]   Manually-specified variables were not used by the project:
[0.733s] 
[0.733s]     CATKIN_INSTALL_INTO_PREFIX_ROOT
[0.733s] 
[0.734s] 
[0.738s] -- Build files have been written to: /ros2_ws/build/fake_interface_pkg
[0.743s] Invoked command in '/ros2_ws/build/fake_interface_pkg' returned '0': /usr/bin/cmake /ros2_ws/src/fake_interface_pkg -DCATKIN_INSTALL_INTO_PREFIX_ROOT=0 -DCMAKE_INSTALL_PREFIX=/ros2_ws/install/fake_interface_pkg
[0.744s] Invoking command in '/ros2_ws/build/fake_interface_pkg': /usr/bin/cmake --build /ros2_ws/build/fake_interface_pkg -- -j32 -l32
[0.762s] [  1%] Generating C code for ROS interfaces
[0.764s] [  2%] Generating Rust code for ROS interfaces
[0.764s] [  4%] Generating C++ code for ROS interfaces
[0.768s] [  4%] Built target ament_cmake_python_copy_fake_interface_pkg
[0.848s] running egg_info
[0.848s] creating fake_interface_pkg.egg-info
[0.848s] writing fake_interface_pkg.egg-info/PKG-INFO
[0.848s] writing dependency_links to fake_interface_pkg.egg-info/dependency_links.txt
[0.848s] writing top-level names to fake_interface_pkg.egg-info/top_level.txt
[0.848s] writing manifest file 'fake_interface_pkg.egg-info/SOURCES.txt'
[0.849s] reading manifest file 'fake_interface_pkg.egg-info/SOURCES.txt'
[0.849s] writing manifest file 'fake_interface_pkg.egg-info/SOURCES.txt'
[0.861s] [  4%] Built target ament_cmake_python_build_fake_interface_pkg_egg
[0.932s] [  4%] Built target fake_interface_pkg__rs
[0.997s] [  4%] Built target fake_interface_pkg__cpp
[1.002s] [  5%] Generating C++ type support for eProsima Fast-RTPS
[1.002s] [  6%] Generating C++ type support dispatch for ROS interfaces
[1.003s] [  8%] Generating C++ introspection for ROS interfaces
[1.012s] [  9%] Building C object CMakeFiles/fake_interface_pkg__rosidl_generator_c.dir/rosidl_generator_c/fake_interface_pkg/msg/detail/object_pose__functions.c.o
[1.012s] [ 12%] Building C object CMakeFiles/fake_interface_pkg__rosidl_generator_c.dir/rosidl_generator_c/fake_interface_pkg/msg/detail/keypoint_pose__functions.c.o
[1.012s] [ 13%] Building C object CMakeFiles/fake_interface_pkg__rosidl_generator_c.dir/rosidl_generator_c/fake_interface_pkg/msg/detail/action__functions.c.o
[1.012s] [ 13%] Building C object CMakeFiles/fake_interface_pkg__rosidl_generator_c.dir/rosidl_generator_c/fake_interface_pkg/msg/detail/keypoint_pose_array__functions.c.o
[1.013s] [ 15%] Building C object CMakeFiles/fake_interface_pkg__rosidl_generator_c.dir/rosidl_generator_c/fake_interface_pkg/msg/detail/pose__functions.c.o
[1.013s] [ 16%] Building C object CMakeFiles/fake_interface_pkg__rosidl_generator_c.dir/rosidl_generator_c/fake_interface_pkg/msg/detail/action_plan__functions.c.o
[1.035s] [ 18%] Linking C shared library libfake_interface_pkg__rosidl_generator_c.so
[1.050s] [ 18%] Built target fake_interface_pkg__rosidl_generator_c
[1.054s] [ 20%] Generating C type support for eProsima Fast-RTPS
[1.054s] [ 20%] Generating C introspection for ROS interfaces
[1.055s] [ 22%] Generating C type support dispatch for ROS interfaces
[1.197s] [ 23%] Building CXX object CMakeFiles/fake_interface_pkg__rosidl_typesupport_cpp.dir/rosidl_typesupport_cpp/fake_interface_pkg/msg/object_pose__type_support.cpp.o
[1.197s] [ 25%] Building CXX object CMakeFiles/fake_interface_pkg__rosidl_typesupport_cpp.dir/rosidl_typesupport_cpp/fake_interface_pkg/msg/action_plan__type_support.cpp.o
[1.197s] [ 26%] Building CXX object CMakeFiles/fake_interface_pkg__rosidl_typesupport_cpp.dir/rosidl_typesupport_cpp/fake_interface_pkg/msg/pose__type_support.cpp.o
[1.197s] [ 27%] Building CXX object CMakeFiles/fake_interface_pkg__rosidl_typesupport_cpp.dir/rosidl_typesupport_cpp/fake_interface_pkg/msg/keypoint_pose__type_support.cpp.o
[1.197s] [ 29%] Building CXX object CMakeFiles/fake_interface_pkg__rosidl_typesupport_cpp.dir/rosidl_typesupport_cpp/fake_interface_pkg/msg/keypoint_pose_array__type_support.cpp.o
[1.197s] [ 30%] Building CXX object CMakeFiles/fake_interface_pkg__rosidl_typesupport_cpp.dir/rosidl_typesupport_cpp/fake_interface_pkg/msg/action__type_support.cpp.o
[1.249s] [ 31%] Building CXX object CMakeFiles/fake_interface_pkg__rosidl_typesupport_introspection_cpp.dir/rosidl_typesupport_introspection_cpp/fake_interface_pkg/msg/detail/object_pose__type_support.cpp.o
[1.249s] [ 33%] Building CXX object CMakeFiles/fake_interface_pkg__rosidl_typesupport_introspection_cpp.dir/rosidl_typesupport_introspection_cpp/fake_interface_pkg/msg/detail/pose__type_support.cpp.o
[1.250s] [ 34%] Building CXX object CMakeFiles/fake_interface_pkg__rosidl_typesupport_introspection_cpp.dir/rosidl_typesupport_introspection_cpp/fake_interface_pkg/msg/detail/keypoint_pose__type_support.cpp.o
[1.250s] [ 36%] Building CXX object CMakeFiles/fake_interface_pkg__rosidl_typesupport_introspection_cpp.dir/rosidl_typesupport_introspection_cpp/fake_interface_pkg/msg/detail/action__type_support.cpp.o
[1.250s] [ 37%] Building CXX object CMakeFiles/fake_interface_pkg__rosidl_typesupport_introspection_cpp.dir/rosidl_typesupport_introspection_cpp/fake_interface_pkg/msg/detail/action_plan__type_support.cpp.o
[1.250s] [ 38%] Building CXX object CMakeFiles/fake_interface_pkg__rosidl_typesupport_introspection_cpp.dir/rosidl_typesupport_introspection_cpp/fake_interface_pkg/msg/detail/keypoint_pose_array__type_support.cpp.o
[1.251s] [ 40%] Building CXX object CMakeFiles/fake_interface_pkg__rosidl_typesupport_fastrtps_cpp.dir/rosidl_typesupport_fastrtps_cpp/fake_interface_pkg/msg/detail/dds_fastrtps/action__type_support.cpp.o
[1.251s] [ 41%] Building CXX object CMakeFiles/fake_interface_pkg__rosidl_typesupport_fastrtps_cpp.dir/rosidl_typesupport_fastrtps_cpp/fake_interface_pkg/msg/detail/dds_fastrtps/object_pose__type_support.cpp.o
[1.251s] [ 44%] Building CXX object CMakeFiles/fake_interface_pkg__rosidl_typesupport_fastrtps_cpp.dir/rosidl_typesupport_fastrtps_cpp/fake_interface_pkg/msg/detail/dds_fastrtps/action_plan__type_support.cpp.o
[1.251s] [ 44%] Building CXX object CMakeFiles/fake_interface_pkg__rosidl_typesupport_fastrtps_cpp.dir/rosidl_typesupport_fastrtps_cpp/fake_interface_pkg/msg/detail/dds_fastrtps/keypoint_pose__type_support.cpp.o
[1.251s] [ 47%] Building CXX object CMakeFiles/fake_interface_pkg__rosidl_typesupport_fastrtps_cpp.dir/rosidl_typesupport_fastrtps_cpp/fake_interface_pkg/msg/detail/dds_fastrtps/pose__type_support.cpp.o
[1.251s] [ 47%] Building CXX object CMakeFiles/fake_interface_pkg__rosidl_typesupport_fastrtps_cpp.dir/rosidl_typesupport_fastrtps_cpp/fake_interface_pkg/msg/detail/dds_fastrtps/keypoint_pose_array__type_support.cpp.o
[1.253s] [ 51%] Building CXX object CMakeFiles/fake_interface_pkg__rosidl_typesupport_c.dir/rosidl_typesupport_c/fake_interface_pkg/msg/action__type_support.cpp.o
[1.253s] [ 51%] Building CXX object CMakeFiles/fake_interface_pkg__rosidl_typesupport_c.dir/rosidl_typesupport_c/fake_interface_pkg/msg/pose__type_support.cpp.o
[1.253s] [ 51%] Building CXX object CMakeFiles/fake_interface_pkg__rosidl_typesupport_c.dir/rosidl_typesupport_c/fake_interface_pkg/msg/action_plan__type_support.cpp.o
[1.253s] [ 52%] Building CXX object CMakeFiles/fake_interface_pkg__rosidl_typesupport_c.dir/rosidl_typesupport_c/fake_interface_pkg/msg/object_pose__type_support.cpp.o
[1.255s] [ 54%] Building CXX object CMakeFiles/fake_interface_pkg__rosidl_typesupport_c.dir/rosidl_typesupport_c/fake_interface_pkg/msg/keypoint_pose__type_support.cpp.o
[1.256s] [ 55%] Building CXX object CMakeFiles/fake_interface_pkg__rosidl_typesupport_c.dir/rosidl_typesupport_c/fake_interface_pkg/msg/keypoint_pose_array__type_support.cpp.o
[1.284s] [ 56%] Linking CXX shared library libfake_interface_pkg__rosidl_typesupport_c.so
[1.316s] [ 56%] Built target fake_interface_pkg__rosidl_typesupport_c
[1.332s] [ 58%] Building C object CMakeFiles/fake_interface_pkg__rosidl_typesupport_introspection_c.dir/rosidl_typesupport_introspection_c/fake_interface_pkg/msg/detail/object_pose__type_support.c.o
[1.332s] [ 59%] Building C object CMakeFiles/fake_interface_pkg__rosidl_typesupport_introspection_c.dir/rosidl_typesupport_introspection_c/fake_interface_pkg/msg/detail/pose__type_support.c.o
[1.335s] [ 61%] Building C object CMakeFiles/fake_interface_pkg__rosidl_typesupport_introspection_c.dir/rosidl_typesupport_introspection_c/fake_interface_pkg/msg/detail/action__type_support.c.o
[1.336s] [ 62%] Building C object CMakeFiles/fake_interface_pkg__rosidl_typesupport_introspection_c.dir/rosidl_typesupport_introspection_c/fake_interface_pkg/msg/detail/action_plan__type_support.c.o
[1.341s] [ 63%] Building CXX object CMakeFiles/fake_interface_pkg__rosidl_typesupport_fastrtps_c.dir/rosidl_typesupport_fastrtps_c/fake_interface_pkg/msg/detail/object_pose__type_support_c.cpp.o
[1.341s] [ 65%] Building CXX object CMakeFiles/fake_interface_pkg__rosidl_typesupport_fastrtps_c.dir/rosidl_typesupport_fastrtps_c/fake_interface_pkg/msg/detail/action__type_support_c.cpp.o
[1.342s] [ 66%] Building CXX object CMakeFiles/fake_interface_pkg__rosidl_typesupport_fastrtps_c.dir/rosidl_typesupport_fastrtps_c/fake_interface_pkg/msg/detail/pose__type_support_c.cpp.o
[1.342s] [ 68%] Building C object CMakeFiles/fake_interface_pkg__rosidl_typesupport_introspection_c.dir/rosidl_typesupport_introspection_c/fake_interface_pkg/msg/detail/keypoint_pose_array__type_support.c.o
[1.347s] [ 69%] Building C object CMakeFiles/fake_interface_pkg__rosidl_typesupport_introspection_c.dir/rosidl_typesupport_introspection_c/fake_interface_pkg/msg/detail/keypoint_pose__type_support.c.o
[1.347s] [ 70%] Building CXX object CMakeFiles/fake_interface_pkg__rosidl_typesupport_fastrtps_c.dir/rosidl_typesupport_fastrtps_c/fake_interface_pkg/msg/detail/action_plan__type_support_c.cpp.o
[1.354s] [ 72%] Building CXX object CMakeFiles/fake_interface_pkg__rosidl_typesupport_fastrtps_c.dir/rosidl_typesupport_fastrtps_c/fake_interface_pkg/msg/detail/keypoint_pose__type_support_c.cpp.o
[1.360s] [ 73%] Building CXX object CMakeFiles/fake_interface_pkg__rosidl_typesupport_fastrtps_c.dir/rosidl_typesupport_fastrtps_c/fake_interface_pkg/msg/detail/keypoint_pose_array__type_support_c.cpp.o
[1.378s] [ 75%] Linking CXX shared library libfake_interface_pkg__rosidl_typesupport_cpp.so
[1.409s] [ 76%] Linking C shared library libfake_interface_pkg__rosidl_typesupport_introspection_c.so
[1.445s] [ 76%] Built target fake_interface_pkg__rosidl_typesupport_cpp
[1.459s] [ 76%] Built target fake_interface_pkg__rosidl_typesupport_introspection_c
[1.629s] [ 77%] Linking CXX shared library libfake_interface_pkg__rosidl_typesupport_introspection_cpp.so
[1.647s] [ 79%] Linking CXX shared library libfake_interface_pkg__rosidl_typesupport_fastrtps_c.so
[1.670s] [ 80%] Linking CXX shared library libfake_interface_pkg__rosidl_typesupport_fastrtps_cpp.so
[1.721s] [ 80%] Built target fake_interface_pkg__rosidl_typesupport_introspection_cpp
[1.722s] [ 80%] Built target fake_interface_pkg__rosidl_typesupport_fastrtps_c
[1.762s] [ 80%] Built target fake_interface_pkg__rosidl_typesupport_fastrtps_cpp
[1.777s] [ 80%] Built target fake_interface_pkg
[1.796s] [ 81%] Generating Python code for ROS interfaces
[2.201s] [ 81%] Built target fake_interface_pkg__py
[2.208s] [ 83%] Building C object CMakeFiles/fake_interface_pkg__rosidl_generator_py.dir/rosidl_generator_py/fake_interface_pkg/msg/_object_pose_s.c.o
[2.209s] [ 84%] Building C object CMakeFiles/fake_interface_pkg__rosidl_generator_py.dir/rosidl_generator_py/fake_interface_pkg/msg/_action_s.c.o
[2.209s] [ 86%] Building C object CMakeFiles/fake_interface_pkg__rosidl_generator_py.dir/rosidl_generator_py/fake_interface_pkg/msg/_keypoint_pose_s.c.o
[2.209s] [ 88%] Building C object CMakeFiles/fake_interface_pkg__rosidl_generator_py.dir/rosidl_generator_py/fake_interface_pkg/msg/_pose_s.c.o
[2.209s] [ 88%] Building C object CMakeFiles/fake_interface_pkg__rosidl_generator_py.dir/rosidl_generator_py/fake_interface_pkg/msg/_keypoint_pose_array_s.c.o
[2.210s] [ 90%] Building C object CMakeFiles/fake_interface_pkg__rosidl_generator_py.dir/rosidl_generator_py/fake_interface_pkg/msg/_action_plan_s.c.o
[2.262s] [ 91%] Linking C shared library rosidl_generator_py/fake_interface_pkg/libfake_interface_pkg__rosidl_generator_py.so
[2.280s] [ 91%] Built target fake_interface_pkg__rosidl_generator_py
[2.288s] [ 95%] Building C object CMakeFiles/fake_interface_pkg__rosidl_typesupport_introspection_c__pyext.dir/rosidl_generator_py/fake_interface_pkg/_fake_interface_pkg_s.ep.rosidl_typesupport_introspection_c.c.o
[2.289s] [ 95%] Building C object CMakeFiles/fake_interface_pkg__rosidl_typesupport_fastrtps_c__pyext.dir/rosidl_generator_py/fake_interface_pkg/_fake_interface_pkg_s.ep.rosidl_typesupport_fastrtps_c.c.o
[2.289s] [ 95%] Building C object CMakeFiles/fake_interface_pkg__rosidl_typesupport_c__pyext.dir/rosidl_generator_py/fake_interface_pkg/_fake_interface_pkg_s.ep.rosidl_typesupport_c.c.o
[2.337s] [ 97%] Linking C shared library rosidl_generator_py/fake_interface_pkg/fake_interface_pkg_s__rosidl_typesupport_fastrtps_c.cpython-310-x86_64-linux-gnu.so
[2.338s] [ 98%] Linking C shared library rosidl_generator_py/fake_interface_pkg/fake_interface_pkg_s__rosidl_typesupport_introspection_c.cpython-310-x86_64-linux-gnu.so
[2.339s] [100%] Linking C shared library rosidl_generator_py/fake_interface_pkg/fake_interface_pkg_s__rosidl_typesupport_c.cpython-310-x86_64-linux-gnu.so
[2.353s] [100%] Built target fake_interface_pkg__rosidl_typesupport_fastrtps_c__pyext
[2.354s] [100%] Built target fake_interface_pkg__rosidl_typesupport_introspection_c__pyext
[2.355s] [100%] Built target fake_interface_pkg__rosidl_typesupport_c__pyext
[2.361s] Invoked command in '/ros2_ws/build/fake_interface_pkg' returned '0': /usr/bin/cmake --build /ros2_ws/build/fake_interface_pkg -- -j32 -l32
[2.367s] Invoking command in '/ros2_ws/build/fake_interface_pkg': /usr/bin/cmake --install /ros2_ws/build/fake_interface_pkg
[2.370s] -- Install configuration: ""
[2.370s] -- Installing: /ros2_ws/install/fake_interface_pkg/share/ament_index/resource_index/rosidl_interfaces/fake_interface_pkg
[2.370s] -- Installing: /ros2_ws/install/fake_interface_pkg/include/fake_interface_pkg/fake_interface_pkg
[2.370s] -- Installing: /ros2_ws/install/fake_interface_pkg/include/fake_interface_pkg/fake_interface_pkg/msg
[2.371s] -- Installing: /ros2_ws/install/fake_interface_pkg/include/fake_interface_pkg/fake_interface_pkg/msg/pose.h
[2.371s] -- Installing: /ros2_ws/install/fake_interface_pkg/include/fake_interface_pkg/fake_interface_pkg/msg/action_plan.h
[2.371s] -- Installing: /ros2_ws/install/fake_interface_pkg/include/fake_interface_pkg/fake_interface_pkg/msg/rosidl_generator_c__visibility_control.h
[2.371s] -- Installing: /ros2_ws/install/fake_interface_pkg/include/fake_interface_pkg/fake_interface_pkg/msg/detail
[2.371s] -- Installing: /ros2_ws/install/fake_interface_pkg/include/fake_interface_pkg/fake_interface_pkg/msg/detail/keypoint_pose__functions.c
[2.371s] -- Installing: /ros2_ws/install/fake_interface_pkg/include/fake_interface_pkg/fake_interface_pkg/msg/detail/keypoint_pose_array__functions.h
[2.371s] -- Installing: /ros2_ws/install/fake_interface_pkg/include/fake_interface_pkg/fake_interface_pkg/msg/detail/object_pose__struct.h
[2.371s] -- Installing: /ros2_ws/install/fake_interface_pkg/include/fake_interface_pkg/fake_interface_pkg/msg/detail/pose__struct.h
[2.371s] -- Installing: /ros2_ws/install/fake_interface_pkg/include/fake_interface_pkg/fake_interface_pkg/msg/detail/keypoint_pose__functions.h
[2.371s] -- Installing: /ros2_ws/install/fake_interface_pkg/include/fake_interface_pkg/fake_interface_pkg/msg/detail/action_plan__functions.h
[2.371s] -- Installing: /ros2_ws/install/fake_interface_pkg/include/fake_interface_pkg/fake_interface_pkg/msg/detail/pose__functions.c
[2.371s] -- Installing: /ros2_ws/install/fake_interface_pkg/include/fake_interface_pkg/fake_interface_pkg/msg/detail/pose__functions.h
[2.371s] -- Installing: /ros2_ws/install/fake_interface_pkg/include/fake_interface_pkg/fake_interface_pkg/msg/detail/action__struct.h
[2.371s] -- Installing: /ros2_ws/install/fake_interface_pkg/include/fake_interface_pkg/fake_interface_pkg/msg/detail/object_pose__functions.c
[2.372s] -- Installing: /ros2_ws/install/fake_interface_pkg/include/fake_interface_pkg/fake_interface_pkg/msg/detail/action_plan__functions.c
[2.372s] -- Installing: /ros2_ws/install/fake_interface_pkg/include/fake_interface_pkg/fake_interface_pkg/msg/detail/keypoint_pose_array__type_support.h
[2.372s] -- Installing: /ros2_ws/install/fake_interface_pkg/include/fake_interface_pkg/fake_interface_pkg/msg/detail/action_plan__type_support.h
[2.372s] -- Installing: /ros2_ws/install/fake_interface_pkg/include/fake_interface_pkg/fake_interface_pkg/msg/detail/action_plan__struct.h
[2.372s] -- Installing: /ros2_ws/install/fake_interface_pkg/include/fake_interface_pkg/fake_interface_pkg/msg/detail/action__type_support.h
[2.372s] -- Installing: /ros2_ws/install/fake_interface_pkg/include/fake_interface_pkg/fake_interface_pkg/msg/detail/pose__type_support.h
[2.372s] -- Installing: /ros2_ws/install/fake_interface_pkg/include/fake_interface_pkg/fake_interface_pkg/msg/detail/action__functions.h
[2.372s] -- Installing: /ros2_ws/install/fake_interface_pkg/include/fake_interface_pkg/fake_interface_pkg/msg/detail/action__functions.c
[2.372s] -- Installing: /ros2_ws/install/fake_interface_pkg/include/fake_interface_pkg/fake_interface_pkg/msg/detail/keypoint_pose__struct.h
[2.372s] -- Installing: /ros2_ws/install/fake_interface_pkg/include/fake_interface_pkg/fake_interface_pkg/msg/detail/object_pose__functions.h
[2.372s] -- Installing: /ros2_ws/install/fake_interface_pkg/include/fake_interface_pkg/fake_interface_pkg/msg/detail/keypoint_pose__type_support.h
[2.372s] -- Installing: /ros2_ws/install/fake_interface_pkg/include/fake_interface_pkg/fake_interface_pkg/msg/detail/keypoint_pose_array__struct.h
[2.372s] -- Installing: /ros2_ws/install/fake_interface_pkg/include/fake_interface_pkg/fake_interface_pkg/msg/detail/keypoint_pose_array__functions.c
[2.372s] -- Installing: /ros2_ws/install/fake_interface_pkg/include/fake_interface_pkg/fake_interface_pkg/msg/detail/object_pose__type_support.h
[2.372s] -- Installing: /ros2_ws/install/fake_interface_pkg/include/fake_interface_pkg/fake_interface_pkg/msg/keypoint_pose_array.h
[2.372s] -- Installing: /ros2_ws/install/fake_interface_pkg/include/fake_interface_pkg/fake_interface_pkg/msg/keypoint_pose.h
[2.372s] -- Installing: /ros2_ws/install/fake_interface_pkg/include/fake_interface_pkg/fake_interface_pkg/msg/object_pose.h
[2.372s] -- Installing: /ros2_ws/install/fake_interface_pkg/include/fake_interface_pkg/fake_interface_pkg/msg/action.h
[2.372s] -- Installing: /ros2_ws/install/fake_interface_pkg/share/fake_interface_pkg/environment/library_path.sh
[2.373s] -- Installing: /ros2_ws/install/fake_interface_pkg/share/fake_interface_pkg/environment/library_path.dsv
[2.373s] -- Installing: /ros2_ws/install/fake_interface_pkg/lib/libfake_interface_pkg__rosidl_generator_c.so
[2.373s] -- Set runtime path of "/ros2_ws/install/fake_interface_pkg/lib/libfake_interface_pkg__rosidl_generator_c.so" to ""
[2.373s] -- Up-to-date: /ros2_ws/install/fake_interface_pkg/include/fake_interface_pkg/fake_interface_pkg
[2.373s] -- Up-to-date: /ros2_ws/install/fake_interface_pkg/include/fake_interface_pkg/fake_interface_pkg/msg
[2.373s] -- Up-to-date: /ros2_ws/install/fake_interface_pkg/include/fake_interface_pkg/fake_interface_pkg/msg/detail
[2.373s] -- Installing: /ros2_ws/install/fake_interface_pkg/include/fake_interface_pkg/fake_interface_pkg/msg/detail/pose__rosidl_typesupport_fastrtps_c.h
[2.373s] -- Installing: /ros2_ws/install/fake_interface_pkg/include/fake_interface_pkg/fake_interface_pkg/msg/detail/keypoint_pose__rosidl_typesupport_fastrtps_c.h
[2.373s] -- Installing: /ros2_ws/install/fake_interface_pkg/include/fake_interface_pkg/fake_interface_pkg/msg/detail/keypoint_pose_array__rosidl_typesupport_fastrtps_c.h
[2.374s] -- Installing: /ros2_ws/install/fake_interface_pkg/include/fake_interface_pkg/fake_interface_pkg/msg/detail/action__rosidl_typesupport_fastrtps_c.h
[2.374s] -- Installing: /ros2_ws/install/fake_interface_pkg/include/fake_interface_pkg/fake_interface_pkg/msg/detail/object_pose__rosidl_typesupport_fastrtps_c.h
[2.374s] -- Installing: /ros2_ws/install/fake_interface_pkg/include/fake_interface_pkg/fake_interface_pkg/msg/detail/action_plan__rosidl_typesupport_fastrtps_c.h
[2.374s] -- Installing: /ros2_ws/install/fake_interface_pkg/include/fake_interface_pkg/fake_interface_pkg/msg/rosidl_typesupport_fastrtps_c__visibility_control.h
[2.374s] -- Installing: /ros2_ws/install/fake_interface_pkg/lib/libfake_interface_pkg__rosidl_typesupport_fastrtps_c.so
[2.374s] -- Set runtime path of "/ros2_ws/install/fake_interface_pkg/lib/libfake_interface_pkg__rosidl_typesupport_fastrtps_c.so" to ""
[2.374s] -- Up-to-date: /ros2_ws/install/fake_interface_pkg/include/fake_interface_pkg/fake_interface_pkg
[2.374s] -- Up-to-date: /ros2_ws/install/fake_interface_pkg/include/fake_interface_pkg/fake_interface_pkg/msg
[2.374s] -- Installing: /ros2_ws/install/fake_interface_pkg/include/fake_interface_pkg/fake_interface_pkg/msg/rosidl_typesupport_introspection_c__visibility_control.h
[2.374s] -- Up-to-date: /ros2_ws/install/fake_interface_pkg/include/fake_interface_pkg/fake_interface_pkg/msg/detail
[2.374s] -- Installing: /ros2_ws/install/fake_interface_pkg/include/fake_interface_pkg/fake_interface_pkg/msg/detail/keypoint_pose__rosidl_typesupport_introspection_c.h
[2.374s] -- Installing: /ros2_ws/install/fake_interface_pkg/include/fake_interface_pkg/fake_interface_pkg/msg/detail/pose__type_support.c
[2.374s] -- Installing: /ros2_ws/install/fake_interface_pkg/include/fake_interface_pkg/fake_interface_pkg/msg/detail/keypoint_pose_array__rosidl_typesupport_introspection_c.h
[2.374s] -- Installing: /ros2_ws/install/fake_interface_pkg/include/fake_interface_pkg/fake_interface_pkg/msg/detail/keypoint_pose_array__type_support.c
[2.374s] -- Installing: /ros2_ws/install/fake_interface_pkg/include/fake_interface_pkg/fake_interface_pkg/msg/detail/action_plan__rosidl_typesupport_introspection_c.h
[2.374s] -- Installing: /ros2_ws/install/fake_interface_pkg/include/fake_interface_pkg/fake_interface_pkg/msg/detail/action__type_support.c
[2.374s] -- Installing: /ros2_ws/install/fake_interface_pkg/include/fake_interface_pkg/fake_interface_pkg/msg/detail/keypoint_pose__type_support.c
[2.374s] -- Installing: /ros2_ws/install/fake_interface_pkg/include/fake_interface_pkg/fake_interface_pkg/msg/detail/pose__rosidl_typesupport_introspection_c.h
[2.374s] -- Installing: /ros2_ws/install/fake_interface_pkg/include/fake_interface_pkg/fake_interface_pkg/msg/detail/action_plan__type_support.c
[2.374s] -- Installing: /ros2_ws/install/fake_interface_pkg/include/fake_interface_pkg/fake_interface_pkg/msg/detail/object_pose__type_support.c
[2.374s] -- Installing: /ros2_ws/install/fake_interface_pkg/include/fake_interface_pkg/fake_interface_pkg/msg/detail/object_pose__rosidl_typesupport_introspection_c.h
[2.374s] -- Installing: /ros2_ws/install/fake_interface_pkg/include/fake_interface_pkg/fake_interface_pkg/msg/detail/action__rosidl_typesupport_introspection_c.h
[2.374s] -- Installing: /ros2_ws/install/fake_interface_pkg/lib/libfake_interface_pkg__rosidl_typesupport_introspection_c.so
[2.374s] -- Set runtime path of "/ros2_ws/install/fake_interface_pkg/lib/libfake_interface_pkg__rosidl_typesupport_introspection_c.so" to ""
[2.374s] -- Installing: /ros2_ws/install/fake_interface_pkg/lib/libfake_interface_pkg__rosidl_typesupport_c.so
[2.374s] -- Set runtime path of "/ros2_ws/install/fake_interface_pkg/lib/libfake_interface_pkg__rosidl_typesupport_c.so" to ""
[2.374s] -- Up-to-date: /ros2_ws/install/fake_interface_pkg/include/fake_interface_pkg/fake_interface_pkg
[2.374s] -- Up-to-date: /ros2_ws/install/fake_interface_pkg/include/fake_interface_pkg/fake_interface_pkg/msg
[2.375s] -- Installing: /ros2_ws/install/fake_interface_pkg/include/fake_interface_pkg/fake_interface_pkg/msg/action_plan.hpp
[2.375s] -- Installing: /ros2_ws/install/fake_interface_pkg/include/fake_interface_pkg/fake_interface_pkg/msg/object_pose.hpp
[2.375s] -- Installing: /ros2_ws/install/fake_interface_pkg/include/fake_interface_pkg/fake_interface_pkg/msg/pose.hpp
[2.375s] -- Installing: /ros2_ws/install/fake_interface_pkg/include/fake_interface_pkg/fake_interface_pkg/msg/action.hpp
[2.375s] -- Installing: /ros2_ws/install/fake_interface_pkg/include/fake_interface_pkg/fake_interface_pkg/msg/keypoint_pose_array.hpp
[2.375s] -- Up-to-date: /ros2_ws/install/fake_interface_pkg/include/fake_interface_pkg/fake_interface_pkg/msg/detail
[2.375s] -- Installing: /ros2_ws/install/fake_interface_pkg/include/fake_interface_pkg/fake_interface_pkg/msg/detail/action_plan__traits.hpp
[2.375s] -- Installing: /ros2_ws/install/fake_interface_pkg/include/fake_interface_pkg/fake_interface_pkg/msg/detail/action__builder.hpp
[2.375s] -- Installing: /ros2_ws/install/fake_interface_pkg/include/fake_interface_pkg/fake_interface_pkg/msg/detail/action_plan__type_support.hpp
[2.375s] -- Installing: /ros2_ws/install/fake_interface_pkg/include/fake_interface_pkg/fake_interface_pkg/msg/detail/pose__struct.hpp
[2.375s] -- Installing: /ros2_ws/install/fake_interface_pkg/include/fake_interface_pkg/fake_interface_pkg/msg/detail/keypoint_pose__traits.hpp
[2.375s] -- Installing: /ros2_ws/install/fake_interface_pkg/include/fake_interface_pkg/fake_interface_pkg/msg/detail/keypoint_pose_array__type_support.hpp
[2.375s] -- Installing: /ros2_ws/install/fake_interface_pkg/include/fake_interface_pkg/fake_interface_pkg/msg/detail/keypoint_pose__type_support.hpp
[2.375s] -- Installing: /ros2_ws/install/fake_interface_pkg/include/fake_interface_pkg/fake_interface_pkg/msg/detail/pose__type_support.hpp
[2.375s] -- Installing: /ros2_ws/install/fake_interface_pkg/include/fake_interface_pkg/fake_interface_pkg/msg/detail/keypoint_pose_array__struct.hpp
[2.375s] -- Installing: /ros2_ws/install/fake_interface_pkg/include/fake_interface_pkg/fake_interface_pkg/msg/detail/object_pose__traits.hpp
[2.376s] -- Installing: /ros2_ws/install/fake_interface_pkg/include/fake_interface_pkg/fake_interface_pkg/msg/detail/pose__traits.hpp
[2.376s] -- Installing: /ros2_ws/install/fake_interface_pkg/include/fake_interface_pkg/fake_interface_pkg/msg/detail/action__type_support.hpp
[2.376s] -- Installing: /ros2_ws/install/fake_interface_pkg/include/fake_interface_pkg/fake_interface_pkg/msg/detail/keypoint_pose__builder.hpp
[2.376s] -- Installing: /ros2_ws/install/fake_interface_pkg/include/fake_interface_pkg/fake_interface_pkg/msg/detail/keypoint_pose_array__builder.hpp
[2.376s] -- Installing: /ros2_ws/install/fake_interface_pkg/include/fake_interface_pkg/fake_interface_pkg/msg/detail/object_pose__type_support.hpp
[2.376s] -- Installing: /ros2_ws/install/fake_interface_pkg/include/fake_interface_pkg/fake_interface_pkg/msg/detail/object_pose__builder.hpp
[2.376s] -- Installing: /ros2_ws/install/fake_interface_pkg/include/fake_interface_pkg/fake_interface_pkg/msg/detail/action_plan__builder.hpp
[2.376s] -- Installing: /ros2_ws/install/fake_interface_pkg/include/fake_interface_pkg/fake_interface_pkg/msg/detail/keypoint_pose_array__traits.hpp
[2.376s] -- Installing: /ros2_ws/install/fake_interface_pkg/include/fake_interface_pkg/fake_interface_pkg/msg/detail/pose__builder.hpp
[2.376s] -- Installing: /ros2_ws/install/fake_interface_pkg/include/fake_interface_pkg/fake_interface_pkg/msg/detail/action__traits.hpp
[2.376s] -- Installing: /ros2_ws/install/fake_interface_pkg/include/fake_interface_pkg/fake_interface_pkg/msg/detail/action__struct.hpp
[2.376s] -- Installing: /ros2_ws/install/fake_interface_pkg/include/fake_interface_pkg/fake_interface_pkg/msg/detail/action_plan__struct.hpp
[2.376s] -- Installing: /ros2_ws/install/fake_interface_pkg/include/fake_interface_pkg/fake_interface_pkg/msg/detail/object_pose__struct.hpp
[2.376s] -- Installing: /ros2_ws/install/fake_interface_pkg/include/fake_interface_pkg/fake_interface_pkg/msg/detail/keypoint_pose__struct.hpp
[2.376s] -- Installing: /ros2_ws/install/fake_interface_pkg/include/fake_interface_pkg/fake_interface_pkg/msg/keypoint_pose.hpp
[2.376s] -- Installing: /ros2_ws/install/fake_interface_pkg/include/fake_interface_pkg/fake_interface_pkg/msg/rosidl_generator_cpp__visibility_control.hpp
[2.376s] -- Up-to-date: /ros2_ws/install/fake_interface_pkg/include/fake_interface_pkg/fake_interface_pkg
[2.376s] -- Up-to-date: /ros2_ws/install/fake_interface_pkg/include/fake_interface_pkg/fake_interface_pkg/msg
[2.376s] -- Up-to-date: /ros2_ws/install/fake_interface_pkg/include/fake_interface_pkg/fake_interface_pkg/msg/detail
[2.376s] -- Installing: /ros2_ws/install/fake_interface_pkg/include/fake_interface_pkg/fake_interface_pkg/msg/detail/action_plan__rosidl_typesupport_fastrtps_cpp.hpp
[2.376s] -- Installing: /ros2_ws/install/fake_interface_pkg/include/fake_interface_pkg/fake_interface_pkg/msg/detail/keypoint_pose_array__rosidl_typesupport_fastrtps_cpp.hpp
[2.376s] -- Installing: /ros2_ws/install/fake_interface_pkg/include/fake_interface_pkg/fake_interface_pkg/msg/detail/action__rosidl_typesupport_fastrtps_cpp.hpp
[2.376s] -- Installing: /ros2_ws/install/fake_interface_pkg/include/fake_interface_pkg/fake_interface_pkg/msg/detail/object_pose__rosidl_typesupport_fastrtps_cpp.hpp
[2.376s] -- Installing: /ros2_ws/install/fake_interface_pkg/include/fake_interface_pkg/fake_interface_pkg/msg/detail/pose__rosidl_typesupport_fastrtps_cpp.hpp
[2.376s] -- Installing: /ros2_ws/install/fake_interface_pkg/include/fake_interface_pkg/fake_interface_pkg/msg/detail/dds_fastrtps
[2.376s] -- Installing: /ros2_ws/install/fake_interface_pkg/include/fake_interface_pkg/fake_interface_pkg/msg/detail/keypoint_pose__rosidl_typesupport_fastrtps_cpp.hpp
[2.376s] -- Installing: /ros2_ws/install/fake_interface_pkg/include/fake_interface_pkg/fake_interface_pkg/msg/rosidl_typesupport_fastrtps_cpp__visibility_control.h
[2.376s] -- Installing: /ros2_ws/install/fake_interface_pkg/lib/libfake_interface_pkg__rosidl_typesupport_fastrtps_cpp.so
[2.376s] -- Set runtime path of "/ros2_ws/install/fake_interface_pkg/lib/libfake_interface_pkg__rosidl_typesupport_fastrtps_cpp.so" to ""
[2.376s] -- Up-to-date: /ros2_ws/install/fake_interface_pkg/include/fake_interface_pkg/fake_interface_pkg
[2.376s] -- Up-to-date: /ros2_ws/install/fake_interface_pkg/include/fake_interface_pkg/fake_interface_pkg/msg
[2.376s] -- Up-to-date: /ros2_ws/install/fake_interface_pkg/include/fake_interface_pkg/fake_interface_pkg/msg/detail
[2.376s] -- Installing: /ros2_ws/install/fake_interface_pkg/include/fake_interface_pkg/fake_interface_pkg/msg/detail/action__rosidl_typesupport_introspection_cpp.hpp
[2.376s] -- Installing: /ros2_ws/install/fake_interface_pkg/include/fake_interface_pkg/fake_interface_pkg/msg/detail/keypoint_pose__rosidl_typesupport_introspection_cpp.hpp
[2.376s] -- Installing: /ros2_ws/install/fake_interface_pkg/include/fake_interface_pkg/fake_interface_pkg/msg/detail/action_plan__rosidl_typesupport_introspection_cpp.hpp
[2.376s] -- Installing: /ros2_ws/install/fake_interface_pkg/include/fake_interface_pkg/fake_interface_pkg/msg/detail/keypoint_pose_array__type_support.cpp
[2.376s] -- Installing: /ros2_ws/install/fake_interface_pkg/include/fake_interface_pkg/fake_interface_pkg/msg/detail/object_pose__rosidl_typesupport_introspection_cpp.hpp
[2.376s] -- Installing: /ros2_ws/install/fake_interface_pkg/include/fake_interface_pkg/fake_interface_pkg/msg/detail/action_plan__type_support.cpp
[2.376s] -- Installing: /ros2_ws/install/fake_interface_pkg/include/fake_interface_pkg/fake_interface_pkg/msg/detail/action__type_support.cpp
[2.376s] -- Installing: /ros2_ws/install/fake_interface_pkg/include/fake_interface_pkg/fake_interface_pkg/msg/detail/pose__type_support.cpp
[2.376s] -- Installing: /ros2_ws/install/fake_interface_pkg/include/fake_interface_pkg/fake_interface_pkg/msg/detail/keypoint_pose_array__rosidl_typesupport_introspection_cpp.hpp
[2.376s] -- Installing: /ros2_ws/install/fake_interface_pkg/include/fake_interface_pkg/fake_interface_pkg/msg/detail/pose__rosidl_typesupport_introspection_cpp.hpp
[2.376s] -- Installing: /ros2_ws/install/fake_interface_pkg/include/fake_interface_pkg/fake_interface_pkg/msg/detail/keypoint_pose__type_support.cpp
[2.376s] -- Installing: /ros2_ws/install/fake_interface_pkg/include/fake_interface_pkg/fake_interface_pkg/msg/detail/object_pose__type_support.cpp
[2.376s] -- Installing: /ros2_ws/install/fake_interface_pkg/lib/libfake_interface_pkg__rosidl_typesupport_introspection_cpp.so
[2.376s] -- Set runtime path of "/ros2_ws/install/fake_interface_pkg/lib/libfake_interface_pkg__rosidl_typesupport_introspection_cpp.so" to ""
[2.376s] -- Installing: /ros2_ws/install/fake_interface_pkg/lib/libfake_interface_pkg__rosidl_typesupport_cpp.so
[2.376s] -- Set runtime path of "/ros2_ws/install/fake_interface_pkg/lib/libfake_interface_pkg__rosidl_typesupport_cpp.so" to ""
[2.376s] -- Installing: /ros2_ws/install/fake_interface_pkg/share/fake_interface_pkg/environment/pythonpath.sh
[2.376s] -- Installing: /ros2_ws/install/fake_interface_pkg/share/fake_interface_pkg/environment/pythonpath.dsv
[2.376s] -- Installing: /ros2_ws/install/fake_interface_pkg/local/lib/python3.10/dist-packages/fake_interface_pkg-0.0.0-py3.10.egg-info
[2.376s] -- Installing: /ros2_ws/install/fake_interface_pkg/local/lib/python3.10/dist-packages/fake_interface_pkg-0.0.0-py3.10.egg-info/top_level.txt
[2.376s] -- Installing: /ros2_ws/install/fake_interface_pkg/local/lib/python3.10/dist-packages/fake_interface_pkg-0.0.0-py3.10.egg-info/SOURCES.txt
[2.376s] -- Installing: /ros2_ws/install/fake_interface_pkg/local/lib/python3.10/dist-packages/fake_interface_pkg-0.0.0-py3.10.egg-info/PKG-INFO
[2.376s] -- Installing: /ros2_ws/install/fake_interface_pkg/local/lib/python3.10/dist-packages/fake_interface_pkg-0.0.0-py3.10.egg-info/dependency_links.txt
[2.376s] -- Installing: /ros2_ws/install/fake_interface_pkg/local/lib/python3.10/dist-packages/fake_interface_pkg
[2.376s] -- Installing: /ros2_ws/install/fake_interface_pkg/local/lib/python3.10/dist-packages/fake_interface_pkg/libfake_interface_pkg__rosidl_generator_py.so
[2.377s] -- Installing: /ros2_ws/install/fake_interface_pkg/local/lib/python3.10/dist-packages/fake_interface_pkg/__init__.py
[2.377s] -- Installing: /ros2_ws/install/fake_interface_pkg/local/lib/python3.10/dist-packages/fake_interface_pkg/fake_interface_pkg_s__rosidl_typesupport_fastrtps_c.cpython-310-x86_64-linux-gnu.so
[2.377s] -- Installing: /ros2_ws/install/fake_interface_pkg/local/lib/python3.10/dist-packages/fake_interface_pkg/_fake_interface_pkg_s.ep.rosidl_typesupport_introspection_c.c
[2.377s] -- Installing: /ros2_ws/install/fake_interface_pkg/local/lib/python3.10/dist-packages/fake_interface_pkg/_fake_interface_pkg_s.ep.rosidl_typesupport_fastrtps_c.c
[2.377s] -- Installing: /ros2_ws/install/fake_interface_pkg/local/lib/python3.10/dist-packages/fake_interface_pkg/msg
[2.377s] -- Installing: /ros2_ws/install/fake_interface_pkg/local/lib/python3.10/dist-packages/fake_interface_pkg/msg/_action_s.c
[2.377s] -- Installing: /ros2_ws/install/fake_interface_pkg/local/lib/python3.10/dist-packages/fake_interface_pkg/msg/_keypoint_pose_s.c
[2.377s] -- Installing: /ros2_ws/install/fake_interface_pkg/local/lib/python3.10/dist-packages/fake_interface_pkg/msg/__init__.py
[2.377s] -- Installing: /ros2_ws/install/fake_interface_pkg/local/lib/python3.10/dist-packages/fake_interface_pkg/msg/_keypoint_pose_array_s.c
[2.377s] -- Installing: /ros2_ws/install/fake_interface_pkg/local/lib/python3.10/dist-packages/fake_interface_pkg/msg/_keypoint_pose.py
[2.377s] -- Installing: /ros2_ws/install/fake_interface_pkg/local/lib/python3.10/dist-packages/fake_interface_pkg/msg/_object_pose.py
[2.377s] -- Installing: /ros2_ws/install/fake_interface_pkg/local/lib/python3.10/dist-packages/fake_interface_pkg/msg/_pose_s.c
[2.377s] -- Installing: /ros2_ws/install/fake_interface_pkg/local/lib/python3.10/dist-packages/fake_interface_pkg/msg/_action_plan_s.c
[2.377s] -- Installing: /ros2_ws/install/fake_interface_pkg/local/lib/python3.10/dist-packages/fake_interface_pkg/msg/_object_pose_s.c
[2.377s] -- Installing: /ros2_ws/install/fake_interface_pkg/local/lib/python3.10/dist-packages/fake_interface_pkg/msg/_pose.py
[2.377s] -- Installing: /ros2_ws/install/fake_interface_pkg/local/lib/python3.10/dist-packages/fake_interface_pkg/msg/_action_plan.py
[2.377s] -- Installing: /ros2_ws/install/fake_interface_pkg/local/lib/python3.10/dist-packages/fake_interface_pkg/msg/_action.py
[2.377s] -- Installing: /ros2_ws/install/fake_interface_pkg/local/lib/python3.10/dist-packages/fake_interface_pkg/msg/_keypoint_pose_array.py
[2.377s] -- Installing: /ros2_ws/install/fake_interface_pkg/local/lib/python3.10/dist-packages/fake_interface_pkg/_fake_interface_pkg_s.ep.rosidl_typesupport_c.c
[2.377s] -- Installing: /ros2_ws/install/fake_interface_pkg/local/lib/python3.10/dist-packages/fake_interface_pkg/fake_interface_pkg_s__rosidl_typesupport_introspection_c.cpython-310-x86_64-linux-gnu.so
[2.377s] -- Installing: /ros2_ws/install/fake_interface_pkg/local/lib/python3.10/dist-packages/fake_interface_pkg/fake_interface_pkg_s__rosidl_typesupport_c.cpython-310-x86_64-linux-gnu.so
[2.392s] Listing '/ros2_ws/install/fake_interface_pkg/local/lib/python3.10/dist-packages/fake_interface_pkg'...
[2.392s] Compiling '/ros2_ws/install/fake_interface_pkg/local/lib/python3.10/dist-packages/fake_interface_pkg/__init__.py'...
[2.392s] Listing '/ros2_ws/install/fake_interface_pkg/local/lib/python3.10/dist-packages/fake_interface_pkg/msg'...
[2.392s] Compiling '/ros2_ws/install/fake_interface_pkg/local/lib/python3.10/dist-packages/fake_interface_pkg/msg/__init__.py'...
[2.392s] Compiling '/ros2_ws/install/fake_interface_pkg/local/lib/python3.10/dist-packages/fake_interface_pkg/msg/_action.py'...
[2.392s] Compiling '/ros2_ws/install/fake_interface_pkg/local/lib/python3.10/dist-packages/fake_interface_pkg/msg/_action_plan.py'...
[2.392s] Compiling '/ros2_ws/install/fake_interface_pkg/local/lib/python3.10/dist-packages/fake_interface_pkg/msg/_keypoint_pose.py'...
[2.392s] Compiling '/ros2_ws/install/fake_interface_pkg/local/lib/python3.10/dist-packages/fake_interface_pkg/msg/_keypoint_pose_array.py'...
[2.392s] Compiling '/ros2_ws/install/fake_interface_pkg/local/lib/python3.10/dist-packages/fake_interface_pkg/msg/_object_pose.py'...
[2.392s] Compiling '/ros2_ws/install/fake_interface_pkg/local/lib/python3.10/dist-packages/fake_interface_pkg/msg/_pose.py'...
[2.394s] -- Installing: /ros2_ws/install/fake_interface_pkg/local/lib/python3.10/dist-packages/fake_interface_pkg/fake_interface_pkg_s__rosidl_typesupport_fastrtps_c.cpython-310-x86_64-linux-gnu.so
[2.394s] -- Set runtime path of "/ros2_ws/install/fake_interface_pkg/local/lib/python3.10/dist-packages/fake_interface_pkg/fake_interface_pkg_s__rosidl_typesupport_fastrtps_c.cpython-310-x86_64-linux-gnu.so" to ""
[2.394s] -- Installing: /ros2_ws/install/fake_interface_pkg/local/lib/python3.10/dist-packages/fake_interface_pkg/fake_interface_pkg_s__rosidl_typesupport_introspection_c.cpython-310-x86_64-linux-gnu.so
[2.394s] -- Set runtime path of "/ros2_ws/install/fake_interface_pkg/local/lib/python3.10/dist-packages/fake_interface_pkg/fake_interface_pkg_s__rosidl_typesupport_introspection_c.cpython-310-x86_64-linux-gnu.so" to ""
[2.394s] -- Installing: /ros2_ws/install/fake_interface_pkg/local/lib/python3.10/dist-packages/fake_interface_pkg/fake_interface_pkg_s__rosidl_typesupport_c.cpython-310-x86_64-linux-gnu.so
[2.395s] -- Set runtime path of "/ros2_ws/install/fake_interface_pkg/local/lib/python3.10/dist-packages/fake_interface_pkg/fake_interface_pkg_s__rosidl_typesupport_c.cpython-310-x86_64-linux-gnu.so" to ""
[2.395s] -- Installing: /ros2_ws/install/fake_interface_pkg/lib/libfake_interface_pkg__rosidl_generator_py.so
[2.395s] -- Set runtime path of "/ros2_ws/install/fake_interface_pkg/lib/libfake_interface_pkg__rosidl_generator_py.so" to ""
[2.395s] -- Installing: /ros2_ws/install/fake_interface_pkg/share/ament_index/resource_index/rust_packages/fake_interface_pkg
[2.395s] -- Installing: /ros2_ws/install/fake_interface_pkg/share/fake_interface_pkg/rust
[2.395s] -- Installing: /ros2_ws/install/fake_interface_pkg/share/fake_interface_pkg/rust/src
[2.395s] -- Installing: /ros2_ws/install/fake_interface_pkg/share/fake_interface_pkg/rust/src/msg.rs
[2.395s] -- Installing: /ros2_ws/install/fake_interface_pkg/share/fake_interface_pkg/rust/src/lib.rs
[2.395s] -- Installing: /ros2_ws/install/fake_interface_pkg/share/fake_interface_pkg/rust/src/msg
[2.395s] -- Installing: /ros2_ws/install/fake_interface_pkg/share/fake_interface_pkg/rust/src/msg/rmw.rs
[2.395s] -- Installing: /ros2_ws/install/fake_interface_pkg/share/fake_interface_pkg/rust/build.rs
[2.395s] -- Installing: /ros2_ws/install/fake_interface_pkg/share/fake_interface_pkg/rust/Cargo.toml
[2.395s] -- Installing: /ros2_ws/install/fake_interface_pkg/share/fake_interface_pkg/msg/ObjectPose.idl
[2.395s] -- Installing: /ros2_ws/install/fake_interface_pkg/share/fake_interface_pkg/msg/Action.idl
[2.395s] -- Installing: /ros2_ws/install/fake_interface_pkg/share/fake_interface_pkg/msg/Pose.idl
[2.395s] -- Installing: /ros2_ws/install/fake_interface_pkg/share/fake_interface_pkg/msg/ActionPlan.idl
[2.395s] -- Installing: /ros2_ws/install/fake_interface_pkg/share/fake_interface_pkg/msg/KeypointPose.idl
[2.395s] -- Installing: /ros2_ws/install/fake_interface_pkg/share/fake_interface_pkg/msg/KeypointPoseArray.idl
[2.395s] -- Installing: /ros2_ws/install/fake_interface_pkg/share/fake_interface_pkg/msg/ObjectPose.msg
[2.395s] -- Installing: /ros2_ws/install/fake_interface_pkg/share/fake_interface_pkg/msg/Action.msg
[2.395s] -- Installing: /ros2_ws/install/fake_interface_pkg/share/fake_interface_pkg/msg/Pose.msg
[2.395s] -- Installing: /ros2_ws/install/fake_interface_pkg/share/fake_interface_pkg/msg/ActionPlan.msg
[2.395s] -- Installing: /ros2_ws/install/fake_interface_pkg/share/fake_interface_pkg/msg/KeypointPose.msg
[2.395s] -- Installing: /ros2_ws/install/fake_interface_pkg/share/fake_interface_pkg/msg/KeypointPoseArray.msg
[2.395s] -- Installing: /ros2_ws/install/fake_interface_pkg/share/ament_index/resource_index/package_run_dependencies/fake_interface_pkg
[2.395s] -- Installing: /ros2_ws/install/fake_interface_pkg/share/ament_index/resource_index/parent_prefix_path/fake_interface_pkg
[2.395s] -- Installing: /ros2_ws/install/fake_interface_pkg/share/fake_interface_pkg/environment/ament_prefix_path.sh
[2.395s] -- Installing: /ros2_ws/install/fake_interface_pkg/share/fake_interface_pkg/environment/ament_prefix_path.dsv
[2.395s] -- Installing: /ros2_ws/install/fake_interface_pkg/share/fake_interface_pkg/environment/path.sh
[2.395s] -- Installing: /ros2_ws/install/fake_interface_pkg/share/fake_interface_pkg/environment/path.dsv
[2.396s] -- Installing: /ros2_ws/install/fake_interface_pkg/share/fake_interface_pkg/local_setup.bash
[2.396s] -- Installing: /ros2_ws/install/fake_interface_pkg/share/fake_interface_pkg/local_setup.sh
[2.396s] -- Installing: /ros2_ws/install/fake_interface_pkg/share/fake_interface_pkg/local_setup.zsh
[2.396s] -- Installing: /ros2_ws/install/fake_interface_pkg/share/fake_interface_pkg/local_setup.dsv
[2.396s] -- Installing: /ros2_ws/install/fake_interface_pkg/share/fake_interface_pkg/package.dsv
[2.396s] -- Installing: /ros2_ws/install/fake_interface_pkg/share/ament_index/resource_index/packages/fake_interface_pkg
[2.396s] -- Installing: /ros2_ws/install/fake_interface_pkg/share/fake_interface_pkg/cmake/export_fake_interface_pkg__rosidl_generator_cExport.cmake
[2.396s] -- Installing: /ros2_ws/install/fake_interface_pkg/share/fake_interface_pkg/cmake/export_fake_interface_pkg__rosidl_generator_cExport-noconfig.cmake
[2.396s] -- Installing: /ros2_ws/install/fake_interface_pkg/share/fake_interface_pkg/cmake/export_fake_interface_pkg__rosidl_typesupport_fastrtps_cExport.cmake
[2.396s] -- Installing: /ros2_ws/install/fake_interface_pkg/share/fake_interface_pkg/cmake/export_fake_interface_pkg__rosidl_typesupport_fastrtps_cExport-noconfig.cmake
[2.396s] -- Installing: /ros2_ws/install/fake_interface_pkg/share/fake_interface_pkg/cmake/fake_interface_pkg__rosidl_typesupport_introspection_cExport.cmake
[2.396s] -- Installing: /ros2_ws/install/fake_interface_pkg/share/fake_interface_pkg/cmake/fake_interface_pkg__rosidl_typesupport_introspection_cExport-noconfig.cmake
[2.396s] -- Installing: /ros2_ws/install/fake_interface_pkg/share/fake_interface_pkg/cmake/fake_interface_pkg__rosidl_typesupport_cExport.cmake
[2.396s] -- Installing: /ros2_ws/install/fake_interface_pkg/share/fake_interface_pkg/cmake/fake_interface_pkg__rosidl_typesupport_cExport-noconfig.cmake
[2.396s] -- Installing: /ros2_ws/install/fake_interface_pkg/share/fake_interface_pkg/cmake/export_fake_interface_pkg__rosidl_generator_cppExport.cmake
[2.396s] -- Installing: /ros2_ws/install/fake_interface_pkg/share/fake_interface_pkg/cmake/export_fake_interface_pkg__rosidl_typesupport_fastrtps_cppExport.cmake
[2.396s] -- Installing: /ros2_ws/install/fake_interface_pkg/share/fake_interface_pkg/cmake/export_fake_interface_pkg__rosidl_typesupport_fastrtps_cppExport-noconfig.cmake
[2.396s] -- Installing: /ros2_ws/install/fake_interface_pkg/share/fake_interface_pkg/cmake/fake_interface_pkg__rosidl_typesupport_introspection_cppExport.cmake
[2.396s] -- Installing: /ros2_ws/install/fake_interface_pkg/share/fake_interface_pkg/cmake/fake_interface_pkg__rosidl_typesupport_introspection_cppExport-noconfig.cmake
[2.396s] -- Installing: /ros2_ws/install/fake_interface_pkg/share/fake_interface_pkg/cmake/fake_interface_pkg__rosidl_typesupport_cppExport.cmake
[2.396s] -- Installing: /ros2_ws/install/fake_interface_pkg/share/fake_interface_pkg/cmake/fake_interface_pkg__rosidl_typesupport_cppExport-noconfig.cmake
[2.396s] -- Installing: /ros2_ws/install/fake_interface_pkg/share/fake_interface_pkg/cmake/export_fake_interface_pkg__rosidl_generator_pyExport.cmake
[2.396s] -- Installing: /ros2_ws/install/fake_interface_pkg/share/fake_interface_pkg/cmake/export_fake_interface_pkg__rosidl_generator_pyExport-noconfig.cmake
[2.396s] -- Installing: /ros2_ws/install/fake_interface_pkg/share/fake_interface_pkg/cmake/rosidl_cmake-extras.cmake
[2.396s] -- Installing: /ros2_ws/install/fake_interface_pkg/share/fake_interface_pkg/cmake/ament_cmake_export_dependencies-extras.cmake
[2.396s] -- Installing: /ros2_ws/install/fake_interface_pkg/share/fake_interface_pkg/cmake/ament_cmake_export_include_directories-extras.cmake
[2.396s] -- Installing: /ros2_ws/install/fake_interface_pkg/share/fake_interface_pkg/cmake/ament_cmake_export_libraries-extras.cmake
[2.396s] -- Installing: /ros2_ws/install/fake_interface_pkg/share/fake_interface_pkg/cmake/ament_cmake_export_targets-extras.cmake
[2.396s] -- Installing: /ros2_ws/install/fake_interface_pkg/share/fake_interface_pkg/cmake/rosidl_cmake_export_typesupport_targets-extras.cmake
[2.396s] -- Installing: /ros2_ws/install/fake_interface_pkg/share/fake_interface_pkg/cmake/rosidl_cmake_export_typesupport_libraries-extras.cmake
[2.397s] -- Installing: /ros2_ws/install/fake_interface_pkg/share/fake_interface_pkg/cmake/fake_interface_pkgConfig.cmake
[2.397s] -- Installing: /ros2_ws/install/fake_interface_pkg/share/fake_interface_pkg/cmake/fake_interface_pkgConfig-version.cmake
[2.397s] -- Installing: /ros2_ws/install/fake_interface_pkg/share/fake_interface_pkg/package.xml
[2.398s] Invoked command in '/ros2_ws/build/fake_interface_pkg' returned '0': /usr/bin/cmake --install /ros2_ws/build/fake_interface_pkg
