1781073127.0457022 [INFO] [launch]: All log files can be found below /ros2_ws/log/runtime/2026-06-10-06-32-07-045269-kewei-Pulse-GL76-11UEK-267
1781073127.0457790 [INFO] [launch]: Default logging verbosity is set to INFO
1781073127.1200039 [INFO] [planner_node-1]: process started with pid [569]
1781073127.1201169 [INFO] [marvin_robot_node-2]: process started with pid [571]
1781073127.1201570 [INFO] [robot_state_publisher-3]: process started with pid [573]
1781073127.1201823 [INFO] [rviz2-4]: process started with pid [575]
1781073127.1321476 [robot_state_publisher-3] [WARN] [1781073127.132072761] [kdl_parser]: The root link base_link has an inertia specified in the URDF, but KDL does not support a root link with an inertia.  As a workaround, you can add an extra dummy link to your URDF.
1781073127.1322694 [robot_state_publisher-3] [INFO] [1781073127.132129507] [robot_state_publisher]: got segment Base_L
1781073127.1322961 [robot_state_publisher-3] [INFO] [1781073127.132149916] [robot_state_publisher]: got segment Base_R
1781073127.1323121 [robot_state_publisher-3] [INFO] [1781073127.132152220] [robot_state_publisher]: got segment Link1_L
1781073127.1323264 [robot_state_publisher-3] [INFO] [1781073127.132154184] [robot_state_publisher]: got segment Link1_R
1781073127.1323392 [robot_state_publisher-3] [INFO] [1781073127.132155947] [robot_state_publisher]: got segment Link2_L
1781073127.1323512 [robot_state_publisher-3] [INFO] [1781073127.132157600] [robot_state_publisher]: got segment Link2_R
1781073127.1323636 [robot_state_publisher-3] [INFO] [1781073127.132159003] [robot_state_publisher]: got segment Link3_L
1781073127.1323757 [robot_state_publisher-3] [INFO] [1781073127.132160495] [robot_state_publisher]: got segment Link3_R
1781073127.1323879 [robot_state_publisher-3] [INFO] [1781073127.132162028] [robot_state_publisher]: got segment Link4_L
1781073127.1324000 [robot_state_publisher-3] [INFO] [1781073127.132163511] [robot_state_publisher]: got segment Link4_R
1781073127.1324151 [robot_state_publisher-3] [INFO] [1781073127.132164914] [robot_state_publisher]: got segment Link5_L
1781073127.1324282 [robot_state_publisher-3] [INFO] [1781073127.132166417] [robot_state_publisher]: got segment Link5_R
1781073127.1324408 [robot_state_publisher-3] [INFO] [1781073127.132167909] [robot_state_publisher]: got segment Link6_L
1781073127.1324532 [robot_state_publisher-3] [INFO] [1781073127.132169332] [robot_state_publisher]: got segment Link6_R
1781073127.1324654 [robot_state_publisher-3] [INFO] [1781073127.132171115] [robot_state_publisher]: got segment Link7_L
1781073127.1324780 [robot_state_publisher-3] [INFO] [1781073127.132173279] [robot_state_publisher]: got segment Link7_R
1781073127.1324930 [robot_state_publisher-3] [INFO] [1781073127.132175423] [robot_state_publisher]: got segment base_link
1781073127.1325068 [robot_state_publisher-3] [INFO] [1781073127.132177638] [robot_state_publisher]: got segment camera_left_link
1781073127.1325233 [robot_state_publisher-3] [INFO] [1781073127.132179892] [robot_state_publisher]: got segment camera_rgb_link
1781073127.1325395 [robot_state_publisher-3] [INFO] [1781073127.132182236] [robot_state_publisher]: got segment camera_right_link
1781073127.1325538 [robot_state_publisher-3] [INFO] [1781073127.132184681] [robot_state_publisher]: got segment flange_L
1781073127.1325691 [robot_state_publisher-3] [INFO] [1781073127.132187055] [robot_state_publisher]: got segment flange_R
1781073127.1325834 [robot_state_publisher-3] [INFO] [1781073127.132189229] [robot_state_publisher]: got segment left_tool
1781073127.1325963 [robot_state_publisher-3] [INFO] [1781073127.132191634] [robot_state_publisher]: got segment right_tool
1781073127.1326110 [robot_state_publisher-3] [INFO] [1781073127.132194309] [robot_state_publisher]: got segment tracking_base_link
1781073415.6251998 [WARNING] [launch]: user interrupted with ctrl-c (SIGINT)
1781073415.6267025 [robot_state_publisher-3] [INFO] [1781073415.624914970] [rclcpp]: signal_handler(SIGINT/SIGTERM)
1781073415.7295463 [INFO] [robot_state_publisher-3]: process has finished cleanly [pid 573]
1781073415.7397227 [INFO] [planner_node-1]: process has finished cleanly [pid 569]
1781073415.8106651 [INFO] [rviz2-4]: process has finished cleanly [pid 575]
1781073415.8891780 [WARNING] [launch]: user interrupted with ctrl-c (SIGINT) again, ignoring...
1781073416.1821847 [ERROR] [marvin_robot_node-2]: process has died [pid 571, exit code -6, cmd '/ros2_ws/install/marvin_ros_control/lib/marvin_ros_control/marvin_robot_node --ros-args --log-level INFO --ros-args -r __node:=marvin_robot_node --params-file /ros2_ws/install/marvin_ros_control/share/marvin_ros_control/config/robot_param_m6.yaml'].
