1781078658.0981400 [INFO] [launch]: All log files can be found below /ros2_ws/log/runtime/2026-06-10-08-04-18-097730-kewei-Pulse-GL76-11UEK-328
1781078658.0982068 [INFO] [launch]: Default logging verbosity is set to INFO
1781078658.1724014 [INFO] [planner_node-1]: process started with pid [567]
1781078658.1725109 [INFO] [marvin_robot_node-2]: process started with pid [569]
1781078658.1725445 [INFO] [robot_state_publisher-3]: process started with pid [571]
1781078658.1725719 [INFO] [rviz2-4]: process started with pid [573]
1781078658.1843281 [robot_state_publisher-3] [WARN] [1781078658.184276788] [kdl_parser]: The root link base_link has an inertia specified in the URDF, but KDL does not support a root link with an inertia.  As a workaround, you can add an extra dummy link to your URDF.
1781078658.1844444 [robot_state_publisher-3] [INFO] [1781078658.184329687] [robot_state_publisher]: got segment Base_L
1781078658.1844721 [robot_state_publisher-3] [INFO] [1781078658.184348593] [robot_state_publisher]: got segment Base_R
1781078658.1844907 [robot_state_publisher-3] [INFO] [1781078658.184351288] [robot_state_publisher]: got segment Link1_L
1781078658.1845121 [robot_state_publisher-3] [INFO] [1781078658.184352981] [robot_state_publisher]: got segment Link1_R
1781078658.1845319 [robot_state_publisher-3] [INFO] [1781078658.184354604] [robot_state_publisher]: got segment Link2_L
1781078658.1845510 [robot_state_publisher-3] [INFO] [1781078658.184356087] [robot_state_publisher]: got segment Link2_R
1781078658.1845694 [robot_state_publisher-3] [INFO] [1781078658.184357600] [robot_state_publisher]: got segment Link3_L
1781078658.1845882 [robot_state_publisher-3] [INFO] [1781078658.184359173] [robot_state_publisher]: got segment Link3_R
1781078658.1846073 [robot_state_publisher-3] [INFO] [1781078658.184360685] [robot_state_publisher]: got segment Link4_L
1781078658.1846247 [robot_state_publisher-3] [INFO] [1781078658.184362148] [robot_state_publisher]: got segment Link4_R
1781078658.1846414 [robot_state_publisher-3] [INFO] [1781078658.184363671] [robot_state_publisher]: got segment Link5_L
1781078658.1846595 [robot_state_publisher-3] [INFO] [1781078658.184365204] [robot_state_publisher]: got segment Link5_R
1781078658.1846783 [robot_state_publisher-3] [INFO] [1781078658.184366707] [robot_state_publisher]: got segment Link6_L
1781078658.1846931 [robot_state_publisher-3] [INFO] [1781078658.184368149] [robot_state_publisher]: got segment Link6_R
1781078658.1847079 [robot_state_publisher-3] [INFO] [1781078658.184369662] [robot_state_publisher]: got segment Link7_L
1781078658.1847222 [robot_state_publisher-3] [INFO] [1781078658.184371255] [robot_state_publisher]: got segment Link7_R
1781078658.1847386 [robot_state_publisher-3] [INFO] [1781078658.184372798] [robot_state_publisher]: got segment base_link
1781078658.1847537 [robot_state_publisher-3] [INFO] [1781078658.184375253] [robot_state_publisher]: got segment camera_left_link
1781078658.1847723 [robot_state_publisher-3] [INFO] [1781078658.184377667] [robot_state_publisher]: got segment camera_rgb_link
1781078658.1847916 [robot_state_publisher-3] [INFO] [1781078658.184380082] [robot_state_publisher]: got segment camera_right_link
1781078658.1848087 [robot_state_publisher-3] [INFO] [1781078658.184382406] [robot_state_publisher]: got segment flange_L
1781078658.1848285 [robot_state_publisher-3] [INFO] [1781078658.184384821] [robot_state_publisher]: got segment flange_R
1781078658.1848452 [robot_state_publisher-3] [INFO] [1781078658.184386414] [robot_state_publisher]: got segment left_tool
1781078658.1848626 [robot_state_publisher-3] [INFO] [1781078658.184388127] [robot_state_publisher]: got segment right_tool
1781078658.1848786 [robot_state_publisher-3] [INFO] [1781078658.184389740] [robot_state_publisher]: got segment tracking_base_link
