-- The C compiler identification is GNU 11.4.0
-- The CXX compiler identification is GNU 11.4.0
-- Detecting C compiler ABI info
-- Detecting C compiler ABI info - done
-- Check for working C compiler: /usr/bin/cc - skipped
-- Detecting C compile features
-- Detecting C compile features - done
-- Detecting CXX compiler ABI info
-- Detecting CXX compiler ABI info - done
-- Check for working CXX compiler: /usr/bin/c++ - skipped
-- Detecting CXX compile features
-- Detecting CXX compile features - done
-- Found OpenMP_C: -fopenmp (found version "4.5") 
-- Found OpenMP_CXX: -fopenmp (found version "4.5") 
-- Found OpenMP: TRUE (found version "4.5")  
-- Found ament_cmake: 1.3.14 (/opt/ros/humble/share/ament_cmake/cmake)
-- Found Python3: /usr/bin/python3 (found version "3.10.12") found components: Interpreter 
-- Found rclcpp: 16.0.19 (/opt/ros/humble/share/rclcpp/cmake)
-- Found rosidl_generator_c: 3.1.8 (/opt/ros/humble/share/rosidl_generator_c/cmake)
-- Found rosidl_adapter: 3.1.8 (/opt/ros/humble/share/rosidl_adapter/cmake)
-- Found rosidl_generator_cpp: 3.1.8 (/opt/ros/humble/share/rosidl_generator_cpp/cmake)
-- Using all available rosidl_typesupport_c: rosidl_typesupport_fastrtps_c;rosidl_typesupport_introspection_c
-- Using all available rosidl_typesupport_cpp: rosidl_typesupport_fastrtps_cpp;rosidl_typesupport_introspection_cpp
-- Found rmw_implementation_cmake: 6.1.2 (/opt/ros/humble/share/rmw_implementation_cmake/cmake)
-- Found rmw_fastrtps_cpp: 6.2.10 (/opt/ros/humble/share/rmw_fastrtps_cpp/cmake)
-- Found OpenSSL: /usr/lib/x86_64-linux-gnu/libcrypto.so (found version "3.0.2")  
-- Found FastRTPS: /opt/ros/humble/include  
-- Using RMW implementation 'rmw_fastrtps_cpp' as default
-- Looking for pthread.h
-- Looking for pthread.h - found
-- Performing Test CMAKE_HAVE_LIBC_PTHREAD
-- Performing Test CMAKE_HAVE_LIBC_PTHREAD - Success
-- Found Threads: TRUE  
-- Found tf2_ros: 0.25.20 (/opt/ros/humble/share/tf2_ros/cmake)
-- Found tf2_geometry_msgs: 0.25.20 (/opt/ros/humble/share/tf2_geometry_msgs/cmake)
-- Found eigen3_cmake_module: 0.1.1 (/opt/ros/humble/share/eigen3_cmake_module/cmake)
-- Found Eigen3: TRUE (found version "3.4.0") 
-- Ensuring Eigen3 include directory is part of orocos-kdl CMake target
-- Found std_srvs: 4.9.1 (/opt/ros/humble/share/std_srvs/cmake)
-- Found sensor_msgs: 4.9.1 (/opt/ros/humble/share/sensor_msgs/cmake)
-- Found visualization_msgs: 4.9.1 (/opt/ros/humble/share/visualization_msgs/cmake)
-- Found marvin_msgs: 0.0.0 (/ros2_ws/install/marvin_msgs/share/marvin_msgs/cmake)
-- pinocchio_default FOUND. pinocchio_default at /opt/ros/humble/lib/x86_64-linux-gnu/libpinocchio_default.so
-- pinocchio_parsers FOUND. pinocchio_parsers at /opt/ros/humble/lib/x86_64-linux-gnu/libpinocchio_parsers.so
-- boost_filesystem FOUND. boost_filesystem at /lib/x86_64-linux-gnu/libboost_filesystem.so
-- Found Boost: /usr/include (found version "1.74.0") found components: filesystem serialization 
-- eigenpy FOUND. eigenpy at /opt/ros/humble/lib/x86_64-linux-gnu/libeigenpy.so
-- Checking for NumPy
--   NUMPY_INCLUDE_DIRS=/usr/local/lib/python3.10/dist-packages/numpy/core/include
--   NUMPY_VERSION=1.26.4
-- Found Python3: /usr/bin/python3 (found version "3.10.12") found components: Interpreter Development.Module NumPy 
-- PythonLibraryDirs: 
-- PythonLibVersionString: 3.10.12
-- Python site lib: lib/python3.10/site-packages
-- Python include dirs: /usr/include/python3.10
-- Checking for NumPy
--   NUMPY_INCLUDE_DIRS=/usr/local/lib/python3.10/dist-packages/numpy/core/include
--   NUMPY_VERSION=1.26.4
-- NumPy include dir: /usr/local/lib/python3.10/dist-packages/numpy/core/include
-- Found Boost: /usr/include (found version "1.74.0") found components: python310 
-- Default C++ standard: 201703
-- Minimal C++ standard upgraded to 11
-- C++ standard sufficient: Minimal required 11, currently defined: 17
-- hpp-fcl FOUND. hpp-fcl at /opt/ros/humble/lib/x86_64-linux-gnu/libhpp-fcl.so
-- Found Boost: /usr/include (found version "1.74.0") found components: chrono serialization filesystem 
-- C++ standard sufficient: Minimal required 11, currently defined: 17
-- C++ standard sufficient: Minimal required 11, currently defined: 17
-- Found ament_lint_auto: 0.12.15 (/opt/ros/humble/share/ament_lint_auto/cmake)
-- Added test 'cppcheck' to perform static code analysis on C / C++ code
-- Configured cppcheck include dirs: /ros2_ws/src/marvin_fabric/include
-- Configured cppcheck exclude dirs and/or files: 
-- Added test 'flake8' to check Python code syntax and style conventions
-- Added test 'lint_cmake' to check CMake code style
-- Added test 'pep257' to check Python code against some of the docstring style conventions in PEP 257
-- Added test 'uncrustify' to check C / C++ code style
-- Configured uncrustify additional arguments: 
-- Added test 'xmllint' to check XML markup files
-- Configuring done
-- Generating done
-- Build files have been written to: /ros2_ws/build/marvin_fabric
[ 25%] Building CXX object CMakeFiles/planner_node.dir/src/planner_ros_node.cpp.o
[ 50%] Building CXX object CMakeFiles/planner_node.dir/src/robot_env.cpp.o
[ 75%] Building CXX object CMakeFiles/planner_node.dir/src/fabric_functions.cpp.o
[100%] Linking CXX executable planner_node
[100%] Built target planner_node
-- Install configuration: ""
-- Installing: /ros2_ws/install/marvin_fabric/lib/marvin_fabric/planner_node
-- Set runtime path of "/ros2_ws/install/marvin_fabric/lib/marvin_fabric/planner_node" to ""
-- Installing: /ros2_ws/install/marvin_fabric/lib/marvin_fabric/controller_udp.py
-- Installing: /ros2_ws/install/marvin_fabric/lib/marvin_fabric/IK_viewer.py
-- Installing: /ros2_ws/install/marvin_fabric/lib/marvin_fabric/vla_client.py
-- Installing: /ros2_ws/install/marvin_fabric/lib/marvin_fabric/test_task_manager_dynamic.py
-- Installing: /ros2_ws/install/marvin_fabric/share/marvin_fabric//launch
-- Installing: /ros2_ws/install/marvin_fabric/share/marvin_fabric//launch/planner_m3.launch.py
-- Installing: /ros2_ws/install/marvin_fabric/share/marvin_fabric//launch/planner_m6.launch.py
-- Installing: /ros2_ws/install/marvin_fabric/share/marvin_fabric//launch/planner_mujoco.launch.py
-- Installing: /ros2_ws/install/marvin_fabric/share/marvin_fabric//launch/vla_m6.launch.py
-- Installing: /ros2_ws/install/marvin_fabric/share/marvin_fabric//config
-- Installing: /ros2_ws/install/marvin_fabric/share/marvin_fabric//config/marvin_CCS_m3_old.urdf
-- Installing: /ros2_ws/install/marvin_fabric/share/marvin_fabric//config/robot_param_m6.yaml.bak.20260401_103039
-- Installing: /ros2_ws/install/marvin_fabric/share/marvin_fabric//config/robot_param_m6.yaml.bak.20260401_131810
-- Installing: /ros2_ws/install/marvin_fabric/share/marvin_fabric//config/robot_param_m6.yaml.bak.20260401_134200
-- Installing: /ros2_ws/install/marvin_fabric/share/marvin_fabric//config/robot_param_m6.yaml.bak.20260401_125548
-- Installing: /ros2_ws/install/marvin_fabric/share/marvin_fabric//config/robot_param_m6.yaml.bak.20260327_095011
-- Installing: /ros2_ws/install/marvin_fabric/share/marvin_fabric//config/robot_param_m6.yaml.bak.20260327_085443
-- Installing: /ros2_ws/install/marvin_fabric/share/marvin_fabric//config/robot_param_m6.yaml.bak.20260401_131926
-- Installing: /ros2_ws/install/marvin_fabric/share/marvin_fabric//config/robot_param_m6.yaml.bak.20260327_095935
-- Installing: /ros2_ws/install/marvin_fabric/share/marvin_fabric//config/robot_param_m6.yaml.bak.20260401_100534
-- Installing: /ros2_ws/install/marvin_fabric/share/marvin_fabric//config/rviz.rviz
-- Installing: /ros2_ws/install/marvin_fabric/share/marvin_fabric//config/robot_param_m6.yaml.bak.20260402_032811
-- Installing: /ros2_ws/install/marvin_fabric/share/marvin_fabric//config/robot_param_m6.yaml.bak.20260402_011412
-- Installing: /ros2_ws/install/marvin_fabric/share/marvin_fabric//config/robot_param_m6.yaml.bak.20260327_100118
-- Installing: /ros2_ws/install/marvin_fabric/share/marvin_fabric//config/robot_param_m6.yaml.bak.20260401_092942
-- Installing: /ros2_ws/install/marvin_fabric/share/marvin_fabric//config/robot_param_m6.yaml.bak.20260401_131956
-- Installing: /ros2_ws/install/marvin_fabric/share/marvin_fabric//config/robot_config_m3.yaml
-- Installing: /ros2_ws/install/marvin_fabric/share/marvin_fabric//config/robot_param_m6.yaml.bak.20260401_130610
-- Installing: /ros2_ws/install/marvin_fabric/share/marvin_fabric//config/robot_param_m6.yaml.bak.20260401_130053
-- Installing: /ros2_ws/install/marvin_fabric/share/marvin_fabric//config/robot_param_m6.yaml.bak.20260331_100412
-- Installing: /ros2_ws/install/marvin_fabric/share/marvin_fabric//config/robot_param_m6.yaml.bak.20260331_142217
-- Installing: /ros2_ws/install/marvin_fabric/share/marvin_fabric//config/robot_param_m6.yaml.bak.20260327_075554
-- Installing: /ros2_ws/install/marvin_fabric/share/marvin_fabric//config/robot_param_m6.yaml.bak.20260327_075250
-- Installing: /ros2_ws/install/marvin_fabric/share/marvin_fabric//config/robot_param_m6.yaml.bak.20260327_090716
-- Installing: /ros2_ws/install/marvin_fabric/share/marvin_fabric//config/robot_param_m6.yaml.bak.20260402_032407
-- Installing: /ros2_ws/install/marvin_fabric/share/marvin_fabric//config/robot_param_m6.yaml.bak.20260402_033107
-- Installing: /ros2_ws/install/marvin_fabric/share/marvin_fabric//config/robot_param_m6.yaml.bak.20260401_064238
-- Installing: /ros2_ws/install/marvin_fabric/share/marvin_fabric//config/robot_param_m6.yaml.bak.20260330_012014
-- Installing: /ros2_ws/install/marvin_fabric/share/marvin_fabric//config/robot_param_m6.yaml.bak.20260402_025700
-- Installing: /ros2_ws/install/marvin_fabric/share/marvin_fabric//config/robot_param_m6.yaml.bak.20260401_045253
-- Installing: /ros2_ws/install/marvin_fabric/share/marvin_fabric//config/robot_param_m6.yaml.bak.20260327_100050
-- Installing: /ros2_ws/install/marvin_fabric/share/marvin_fabric//config/robot_param_m6.yaml.bak.20260402_013150
-- Installing: /ros2_ws/install/marvin_fabric/share/marvin_fabric//config/robot_param_m6.yaml.bak.20260327_095227
-- Installing: /ros2_ws/install/marvin_fabric/share/marvin_fabric//config/robot_param_m6.yaml.bak.20260402_025429
-- Installing: /ros2_ws/install/marvin_fabric/share/marvin_fabric//config/robot_param_m6.yaml.bak.20260327_095313
-- Installing: /ros2_ws/install/marvin_fabric/share/marvin_fabric//config/robot_param_m6.yaml.bak.20260330_022708
-- Installing: /ros2_ws/install/marvin_fabric/share/marvin_fabric//config/robot_param_m6.yaml.bak.20260401_033843
-- Installing: /ros2_ws/install/marvin_fabric/share/marvin_fabric//config/robot_param_m6.yaml.bak.20260402_083852
-- Installing: /ros2_ws/install/marvin_fabric/share/marvin_fabric//config/robot_param_m6.yaml.bak.20260401_030747
-- Installing: /ros2_ws/install/marvin_fabric/share/marvin_fabric//config/robot_param_m6.yaml.bak.20260327_095627
-- Installing: /ros2_ws/install/marvin_fabric/share/marvin_fabric//config/robot_param_m6.yaml
-- Installing: /ros2_ws/install/marvin_fabric/share/marvin_fabric//config/robot_param_m6.yaml.bak.20260327_094441
-- Installing: /ros2_ws/install/marvin_fabric/share/marvin_fabric//config/robot_param_m6.yaml.bak.20260402_011618
-- Installing: /ros2_ws/install/marvin_fabric/share/marvin_fabric//config/robot_param_m6.yaml.bak.20260327_075332
-- Installing: /ros2_ws/install/marvin_fabric/share/marvin_fabric//config/robot_param_m6.yaml.bak.20260401_063724
-- Installing: /ros2_ws/install/marvin_fabric/share/marvin_fabric//config/robot_param_m6.yaml.bak.20260401_060354
-- Installing: /ros2_ws/install/marvin_fabric/share/marvin_fabric//config/robot_param_m6.yaml.bak.20260401_055435
-- Installing: /ros2_ws/install/marvin_fabric/share/marvin_fabric//config/robot_param_m6.yaml.bak.20260401_075536
-- Installing: /ros2_ws/install/marvin_fabric/share/marvin_fabric//config/robot_param_m6.yaml.bak.20260327_095828
-- Installing: /ros2_ws/install/marvin_fabric/share/marvin_fabric//config/marvin_robot copy.srdf
-- Installing: /ros2_ws/install/marvin_fabric/share/marvin_fabric//config/robot_param_m6.yaml.bak.20260401_022115
-- Installing: /ros2_ws/install/marvin_fabric/share/marvin_fabric//config/robot_param_m6.yaml.bak.20260331_102939
-- Installing: /ros2_ws/install/marvin_fabric/share/marvin_fabric//config/robot_param_m6.yaml.bak.20260327_072940
-- Installing: /ros2_ws/install/marvin_fabric/share/marvin_fabric//config/robot_param_m6.yaml.bak.20260402_030629
-- Installing: /ros2_ws/install/marvin_fabric/share/marvin_fabric//config/robot_param_m6.yaml.bak.20260402_023920
-- Installing: /ros2_ws/install/marvin_fabric/share/marvin_fabric//config/robot_param_m6.yaml.bak.20260327_090517
-- Installing: /ros2_ws/install/marvin_fabric/share/marvin_fabric//config/robot_param_m6.yaml.bak.20260401_060034
-- Installing: /ros2_ws/install/marvin_fabric/share/marvin_fabric//config/ccs_m3.MvKDCfg
-- Installing: /ros2_ws/install/marvin_fabric/share/marvin_fabric//config/robot_param_m6.yaml.bak.20260401_082421
-- Installing: /ros2_ws/install/marvin_fabric/share/marvin_fabric//config/robot_param_m6.yaml.bak.20260331_082255
-- Installing: /ros2_ws/install/marvin_fabric/share/marvin_fabric//config/robot_param_m6.yaml.bak.20260327_095619
-- Installing: /ros2_ws/install/marvin_fabric/share/marvin_fabric//config/robot_param_m6.yaml.bak.20260327_095555
-- Installing: /ros2_ws/install/marvin_fabric/share/marvin_fabric//config/robot_param_m6.yaml.bak.20260401_022003
-- Installing: /ros2_ws/install/marvin_fabric/share/marvin_fabric//config/robot_param_m6.yaml.bak.20260401_050949
-- Installing: /ros2_ws/install/marvin_fabric/share/marvin_fabric//config/marvin_robot.srdf
-- Installing: /ros2_ws/install/marvin_fabric/share/marvin_fabric//config/robot_param_m6.yaml.bak.20260401_124554
-- Installing: /ros2_ws/install/marvin_fabric/share/marvin_fabric//config/robot_param_m6.yaml.bak.20260401_094121
-- Installing: /ros2_ws/install/marvin_fabric/share/marvin_fabric//config/robot_param_m6.yaml.bak.20260327_100004
-- Installing: /ros2_ws/install/marvin_fabric/share/marvin_fabric//config/robot_param_m6.yaml.bak.20260401_021446
-- Installing: /ros2_ws/install/marvin_fabric/share/marvin_fabric//config/robot_param_m6.yaml.bak.20260327_092612
-- Installing: /ros2_ws/install/marvin_fabric/share/marvin_fabric//config/robot_param copy.yaml
-- Installing: /ros2_ws/install/marvin_fabric/share/marvin_fabric//config/robot_param_m6.yaml.bak.20260402_021205
-- Installing: /ros2_ws/install/marvin_fabric/share/marvin_fabric//config/robot_param_m6.yaml.bak.20260401_055206
-- Installing: /ros2_ws/install/marvin_fabric/share/marvin_fabric//config/robot_param_m6.yaml.bak.20260401_134425
-- Installing: /ros2_ws/install/marvin_fabric/share/marvin_fabric//config/world_data
-- Installing: /ros2_ws/install/marvin_fabric/share/marvin_fabric//config/world_data/tasks
-- Installing: /ros2_ws/install/marvin_fabric/share/marvin_fabric//config/world_data/tasks/drawer copy 2.yaml
-- Installing: /ros2_ws/install/marvin_fabric/share/marvin_fabric//config/world_data/tasks/drawer copy.yaml
-- Installing: /ros2_ws/install/marvin_fabric/share/marvin_fabric//config/world_data/tasks/drawer.yaml
-- Installing: /ros2_ws/install/marvin_fabric/share/marvin_fabric//config/world_data/tasks/pick_coke.yaml
-- Installing: /ros2_ws/install/marvin_fabric/share/marvin_fabric//config/world_data/objs
-- Installing: /ros2_ws/install/marvin_fabric/share/marvin_fabric//config/world_data/objs/desk.yaml
-- Installing: /ros2_ws/install/marvin_fabric/share/marvin_fabric//config/world_data/objs/mug.yaml
-- Installing: /ros2_ws/install/marvin_fabric/share/marvin_fabric//config/world_data/objs/drawer.yaml
-- Installing: /ros2_ws/install/marvin_fabric/share/marvin_fabric//config/robot_param_m6.yaml.bak.20260401_030944
-- Installing: /ros2_ws/install/marvin_fabric/share/marvin_fabric//config/robot_param_m6.yaml.bak.20260327_081416
-- Installing: /ros2_ws/install/marvin_fabric/share/marvin_fabric//config/marvin_CCS_m3.urdf
-- Installing: /ros2_ws/install/marvin_fabric/share/marvin_fabric//config/robot_param_m6.yaml.bak.20260401_072313
-- Installing: /ros2_ws/install/marvin_fabric/share/marvin_fabric//config/robot_param_m6.yaml.bak.20260401_124906
-- Installing: /ros2_ws/install/marvin_fabric/share/marvin_fabric//config/robot_param_m6.yaml.bak.20260401_032117
-- Installing: /ros2_ws/install/marvin_fabric/share/marvin_fabric//config/robot_param_m6.yaml.bak.20260327_095800
-- Installing: /ros2_ws/install/marvin_fabric/share/marvin_fabric//config/robot_param_m6.yaml.bak.20260401_131654
-- Installing: /ros2_ws/install/marvin_fabric/share/marvin_fabric//config/robot_param_m6.yaml.bak.20260327_095727
-- Installing: /ros2_ws/install/marvin_fabric/share/marvin_fabric//config/robot_param_m6.yaml.bak.20260401_030844
-- Installing: /ros2_ws/install/marvin_fabric/share/marvin_fabric//config/robot_param_m6.yaml.bak.20260401_095427
-- Installing: /ros2_ws/install/marvin_fabric/share/marvin_fabric//config/robot_param_m6.yaml.bak.20260327_094907
-- Installing: /ros2_ws/install/marvin_fabric/share/marvin_fabric//config/robot_param_m6.yaml.bak.20260401_021019
-- Installing: /ros2_ws/install/marvin_fabric/share/marvin_fabric//config/robot_param_m6.yaml.bak.20260401_065108
-- Installing: /ros2_ws/install/marvin_fabric/share/marvin_fabric//config/robot_param_m6.yaml.bak.20260327_095859
-- Installing: /ros2_ws/install/marvin_fabric/share/marvin_fabric//config/robot_param_m6.yaml.bak.20260401_032419
-- Installing: /ros2_ws/install/marvin_fabric/share/marvin_fabric//config/robot_param_m6.yaml.bak.20260327_094136
-- Installing: /ros2_ws/install/marvin_fabric/share/marvin_fabric//config/robot_param_m6.yaml.bak.20260401_131745
-- Installing: /ros2_ws/install/marvin_fabric/share/marvin_fabric//config/robot_param_m6.yaml.bak.20260327_075313
-- Installing: /ros2_ws/install/marvin_fabric/share/marvin_fabric//config/robot_param_m6.yaml.bak.20260327_090342
-- Installing: /ros2_ws/install/marvin_fabric/share/marvin_fabric//config/robot_param_m6.yaml.bak.20260327_095606
-- Installing: /ros2_ws/install/marvin_fabric/share/marvin_fabric//config/robot_param_m6.yaml.bak.20260327_095639
-- Installing: /ros2_ws/install/marvin_fabric/share/marvin_fabric//config/robot_param_m6.yaml.bak.20260401_045454
-- Installing: /ros2_ws/install/marvin_fabric/share/marvin_fabric//config/robot_param_m6.yaml.bak.20260401_114019
-- Installing: /ros2_ws/install/marvin_fabric/share/marvin_fabric//config/robot_param_m6.yaml.bak.20260331_095522
-- Installing: /ros2_ws/install/marvin_fabric/share/marvin_fabric//config/robot_param_m6.yaml.bak.20260402_025048
-- Installing: /ros2_ws/install/marvin_fabric/share/marvin_fabric//config/robot_param_m6.yaml.bak.20260402_013109
-- Installing: /ros2_ws/install/marvin_fabric/share/marvin_fabric//config/robot_param_m6.yaml.bak.20260402_020641
-- Installing: /ros2_ws/install/marvin_fabric/share/marvin_fabric//config/robot_param_m6.yaml.bak.20260331_102256
-- Installing: /ros2_ws/install/marvin_fabric/share/marvin_fabric//config/robot_param_m6.yaml.bak.20260401_135352
-- Installing: /ros2_ws/install/marvin_fabric/share/marvin_fabric//config/robot_config.yaml
-- Installing: /ros2_ws/install/marvin_fabric/share/marvin_fabric//config/robot_param_m6.yaml.bak.20260327_095711
-- Installing: /ros2_ws/install/marvin_fabric/share/marvin_fabric//config/robot_param_m3.yaml
-- Installing: /ros2_ws/install/marvin_fabric/share/marvin_fabric//config/robot_param_m6.yaml.bak.20260327_085648
-- Installing: /ros2_ws/install/marvin_fabric/share/marvin_fabric//config/robot_param_m6.yaml.bak.20260327_095657
-- Installing: /ros2_ws/install/marvin_fabric/share/marvin_fabric//config/robot_param_m6.yaml.bak.20260327_074928
-- Installing: /ros2_ws/install/marvin_fabric/share/marvin_fabric//config/robot_param_m6.yaml.bak.20260327_075506
-- Installing: /ros2_ws/install/marvin_fabric/share/marvin_fabric//config/robot_param_m6.yaml.bak.20260402_024321
-- Installing: /ros2_ws/install/marvin_fabric/share/marvin_fabric//config/robot_param_m6.yaml.bak.20260327_093037
-- Installing: /ros2_ws/install/marvin_fabric/share/marvin_fabric//config/robot_param_m6.yaml.bak.20260401_032943
-- Installing: /ros2_ws/install/marvin_fabric/share/marvin_fabric//config/marvin_CCS_m6.urdf
-- Installing: /ros2_ws/install/marvin_fabric/share/marvin_fabric//config/robot_param_m6.yaml.bak.20260401_022141
-- Installing: /ros2_ws/install/marvin_fabric/share/marvin_fabric//config/robot_param_m6.yaml.bak.20260401_070155
-- Installing: /ros2_ws/install/marvin_fabric/share/marvin_fabric//config/robot_param_m6.yaml.bak.20260401_124807
-- Installing: /ros2_ws/install/marvin_fabric/share/marvin_fabric//config/ccs_m6.MvKDCfg
-- Installing: /ros2_ws/install/marvin_fabric/share/marvin_fabric//config/robot_param_m6.yaml.bak.20260401_135539
-- Installing: /ros2_ws/install/marvin_fabric/include
-- Installing: /ros2_ws/install/marvin_fabric/include/tpm
-- Installing: /ros2_ws/install/marvin_fabric/include/tpm/tpm_check.hpp
-- Installing: /ros2_ws/install/marvin_fabric/include/marvin_ros_control
-- Installing: /ros2_ws/install/marvin_fabric/include/marvin_ros_control/MarvinSDK.h
-- Installing: /ros2_ws/install/marvin_fabric/include/marvin_ros_control/oneEuro_filter.h
-- Installing: /ros2_ws/install/marvin_fabric/include/marvin_ros_control/marvin_robot.h
-- Installing: /ros2_ws/install/marvin_fabric/include/fabric_task_maps.h
-- Installing: /ros2_ws/install/marvin_fabric/include/robot_env.h
-- Installing: /ros2_ws/install/marvin_fabric/share/ament_index/resource_index/package_run_dependencies/marvin_fabric
-- Installing: /ros2_ws/install/marvin_fabric/share/ament_index/resource_index/parent_prefix_path/marvin_fabric
-- Installing: /ros2_ws/install/marvin_fabric/share/marvin_fabric/environment/ament_prefix_path.sh
-- Installing: /ros2_ws/install/marvin_fabric/share/marvin_fabric/environment/ament_prefix_path.dsv
-- Installing: /ros2_ws/install/marvin_fabric/share/marvin_fabric/environment/path.sh
-- Installing: /ros2_ws/install/marvin_fabric/share/marvin_fabric/environment/path.dsv
-- Installing: /ros2_ws/install/marvin_fabric/share/marvin_fabric/local_setup.bash
-- Installing: /ros2_ws/install/marvin_fabric/share/marvin_fabric/local_setup.sh
-- Installing: /ros2_ws/install/marvin_fabric/share/marvin_fabric/local_setup.zsh
-- Installing: /ros2_ws/install/marvin_fabric/share/marvin_fabric/local_setup.dsv
-- Installing: /ros2_ws/install/marvin_fabric/share/marvin_fabric/package.dsv
-- Installing: /ros2_ws/install/marvin_fabric/share/ament_index/resource_index/packages/marvin_fabric
-- Installing: /ros2_ws/install/marvin_fabric/share/marvin_fabric/cmake/ament_cmake_export_include_directories-extras.cmake
-- Installing: /ros2_ws/install/marvin_fabric/share/marvin_fabric/cmake/marvin_fabricConfig.cmake
-- Installing: /ros2_ws/install/marvin_fabric/share/marvin_fabric/cmake/marvin_fabricConfig-version.cmake
-- Installing: /ros2_ws/install/marvin_fabric/share/marvin_fabric/package.xml
