[0.005s] Invoking command in '/ros2_ws/build/marvin_fabric': AMENT_PREFIX_PATH=/ros2_ws/install/marvin_ros_control:/ros2_ws/install/marvin_msgs:/ros2_ws/install/marvin_description:${AMENT_PREFIX_PATH} CMAKE_PREFIX_PATH=/ros2_ws/install/marvin_ros_control:/ros2_ws/install/marvin_msgs:/ros2_ws/install/marvin_description:/opt/ros/humble LD_LIBRARY_PATH=/ros2_ws/install/marvin_ros_control/lib:/ros2_ws/install/marvin_msgs/lib:${LD_LIBRARY_PATH} PYTHONPATH=/ros2_ws/install/marvin_msgs/local/lib/python3.10/dist-packages:${PYTHONPATH} /usr/bin/cmake /ros2_ws/src/marvin_fabric -DCPU_ARCH=x86 -DCMAKE_INSTALL_PREFIX=/ros2_ws/install/marvin_fabric
[0.029s] -- The C compiler identification is GNU 11.4.0
[0.051s] -- The CXX compiler identification is GNU 11.4.0
[0.054s] -- Detecting C compiler ABI info
[0.080s] -- Detecting C compiler ABI info - done
[0.083s] -- Check for working C compiler: /usr/bin/cc - skipped
[0.083s] -- Detecting C compile features
[0.084s] -- Detecting C compile features - done
[0.085s] -- Detecting CXX compiler ABI info
[0.115s] -- Detecting CXX compiler ABI info - done
[0.118s] -- Check for working CXX compiler: /usr/bin/c++ - skipped
[0.118s] -- Detecting CXX compile features
[0.118s] -- Detecting CXX compile features - done
[0.213s] -- Found OpenMP_C: -fopenmp (found version "4.5") 
[0.245s] -- Found OpenMP_CXX: -fopenmp (found version "4.5") 
[0.245s] -- Found OpenMP: TRUE (found version "4.5")  
[0.246s] -- Found ament_cmake: 1.3.14 (/opt/ros/humble/share/ament_cmake/cmake)
[0.307s] -- Found Python3: /usr/bin/python3 (found version "3.10.12") found components: Interpreter 
[0.341s] -- Found rclcpp: 16.0.19 (/opt/ros/humble/share/rclcpp/cmake)
[0.355s] -- Found rosidl_generator_c: 3.1.8 (/opt/ros/humble/share/rosidl_generator_c/cmake)
[0.357s] -- Found rosidl_adapter: 3.1.8 (/opt/ros/humble/share/rosidl_adapter/cmake)
[0.361s] -- Found rosidl_generator_cpp: 3.1.8 (/opt/ros/humble/share/rosidl_generator_cpp/cmake)
[0.365s] -- Using all available rosidl_typesupport_c: rosidl_typesupport_fastrtps_c;rosidl_typesupport_introspection_c
[0.371s] -- Using all available rosidl_typesupport_cpp: rosidl_typesupport_fastrtps_cpp;rosidl_typesupport_introspection_cpp
[0.388s] -- Found rmw_implementation_cmake: 6.1.2 (/opt/ros/humble/share/rmw_implementation_cmake/cmake)
[0.389s] -- Found rmw_fastrtps_cpp: 6.2.10 (/opt/ros/humble/share/rmw_fastrtps_cpp/cmake)
[0.427s] -- Found OpenSSL: /usr/lib/x86_64-linux-gnu/libcrypto.so (found version "3.0.2")  
[0.437s] -- Found FastRTPS: /opt/ros/humble/include  
[0.453s] -- Using RMW implementation 'rmw_fastrtps_cpp' as default
[0.457s] -- Looking for pthread.h
[0.486s] -- Looking for pthread.h - found
[0.486s] -- Performing Test CMAKE_HAVE_LIBC_PTHREAD
[0.516s] -- Performing Test CMAKE_HAVE_LIBC_PTHREAD - Success
[0.517s] -- Found Threads: TRUE  
[0.537s] -- Found tf2_ros: 0.25.20 (/opt/ros/humble/share/tf2_ros/cmake)
[0.579s] -- Found tf2_geometry_msgs: 0.25.20 (/opt/ros/humble/share/tf2_geometry_msgs/cmake)
[0.584s] -- Found eigen3_cmake_module: 0.1.1 (/opt/ros/humble/share/eigen3_cmake_module/cmake)
[0.585s] -- Found Eigen3: TRUE (found version "3.4.0") 
[0.585s] -- Ensuring Eigen3 include directory is part of orocos-kdl CMake target
[0.586s] -- Found std_srvs: 4.9.1 (/opt/ros/humble/share/std_srvs/cmake)
[0.589s] -- Found sensor_msgs: 4.9.1 (/opt/ros/humble/share/sensor_msgs/cmake)
[0.596s] -- Found visualization_msgs: 4.9.1 (/opt/ros/humble/share/visualization_msgs/cmake)
[0.603s] -- Found marvin_msgs: 0.0.0 (/ros2_ws/install/marvin_msgs/share/marvin_msgs/cmake)
[0.609s] -- pinocchio_default FOUND. pinocchio_default at /opt/ros/humble/lib/x86_64-linux-gnu/libpinocchio_default.so
[0.609s] -- pinocchio_parsers FOUND. pinocchio_parsers at /opt/ros/humble/lib/x86_64-linux-gnu/libpinocchio_parsers.so
[0.609s] -- boost_filesystem FOUND. boost_filesystem at /lib/x86_64-linux-gnu/libboost_filesystem.so
[0.621s] -- Found Boost: /usr/include (found version "1.74.0") found components: filesystem serialization 
[0.621s] -- eigenpy FOUND. eigenpy at /opt/ros/humble/lib/x86_64-linux-gnu/libeigenpy.so
[0.632s] -- Checking for NumPy
[0.751s] --   NUMPY_INCLUDE_DIRS=/usr/local/lib/python3.10/dist-packages/numpy/core/include
[0.809s] --   NUMPY_VERSION=1.26.4
[0.953s] -- Found Python3: /usr/bin/python3 (found version "3.10.12") found components: Interpreter Development.Module NumPy 
[0.953s] -- PythonLibraryDirs: 
[0.953s] -- PythonLibVersionString: 3.10.12
[0.961s] -- Python site lib: lib/python3.10/site-packages
[0.961s] -- Python include dirs: /usr/include/python3.10
[0.978s] -- Checking for NumPy
[1.039s] --   NUMPY_INCLUDE_DIRS=/usr/local/lib/python3.10/dist-packages/numpy/core/include
[1.096s] --   NUMPY_VERSION=1.26.4
[1.096s] -- NumPy include dir: /usr/local/lib/python3.10/dist-packages/numpy/core/include
[1.098s] CMake Warning at /usr/share/cmake-3.22/Modules/FindBoost.cmake:2201 (message):
[1.098s]   No header defined for python310; skipping header check (note: header-only
[1.098s]   libraries have no designated component)
[1.098s] Call Stack (most recent call first):
[1.098s]   /opt/ros/humble/lib/x86_64-linux-gnu/cmake/eigenpy/boost.cmake:148 (find_package)
[1.098s]   /opt/ros/humble/lib/x86_64-linux-gnu/cmake/eigenpy/eigenpyConfig.cmake:149 (SEARCH_FOR_BOOST_PYTHON)
[1.098s]   /usr/share/cmake-3.22/Modules/CMakeFindDependencyMacro.cmake:47 (find_package)
[1.098s]   /opt/ros/humble/lib/x86_64-linux-gnu/cmake/pinocchio/pinocchioConfig.cmake:161 (find_dependency)
[1.098s]   CMakeLists.txt:27 (find_package)
[1.098s] 
[1.098s] 
[1.099s] -- Found Boost: /usr/include (found version "1.74.0") found components: python310 
[1.226s] -- Default C++ standard: 201703
[1.226s] -- Minimal C++ standard upgraded to 11
[1.226s] -- C++ standard sufficient: Minimal required 11, currently defined: 17
[1.226s] -- hpp-fcl FOUND. hpp-fcl at /opt/ros/humble/lib/x86_64-linux-gnu/libhpp-fcl.so
[1.231s] -- Found Boost: /usr/include (found version "1.74.0") found components: chrono serialization filesystem 
[1.233s] -- C++ standard sufficient: Minimal required 11, currently defined: 17
[1.233s] -- C++ standard sufficient: Minimal required 11, currently defined: 17
[1.236s] -- Found ament_lint_auto: 0.12.15 (/opt/ros/humble/share/ament_lint_auto/cmake)
[1.270s] -- Added test 'cppcheck' to perform static code analysis on C / C++ code
[1.270s] -- Configured cppcheck include dirs: /ros2_ws/src/marvin_fabric/include
[1.270s] -- Configured cppcheck exclude dirs and/or files: 
[1.271s] -- Added test 'flake8' to check Python code syntax and style conventions
[1.272s] -- Added test 'lint_cmake' to check CMake code style
[1.272s] -- Added test 'pep257' to check Python code against some of the docstring style conventions in PEP 257
[1.275s] -- Added test 'uncrustify' to check C / C++ code style
[1.275s] -- Configured uncrustify additional arguments: 
[1.275s] -- Added test 'xmllint' to check XML markup files
[1.276s] -- Configuring done
[1.283s] -- Generating done
[1.283s] CMake Warning:
[1.283s]   Manually-specified variables were not used by the project:
[1.283s] 
[1.283s]     CPU_ARCH
[1.283s] 
[1.283s] 
[1.285s] -- Build files have been written to: /ros2_ws/build/marvin_fabric
[1.290s] Invoked command in '/ros2_ws/build/marvin_fabric' returned '0': AMENT_PREFIX_PATH=/ros2_ws/install/marvin_ros_control:/ros2_ws/install/marvin_msgs:/ros2_ws/install/marvin_description:${AMENT_PREFIX_PATH} CMAKE_PREFIX_PATH=/ros2_ws/install/marvin_ros_control:/ros2_ws/install/marvin_msgs:/ros2_ws/install/marvin_description:/opt/ros/humble LD_LIBRARY_PATH=/ros2_ws/install/marvin_ros_control/lib:/ros2_ws/install/marvin_msgs/lib:${LD_LIBRARY_PATH} PYTHONPATH=/ros2_ws/install/marvin_msgs/local/lib/python3.10/dist-packages:${PYTHONPATH} /usr/bin/cmake /ros2_ws/src/marvin_fabric -DCPU_ARCH=x86 -DCMAKE_INSTALL_PREFIX=/ros2_ws/install/marvin_fabric
[1.291s] Invoking command in '/ros2_ws/build/marvin_fabric': AMENT_PREFIX_PATH=/ros2_ws/install/marvin_ros_control:/ros2_ws/install/marvin_msgs:/ros2_ws/install/marvin_description:${AMENT_PREFIX_PATH} CMAKE_PREFIX_PATH=/ros2_ws/install/marvin_ros_control:/ros2_ws/install/marvin_msgs:/ros2_ws/install/marvin_description:/opt/ros/humble LD_LIBRARY_PATH=/ros2_ws/install/marvin_ros_control/lib:/ros2_ws/install/marvin_msgs/lib:${LD_LIBRARY_PATH} PYTHONPATH=/ros2_ws/install/marvin_msgs/local/lib/python3.10/dist-packages:${PYTHONPATH} /usr/bin/cmake --build /ros2_ws/build/marvin_fabric -- -j32 -l32
[1.313s] [ 25%] Building CXX object CMakeFiles/planner_node.dir/src/planner_ros_node.cpp.o
[1.313s] [ 50%] Building CXX object CMakeFiles/planner_node.dir/src/robot_env.cpp.o
[1.313s] [ 75%] Building CXX object CMakeFiles/planner_node.dir/src/fabric_functions.cpp.o
[1.750s] In file included from /ros2_ws/src/marvin_fabric/src/fabric_functions.cpp:2:
[1.750s] /ros2_ws/src/marvin_fabric/include/fabric_task_maps.h: In function ‘Eigen::MatrixXd floor_avoidance_task_jacobian(const VectorXd&)’:
[1.750s] /ros2_ws/src/marvin_fabric/include/fabric_task_maps.h:110:28: warning: unused parameter ‘x’ [-Wunused-parameter]
[1.750s]   110 |     const Eigen::VectorXd &x)
[1.750s]       |     ~~~~~~~~~~~~~~~~~~~~~~~^
[3.902s] /ros2_ws/src/marvin_fabric/src/robot_env.cpp: In member function ‘void RobotEnv::init_collision_objects(const string&, const string&)’:
[3.902s] /ros2_ws/src/marvin_fabric/src/robot_env.cpp:201:58: warning: unused parameter ‘srdf_path’ [-Wunused-parameter]
[3.902s]   201 |                                       const std::string& srdf_path)
[3.902s]       |                                       ~~~~~~~~~~~~~~~~~~~^~~~~~~~~
[4.482s] In file included from /ros2_ws/src/marvin_fabric/src/planner_ros_node.cpp:15:
[4.482s] /ros2_ws/src/marvin_fabric/include/fabric_task_maps.h: In function ‘Eigen::MatrixXd floor_avoidance_task_jacobian(const VectorXd&)’:
[4.482s] /ros2_ws/src/marvin_fabric/include/fabric_task_maps.h:110:28: warning: unused parameter ‘x’ [-Wunused-parameter]
[4.482s]   110 |     const Eigen::VectorXd &x)
[4.482s]       |     ~~~~~~~~~~~~~~~~~~~~~~~^
[5.117s] /ros2_ws/src/marvin_fabric/src/planner_ros_node.cpp: In member function ‘void FabricNode::timer_callback()’:
[5.117s] /ros2_ws/src/marvin_fabric/src/planner_ros_node.cpp:433:30: warning: comparison of integer expressions of different signedness: ‘size_t’ {aka ‘long unsigned int’} and ‘int’ [-Wsign-compare]
[5.118s]   433 |         for (size_t i = 0; i < env_->sphere_num; ++i)
[5.118s]       |                            ~~^~~~~~~~~~~~~~~~~~
[5.264s] /ros2_ws/src/marvin_fabric/src/planner_ros_node.cpp: In member function ‘void FabricNode::update_target_direction_frames()’:
[5.264s] /ros2_ws/src/marvin_fabric/src/planner_ros_node.cpp:824:29: warning: variable ‘base_left’ set but not used [-Wunused-but-set-variable]
[5.264s]   824 |             Eigen::Vector3d base_left = frame_fks[eef_left_id].oMf.translation();
[5.264s]       |                             ^~~~~~~~~
[5.265s] /ros2_ws/src/marvin_fabric/src/planner_ros_node.cpp:836:29: warning: variable ‘base_right’ set but not used [-Wunused-but-set-variable]
[5.265s]   836 |             Eigen::Vector3d base_right = frame_fks[eef_right_id].oMf.translation();
[5.265s]       |                             ^~~~~~~~~~
[5.283s] /ros2_ws/src/marvin_fabric/src/planner_ros_node.cpp: In member function ‘void FabricNode::collision_fabric()’:
[5.283s] /ros2_ws/src/marvin_fabric/src/planner_ros_node.cpp:941:17: warning: unused variable ‘nq’ [-Wunused-variable]
[5.283s]   941 |             int nq = env_->model.nv; // generalized coordinates DOF
[5.283s]       |                 ^~
[35.985s] [100%] Linking CXX executable planner_node
[37.513s] [100%] Built target planner_node
[37.518s] Invoked command in '/ros2_ws/build/marvin_fabric' returned '0': AMENT_PREFIX_PATH=/ros2_ws/install/marvin_ros_control:/ros2_ws/install/marvin_msgs:/ros2_ws/install/marvin_description:${AMENT_PREFIX_PATH} CMAKE_PREFIX_PATH=/ros2_ws/install/marvin_ros_control:/ros2_ws/install/marvin_msgs:/ros2_ws/install/marvin_description:/opt/ros/humble LD_LIBRARY_PATH=/ros2_ws/install/marvin_ros_control/lib:/ros2_ws/install/marvin_msgs/lib:${LD_LIBRARY_PATH} PYTHONPATH=/ros2_ws/install/marvin_msgs/local/lib/python3.10/dist-packages:${PYTHONPATH} /usr/bin/cmake --build /ros2_ws/build/marvin_fabric -- -j32 -l32
[37.521s] Invoking command in '/ros2_ws/build/marvin_fabric': AMENT_PREFIX_PATH=/ros2_ws/install/marvin_ros_control:/ros2_ws/install/marvin_msgs:/ros2_ws/install/marvin_description:${AMENT_PREFIX_PATH} CMAKE_PREFIX_PATH=/ros2_ws/install/marvin_ros_control:/ros2_ws/install/marvin_msgs:/ros2_ws/install/marvin_description:/opt/ros/humble LD_LIBRARY_PATH=/ros2_ws/install/marvin_ros_control/lib:/ros2_ws/install/marvin_msgs/lib:${LD_LIBRARY_PATH} PYTHONPATH=/ros2_ws/install/marvin_msgs/local/lib/python3.10/dist-packages:${PYTHONPATH} /usr/bin/cmake --install /ros2_ws/build/marvin_fabric
[37.524s] -- Install configuration: ""
[37.524s] -- Installing: /ros2_ws/install/marvin_fabric/lib/marvin_fabric/planner_node
[37.535s] -- Set runtime path of "/ros2_ws/install/marvin_fabric/lib/marvin_fabric/planner_node" to ""
[37.535s] -- Installing: /ros2_ws/install/marvin_fabric/lib/marvin_fabric/controller_udp.py
[37.535s] -- Installing: /ros2_ws/install/marvin_fabric/lib/marvin_fabric/IK_viewer.py
[37.535s] -- Installing: /ros2_ws/install/marvin_fabric/lib/marvin_fabric/vla_client.py
[37.535s] -- Installing: /ros2_ws/install/marvin_fabric/lib/marvin_fabric/test_task_manager_dynamic.py
[37.535s] -- Installing: /ros2_ws/install/marvin_fabric/share/marvin_fabric//launch
[37.535s] -- Installing: /ros2_ws/install/marvin_fabric/share/marvin_fabric//launch/planner_m3.launch.py
[37.539s] -- Installing: /ros2_ws/install/marvin_fabric/share/marvin_fabric//launch/planner_m6.launch.py
[37.539s] -- Installing: /ros2_ws/install/marvin_fabric/share/marvin_fabric//launch/planner_mujoco.launch.py
[37.539s] -- Installing: /ros2_ws/install/marvin_fabric/share/marvin_fabric//launch/vla_m6.launch.py
[37.539s] -- Installing: /ros2_ws/install/marvin_fabric/share/marvin_fabric//config
[37.539s] -- Installing: /ros2_ws/install/marvin_fabric/share/marvin_fabric//config/marvin_CCS_m3_old.urdf
[37.539s] -- Installing: /ros2_ws/install/marvin_fabric/share/marvin_fabric//config/robot_param_m6.yaml.bak.20260401_103039
[37.539s] -- Installing: /ros2_ws/install/marvin_fabric/share/marvin_fabric//config/robot_param_m6.yaml.bak.20260401_131810
[37.539s] -- Installing: /ros2_ws/install/marvin_fabric/share/marvin_fabric//config/robot_param_m6.yaml.bak.20260401_134200
[37.539s] -- Installing: /ros2_ws/install/marvin_fabric/share/marvin_fabric//config/robot_param_m6.yaml.bak.20260401_125548
[37.539s] -- Installing: /ros2_ws/install/marvin_fabric/share/marvin_fabric//config/robot_param_m6.yaml.bak.20260327_095011
[37.539s] -- Installing: /ros2_ws/install/marvin_fabric/share/marvin_fabric//config/robot_param_m6.yaml.bak.20260327_085443
[37.539s] -- Installing: /ros2_ws/install/marvin_fabric/share/marvin_fabric//config/robot_param_m6.yaml.bak.20260401_131926
[37.539s] -- Installing: /ros2_ws/install/marvin_fabric/share/marvin_fabric//config/robot_param_m6.yaml.bak.20260327_095935
[37.539s] -- Installing: /ros2_ws/install/marvin_fabric/share/marvin_fabric//config/robot_param_m6.yaml.bak.20260401_100534
[37.539s] -- Installing: /ros2_ws/install/marvin_fabric/share/marvin_fabric//config/rviz.rviz
[37.539s] -- Installing: /ros2_ws/install/marvin_fabric/share/marvin_fabric//config/robot_param_m6.yaml.bak.20260402_032811
[37.539s] -- Installing: /ros2_ws/install/marvin_fabric/share/marvin_fabric//config/robot_param_m6.yaml.bak.20260402_011412
[37.539s] -- Installing: /ros2_ws/install/marvin_fabric/share/marvin_fabric//config/robot_param_m6.yaml.bak.20260327_100118
[37.539s] -- Installing: /ros2_ws/install/marvin_fabric/share/marvin_fabric//config/robot_param_m6.yaml.bak.20260401_092942
[37.539s] -- Installing: /ros2_ws/install/marvin_fabric/share/marvin_fabric//config/robot_param_m6.yaml.bak.20260401_131956
[37.539s] -- Installing: /ros2_ws/install/marvin_fabric/share/marvin_fabric//config/robot_config_m3.yaml
[37.539s] -- Installing: /ros2_ws/install/marvin_fabric/share/marvin_fabric//config/robot_param_m6.yaml.bak.20260401_130610
[37.539s] -- Installing: /ros2_ws/install/marvin_fabric/share/marvin_fabric//config/robot_param_m6.yaml.bak.20260401_130053
[37.539s] -- Installing: /ros2_ws/install/marvin_fabric/share/marvin_fabric//config/robot_param_m6.yaml.bak.20260331_100412
[37.539s] -- Installing: /ros2_ws/install/marvin_fabric/share/marvin_fabric//config/robot_param_m6.yaml.bak.20260331_142217
[37.539s] -- Installing: /ros2_ws/install/marvin_fabric/share/marvin_fabric//config/robot_param_m6.yaml.bak.20260327_075554
[37.539s] -- Installing: /ros2_ws/install/marvin_fabric/share/marvin_fabric//config/robot_param_m6.yaml.bak.20260327_075250
[37.539s] -- Installing: /ros2_ws/install/marvin_fabric/share/marvin_fabric//config/robot_param_m6.yaml.bak.20260327_090716
[37.539s] -- Installing: /ros2_ws/install/marvin_fabric/share/marvin_fabric//config/robot_param_m6.yaml.bak.20260402_032407
[37.539s] -- Installing: /ros2_ws/install/marvin_fabric/share/marvin_fabric//config/robot_param_m6.yaml.bak.20260402_033107
[37.539s] -- Installing: /ros2_ws/install/marvin_fabric/share/marvin_fabric//config/robot_param_m6.yaml.bak.20260401_064238
[37.539s] -- Installing: /ros2_ws/install/marvin_fabric/share/marvin_fabric//config/robot_param_m6.yaml.bak.20260330_012014
[37.539s] -- Installing: /ros2_ws/install/marvin_fabric/share/marvin_fabric//config/robot_param_m6.yaml.bak.20260402_025700
[37.539s] -- Installing: /ros2_ws/install/marvin_fabric/share/marvin_fabric//config/robot_param_m6.yaml.bak.20260401_045253
[37.539s] -- Installing: /ros2_ws/install/marvin_fabric/share/marvin_fabric//config/robot_param_m6.yaml.bak.20260327_100050
[37.539s] -- Installing: /ros2_ws/install/marvin_fabric/share/marvin_fabric//config/robot_param_m6.yaml.bak.20260402_013150
[37.539s] -- Installing: /ros2_ws/install/marvin_fabric/share/marvin_fabric//config/robot_param_m6.yaml.bak.20260327_095227
[37.539s] -- Installing: /ros2_ws/install/marvin_fabric/share/marvin_fabric//config/robot_param_m6.yaml.bak.20260402_025429
[37.539s] -- Installing: /ros2_ws/install/marvin_fabric/share/marvin_fabric//config/robot_param_m6.yaml.bak.20260327_095313
[37.539s] -- Installing: /ros2_ws/install/marvin_fabric/share/marvin_fabric//config/robot_param_m6.yaml.bak.20260330_022708
[37.539s] -- Installing: /ros2_ws/install/marvin_fabric/share/marvin_fabric//config/robot_param_m6.yaml.bak.20260401_033843
[37.539s] -- Installing: /ros2_ws/install/marvin_fabric/share/marvin_fabric//config/robot_param_m6.yaml.bak.20260402_083852
[37.539s] -- Installing: /ros2_ws/install/marvin_fabric/share/marvin_fabric//config/robot_param_m6.yaml.bak.20260401_030747
[37.539s] -- Installing: /ros2_ws/install/marvin_fabric/share/marvin_fabric//config/robot_param_m6.yaml.bak.20260327_095627
[37.539s] -- Installing: /ros2_ws/install/marvin_fabric/share/marvin_fabric//config/robot_param_m6.yaml
[37.539s] -- Installing: /ros2_ws/install/marvin_fabric/share/marvin_fabric//config/robot_param_m6.yaml.bak.20260327_094441
[37.539s] -- Installing: /ros2_ws/install/marvin_fabric/share/marvin_fabric//config/robot_param_m6.yaml.bak.20260402_011618
[37.539s] -- Installing: /ros2_ws/install/marvin_fabric/share/marvin_fabric//config/robot_param_m6.yaml.bak.20260327_075332
[37.539s] -- Installing: /ros2_ws/install/marvin_fabric/share/marvin_fabric//config/robot_param_m6.yaml.bak.20260401_063724
[37.539s] -- Installing: /ros2_ws/install/marvin_fabric/share/marvin_fabric//config/robot_param_m6.yaml.bak.20260401_060354
[37.539s] -- Installing: /ros2_ws/install/marvin_fabric/share/marvin_fabric//config/robot_param_m6.yaml.bak.20260401_055435
[37.539s] -- Installing: /ros2_ws/install/marvin_fabric/share/marvin_fabric//config/robot_param_m6.yaml.bak.20260401_075536
[37.539s] -- Installing: /ros2_ws/install/marvin_fabric/share/marvin_fabric//config/robot_param_m6.yaml.bak.20260327_095828
[37.539s] -- Installing: /ros2_ws/install/marvin_fabric/share/marvin_fabric//config/marvin_robot copy.srdf
[37.539s] -- Installing: /ros2_ws/install/marvin_fabric/share/marvin_fabric//config/robot_param_m6.yaml.bak.20260401_022115
[37.539s] -- Installing: /ros2_ws/install/marvin_fabric/share/marvin_fabric//config/robot_param_m6.yaml.bak.20260331_102939
[37.539s] -- Installing: /ros2_ws/install/marvin_fabric/share/marvin_fabric//config/robot_param_m6.yaml.bak.20260327_072940
[37.539s] -- Installing: /ros2_ws/install/marvin_fabric/share/marvin_fabric//config/robot_param_m6.yaml.bak.20260402_030629
[37.539s] -- Installing: /ros2_ws/install/marvin_fabric/share/marvin_fabric//config/robot_param_m6.yaml.bak.20260402_023920
[37.539s] -- Installing: /ros2_ws/install/marvin_fabric/share/marvin_fabric//config/robot_param_m6.yaml.bak.20260327_090517
[37.540s] -- Installing: /ros2_ws/install/marvin_fabric/share/marvin_fabric//config/robot_param_m6.yaml.bak.20260401_060034
[37.540s] -- Installing: /ros2_ws/install/marvin_fabric/share/marvin_fabric//config/ccs_m3.MvKDCfg
[37.540s] -- Installing: /ros2_ws/install/marvin_fabric/share/marvin_fabric//config/robot_param_m6.yaml.bak.20260401_082421
[37.540s] -- Installing: /ros2_ws/install/marvin_fabric/share/marvin_fabric//config/robot_param_m6.yaml.bak.20260331_082255
[37.540s] -- Installing: /ros2_ws/install/marvin_fabric/share/marvin_fabric//config/robot_param_m6.yaml.bak.20260327_095619
[37.540s] -- Installing: /ros2_ws/install/marvin_fabric/share/marvin_fabric//config/robot_param_m6.yaml.bak.20260327_095555
[37.540s] -- Installing: /ros2_ws/install/marvin_fabric/share/marvin_fabric//config/robot_param_m6.yaml.bak.20260401_022003
[37.540s] -- Installing: /ros2_ws/install/marvin_fabric/share/marvin_fabric//config/robot_param_m6.yaml.bak.20260401_050949
[37.540s] -- Installing: /ros2_ws/install/marvin_fabric/share/marvin_fabric//config/marvin_robot.srdf
[37.540s] -- Installing: /ros2_ws/install/marvin_fabric/share/marvin_fabric//config/robot_param_m6.yaml.bak.20260401_124554
[37.540s] -- Installing: /ros2_ws/install/marvin_fabric/share/marvin_fabric//config/robot_param_m6.yaml.bak.20260401_094121
[37.540s] -- Installing: /ros2_ws/install/marvin_fabric/share/marvin_fabric//config/robot_param_m6.yaml.bak.20260327_100004
[37.540s] -- Installing: /ros2_ws/install/marvin_fabric/share/marvin_fabric//config/robot_param_m6.yaml.bak.20260401_021446
[37.540s] -- Installing: /ros2_ws/install/marvin_fabric/share/marvin_fabric//config/robot_param_m6.yaml.bak.20260327_092612
[37.540s] -- Installing: /ros2_ws/install/marvin_fabric/share/marvin_fabric//config/robot_param copy.yaml
[37.540s] -- Installing: /ros2_ws/install/marvin_fabric/share/marvin_fabric//config/robot_param_m6.yaml.bak.20260402_021205
[37.540s] -- Installing: /ros2_ws/install/marvin_fabric/share/marvin_fabric//config/robot_param_m6.yaml.bak.20260401_055206
[37.540s] -- Installing: /ros2_ws/install/marvin_fabric/share/marvin_fabric//config/robot_param_m6.yaml.bak.20260401_134425
[37.540s] -- Installing: /ros2_ws/install/marvin_fabric/share/marvin_fabric//config/world_data
[37.540s] -- Installing: /ros2_ws/install/marvin_fabric/share/marvin_fabric//config/world_data/tasks
[37.540s] -- Installing: /ros2_ws/install/marvin_fabric/share/marvin_fabric//config/world_data/tasks/drawer copy 2.yaml
[37.540s] -- Installing: /ros2_ws/install/marvin_fabric/share/marvin_fabric//config/world_data/tasks/drawer copy.yaml
[37.540s] -- Installing: /ros2_ws/install/marvin_fabric/share/marvin_fabric//config/world_data/tasks/drawer.yaml
[37.540s] -- Installing: /ros2_ws/install/marvin_fabric/share/marvin_fabric//config/world_data/tasks/pick_coke.yaml
[37.540s] -- Installing: /ros2_ws/install/marvin_fabric/share/marvin_fabric//config/world_data/objs
[37.540s] -- Installing: /ros2_ws/install/marvin_fabric/share/marvin_fabric//config/world_data/objs/desk.yaml
[37.540s] -- Installing: /ros2_ws/install/marvin_fabric/share/marvin_fabric//config/world_data/objs/mug.yaml
[37.540s] -- Installing: /ros2_ws/install/marvin_fabric/share/marvin_fabric//config/world_data/objs/drawer.yaml
[37.540s] -- Installing: /ros2_ws/install/marvin_fabric/share/marvin_fabric//config/robot_param_m6.yaml.bak.20260401_030944
[37.540s] -- Installing: /ros2_ws/install/marvin_fabric/share/marvin_fabric//config/robot_param_m6.yaml.bak.20260327_081416
[37.540s] -- Installing: /ros2_ws/install/marvin_fabric/share/marvin_fabric//config/marvin_CCS_m3.urdf
[37.540s] -- Installing: /ros2_ws/install/marvin_fabric/share/marvin_fabric//config/robot_param_m6.yaml.bak.20260401_072313
[37.540s] -- Installing: /ros2_ws/install/marvin_fabric/share/marvin_fabric//config/robot_param_m6.yaml.bak.20260401_124906
[37.540s] -- Installing: /ros2_ws/install/marvin_fabric/share/marvin_fabric//config/robot_param_m6.yaml.bak.20260401_032117
[37.540s] -- Installing: /ros2_ws/install/marvin_fabric/share/marvin_fabric//config/robot_param_m6.yaml.bak.20260327_095800
[37.540s] -- Installing: /ros2_ws/install/marvin_fabric/share/marvin_fabric//config/robot_param_m6.yaml.bak.20260401_131654
[37.540s] -- Installing: /ros2_ws/install/marvin_fabric/share/marvin_fabric//config/robot_param_m6.yaml.bak.20260327_095727
[37.540s] -- Installing: /ros2_ws/install/marvin_fabric/share/marvin_fabric//config/robot_param_m6.yaml.bak.20260401_030844
[37.540s] -- Installing: /ros2_ws/install/marvin_fabric/share/marvin_fabric//config/robot_param_m6.yaml.bak.20260401_095427
[37.540s] -- Installing: /ros2_ws/install/marvin_fabric/share/marvin_fabric//config/robot_param_m6.yaml.bak.20260327_094907
[37.540s] -- Installing: /ros2_ws/install/marvin_fabric/share/marvin_fabric//config/robot_param_m6.yaml.bak.20260401_021019
[37.540s] -- Installing: /ros2_ws/install/marvin_fabric/share/marvin_fabric//config/robot_param_m6.yaml.bak.20260401_065108
[37.540s] -- Installing: /ros2_ws/install/marvin_fabric/share/marvin_fabric//config/robot_param_m6.yaml.bak.20260327_095859
[37.540s] -- Installing: /ros2_ws/install/marvin_fabric/share/marvin_fabric//config/robot_param_m6.yaml.bak.20260401_032419
[37.540s] -- Installing: /ros2_ws/install/marvin_fabric/share/marvin_fabric//config/robot_param_m6.yaml.bak.20260327_094136
[37.540s] -- Installing: /ros2_ws/install/marvin_fabric/share/marvin_fabric//config/robot_param_m6.yaml.bak.20260401_131745
[37.540s] -- Installing: /ros2_ws/install/marvin_fabric/share/marvin_fabric//config/robot_param_m6.yaml.bak.20260327_075313
[37.540s] -- Installing: /ros2_ws/install/marvin_fabric/share/marvin_fabric//config/robot_param_m6.yaml.bak.20260327_090342
[37.540s] -- Installing: /ros2_ws/install/marvin_fabric/share/marvin_fabric//config/robot_param_m6.yaml.bak.20260327_095606
[37.540s] -- Installing: /ros2_ws/install/marvin_fabric/share/marvin_fabric//config/robot_param_m6.yaml.bak.20260327_095639
[37.540s] -- Installing: /ros2_ws/install/marvin_fabric/share/marvin_fabric//config/robot_param_m6.yaml.bak.20260401_045454
[37.540s] -- Installing: /ros2_ws/install/marvin_fabric/share/marvin_fabric//config/robot_param_m6.yaml.bak.20260401_114019
[37.540s] -- Installing: /ros2_ws/install/marvin_fabric/share/marvin_fabric//config/robot_param_m6.yaml.bak.20260331_095522
[37.540s] -- Installing: /ros2_ws/install/marvin_fabric/share/marvin_fabric//config/robot_param_m6.yaml.bak.20260402_025048
[37.540s] -- Installing: /ros2_ws/install/marvin_fabric/share/marvin_fabric//config/robot_param_m6.yaml.bak.20260402_013109
[37.540s] -- Installing: /ros2_ws/install/marvin_fabric/share/marvin_fabric//config/robot_param_m6.yaml.bak.20260402_020641
[37.540s] -- Installing: /ros2_ws/install/marvin_fabric/share/marvin_fabric//config/robot_param_m6.yaml.bak.20260331_102256
[37.540s] -- Installing: /ros2_ws/install/marvin_fabric/share/marvin_fabric//config/robot_param_m6.yaml.bak.20260401_135352
[37.541s] -- Installing: /ros2_ws/install/marvin_fabric/share/marvin_fabric//config/robot_config.yaml
[37.541s] -- Installing: /ros2_ws/install/marvin_fabric/share/marvin_fabric//config/robot_param_m6.yaml.bak.20260327_095711
[37.541s] -- Installing: /ros2_ws/install/marvin_fabric/share/marvin_fabric//config/robot_param_m3.yaml
[37.541s] -- Installing: /ros2_ws/install/marvin_fabric/share/marvin_fabric//config/robot_param_m6.yaml.bak.20260327_085648
[37.541s] -- Installing: /ros2_ws/install/marvin_fabric/share/marvin_fabric//config/robot_param_m6.yaml.bak.20260327_095657
[37.541s] -- Installing: /ros2_ws/install/marvin_fabric/share/marvin_fabric//config/robot_param_m6.yaml.bak.20260327_074928
[37.541s] -- Installing: /ros2_ws/install/marvin_fabric/share/marvin_fabric//config/robot_param_m6.yaml.bak.20260327_075506
[37.541s] -- Installing: /ros2_ws/install/marvin_fabric/share/marvin_fabric//config/robot_param_m6.yaml.bak.20260402_024321
[37.541s] -- Installing: /ros2_ws/install/marvin_fabric/share/marvin_fabric//config/robot_param_m6.yaml.bak.20260327_093037
[37.541s] -- Installing: /ros2_ws/install/marvin_fabric/share/marvin_fabric//config/robot_param_m6.yaml.bak.20260401_032943
[37.541s] -- Installing: /ros2_ws/install/marvin_fabric/share/marvin_fabric//config/marvin_CCS_m6.urdf
[37.541s] -- Installing: /ros2_ws/install/marvin_fabric/share/marvin_fabric//config/robot_param_m6.yaml.bak.20260401_022141
[37.541s] -- Installing: /ros2_ws/install/marvin_fabric/share/marvin_fabric//config/robot_param_m6.yaml.bak.20260401_070155
[37.541s] -- Installing: /ros2_ws/install/marvin_fabric/share/marvin_fabric//config/robot_param_m6.yaml.bak.20260401_124807
[37.541s] -- Installing: /ros2_ws/install/marvin_fabric/share/marvin_fabric//config/ccs_m6.MvKDCfg
[37.541s] -- Installing: /ros2_ws/install/marvin_fabric/share/marvin_fabric//config/robot_param_m6.yaml.bak.20260401_135539
[37.541s] -- Installing: /ros2_ws/install/marvin_fabric/include
[37.541s] -- Installing: /ros2_ws/install/marvin_fabric/include/tpm
[37.541s] -- Installing: /ros2_ws/install/marvin_fabric/include/tpm/tpm_check.hpp
[37.541s] -- Installing: /ros2_ws/install/marvin_fabric/include/marvin_ros_control
[37.541s] -- Installing: /ros2_ws/install/marvin_fabric/include/marvin_ros_control/MarvinSDK.h
[37.541s] -- Installing: /ros2_ws/install/marvin_fabric/include/marvin_ros_control/oneEuro_filter.h
[37.541s] -- Installing: /ros2_ws/install/marvin_fabric/include/marvin_ros_control/marvin_robot.h
[37.541s] -- Installing: /ros2_ws/install/marvin_fabric/include/fabric_task_maps.h
[37.541s] -- Installing: /ros2_ws/install/marvin_fabric/include/robot_env.h
[37.541s] -- Installing: /ros2_ws/install/marvin_fabric/share/ament_index/resource_index/package_run_dependencies/marvin_fabric
[37.541s] -- Installing: /ros2_ws/install/marvin_fabric/share/ament_index/resource_index/parent_prefix_path/marvin_fabric
[37.541s] -- Installing: /ros2_ws/install/marvin_fabric/share/marvin_fabric/environment/ament_prefix_path.sh
[37.541s] -- Installing: /ros2_ws/install/marvin_fabric/share/marvin_fabric/environment/ament_prefix_path.dsv
[37.541s] -- Installing: /ros2_ws/install/marvin_fabric/share/marvin_fabric/environment/path.sh
[37.541s] -- Installing: /ros2_ws/install/marvin_fabric/share/marvin_fabric/environment/path.dsv
[37.541s] -- Installing: /ros2_ws/install/marvin_fabric/share/marvin_fabric/local_setup.bash
[37.541s] -- Installing: /ros2_ws/install/marvin_fabric/share/marvin_fabric/local_setup.sh
[37.541s] -- Installing: /ros2_ws/install/marvin_fabric/share/marvin_fabric/local_setup.zsh
[37.541s] -- Installing: /ros2_ws/install/marvin_fabric/share/marvin_fabric/local_setup.dsv
[37.541s] -- Installing: /ros2_ws/install/marvin_fabric/share/marvin_fabric/package.dsv
[37.541s] -- Installing: /ros2_ws/install/marvin_fabric/share/ament_index/resource_index/packages/marvin_fabric
[37.541s] -- Installing: /ros2_ws/install/marvin_fabric/share/marvin_fabric/cmake/ament_cmake_export_include_directories-extras.cmake
[37.541s] -- Installing: /ros2_ws/install/marvin_fabric/share/marvin_fabric/cmake/marvin_fabricConfig.cmake
[37.541s] -- Installing: /ros2_ws/install/marvin_fabric/share/marvin_fabric/cmake/marvin_fabricConfig-version.cmake
[37.541s] -- Installing: /ros2_ws/install/marvin_fabric/share/marvin_fabric/package.xml
[37.542s] Invoked command in '/ros2_ws/build/marvin_fabric' returned '0': AMENT_PREFIX_PATH=/ros2_ws/install/marvin_ros_control:/ros2_ws/install/marvin_msgs:/ros2_ws/install/marvin_description:${AMENT_PREFIX_PATH} CMAKE_PREFIX_PATH=/ros2_ws/install/marvin_ros_control:/ros2_ws/install/marvin_msgs:/ros2_ws/install/marvin_description:/opt/ros/humble LD_LIBRARY_PATH=/ros2_ws/install/marvin_ros_control/lib:/ros2_ws/install/marvin_msgs/lib:${LD_LIBRARY_PATH} PYTHONPATH=/ros2_ws/install/marvin_msgs/local/lib/python3.10/dist-packages:${PYTHONPATH} /usr/bin/cmake --install /ros2_ws/build/marvin_fabric
