1781158895.0792983 [INFO] [launch]: All log files can be found below /ros2_ws/log/runtime/2026-06-11-06-21-35-078741-kewei-Pulse-GL76-11UEK-36186
1781158895.0793836 [INFO] [launch]: Default logging verbosity is set to INFO
1781158895.1569185 [INFO] [planner_node-1]: process started with pid [36499]
1781158895.1570432 [INFO] [marvin_robot_node-2]: process started with pid [36501]
1781158895.1570814 [INFO] [robot_state_publisher-3]: process started with pid [36503]
1781158895.1571143 [INFO] [rviz2-4]: process started with pid [36505]
1781158895.1699870 [robot_state_publisher-3] [WARN] [1781158895.169920020] [kdl_parser]: The root link base_link has an inertia specified in the URDF, but KDL does not support a root link with an inertia.  As a workaround, you can add an extra dummy link to your URDF.
1781158895.1700892 [robot_state_publisher-3] [INFO] [1781158895.169976576] [robot_state_publisher]: got segment Base_L
1781158895.1701202 [robot_state_publisher-3] [INFO] [1781158895.169999699] [robot_state_publisher]: got segment Base_R
1781158895.1701384 [robot_state_publisher-3] [INFO] [1781158895.170002374] [robot_state_publisher]: got segment Link1_L
1781158895.1701534 [robot_state_publisher-3] [INFO] [1781158895.170004198] [robot_state_publisher]: got segment Link1_R
1781158895.1701689 [robot_state_publisher-3] [INFO] [1781158895.170006071] [robot_state_publisher]: got segment Link2_L
1781158895.1701834 [robot_state_publisher-3] [INFO] [1781158895.170007684] [robot_state_publisher]: got segment Link2_R
1781158895.1702414 [robot_state_publisher-3] [INFO] [1781158895.170009257] [robot_state_publisher]: got segment Link3_L
1781158895.1702569 [robot_state_publisher-3] [INFO] [1781158895.170010770] [robot_state_publisher]: got segment Link3_R
1781158895.1702726 [robot_state_publisher-3] [INFO] [1781158895.170012213] [robot_state_publisher]: got segment Link4_L
1781158895.1702874 [robot_state_publisher-3] [INFO] [1781158895.170013636] [robot_state_publisher]: got segment Link4_R
1781158895.1703737 [robot_state_publisher-3] [INFO] [1781158895.170015138] [robot_state_publisher]: got segment Link5_L
1781158895.1704133 [robot_state_publisher-3] [INFO] [1781158895.170016771] [robot_state_publisher]: got segment Link5_R
1781158895.1704326 [robot_state_publisher-3] [INFO] [1781158895.170018274] [robot_state_publisher]: got segment Link6_L
1781158895.1704478 [robot_state_publisher-3] [INFO] [1781158895.170019677] [robot_state_publisher]: got segment Link6_R
1781158895.1704617 [robot_state_publisher-3] [INFO] [1781158895.170021120] [robot_state_publisher]: got segment Link7_L
1781158895.1704748 [robot_state_publisher-3] [INFO] [1781158895.170022612] [robot_state_publisher]: got segment Link7_R
1781158895.1704881 [robot_state_publisher-3] [INFO] [1781158895.170024095] [robot_state_publisher]: got segment base_link
1781158895.1705022 [robot_state_publisher-3] [INFO] [1781158895.170025678] [robot_state_publisher]: got segment camera_left_link
1781158895.1705165 [robot_state_publisher-3] [INFO] [1781158895.170027321] [robot_state_publisher]: got segment camera_rgb_link
1781158895.1705298 [robot_state_publisher-3] [INFO] [1781158895.170028804] [robot_state_publisher]: got segment camera_right_link
1781158895.1705432 [robot_state_publisher-3] [INFO] [1781158895.170030447] [robot_state_publisher]: got segment flange_L
1781158895.1705554 [robot_state_publisher-3] [INFO] [1781158895.170031950] [robot_state_publisher]: got segment flange_R
1781158895.1705675 [robot_state_publisher-3] [INFO] [1781158895.170033383] [robot_state_publisher]: got segment left_tool
1781158895.1705794 [robot_state_publisher-3] [INFO] [1781158895.170034855] [robot_state_publisher]: got segment right_tool
1781158895.1705916 [robot_state_publisher-3] [INFO] [1781158895.170036308] [robot_state_publisher]: got segment tracking_base_link
1781159136.9267526 [WARNING] [launch]: user interrupted with ctrl-c (SIGINT)
1781159136.9279070 [robot_state_publisher-3] [INFO] [1781159136.926634704] [rclcpp]: signal_handler(SIGINT/SIGTERM)
1781159137.0307992 [INFO] [robot_state_publisher-3]: process has finished cleanly [pid 36503]
1781159137.0406702 [INFO] [planner_node-1]: process has finished cleanly [pid 36499]
1781159137.1131196 [INFO] [rviz2-4]: process has finished cleanly [pid 36505]
1781159137.1193480 [WARNING] [launch]: user interrupted with ctrl-c (SIGINT) again, ignoring...
1781159137.2634656 [WARNING] [launch]: user interrupted with ctrl-c (SIGINT) again, ignoring...
1781159137.4383099 [WARNING] [launch]: user interrupted with ctrl-c (SIGINT) again, ignoring...
1781159137.4847538 [ERROR] [marvin_robot_node-2]: process has died [pid 36501, exit code -6, cmd '/ros2_ws/install/marvin_ros_control/lib/marvin_ros_control/marvin_robot_node --ros-args --log-level INFO --ros-args -r __node:=marvin_robot_node --params-file /ros2_ws/install/marvin_ros_control/share/marvin_ros_control/config/robot_param_m6.yaml'].
