1781062854.6049657 [INFO] [launch]: All log files can be found below /ros2_ws/log/runtime/2026-06-10-03-40-54-604528-kewei-Pulse-GL76-11UEK-208
1781062854.6050441 [INFO] [launch]: Default logging verbosity is set to INFO
1781062854.6799822 [INFO] [planner_node-1]: process started with pid [569]
1781062854.6800952 [INFO] [marvin_robot_node-2]: process started with pid [571]
1781062854.6801286 [INFO] [robot_state_publisher-3]: process started with pid [573]
1781062854.6801527 [INFO] [rviz2-4]: process started with pid [575]
1781062854.6927750 [robot_state_publisher-3] [WARN] [1781062854.692577650] [kdl_parser]: The root link base_link has an inertia specified in the URDF, but KDL does not support a root link with an inertia.  As a workaround, you can add an extra dummy link to your URDF.
1781062854.6929953 [robot_state_publisher-3] [INFO] [1781062854.692632222] [robot_state_publisher]: got segment Base_L
1781062854.6930335 [robot_state_publisher-3] [INFO] [1781062854.692655015] [robot_state_publisher]: got segment Base_R
1781062854.6930563 [robot_state_publisher-3] [INFO] [1781062854.692657420] [robot_state_publisher]: got segment Link1_L
1781062854.6930759 [robot_state_publisher-3] [INFO] [1781062854.692659183] [robot_state_publisher]: got segment Link1_R
1781062854.6930928 [robot_state_publisher-3] [INFO] [1781062854.692660856] [robot_state_publisher]: got segment Link2_L
1781062854.6931069 [robot_state_publisher-3] [INFO] [1781062854.692662409] [robot_state_publisher]: got segment Link2_R
1781062854.6931205 [robot_state_publisher-3] [INFO] [1781062854.692664042] [robot_state_publisher]: got segment Link3_L
1781062854.6931350 [robot_state_publisher-3] [INFO] [1781062854.692665585] [robot_state_publisher]: got segment Link3_R
1781062854.6931505 [robot_state_publisher-3] [INFO] [1781062854.692667058] [robot_state_publisher]: got segment Link4_L
1781062854.6931674 [robot_state_publisher-3] [INFO] [1781062854.692668521] [robot_state_publisher]: got segment Link4_R
1781062854.6931801 [robot_state_publisher-3] [INFO] [1781062854.692669983] [robot_state_publisher]: got segment Link5_L
1781062854.6931927 [robot_state_publisher-3] [INFO] [1781062854.692671486] [robot_state_publisher]: got segment Link5_R
1781062854.6932056 [robot_state_publisher-3] [INFO] [1781062854.692673039] [robot_state_publisher]: got segment Link6_L
1781062854.6932223 [robot_state_publisher-3] [INFO] [1781062854.692674492] [robot_state_publisher]: got segment Link6_R
1781062854.6932359 [robot_state_publisher-3] [INFO] [1781062854.692675945] [robot_state_publisher]: got segment Link7_L
1781062854.6932487 [robot_state_publisher-3] [INFO] [1781062854.692677417] [robot_state_publisher]: got segment Link7_R
1781062854.6932616 [robot_state_publisher-3] [INFO] [1781062854.692678940] [robot_state_publisher]: got segment base_link
1781062854.6932740 [robot_state_publisher-3] [INFO] [1781062854.692680533] [robot_state_publisher]: got segment camera_left_link
1781062854.6932869 [robot_state_publisher-3] [INFO] [1781062854.692682257] [robot_state_publisher]: got segment camera_rgb_link
1781062854.6933012 [robot_state_publisher-3] [INFO] [1781062854.692683910] [robot_state_publisher]: got segment camera_right_link
1781062854.6933763 [robot_state_publisher-3] [INFO] [1781062854.692685523] [robot_state_publisher]: got segment flange_L
1781062854.6933978 [robot_state_publisher-3] [INFO] [1781062854.692687226] [robot_state_publisher]: got segment flange_R
1781062854.6934130 [robot_state_publisher-3] [INFO] [1781062854.692689129] [robot_state_publisher]: got segment left_tool
1781062854.6934266 [robot_state_publisher-3] [INFO] [1781062854.692690722] [robot_state_publisher]: got segment right_tool
1781062854.6934390 [robot_state_publisher-3] [INFO] [1781062854.692692265] [robot_state_publisher]: got segment tracking_base_link
1781062872.9903598 [WARNING] [launch]: user interrupted with ctrl-c (SIGINT)
1781062872.9915819 [robot_state_publisher-3] [INFO] [1781062872.990214123] [rclcpp]: signal_handler(SIGINT/SIGTERM)
1781062873.0942419 [INFO] [robot_state_publisher-3]: process has finished cleanly [pid 573]
1781062873.1034131 [INFO] [planner_node-1]: process has finished cleanly [pid 569]
1781062873.1142952 [INFO] [rviz2-4]: process has finished cleanly [pid 575]
1781062873.4944808 [ERROR] [marvin_robot_node-2]: process has died [pid 571, exit code -6, cmd '/ros2_ws/install/marvin_ros_control/lib/marvin_ros_control/marvin_robot_node --ros-args --log-level INFO --ros-args -r __node:=marvin_robot_node --params-file /ros2_ws/install/marvin_ros_control/share/marvin_ros_control/config/robot_param_m6.yaml'].
