[0.038s] DEBUG:colcon:Command line arguments: ['/usr/bin/colcon', 'build', '--packages-select', 'marvin_fabric', '--cmake-args', '-DCPU_ARCH=x86']
[0.038s] DEBUG:colcon:Parsed command line arguments: Namespace(log_base=None, log_level=None, verb_name='build', build_base='build', install_base='install', merge_install=False, symlink_install=False, test_result_base=None, continue_on_error=False, executor='parallel', parallel_workers=32, event_handlers=None, ignore_user_meta=False, metas=['./colcon.meta'], base_paths=['.'], packages_ignore=None, packages_ignore_regex=None, paths=None, packages_up_to=None, packages_up_to_regex=None, packages_above=None, packages_above_and_dependencies=None, packages_above_depth=None, packages_select_by_dep=None, packages_skip_by_dep=None, packages_skip_up_to=None, packages_select_build_failed=False, packages_skip_build_finished=False, packages_select_test_failures=False, packages_skip_test_passed=False, packages_select=['marvin_fabric'], packages_skip=None, packages_select_regex=None, packages_skip_regex=None, packages_start=None, packages_end=None, cmake_args=['-DCPU_ARCH=x86'], cmake_target=None, cmake_target_skip_unavailable=False, cmake_clean_cache=False, cmake_clean_first=False, cmake_force_configure=False, ament_cmake_args=None, catkin_cmake_args=None, catkin_skip_building_tests=False, mixin_files=None, mixin=None, verb_parser=<colcon_mixin.mixin.mixin_argument.MixinArgumentDecorator object at 0x7f5acaa4f190>, verb_extension=<colcon_core.verb.build.BuildVerb object at 0x7f5acaa4e6e0>, main=<bound method BuildVerb.main of <colcon_core.verb.build.BuildVerb object at 0x7f5acaa4e6e0>>, mixin_verb=('build',))
[0.083s] Level 1:colcon.colcon_core.package_discovery:discover_packages(colcon_meta) check parameters
[0.083s] Level 1:colcon.colcon_core.package_discovery:discover_packages(recursive) check parameters
[0.083s] Level 1:colcon.colcon_core.package_discovery:discover_packages(ignore) check parameters
[0.083s] Level 1:colcon.colcon_core.package_discovery:discover_packages(path) check parameters
[0.083s] Level 1:colcon.colcon_core.package_discovery:discover_packages(colcon_meta) discover
[0.083s] Level 1:colcon.colcon_core.package_discovery:discover_packages(recursive) discover
[0.083s] INFO:colcon.colcon_core.package_discovery:Crawling recursively for packages in '/ros2_ws'
[0.083s] Level 1:colcon.colcon_core.package_identification:_identify(.) by extensions ['ignore', 'ignore_ament_install']
[0.084s] Level 1:colcon.colcon_core.package_identification:_identify(.) by extension 'ignore'
[0.084s] Level 1:colcon.colcon_core.package_identification:_identify(.) by extension 'ignore_ament_install'
[0.084s] Level 1:colcon.colcon_core.package_identification:_identify(.) by extensions ['colcon_pkg']
[0.084s] Level 1:colcon.colcon_core.package_identification:_identify(.) by extension 'colcon_pkg'
[0.084s] Level 1:colcon.colcon_core.package_identification:_identify(.) by extensions ['colcon_meta']
[0.084s] Level 1:colcon.colcon_core.package_identification:_identify(.) by extension 'colcon_meta'
[0.084s] Level 1:colcon.colcon_core.package_identification:_identify(.) by extensions ['ros']
[0.084s] Level 1:colcon.colcon_core.package_identification:_identify(.) by extension 'ros'
[0.088s] Level 1:colcon.colcon_core.package_identification:_identify(.) by extensions ['cmake', 'python']
[0.088s] Level 1:colcon.colcon_core.package_identification:_identify(.) by extension 'cmake'
[0.088s] Level 1:colcon.colcon_core.package_identification:_identify(.) by extension 'python'
[0.088s] Level 1:colcon.colcon_core.package_identification:_identify(.) by extensions ['python_setup_py']
[0.088s] Level 1:colcon.colcon_core.package_identification:_identify(.) by extension 'python_setup_py'
[0.088s] Level 1:colcon.colcon_core.package_identification:_identify(build) by extensions ['ignore', 'ignore_ament_install']
[0.088s] Level 1:colcon.colcon_core.package_identification:_identify(build) by extension 'ignore'
[0.088s] Level 1:colcon.colcon_core.package_identification:_identify(build) ignored
[0.088s] Level 1:colcon.colcon_core.package_identification:_identify(install) by extensions ['ignore', 'ignore_ament_install']
[0.088s] Level 1:colcon.colcon_core.package_identification:_identify(install) by extension 'ignore'
[0.088s] Level 1:colcon.colcon_core.package_identification:_identify(install) ignored
[0.088s] Level 1:colcon.colcon_core.package_identification:_identify(log) by extensions ['ignore', 'ignore_ament_install']
[0.089s] Level 1:colcon.colcon_core.package_identification:_identify(log) by extension 'ignore'
[0.089s] Level 1:colcon.colcon_core.package_identification:_identify(log) ignored
[0.089s] Level 1:colcon.colcon_core.package_identification:_identify(src) by extensions ['ignore', 'ignore_ament_install']
[0.089s] Level 1:colcon.colcon_core.package_identification:_identify(src) by extension 'ignore'
[0.089s] Level 1:colcon.colcon_core.package_identification:_identify(src) by extension 'ignore_ament_install'
[0.089s] Level 1:colcon.colcon_core.package_identification:_identify(src) by extensions ['colcon_pkg']
[0.089s] Level 1:colcon.colcon_core.package_identification:_identify(src) by extension 'colcon_pkg'
[0.089s] Level 1:colcon.colcon_core.package_identification:_identify(src) by extensions ['colcon_meta']
[0.089s] Level 1:colcon.colcon_core.package_identification:_identify(src) by extension 'colcon_meta'
[0.089s] Level 1:colcon.colcon_core.package_identification:_identify(src) by extensions ['ros']
[0.089s] Level 1:colcon.colcon_core.package_identification:_identify(src) by extension 'ros'
[0.089s] Level 1:colcon.colcon_core.package_identification:_identify(src) by extensions ['cmake', 'python']
[0.089s] Level 1:colcon.colcon_core.package_identification:_identify(src) by extension 'cmake'
[0.089s] Level 1:colcon.colcon_core.package_identification:_identify(src) by extension 'python'
[0.089s] Level 1:colcon.colcon_core.package_identification:_identify(src) by extensions ['python_setup_py']
[0.089s] Level 1:colcon.colcon_core.package_identification:_identify(src) by extension 'python_setup_py'
[0.089s] Level 1:colcon.colcon_core.package_identification:_identify(src/Marvin-description) by extensions ['ignore', 'ignore_ament_install']
[0.089s] Level 1:colcon.colcon_core.package_identification:_identify(src/Marvin-description) by extension 'ignore'
[0.089s] Level 1:colcon.colcon_core.package_identification:_identify(src/Marvin-description) by extension 'ignore_ament_install'
[0.089s] Level 1:colcon.colcon_core.package_identification:_identify(src/Marvin-description) by extensions ['colcon_pkg']
[0.089s] Level 1:colcon.colcon_core.package_identification:_identify(src/Marvin-description) by extension 'colcon_pkg'
[0.089s] Level 1:colcon.colcon_core.package_identification:_identify(src/Marvin-description) by extensions ['colcon_meta']
[0.089s] Level 1:colcon.colcon_core.package_identification:_identify(src/Marvin-description) by extension 'colcon_meta'
[0.089s] Level 1:colcon.colcon_core.package_identification:_identify(src/Marvin-description) by extensions ['ros']
[0.089s] Level 1:colcon.colcon_core.package_identification:_identify(src/Marvin-description) by extension 'ros'
[0.090s] DEBUG:colcon.colcon_core.package_identification:Package 'src/Marvin-description' with type 'ros.ament_cmake' and name 'marvin_description'
[0.090s] Level 1:colcon.colcon_core.package_identification:_identify(src/dm_gripper_py) by extensions ['ignore', 'ignore_ament_install']
[0.090s] Level 1:colcon.colcon_core.package_identification:_identify(src/dm_gripper_py) by extension 'ignore'
[0.090s] Level 1:colcon.colcon_core.package_identification:_identify(src/dm_gripper_py) by extension 'ignore_ament_install'
[0.090s] Level 1:colcon.colcon_core.package_identification:_identify(src/dm_gripper_py) by extensions ['colcon_pkg']
[0.090s] Level 1:colcon.colcon_core.package_identification:_identify(src/dm_gripper_py) by extension 'colcon_pkg'
[0.090s] Level 1:colcon.colcon_core.package_identification:_identify(src/dm_gripper_py) by extensions ['colcon_meta']
[0.090s] Level 1:colcon.colcon_core.package_identification:_identify(src/dm_gripper_py) by extension 'colcon_meta'
[0.090s] Level 1:colcon.colcon_core.package_identification:_identify(src/dm_gripper_py) by extensions ['ros']
[0.090s] Level 1:colcon.colcon_core.package_identification:_identify(src/dm_gripper_py) by extension 'ros'
[0.090s] DEBUG:colcon.colcon_core.package_identification:Package 'src/dm_gripper_py' with type 'ros.ament_python' and name 'dm_gripper_py'
[0.090s] Level 1:colcon.colcon_core.package_identification:_identify(src/fake_interface_pkg) by extensions ['ignore', 'ignore_ament_install']
[0.090s] Level 1:colcon.colcon_core.package_identification:_identify(src/fake_interface_pkg) by extension 'ignore'
[0.090s] Level 1:colcon.colcon_core.package_identification:_identify(src/fake_interface_pkg) by extension 'ignore_ament_install'
[0.090s] Level 1:colcon.colcon_core.package_identification:_identify(src/fake_interface_pkg) by extensions ['colcon_pkg']
[0.090s] Level 1:colcon.colcon_core.package_identification:_identify(src/fake_interface_pkg) by extension 'colcon_pkg'
[0.090s] Level 1:colcon.colcon_core.package_identification:_identify(src/fake_interface_pkg) by extensions ['colcon_meta']
[0.090s] Level 1:colcon.colcon_core.package_identification:_identify(src/fake_interface_pkg) by extension 'colcon_meta'
[0.090s] Level 1:colcon.colcon_core.package_identification:_identify(src/fake_interface_pkg) by extensions ['ros']
[0.090s] Level 1:colcon.colcon_core.package_identification:_identify(src/fake_interface_pkg) by extension 'ros'
[0.091s] DEBUG:colcon.colcon_core.package_identification:Package 'src/fake_interface_pkg' with type 'ros.catkin' and name 'fake_interface_pkg'
[0.091s] Level 1:colcon.colcon_core.package_identification:_identify(src/marvin_fabric) by extensions ['ignore', 'ignore_ament_install']
[0.091s] Level 1:colcon.colcon_core.package_identification:_identify(src/marvin_fabric) by extension 'ignore'
[0.091s] Level 1:colcon.colcon_core.package_identification:_identify(src/marvin_fabric) by extension 'ignore_ament_install'
[0.091s] Level 1:colcon.colcon_core.package_identification:_identify(src/marvin_fabric) by extensions ['colcon_pkg']
[0.091s] Level 1:colcon.colcon_core.package_identification:_identify(src/marvin_fabric) by extension 'colcon_pkg'
[0.091s] Level 1:colcon.colcon_core.package_identification:_identify(src/marvin_fabric) by extensions ['colcon_meta']
[0.091s] Level 1:colcon.colcon_core.package_identification:_identify(src/marvin_fabric) by extension 'colcon_meta'
[0.091s] Level 1:colcon.colcon_core.package_identification:_identify(src/marvin_fabric) by extensions ['ros']
[0.091s] Level 1:colcon.colcon_core.package_identification:_identify(src/marvin_fabric) by extension 'ros'
[0.091s] DEBUG:colcon.colcon_core.package_identification:Package 'src/marvin_fabric' with type 'ros.ament_cmake' and name 'marvin_fabric'
[0.091s] Level 1:colcon.colcon_core.package_identification:_identify(src/marvin_msgs) by extensions ['ignore', 'ignore_ament_install']
[0.091s] Level 1:colcon.colcon_core.package_identification:_identify(src/marvin_msgs) by extension 'ignore'
[0.091s] Level 1:colcon.colcon_core.package_identification:_identify(src/marvin_msgs) by extension 'ignore_ament_install'
[0.091s] Level 1:colcon.colcon_core.package_identification:_identify(src/marvin_msgs) by extensions ['colcon_pkg']
[0.091s] Level 1:colcon.colcon_core.package_identification:_identify(src/marvin_msgs) by extension 'colcon_pkg'
[0.091s] Level 1:colcon.colcon_core.package_identification:_identify(src/marvin_msgs) by extensions ['colcon_meta']
[0.091s] Level 1:colcon.colcon_core.package_identification:_identify(src/marvin_msgs) by extension 'colcon_meta'
[0.091s] Level 1:colcon.colcon_core.package_identification:_identify(src/marvin_msgs) by extensions ['ros']
[0.091s] Level 1:colcon.colcon_core.package_identification:_identify(src/marvin_msgs) by extension 'ros'
[0.091s] DEBUG:colcon.colcon_core.package_identification:Package 'src/marvin_msgs' with type 'ros.ament_cmake' and name 'marvin_msgs'
[0.091s] Level 1:colcon.colcon_core.package_identification:_identify(src/marvin_ros2_control) by extensions ['ignore', 'ignore_ament_install']
[0.092s] Level 1:colcon.colcon_core.package_identification:_identify(src/marvin_ros2_control) by extension 'ignore'
[0.092s] Level 1:colcon.colcon_core.package_identification:_identify(src/marvin_ros2_control) by extension 'ignore_ament_install'
[0.092s] Level 1:colcon.colcon_core.package_identification:_identify(src/marvin_ros2_control) by extensions ['colcon_pkg']
[0.092s] Level 1:colcon.colcon_core.package_identification:_identify(src/marvin_ros2_control) by extension 'colcon_pkg'
[0.092s] Level 1:colcon.colcon_core.package_identification:_identify(src/marvin_ros2_control) by extensions ['colcon_meta']
[0.092s] Level 1:colcon.colcon_core.package_identification:_identify(src/marvin_ros2_control) by extension 'colcon_meta'
[0.092s] Level 1:colcon.colcon_core.package_identification:_identify(src/marvin_ros2_control) by extensions ['ros']
[0.092s] Level 1:colcon.colcon_core.package_identification:_identify(src/marvin_ros2_control) by extension 'ros'
[0.092s] DEBUG:colcon.colcon_core.package_identification:Package 'src/marvin_ros2_control' with type 'ros.ament_cmake' and name 'marvin_ros_control'
[0.092s] Level 1:colcon.colcon_core.package_identification:_identify(src/marvin_teleop) by extensions ['ignore', 'ignore_ament_install']
[0.092s] Level 1:colcon.colcon_core.package_identification:_identify(src/marvin_teleop) by extension 'ignore'
[0.092s] Level 1:colcon.colcon_core.package_identification:_identify(src/marvin_teleop) by extension 'ignore_ament_install'
[0.092s] Level 1:colcon.colcon_core.package_identification:_identify(src/marvin_teleop) by extensions ['colcon_pkg']
[0.092s] Level 1:colcon.colcon_core.package_identification:_identify(src/marvin_teleop) by extension 'colcon_pkg'
[0.092s] Level 1:colcon.colcon_core.package_identification:_identify(src/marvin_teleop) by extensions ['colcon_meta']
[0.092s] Level 1:colcon.colcon_core.package_identification:_identify(src/marvin_teleop) by extension 'colcon_meta'
[0.092s] Level 1:colcon.colcon_core.package_identification:_identify(src/marvin_teleop) by extensions ['ros']
[0.092s] Level 1:colcon.colcon_core.package_identification:_identify(src/marvin_teleop) by extension 'ros'
[0.092s] DEBUG:colcon.colcon_core.package_identification:Package 'src/marvin_teleop' with type 'ros.ament_cmake' and name 'marvin_teleop'
[0.092s] Level 1:colcon.colcon_core.package_discovery:discover_packages(recursive) using defaults
[0.092s] Level 1:colcon.colcon_core.package_discovery:discover_packages(ignore) discover
[0.092s] Level 1:colcon.colcon_core.package_discovery:discover_packages(ignore) using defaults
[0.092s] Level 1:colcon.colcon_core.package_discovery:discover_packages(path) discover
[0.092s] Level 1:colcon.colcon_core.package_discovery:discover_packages(path) using defaults
[0.100s] INFO:colcon.colcon_core.package_selection:Skipping not selected package 'dm_gripper_py' in 'src/dm_gripper_py'
[0.100s] INFO:colcon.colcon_core.package_selection:Skipping not selected package 'fake_interface_pkg' in 'src/fake_interface_pkg'
[0.100s] INFO:colcon.colcon_core.package_selection:Skipping not selected package 'marvin_description' in 'src/Marvin-description'
[0.100s] INFO:colcon.colcon_core.package_selection:Skipping not selected package 'marvin_msgs' in 'src/marvin_msgs'
[0.100s] INFO:colcon.colcon_core.package_selection:Skipping not selected package 'marvin_ros_control' in 'src/marvin_ros2_control'
[0.100s] INFO:colcon.colcon_core.package_selection:Skipping not selected package 'marvin_teleop' in 'src/marvin_teleop'
[0.101s] Level 5:colcon.colcon_core.verb:set package 'marvin_fabric' build argument 'cmake_args' from command line to '['-DCPU_ARCH=x86']'
[0.101s] Level 5:colcon.colcon_core.verb:set package 'marvin_fabric' build argument 'cmake_target' from command line to 'None'
[0.101s] Level 5:colcon.colcon_core.verb:set package 'marvin_fabric' build argument 'cmake_target_skip_unavailable' from command line to 'False'
[0.101s] Level 5:colcon.colcon_core.verb:set package 'marvin_fabric' build argument 'cmake_clean_cache' from command line to 'False'
[0.101s] Level 5:colcon.colcon_core.verb:set package 'marvin_fabric' build argument 'cmake_clean_first' from command line to 'False'
[0.101s] Level 5:colcon.colcon_core.verb:set package 'marvin_fabric' build argument 'cmake_force_configure' from command line to 'False'
[0.101s] Level 5:colcon.colcon_core.verb:set package 'marvin_fabric' build argument 'ament_cmake_args' from command line to 'None'
[0.101s] Level 5:colcon.colcon_core.verb:set package 'marvin_fabric' build argument 'catkin_cmake_args' from command line to 'None'
[0.101s] Level 5:colcon.colcon_core.verb:set package 'marvin_fabric' build argument 'catkin_skip_building_tests' from command line to 'False'
[0.101s] DEBUG:colcon.colcon_core.verb:Building package 'marvin_fabric' with the following arguments: {'ament_cmake_args': None, 'build_base': '/ros2_ws/build/marvin_fabric', 'catkin_cmake_args': None, 'catkin_skip_building_tests': False, 'cmake_args': ['-DCPU_ARCH=x86'], 'cmake_clean_cache': False, 'cmake_clean_first': False, 'cmake_force_configure': False, 'cmake_target': None, 'cmake_target_skip_unavailable': False, 'install_base': '/ros2_ws/install/marvin_fabric', 'merge_install': False, 'path': '/ros2_ws/src/marvin_fabric', 'symlink_install': False, 'test_result_base': None}
[0.101s] INFO:colcon.colcon_core.executor:Executing jobs using 'parallel' executor
[0.101s] DEBUG:colcon.colcon_parallel_executor.executor.parallel:run_until_complete
[0.101s] INFO:colcon.colcon_ros.task.ament_cmake.build:Building ROS package in '/ros2_ws/src/marvin_fabric' with build type 'ament_cmake'
[0.101s] INFO:colcon.colcon_cmake.task.cmake.build:Building CMake package in '/ros2_ws/src/marvin_fabric'
[0.102s] INFO:colcon.colcon_core.plugin_system:Skipping extension 'colcon_core.shell.bat': Not used on non-Windows systems
[0.102s] INFO:colcon.colcon_core.shell:Skip shell extension 'powershell' for command environment: Not usable outside of PowerShell
[0.102s] DEBUG:colcon.colcon_core.shell:Skip shell extension 'dsv' for command environment
[0.107s] DEBUG:colcon.colcon_core.event_handler.log_command:Invoking command in '/ros2_ws/build/marvin_fabric': AMENT_PREFIX_PATH=/ros2_ws/install/marvin_ros_control:/ros2_ws/install/marvin_msgs:/ros2_ws/install/marvin_description:${AMENT_PREFIX_PATH} CMAKE_PREFIX_PATH=/ros2_ws/install/marvin_ros_control:/ros2_ws/install/marvin_msgs:/ros2_ws/install/marvin_description:/opt/ros/humble LD_LIBRARY_PATH=/ros2_ws/install/marvin_ros_control/lib:/ros2_ws/install/marvin_msgs/lib:${LD_LIBRARY_PATH} PYTHONPATH=/ros2_ws/install/marvin_msgs/local/lib/python3.10/dist-packages:${PYTHONPATH} /usr/bin/cmake /ros2_ws/src/marvin_fabric -DCPU_ARCH=x86 -DCMAKE_INSTALL_PREFIX=/ros2_ws/install/marvin_fabric
[1.392s] DEBUG:colcon.colcon_core.event_handler.log_command:Invoked command in '/ros2_ws/build/marvin_fabric' returned '0': AMENT_PREFIX_PATH=/ros2_ws/install/marvin_ros_control:/ros2_ws/install/marvin_msgs:/ros2_ws/install/marvin_description:${AMENT_PREFIX_PATH} CMAKE_PREFIX_PATH=/ros2_ws/install/marvin_ros_control:/ros2_ws/install/marvin_msgs:/ros2_ws/install/marvin_description:/opt/ros/humble LD_LIBRARY_PATH=/ros2_ws/install/marvin_ros_control/lib:/ros2_ws/install/marvin_msgs/lib:${LD_LIBRARY_PATH} PYTHONPATH=/ros2_ws/install/marvin_msgs/local/lib/python3.10/dist-packages:${PYTHONPATH} /usr/bin/cmake /ros2_ws/src/marvin_fabric -DCPU_ARCH=x86 -DCMAKE_INSTALL_PREFIX=/ros2_ws/install/marvin_fabric
[1.393s] DEBUG:colcon.colcon_core.event_handler.log_command:Invoking command in '/ros2_ws/build/marvin_fabric': AMENT_PREFIX_PATH=/ros2_ws/install/marvin_ros_control:/ros2_ws/install/marvin_msgs:/ros2_ws/install/marvin_description:${AMENT_PREFIX_PATH} CMAKE_PREFIX_PATH=/ros2_ws/install/marvin_ros_control:/ros2_ws/install/marvin_msgs:/ros2_ws/install/marvin_description:/opt/ros/humble LD_LIBRARY_PATH=/ros2_ws/install/marvin_ros_control/lib:/ros2_ws/install/marvin_msgs/lib:${LD_LIBRARY_PATH} PYTHONPATH=/ros2_ws/install/marvin_msgs/local/lib/python3.10/dist-packages:${PYTHONPATH} /usr/bin/cmake --build /ros2_ws/build/marvin_fabric -- -j32 -l32
[37.619s] DEBUG:colcon.colcon_core.event_handler.log_command:Invoked command in '/ros2_ws/build/marvin_fabric' returned '0': AMENT_PREFIX_PATH=/ros2_ws/install/marvin_ros_control:/ros2_ws/install/marvin_msgs:/ros2_ws/install/marvin_description:${AMENT_PREFIX_PATH} CMAKE_PREFIX_PATH=/ros2_ws/install/marvin_ros_control:/ros2_ws/install/marvin_msgs:/ros2_ws/install/marvin_description:/opt/ros/humble LD_LIBRARY_PATH=/ros2_ws/install/marvin_ros_control/lib:/ros2_ws/install/marvin_msgs/lib:${LD_LIBRARY_PATH} PYTHONPATH=/ros2_ws/install/marvin_msgs/local/lib/python3.10/dist-packages:${PYTHONPATH} /usr/bin/cmake --build /ros2_ws/build/marvin_fabric -- -j32 -l32
[37.623s] DEBUG:colcon.colcon_core.event_handler.log_command:Invoking command in '/ros2_ws/build/marvin_fabric': AMENT_PREFIX_PATH=/ros2_ws/install/marvin_ros_control:/ros2_ws/install/marvin_msgs:/ros2_ws/install/marvin_description:${AMENT_PREFIX_PATH} CMAKE_PREFIX_PATH=/ros2_ws/install/marvin_ros_control:/ros2_ws/install/marvin_msgs:/ros2_ws/install/marvin_description:/opt/ros/humble LD_LIBRARY_PATH=/ros2_ws/install/marvin_ros_control/lib:/ros2_ws/install/marvin_msgs/lib:${LD_LIBRARY_PATH} PYTHONPATH=/ros2_ws/install/marvin_msgs/local/lib/python3.10/dist-packages:${PYTHONPATH} /usr/bin/cmake --install /ros2_ws/build/marvin_fabric
[37.643s] Level 1:colcon.colcon_core.environment:create_environment_scripts_only(marvin_fabric)
[37.643s] DEBUG:colcon.colcon_core.event_handler.log_command:Invoked command in '/ros2_ws/build/marvin_fabric' returned '0': AMENT_PREFIX_PATH=/ros2_ws/install/marvin_ros_control:/ros2_ws/install/marvin_msgs:/ros2_ws/install/marvin_description:${AMENT_PREFIX_PATH} CMAKE_PREFIX_PATH=/ros2_ws/install/marvin_ros_control:/ros2_ws/install/marvin_msgs:/ros2_ws/install/marvin_description:/opt/ros/humble LD_LIBRARY_PATH=/ros2_ws/install/marvin_ros_control/lib:/ros2_ws/install/marvin_msgs/lib:${LD_LIBRARY_PATH} PYTHONPATH=/ros2_ws/install/marvin_msgs/local/lib/python3.10/dist-packages:${PYTHONPATH} /usr/bin/cmake --install /ros2_ws/build/marvin_fabric
[37.644s] Level 1:colcon.colcon_core.environment:checking '/ros2_ws/install/marvin_fabric' for CMake module files
[37.644s] Level 1:colcon.colcon_core.environment:checking '/ros2_ws/install/marvin_fabric' for CMake config files
[37.644s] Level 1:colcon.colcon_core.shell:create_environment_hook('marvin_fabric', 'cmake_prefix_path')
[37.644s] INFO:colcon.colcon_core.shell:Creating environment hook '/ros2_ws/install/marvin_fabric/share/marvin_fabric/hook/cmake_prefix_path.ps1'
[37.645s] INFO:colcon.colcon_core.shell:Creating environment descriptor '/ros2_ws/install/marvin_fabric/share/marvin_fabric/hook/cmake_prefix_path.dsv'
[37.645s] INFO:colcon.colcon_core.shell:Creating environment hook '/ros2_ws/install/marvin_fabric/share/marvin_fabric/hook/cmake_prefix_path.sh'
[37.645s] Level 1:colcon.colcon_core.environment:checking '/ros2_ws/install/marvin_fabric/lib'
[37.645s] Level 1:colcon.colcon_core.environment:checking '/ros2_ws/install/marvin_fabric/bin'
[37.645s] Level 1:colcon.colcon_core.environment:checking '/ros2_ws/install/marvin_fabric/lib/pkgconfig/marvin_fabric.pc'
[37.646s] Level 1:colcon.colcon_core.environment:checking '/ros2_ws/install/marvin_fabric/lib/python3.10/site-packages'
[37.646s] Level 1:colcon.colcon_core.environment:checking '/ros2_ws/install/marvin_fabric/bin'
[37.646s] INFO:colcon.colcon_core.shell:Creating package script '/ros2_ws/install/marvin_fabric/share/marvin_fabric/package.ps1'
[37.647s] INFO:colcon.colcon_core.shell:Creating package descriptor '/ros2_ws/install/marvin_fabric/share/marvin_fabric/package.dsv'
[37.647s] INFO:colcon.colcon_core.shell:Creating package script '/ros2_ws/install/marvin_fabric/share/marvin_fabric/package.sh'
[37.647s] INFO:colcon.colcon_core.shell:Creating package script '/ros2_ws/install/marvin_fabric/share/marvin_fabric/package.bash'
[37.647s] INFO:colcon.colcon_core.shell:Creating package script '/ros2_ws/install/marvin_fabric/share/marvin_fabric/package.zsh'
[37.647s] Level 1:colcon.colcon_core.environment:create_file_with_runtime_dependencies(/ros2_ws/install/marvin_fabric/share/colcon-core/packages/marvin_fabric)
[37.648s] Level 1:colcon.colcon_core.environment:create_environment_scripts_only(marvin_fabric)
[37.648s] Level 1:colcon.colcon_core.environment:checking '/ros2_ws/install/marvin_fabric' for CMake module files
[37.648s] Level 1:colcon.colcon_core.environment:checking '/ros2_ws/install/marvin_fabric' for CMake config files
[37.648s] Level 1:colcon.colcon_core.shell:create_environment_hook('marvin_fabric', 'cmake_prefix_path')
[37.648s] INFO:colcon.colcon_core.shell:Creating environment hook '/ros2_ws/install/marvin_fabric/share/marvin_fabric/hook/cmake_prefix_path.ps1'
[37.648s] INFO:colcon.colcon_core.shell:Creating environment descriptor '/ros2_ws/install/marvin_fabric/share/marvin_fabric/hook/cmake_prefix_path.dsv'
[37.648s] INFO:colcon.colcon_core.shell:Creating environment hook '/ros2_ws/install/marvin_fabric/share/marvin_fabric/hook/cmake_prefix_path.sh'
[37.649s] Level 1:colcon.colcon_core.environment:checking '/ros2_ws/install/marvin_fabric/lib'
[37.649s] Level 1:colcon.colcon_core.environment:checking '/ros2_ws/install/marvin_fabric/bin'
[37.649s] Level 1:colcon.colcon_core.environment:checking '/ros2_ws/install/marvin_fabric/lib/pkgconfig/marvin_fabric.pc'
[37.649s] Level 1:colcon.colcon_core.environment:checking '/ros2_ws/install/marvin_fabric/lib/python3.10/site-packages'
[37.649s] Level 1:colcon.colcon_core.environment:checking '/ros2_ws/install/marvin_fabric/bin'
[37.649s] INFO:colcon.colcon_core.shell:Creating package script '/ros2_ws/install/marvin_fabric/share/marvin_fabric/package.ps1'
[37.649s] INFO:colcon.colcon_core.shell:Creating package descriptor '/ros2_ws/install/marvin_fabric/share/marvin_fabric/package.dsv'
[37.649s] INFO:colcon.colcon_core.shell:Creating package script '/ros2_ws/install/marvin_fabric/share/marvin_fabric/package.sh'
[37.649s] INFO:colcon.colcon_core.shell:Creating package script '/ros2_ws/install/marvin_fabric/share/marvin_fabric/package.bash'
[37.650s] INFO:colcon.colcon_core.shell:Creating package script '/ros2_ws/install/marvin_fabric/share/marvin_fabric/package.zsh'
[37.650s] Level 1:colcon.colcon_core.environment:create_file_with_runtime_dependencies(/ros2_ws/install/marvin_fabric/share/colcon-core/packages/marvin_fabric)
[37.650s] DEBUG:colcon.colcon_parallel_executor.executor.parallel:closing loop
[37.650s] DEBUG:colcon.colcon_parallel_executor.executor.parallel:loop closed
[37.650s] DEBUG:colcon.colcon_parallel_executor.executor.parallel:run_until_complete finished with '0'
[37.650s] DEBUG:colcon.colcon_core.event_reactor:joining thread
[37.652s] INFO:colcon.colcon_core.plugin_system:Skipping extension 'colcon_notification.desktop_notification.notify_send': Could not find 'notify-send'
[37.652s] INFO:colcon.colcon_core.plugin_system:Skipping extension 'colcon_notification.desktop_notification.terminal_notifier': Not used on non-Darwin systems
[37.652s] INFO:colcon.colcon_core.plugin_system:Skipping extension 'colcon_notification.desktop_notification.win32': Not used on non-Windows systems
[37.652s] INFO:colcon.colcon_notification.desktop_notification:Sending desktop notification using 'notify2'
[37.652s] DEBUG:colcon.colcon_notification.desktop_notification.notify2:Failed to initialize notify2: org.freedesktop.DBus.Error.NotSupported: Unable to autolaunch a dbus-daemon without a $DISPLAY for X11
[37.652s] DEBUG:colcon.colcon_core.event_reactor:joined thread
[37.652s] INFO:colcon.colcon_core.shell:Creating prefix script '/ros2_ws/install/local_setup.ps1'
[37.653s] INFO:colcon.colcon_core.shell:Creating prefix util module '/ros2_ws/install/_local_setup_util_ps1.py'
[37.653s] INFO:colcon.colcon_core.shell:Creating prefix chain script '/ros2_ws/install/setup.ps1'
[37.654s] INFO:colcon.colcon_core.shell:Creating prefix script '/ros2_ws/install/local_setup.sh'
[37.654s] INFO:colcon.colcon_core.shell:Creating prefix util module '/ros2_ws/install/_local_setup_util_sh.py'
[37.659s] INFO:colcon.colcon_core.shell:Creating prefix chain script '/ros2_ws/install/setup.sh'
[37.660s] INFO:colcon.colcon_core.shell:Creating prefix script '/ros2_ws/install/local_setup.bash'
[37.660s] INFO:colcon.colcon_core.shell:Creating prefix chain script '/ros2_ws/install/setup.bash'
[37.660s] INFO:colcon.colcon_core.shell:Creating prefix script '/ros2_ws/install/local_setup.zsh'
[37.661s] INFO:colcon.colcon_core.shell:Creating prefix chain script '/ros2_ws/install/setup.zsh'
