[0.040s] DEBUG:colcon:Command line arguments: ['/usr/bin/colcon', 'build', '--packages-select', 'marvin_msgs', 'fake_interface_pkg']
[0.040s] DEBUG:colcon:Parsed command line arguments: Namespace(log_base=None, log_level=None, verb_name='build', build_base='build', install_base='install', merge_install=False, symlink_install=False, test_result_base=None, continue_on_error=False, executor='parallel', parallel_workers=32, event_handlers=None, ignore_user_meta=False, metas=['./colcon.meta'], base_paths=['.'], packages_ignore=None, packages_ignore_regex=None, paths=None, packages_up_to=None, packages_up_to_regex=None, packages_above=None, packages_above_and_dependencies=None, packages_above_depth=None, packages_select_by_dep=None, packages_skip_by_dep=None, packages_skip_up_to=None, packages_select_build_failed=False, packages_skip_build_finished=False, packages_select_test_failures=False, packages_skip_test_passed=False, packages_select=['marvin_msgs', 'fake_interface_pkg'], packages_skip=None, packages_select_regex=None, packages_skip_regex=None, packages_start=None, packages_end=None, cmake_args=None, cmake_target=None, cmake_target_skip_unavailable=False, cmake_clean_cache=False, cmake_clean_first=False, cmake_force_configure=False, ament_cmake_args=None, catkin_cmake_args=None, catkin_skip_building_tests=False, mixin_files=None, mixin=None, verb_parser=<colcon_mixin.mixin.mixin_argument.MixinArgumentDecorator object at 0x7144d4a9f1c0>, verb_extension=<colcon_core.verb.build.BuildVerb object at 0x7144d4a9e710>, main=<bound method BuildVerb.main of <colcon_core.verb.build.BuildVerb object at 0x7144d4a9e710>>, mixin_verb=('build',))
[0.088s] Level 1:colcon.colcon_core.package_discovery:discover_packages(colcon_meta) check parameters
[0.088s] Level 1:colcon.colcon_core.package_discovery:discover_packages(recursive) check parameters
[0.088s] Level 1:colcon.colcon_core.package_discovery:discover_packages(ignore) check parameters
[0.088s] Level 1:colcon.colcon_core.package_discovery:discover_packages(path) check parameters
[0.088s] Level 1:colcon.colcon_core.package_discovery:discover_packages(colcon_meta) discover
[0.088s] Level 1:colcon.colcon_core.package_discovery:discover_packages(recursive) discover
[0.088s] INFO:colcon.colcon_core.package_discovery:Crawling recursively for packages in '/ros2_ws'
[0.088s] Level 1:colcon.colcon_core.package_identification:_identify(.) by extensions ['ignore', 'ignore_ament_install']
[0.088s] Level 1:colcon.colcon_core.package_identification:_identify(.) by extension 'ignore'
[0.088s] Level 1:colcon.colcon_core.package_identification:_identify(.) by extension 'ignore_ament_install'
[0.088s] Level 1:colcon.colcon_core.package_identification:_identify(.) by extensions ['colcon_pkg']
[0.088s] Level 1:colcon.colcon_core.package_identification:_identify(.) by extension 'colcon_pkg'
[0.088s] Level 1:colcon.colcon_core.package_identification:_identify(.) by extensions ['colcon_meta']
[0.088s] Level 1:colcon.colcon_core.package_identification:_identify(.) by extension 'colcon_meta'
[0.088s] Level 1:colcon.colcon_core.package_identification:_identify(.) by extensions ['ros']
[0.088s] Level 1:colcon.colcon_core.package_identification:_identify(.) by extension 'ros'
[0.093s] Level 1:colcon.colcon_core.package_identification:_identify(.) by extensions ['cmake', 'python']
[0.093s] Level 1:colcon.colcon_core.package_identification:_identify(.) by extension 'cmake'
[0.093s] Level 1:colcon.colcon_core.package_identification:_identify(.) by extension 'python'
[0.093s] Level 1:colcon.colcon_core.package_identification:_identify(.) by extensions ['python_setup_py']
[0.093s] Level 1:colcon.colcon_core.package_identification:_identify(.) by extension 'python_setup_py'
[0.093s] Level 1:colcon.colcon_core.package_identification:_identify(build) by extensions ['ignore', 'ignore_ament_install']
[0.093s] Level 1:colcon.colcon_core.package_identification:_identify(build) by extension 'ignore'
[0.093s] Level 1:colcon.colcon_core.package_identification:_identify(build) ignored
[0.093s] Level 1:colcon.colcon_core.package_identification:_identify(install) by extensions ['ignore', 'ignore_ament_install']
[0.093s] Level 1:colcon.colcon_core.package_identification:_identify(install) by extension 'ignore'
[0.093s] Level 1:colcon.colcon_core.package_identification:_identify(install) ignored
[0.093s] Level 1:colcon.colcon_core.package_identification:_identify(log) by extensions ['ignore', 'ignore_ament_install']
[0.093s] Level 1:colcon.colcon_core.package_identification:_identify(log) by extension 'ignore'
[0.093s] Level 1:colcon.colcon_core.package_identification:_identify(log) ignored
[0.093s] Level 1:colcon.colcon_core.package_identification:_identify(src) by extensions ['ignore', 'ignore_ament_install']
[0.093s] Level 1:colcon.colcon_core.package_identification:_identify(src) by extension 'ignore'
[0.093s] Level 1:colcon.colcon_core.package_identification:_identify(src) by extension 'ignore_ament_install'
[0.093s] Level 1:colcon.colcon_core.package_identification:_identify(src) by extensions ['colcon_pkg']
[0.093s] Level 1:colcon.colcon_core.package_identification:_identify(src) by extension 'colcon_pkg'
[0.093s] Level 1:colcon.colcon_core.package_identification:_identify(src) by extensions ['colcon_meta']
[0.093s] Level 1:colcon.colcon_core.package_identification:_identify(src) by extension 'colcon_meta'
[0.093s] Level 1:colcon.colcon_core.package_identification:_identify(src) by extensions ['ros']
[0.093s] Level 1:colcon.colcon_core.package_identification:_identify(src) by extension 'ros'
[0.093s] Level 1:colcon.colcon_core.package_identification:_identify(src) by extensions ['cmake', 'python']
[0.093s] Level 1:colcon.colcon_core.package_identification:_identify(src) by extension 'cmake'
[0.093s] Level 1:colcon.colcon_core.package_identification:_identify(src) by extension 'python'
[0.093s] Level 1:colcon.colcon_core.package_identification:_identify(src) by extensions ['python_setup_py']
[0.093s] Level 1:colcon.colcon_core.package_identification:_identify(src) by extension 'python_setup_py'
[0.093s] Level 1:colcon.colcon_core.package_identification:_identify(src/Marvin-description) by extensions ['ignore', 'ignore_ament_install']
[0.093s] Level 1:colcon.colcon_core.package_identification:_identify(src/Marvin-description) by extension 'ignore'
[0.093s] Level 1:colcon.colcon_core.package_identification:_identify(src/Marvin-description) by extension 'ignore_ament_install'
[0.093s] Level 1:colcon.colcon_core.package_identification:_identify(src/Marvin-description) by extensions ['colcon_pkg']
[0.093s] Level 1:colcon.colcon_core.package_identification:_identify(src/Marvin-description) by extension 'colcon_pkg'
[0.093s] Level 1:colcon.colcon_core.package_identification:_identify(src/Marvin-description) by extensions ['colcon_meta']
[0.093s] Level 1:colcon.colcon_core.package_identification:_identify(src/Marvin-description) by extension 'colcon_meta'
[0.093s] Level 1:colcon.colcon_core.package_identification:_identify(src/Marvin-description) by extensions ['ros']
[0.093s] Level 1:colcon.colcon_core.package_identification:_identify(src/Marvin-description) by extension 'ros'
[0.094s] DEBUG:colcon.colcon_core.package_identification:Package 'src/Marvin-description' with type 'ros.ament_cmake' and name 'marvin_description'
[0.094s] Level 1:colcon.colcon_core.package_identification:_identify(src/dm_gripper_py) by extensions ['ignore', 'ignore_ament_install']
[0.094s] Level 1:colcon.colcon_core.package_identification:_identify(src/dm_gripper_py) by extension 'ignore'
[0.094s] Level 1:colcon.colcon_core.package_identification:_identify(src/dm_gripper_py) by extension 'ignore_ament_install'
[0.094s] Level 1:colcon.colcon_core.package_identification:_identify(src/dm_gripper_py) by extensions ['colcon_pkg']
[0.094s] Level 1:colcon.colcon_core.package_identification:_identify(src/dm_gripper_py) by extension 'colcon_pkg'
[0.094s] Level 1:colcon.colcon_core.package_identification:_identify(src/dm_gripper_py) by extensions ['colcon_meta']
[0.094s] Level 1:colcon.colcon_core.package_identification:_identify(src/dm_gripper_py) by extension 'colcon_meta'
[0.094s] Level 1:colcon.colcon_core.package_identification:_identify(src/dm_gripper_py) by extensions ['ros']
[0.094s] Level 1:colcon.colcon_core.package_identification:_identify(src/dm_gripper_py) by extension 'ros'
[0.095s] DEBUG:colcon.colcon_core.package_identification:Package 'src/dm_gripper_py' with type 'ros.ament_python' and name 'dm_gripper_py'
[0.095s] Level 1:colcon.colcon_core.package_identification:_identify(src/fake_interface_pkg) by extensions ['ignore', 'ignore_ament_install']
[0.095s] Level 1:colcon.colcon_core.package_identification:_identify(src/fake_interface_pkg) by extension 'ignore'
[0.095s] Level 1:colcon.colcon_core.package_identification:_identify(src/fake_interface_pkg) by extension 'ignore_ament_install'
[0.095s] Level 1:colcon.colcon_core.package_identification:_identify(src/fake_interface_pkg) by extensions ['colcon_pkg']
[0.095s] Level 1:colcon.colcon_core.package_identification:_identify(src/fake_interface_pkg) by extension 'colcon_pkg'
[0.095s] Level 1:colcon.colcon_core.package_identification:_identify(src/fake_interface_pkg) by extensions ['colcon_meta']
[0.095s] Level 1:colcon.colcon_core.package_identification:_identify(src/fake_interface_pkg) by extension 'colcon_meta'
[0.095s] Level 1:colcon.colcon_core.package_identification:_identify(src/fake_interface_pkg) by extensions ['ros']
[0.095s] Level 1:colcon.colcon_core.package_identification:_identify(src/fake_interface_pkg) by extension 'ros'
[0.095s] DEBUG:colcon.colcon_core.package_identification:Package 'src/fake_interface_pkg' with type 'ros.catkin' and name 'fake_interface_pkg'
[0.095s] Level 1:colcon.colcon_core.package_identification:_identify(src/marvin_fabric) by extensions ['ignore', 'ignore_ament_install']
[0.095s] Level 1:colcon.colcon_core.package_identification:_identify(src/marvin_fabric) by extension 'ignore'
[0.095s] Level 1:colcon.colcon_core.package_identification:_identify(src/marvin_fabric) by extension 'ignore_ament_install'
[0.095s] Level 1:colcon.colcon_core.package_identification:_identify(src/marvin_fabric) by extensions ['colcon_pkg']
[0.095s] Level 1:colcon.colcon_core.package_identification:_identify(src/marvin_fabric) by extension 'colcon_pkg'
[0.095s] Level 1:colcon.colcon_core.package_identification:_identify(src/marvin_fabric) by extensions ['colcon_meta']
[0.095s] Level 1:colcon.colcon_core.package_identification:_identify(src/marvin_fabric) by extension 'colcon_meta'
[0.095s] Level 1:colcon.colcon_core.package_identification:_identify(src/marvin_fabric) by extensions ['ros']
[0.095s] Level 1:colcon.colcon_core.package_identification:_identify(src/marvin_fabric) by extension 'ros'
[0.095s] DEBUG:colcon.colcon_core.package_identification:Package 'src/marvin_fabric' with type 'ros.ament_cmake' and name 'marvin_fabric'
[0.096s] Level 1:colcon.colcon_core.package_identification:_identify(src/marvin_msgs) by extensions ['ignore', 'ignore_ament_install']
[0.096s] Level 1:colcon.colcon_core.package_identification:_identify(src/marvin_msgs) by extension 'ignore'
[0.096s] Level 1:colcon.colcon_core.package_identification:_identify(src/marvin_msgs) by extension 'ignore_ament_install'
[0.096s] Level 1:colcon.colcon_core.package_identification:_identify(src/marvin_msgs) by extensions ['colcon_pkg']
[0.096s] Level 1:colcon.colcon_core.package_identification:_identify(src/marvin_msgs) by extension 'colcon_pkg'
[0.096s] Level 1:colcon.colcon_core.package_identification:_identify(src/marvin_msgs) by extensions ['colcon_meta']
[0.096s] Level 1:colcon.colcon_core.package_identification:_identify(src/marvin_msgs) by extension 'colcon_meta'
[0.096s] Level 1:colcon.colcon_core.package_identification:_identify(src/marvin_msgs) by extensions ['ros']
[0.096s] Level 1:colcon.colcon_core.package_identification:_identify(src/marvin_msgs) by extension 'ros'
[0.096s] DEBUG:colcon.colcon_core.package_identification:Package 'src/marvin_msgs' with type 'ros.ament_cmake' and name 'marvin_msgs'
[0.096s] Level 1:colcon.colcon_core.package_identification:_identify(src/marvin_ros2_control) by extensions ['ignore', 'ignore_ament_install']
[0.096s] Level 1:colcon.colcon_core.package_identification:_identify(src/marvin_ros2_control) by extension 'ignore'
[0.096s] Level 1:colcon.colcon_core.package_identification:_identify(src/marvin_ros2_control) by extension 'ignore_ament_install'
[0.096s] Level 1:colcon.colcon_core.package_identification:_identify(src/marvin_ros2_control) by extensions ['colcon_pkg']
[0.096s] Level 1:colcon.colcon_core.package_identification:_identify(src/marvin_ros2_control) by extension 'colcon_pkg'
[0.096s] Level 1:colcon.colcon_core.package_identification:_identify(src/marvin_ros2_control) by extensions ['colcon_meta']
[0.096s] Level 1:colcon.colcon_core.package_identification:_identify(src/marvin_ros2_control) by extension 'colcon_meta'
[0.096s] Level 1:colcon.colcon_core.package_identification:_identify(src/marvin_ros2_control) by extensions ['ros']
[0.096s] Level 1:colcon.colcon_core.package_identification:_identify(src/marvin_ros2_control) by extension 'ros'
[0.096s] DEBUG:colcon.colcon_core.package_identification:Package 'src/marvin_ros2_control' with type 'ros.ament_cmake' and name 'marvin_ros_control'
[0.096s] Level 1:colcon.colcon_core.package_identification:_identify(src/marvin_teleop) by extensions ['ignore', 'ignore_ament_install']
[0.096s] Level 1:colcon.colcon_core.package_identification:_identify(src/marvin_teleop) by extension 'ignore'
[0.096s] Level 1:colcon.colcon_core.package_identification:_identify(src/marvin_teleop) by extension 'ignore_ament_install'
[0.096s] Level 1:colcon.colcon_core.package_identification:_identify(src/marvin_teleop) by extensions ['colcon_pkg']
[0.096s] Level 1:colcon.colcon_core.package_identification:_identify(src/marvin_teleop) by extension 'colcon_pkg'
[0.096s] Level 1:colcon.colcon_core.package_identification:_identify(src/marvin_teleop) by extensions ['colcon_meta']
[0.096s] Level 1:colcon.colcon_core.package_identification:_identify(src/marvin_teleop) by extension 'colcon_meta'
[0.096s] Level 1:colcon.colcon_core.package_identification:_identify(src/marvin_teleop) by extensions ['ros']
[0.096s] Level 1:colcon.colcon_core.package_identification:_identify(src/marvin_teleop) by extension 'ros'
[0.097s] DEBUG:colcon.colcon_core.package_identification:Package 'src/marvin_teleop' with type 'ros.ament_cmake' and name 'marvin_teleop'
[0.097s] Level 1:colcon.colcon_core.package_discovery:discover_packages(recursive) using defaults
[0.097s] Level 1:colcon.colcon_core.package_discovery:discover_packages(ignore) discover
[0.097s] Level 1:colcon.colcon_core.package_discovery:discover_packages(ignore) using defaults
[0.097s] Level 1:colcon.colcon_core.package_discovery:discover_packages(path) discover
[0.097s] Level 1:colcon.colcon_core.package_discovery:discover_packages(path) using defaults
[0.105s] INFO:colcon.colcon_core.package_selection:Skipping not selected package 'dm_gripper_py' in 'src/dm_gripper_py'
[0.105s] INFO:colcon.colcon_core.package_selection:Skipping not selected package 'marvin_description' in 'src/Marvin-description'
[0.105s] INFO:colcon.colcon_core.package_selection:Skipping not selected package 'marvin_ros_control' in 'src/marvin_ros2_control'
[0.105s] INFO:colcon.colcon_core.package_selection:Skipping not selected package 'marvin_teleop' in 'src/marvin_teleop'
[0.105s] INFO:colcon.colcon_core.package_selection:Skipping not selected package 'marvin_fabric' in 'src/marvin_fabric'
[0.105s] Level 5:colcon.colcon_core.verb:set package 'fake_interface_pkg' build argument 'cmake_args' from command line to 'None'
[0.105s] Level 5:colcon.colcon_core.verb:set package 'fake_interface_pkg' build argument 'cmake_target' from command line to 'None'
[0.105s] Level 5:colcon.colcon_core.verb:set package 'fake_interface_pkg' build argument 'cmake_target_skip_unavailable' from command line to 'False'
[0.105s] Level 5:colcon.colcon_core.verb:set package 'fake_interface_pkg' build argument 'cmake_clean_cache' from command line to 'False'
[0.105s] Level 5:colcon.colcon_core.verb:set package 'fake_interface_pkg' build argument 'cmake_clean_first' from command line to 'False'
[0.105s] Level 5:colcon.colcon_core.verb:set package 'fake_interface_pkg' build argument 'cmake_force_configure' from command line to 'False'
[0.105s] Level 5:colcon.colcon_core.verb:set package 'fake_interface_pkg' build argument 'ament_cmake_args' from command line to 'None'
[0.105s] Level 5:colcon.colcon_core.verb:set package 'fake_interface_pkg' build argument 'catkin_cmake_args' from command line to 'None'
[0.105s] Level 5:colcon.colcon_core.verb:set package 'fake_interface_pkg' build argument 'catkin_skip_building_tests' from command line to 'False'
[0.105s] DEBUG:colcon.colcon_core.verb:Building package 'fake_interface_pkg' with the following arguments: {'ament_cmake_args': None, 'build_base': '/ros2_ws/build/fake_interface_pkg', 'catkin_cmake_args': None, 'catkin_skip_building_tests': False, 'cmake_args': None, 'cmake_clean_cache': False, 'cmake_clean_first': False, 'cmake_force_configure': False, 'cmake_target': None, 'cmake_target_skip_unavailable': False, 'install_base': '/ros2_ws/install/fake_interface_pkg', 'merge_install': False, 'path': '/ros2_ws/src/fake_interface_pkg', 'symlink_install': False, 'test_result_base': None}
[0.105s] Level 5:colcon.colcon_core.verb:set package 'marvin_msgs' build argument 'cmake_args' from command line to 'None'
[0.105s] Level 5:colcon.colcon_core.verb:set package 'marvin_msgs' build argument 'cmake_target' from command line to 'None'
[0.105s] Level 5:colcon.colcon_core.verb:set package 'marvin_msgs' build argument 'cmake_target_skip_unavailable' from command line to 'False'
[0.105s] Level 5:colcon.colcon_core.verb:set package 'marvin_msgs' build argument 'cmake_clean_cache' from command line to 'False'
[0.105s] Level 5:colcon.colcon_core.verb:set package 'marvin_msgs' build argument 'cmake_clean_first' from command line to 'False'
[0.105s] Level 5:colcon.colcon_core.verb:set package 'marvin_msgs' build argument 'cmake_force_configure' from command line to 'False'
[0.105s] Level 5:colcon.colcon_core.verb:set package 'marvin_msgs' build argument 'ament_cmake_args' from command line to 'None'
[0.105s] Level 5:colcon.colcon_core.verb:set package 'marvin_msgs' build argument 'catkin_cmake_args' from command line to 'None'
[0.105s] Level 5:colcon.colcon_core.verb:set package 'marvin_msgs' build argument 'catkin_skip_building_tests' from command line to 'False'
[0.105s] DEBUG:colcon.colcon_core.verb:Building package 'marvin_msgs' with the following arguments: {'ament_cmake_args': None, 'build_base': '/ros2_ws/build/marvin_msgs', 'catkin_cmake_args': None, 'catkin_skip_building_tests': False, 'cmake_args': None, 'cmake_clean_cache': False, 'cmake_clean_first': False, 'cmake_force_configure': False, 'cmake_target': None, 'cmake_target_skip_unavailable': False, 'install_base': '/ros2_ws/install/marvin_msgs', 'merge_install': False, 'path': '/ros2_ws/src/marvin_msgs', 'symlink_install': False, 'test_result_base': None}
[0.105s] INFO:colcon.colcon_core.executor:Executing jobs using 'parallel' executor
[0.106s] DEBUG:colcon.colcon_parallel_executor.executor.parallel:run_until_complete
[0.106s] INFO:colcon.colcon_ros.task.catkin.build:Building ROS package in '/ros2_ws/src/fake_interface_pkg' with build type 'catkin'
[0.106s] INFO:colcon.colcon_cmake.task.cmake.build:Building CMake package in '/ros2_ws/src/fake_interface_pkg'
[0.107s] INFO:colcon.colcon_core.plugin_system:Skipping extension 'colcon_core.shell.bat': Not used on non-Windows systems
[0.107s] INFO:colcon.colcon_core.shell:Skip shell extension 'powershell' for command environment: Not usable outside of PowerShell
[0.107s] DEBUG:colcon.colcon_core.shell:Skip shell extension 'dsv' for command environment
[0.108s] INFO:colcon.colcon_ros.task.ament_cmake.build:Building ROS package in '/ros2_ws/src/marvin_msgs' with build type 'ament_cmake'
[0.108s] INFO:colcon.colcon_cmake.task.cmake.build:Building CMake package in '/ros2_ws/src/marvin_msgs'
[0.108s] INFO:colcon.colcon_core.shell:Skip shell extension 'powershell' for command environment: Not usable outside of PowerShell
[0.108s] DEBUG:colcon.colcon_core.shell:Skip shell extension 'dsv' for command environment
[0.111s] DEBUG:colcon.colcon_core.event_handler.log_command:Invoking command in '/ros2_ws/build/fake_interface_pkg': /usr/bin/cmake /ros2_ws/src/fake_interface_pkg -DCATKIN_INSTALL_INTO_PREFIX_ROOT=0 -DCMAKE_INSTALL_PREFIX=/ros2_ws/install/fake_interface_pkg
[0.111s] DEBUG:colcon.colcon_core.event_handler.log_command:Invoking command in '/ros2_ws/build/marvin_msgs': CMAKE_PREFIX_PATH=/opt/ros/humble /usr/bin/cmake /ros2_ws/src/marvin_msgs -DCMAKE_INSTALL_PREFIX=/ros2_ws/install/marvin_msgs
[0.849s] DEBUG:colcon.colcon_core.event_handler.log_command:Invoked command in '/ros2_ws/build/fake_interface_pkg' returned '0': /usr/bin/cmake /ros2_ws/src/fake_interface_pkg -DCATKIN_INSTALL_INTO_PREFIX_ROOT=0 -DCMAKE_INSTALL_PREFIX=/ros2_ws/install/fake_interface_pkg
[0.849s] DEBUG:colcon.colcon_core.event_handler.log_command:Invoking command in '/ros2_ws/build/fake_interface_pkg': /usr/bin/cmake --build /ros2_ws/build/fake_interface_pkg -- -j32 -l32
[0.856s] DEBUG:colcon.colcon_core.event_handler.log_command:Invoked command in '/ros2_ws/build/marvin_msgs' returned '0': CMAKE_PREFIX_PATH=/opt/ros/humble /usr/bin/cmake /ros2_ws/src/marvin_msgs -DCMAKE_INSTALL_PREFIX=/ros2_ws/install/marvin_msgs
[0.856s] DEBUG:colcon.colcon_core.event_handler.log_command:Invoking command in '/ros2_ws/build/marvin_msgs': CMAKE_PREFIX_PATH=/opt/ros/humble /usr/bin/cmake --build /ros2_ws/build/marvin_msgs -- -j32 -l32
[2.467s] DEBUG:colcon.colcon_core.event_handler.log_command:Invoked command in '/ros2_ws/build/fake_interface_pkg' returned '0': /usr/bin/cmake --build /ros2_ws/build/fake_interface_pkg -- -j32 -l32
[2.473s] DEBUG:colcon.colcon_core.event_handler.log_command:Invoking command in '/ros2_ws/build/fake_interface_pkg': /usr/bin/cmake --install /ros2_ws/build/fake_interface_pkg
[2.504s] DEBUG:colcon.colcon_core.event_handler.log_command:Invoked command in '/ros2_ws/build/fake_interface_pkg' returned '0': /usr/bin/cmake --install /ros2_ws/build/fake_interface_pkg
[2.504s] Level 1:colcon.colcon_core.shell:create_environment_hook('fake_interface_pkg', 'ros_package_path')
[2.504s] INFO:colcon.colcon_core.shell:Creating environment hook '/ros2_ws/install/fake_interface_pkg/share/fake_interface_pkg/hook/ros_package_path.ps1'
[2.505s] INFO:colcon.colcon_core.shell:Creating environment descriptor '/ros2_ws/install/fake_interface_pkg/share/fake_interface_pkg/hook/ros_package_path.dsv'
[2.505s] INFO:colcon.colcon_core.shell:Creating environment hook '/ros2_ws/install/fake_interface_pkg/share/fake_interface_pkg/hook/ros_package_path.sh'
[2.505s] Level 1:colcon.colcon_ros.task.catkin:checking '/ros2_ws/install/fake_interface_pkg/local/lib/python3.10/dist-packages'
[2.505s] Level 1:colcon.colcon_core.shell:create_environment_hook('fake_interface_pkg', 'catkin_pythonpath')
[2.505s] INFO:colcon.colcon_core.shell:Creating environment hook '/ros2_ws/install/fake_interface_pkg/share/fake_interface_pkg/hook/catkin_pythonpath.ps1'
[2.505s] INFO:colcon.colcon_core.shell:Creating environment descriptor '/ros2_ws/install/fake_interface_pkg/share/fake_interface_pkg/hook/catkin_pythonpath.dsv'
[2.505s] INFO:colcon.colcon_core.shell:Creating environment hook '/ros2_ws/install/fake_interface_pkg/share/fake_interface_pkg/hook/catkin_pythonpath.sh'
[2.505s] Level 1:colcon.colcon_core.shell:create_environment_hook('fake_interface_pkg', 'pkg_config_path')
[2.506s] INFO:colcon.colcon_core.shell:Creating environment hook '/ros2_ws/install/fake_interface_pkg/share/fake_interface_pkg/hook/pkg_config_path.ps1'
[2.506s] INFO:colcon.colcon_core.shell:Creating environment descriptor '/ros2_ws/install/fake_interface_pkg/share/fake_interface_pkg/hook/pkg_config_path.dsv'
[2.506s] INFO:colcon.colcon_core.shell:Creating environment hook '/ros2_ws/install/fake_interface_pkg/share/fake_interface_pkg/hook/pkg_config_path.sh'
[2.507s] Level 1:colcon.colcon_core.shell:create_environment_hook('fake_interface_pkg', 'pkg_config_path_multiarch')
[2.507s] INFO:colcon.colcon_core.shell:Creating environment hook '/ros2_ws/install/fake_interface_pkg/share/fake_interface_pkg/hook/pkg_config_path_multiarch.ps1'
[2.507s] INFO:colcon.colcon_core.shell:Creating environment descriptor '/ros2_ws/install/fake_interface_pkg/share/fake_interface_pkg/hook/pkg_config_path_multiarch.dsv'
[2.507s] INFO:colcon.colcon_core.shell:Creating environment hook '/ros2_ws/install/fake_interface_pkg/share/fake_interface_pkg/hook/pkg_config_path_multiarch.sh'
[2.507s] Level 1:colcon.colcon_core.environment:create_environment_scripts_only(fake_interface_pkg)
[2.508s] Level 1:colcon.colcon_core.environment:checking '/ros2_ws/install/fake_interface_pkg' for CMake module files
[2.509s] Level 1:colcon.colcon_core.environment:checking '/ros2_ws/install/fake_interface_pkg' for CMake config files
[2.509s] Level 1:colcon.colcon_core.shell:create_environment_hook('fake_interface_pkg', 'cmake_prefix_path')
[2.509s] INFO:colcon.colcon_core.shell:Creating environment hook '/ros2_ws/install/fake_interface_pkg/share/fake_interface_pkg/hook/cmake_prefix_path.ps1'
[2.509s] INFO:colcon.colcon_core.shell:Creating environment descriptor '/ros2_ws/install/fake_interface_pkg/share/fake_interface_pkg/hook/cmake_prefix_path.dsv'
[2.509s] INFO:colcon.colcon_core.shell:Creating environment hook '/ros2_ws/install/fake_interface_pkg/share/fake_interface_pkg/hook/cmake_prefix_path.sh'
[2.510s] Level 1:colcon.colcon_core.environment:checking '/ros2_ws/install/fake_interface_pkg/lib'
[2.510s] Level 1:colcon.colcon_core.shell:create_environment_hook('fake_interface_pkg', 'ld_library_path_lib')
[2.510s] INFO:colcon.colcon_core.shell:Creating environment hook '/ros2_ws/install/fake_interface_pkg/share/fake_interface_pkg/hook/ld_library_path_lib.ps1'
[2.510s] INFO:colcon.colcon_core.shell:Creating environment descriptor '/ros2_ws/install/fake_interface_pkg/share/fake_interface_pkg/hook/ld_library_path_lib.dsv'
[2.510s] INFO:colcon.colcon_core.shell:Creating environment hook '/ros2_ws/install/fake_interface_pkg/share/fake_interface_pkg/hook/ld_library_path_lib.sh'
[2.510s] Level 1:colcon.colcon_core.environment:checking '/ros2_ws/install/fake_interface_pkg/bin'
[2.510s] Level 1:colcon.colcon_core.environment:checking '/ros2_ws/install/fake_interface_pkg/lib/pkgconfig/fake_interface_pkg.pc'
[2.511s] Level 1:colcon.colcon_core.environment:checking '/ros2_ws/install/fake_interface_pkg/lib/python3.10/site-packages'
[2.511s] Level 1:colcon.colcon_core.environment:checking '/ros2_ws/install/fake_interface_pkg/bin'
[2.511s] INFO:colcon.colcon_core.shell:Creating package script '/ros2_ws/install/fake_interface_pkg/share/fake_interface_pkg/package.ps1'
[2.512s] INFO:colcon.colcon_core.shell:Creating package descriptor '/ros2_ws/install/fake_interface_pkg/share/fake_interface_pkg/package.dsv'
[2.512s] INFO:colcon.colcon_core.shell:Creating package script '/ros2_ws/install/fake_interface_pkg/share/fake_interface_pkg/package.sh'
[2.512s] INFO:colcon.colcon_core.shell:Creating package script '/ros2_ws/install/fake_interface_pkg/share/fake_interface_pkg/package.bash'
[2.513s] INFO:colcon.colcon_core.shell:Creating package script '/ros2_ws/install/fake_interface_pkg/share/fake_interface_pkg/package.zsh'
[2.513s] Level 1:colcon.colcon_core.environment:create_file_with_runtime_dependencies(/ros2_ws/install/fake_interface_pkg/share/colcon-core/packages/fake_interface_pkg)
[2.728s] DEBUG:colcon.colcon_core.event_handler.log_command:Invoked command in '/ros2_ws/build/marvin_msgs' returned '0': CMAKE_PREFIX_PATH=/opt/ros/humble /usr/bin/cmake --build /ros2_ws/build/marvin_msgs -- -j32 -l32
[2.729s] DEBUG:colcon.colcon_core.event_handler.log_command:Invoking command in '/ros2_ws/build/marvin_msgs': CMAKE_PREFIX_PATH=/opt/ros/humble /usr/bin/cmake --install /ros2_ws/build/marvin_msgs
[2.767s] Level 1:colcon.colcon_core.environment:create_environment_scripts_only(marvin_msgs)
[2.767s] Level 1:colcon.colcon_core.environment:checking '/ros2_ws/install/marvin_msgs' for CMake module files
[2.767s] DEBUG:colcon.colcon_core.event_handler.log_command:Invoked command in '/ros2_ws/build/marvin_msgs' returned '0': CMAKE_PREFIX_PATH=/opt/ros/humble /usr/bin/cmake --install /ros2_ws/build/marvin_msgs
[2.767s] Level 1:colcon.colcon_core.environment:checking '/ros2_ws/install/marvin_msgs' for CMake config files
[2.767s] Level 1:colcon.colcon_core.shell:create_environment_hook('marvin_msgs', 'cmake_prefix_path')
[2.768s] INFO:colcon.colcon_core.shell:Creating environment hook '/ros2_ws/install/marvin_msgs/share/marvin_msgs/hook/cmake_prefix_path.ps1'
[2.768s] INFO:colcon.colcon_core.shell:Creating environment descriptor '/ros2_ws/install/marvin_msgs/share/marvin_msgs/hook/cmake_prefix_path.dsv'
[2.768s] INFO:colcon.colcon_core.shell:Creating environment hook '/ros2_ws/install/marvin_msgs/share/marvin_msgs/hook/cmake_prefix_path.sh'
[2.768s] Level 1:colcon.colcon_core.environment:checking '/ros2_ws/install/marvin_msgs/lib'
[2.768s] Level 1:colcon.colcon_core.shell:create_environment_hook('marvin_msgs', 'ld_library_path_lib')
[2.768s] INFO:colcon.colcon_core.shell:Creating environment hook '/ros2_ws/install/marvin_msgs/share/marvin_msgs/hook/ld_library_path_lib.ps1'
[2.768s] INFO:colcon.colcon_core.shell:Creating environment descriptor '/ros2_ws/install/marvin_msgs/share/marvin_msgs/hook/ld_library_path_lib.dsv'
[2.768s] INFO:colcon.colcon_core.shell:Creating environment hook '/ros2_ws/install/marvin_msgs/share/marvin_msgs/hook/ld_library_path_lib.sh'
[2.769s] Level 1:colcon.colcon_core.environment:checking '/ros2_ws/install/marvin_msgs/bin'
[2.769s] Level 1:colcon.colcon_core.environment:checking '/ros2_ws/install/marvin_msgs/lib/pkgconfig/marvin_msgs.pc'
[2.769s] Level 1:colcon.colcon_core.environment:checking '/ros2_ws/install/marvin_msgs/lib/python3.10/site-packages'
[2.769s] Level 1:colcon.colcon_core.environment:checking '/ros2_ws/install/marvin_msgs/bin'
[2.769s] INFO:colcon.colcon_core.shell:Creating package script '/ros2_ws/install/marvin_msgs/share/marvin_msgs/package.ps1'
[2.769s] INFO:colcon.colcon_core.shell:Creating package descriptor '/ros2_ws/install/marvin_msgs/share/marvin_msgs/package.dsv'
[2.769s] INFO:colcon.colcon_core.shell:Creating package script '/ros2_ws/install/marvin_msgs/share/marvin_msgs/package.sh'
[2.770s] INFO:colcon.colcon_core.shell:Creating package script '/ros2_ws/install/marvin_msgs/share/marvin_msgs/package.bash'
[2.770s] INFO:colcon.colcon_core.shell:Creating package script '/ros2_ws/install/marvin_msgs/share/marvin_msgs/package.zsh'
[2.770s] Level 1:colcon.colcon_core.environment:create_file_with_runtime_dependencies(/ros2_ws/install/marvin_msgs/share/colcon-core/packages/marvin_msgs)
[2.770s] Level 1:colcon.colcon_core.environment:create_environment_scripts_only(marvin_msgs)
[2.770s] Level 1:colcon.colcon_core.environment:checking '/ros2_ws/install/marvin_msgs' for CMake module files
[2.770s] Level 1:colcon.colcon_core.environment:checking '/ros2_ws/install/marvin_msgs' for CMake config files
[2.771s] Level 1:colcon.colcon_core.shell:create_environment_hook('marvin_msgs', 'cmake_prefix_path')
[2.771s] INFO:colcon.colcon_core.shell:Creating environment hook '/ros2_ws/install/marvin_msgs/share/marvin_msgs/hook/cmake_prefix_path.ps1'
[2.771s] INFO:colcon.colcon_core.shell:Creating environment descriptor '/ros2_ws/install/marvin_msgs/share/marvin_msgs/hook/cmake_prefix_path.dsv'
[2.771s] INFO:colcon.colcon_core.shell:Creating environment hook '/ros2_ws/install/marvin_msgs/share/marvin_msgs/hook/cmake_prefix_path.sh'
[2.771s] Level 1:colcon.colcon_core.environment:checking '/ros2_ws/install/marvin_msgs/lib'
[2.771s] Level 1:colcon.colcon_core.shell:create_environment_hook('marvin_msgs', 'ld_library_path_lib')
[2.771s] INFO:colcon.colcon_core.shell:Creating environment hook '/ros2_ws/install/marvin_msgs/share/marvin_msgs/hook/ld_library_path_lib.ps1'
[2.771s] INFO:colcon.colcon_core.shell:Creating environment descriptor '/ros2_ws/install/marvin_msgs/share/marvin_msgs/hook/ld_library_path_lib.dsv'
[2.772s] INFO:colcon.colcon_core.shell:Creating environment hook '/ros2_ws/install/marvin_msgs/share/marvin_msgs/hook/ld_library_path_lib.sh'
[2.772s] Level 1:colcon.colcon_core.environment:checking '/ros2_ws/install/marvin_msgs/bin'
[2.772s] Level 1:colcon.colcon_core.environment:checking '/ros2_ws/install/marvin_msgs/lib/pkgconfig/marvin_msgs.pc'
[2.772s] Level 1:colcon.colcon_core.environment:checking '/ros2_ws/install/marvin_msgs/lib/python3.10/site-packages'
[2.772s] Level 1:colcon.colcon_core.environment:checking '/ros2_ws/install/marvin_msgs/bin'
[2.772s] INFO:colcon.colcon_core.shell:Creating package script '/ros2_ws/install/marvin_msgs/share/marvin_msgs/package.ps1'
[2.772s] INFO:colcon.colcon_core.shell:Creating package descriptor '/ros2_ws/install/marvin_msgs/share/marvin_msgs/package.dsv'
[2.772s] INFO:colcon.colcon_core.shell:Creating package script '/ros2_ws/install/marvin_msgs/share/marvin_msgs/package.sh'
[2.773s] INFO:colcon.colcon_core.shell:Creating package script '/ros2_ws/install/marvin_msgs/share/marvin_msgs/package.bash'
[2.773s] INFO:colcon.colcon_core.shell:Creating package script '/ros2_ws/install/marvin_msgs/share/marvin_msgs/package.zsh'
[2.773s] Level 1:colcon.colcon_core.environment:create_file_with_runtime_dependencies(/ros2_ws/install/marvin_msgs/share/colcon-core/packages/marvin_msgs)
[2.773s] DEBUG:colcon.colcon_parallel_executor.executor.parallel:closing loop
[2.773s] DEBUG:colcon.colcon_parallel_executor.executor.parallel:loop closed
[2.773s] DEBUG:colcon.colcon_parallel_executor.executor.parallel:run_until_complete finished with '0'
[2.773s] DEBUG:colcon.colcon_core.event_reactor:joining thread
[2.786s] INFO:colcon.colcon_core.plugin_system:Skipping extension 'colcon_notification.desktop_notification.notify_send': Could not find 'notify-send'
[2.786s] INFO:colcon.colcon_core.plugin_system:Skipping extension 'colcon_notification.desktop_notification.terminal_notifier': Not used on non-Darwin systems
[2.786s] INFO:colcon.colcon_core.plugin_system:Skipping extension 'colcon_notification.desktop_notification.win32': Not used on non-Windows systems
[2.786s] INFO:colcon.colcon_notification.desktop_notification:Sending desktop notification using 'notify2'
[2.786s] DEBUG:colcon.colcon_notification.desktop_notification.notify2:Failed to initialize notify2: org.freedesktop.DBus.Error.NotSupported: Unable to autolaunch a dbus-daemon without a $DISPLAY for X11
[2.786s] DEBUG:colcon.colcon_core.event_reactor:joined thread
[2.786s] INFO:colcon.colcon_core.shell:Creating prefix script '/ros2_ws/install/local_setup.ps1'
[2.787s] INFO:colcon.colcon_core.shell:Creating prefix util module '/ros2_ws/install/_local_setup_util_ps1.py'
[2.787s] INFO:colcon.colcon_core.shell:Creating prefix chain script '/ros2_ws/install/setup.ps1'
[2.788s] INFO:colcon.colcon_core.shell:Creating prefix script '/ros2_ws/install/local_setup.sh'
[2.788s] INFO:colcon.colcon_core.shell:Creating prefix util module '/ros2_ws/install/_local_setup_util_sh.py'
[2.788s] INFO:colcon.colcon_core.shell:Creating prefix chain script '/ros2_ws/install/setup.sh'
[2.788s] INFO:colcon.colcon_core.shell:Creating prefix script '/ros2_ws/install/local_setup.bash'
[2.788s] INFO:colcon.colcon_core.shell:Creating prefix chain script '/ros2_ws/install/setup.bash'
[2.789s] INFO:colcon.colcon_core.shell:Creating prefix script '/ros2_ws/install/local_setup.zsh'
[2.789s] INFO:colcon.colcon_core.shell:Creating prefix chain script '/ros2_ws/install/setup.zsh'
