[0.000000] (-) TimerEvent: {}
[0.000146] (-) JobUnselected: {'identifier': 'dm_gripper_py'}
[0.000162] (-) JobUnselected: {'identifier': 'fake_interface_pkg'}
[0.000170] (-) JobUnselected: {'identifier': 'marvin_description'}
[0.000176] (-) JobUnselected: {'identifier': 'marvin_fabric'}
[0.000182] (-) JobUnselected: {'identifier': 'marvin_msgs'}
[0.000188] (-) JobUnselected: {'identifier': 'marvin_teleop'}
[0.000196] (marvin_ros_control) JobQueued: {'identifier': 'marvin_ros_control', 'dependencies': OrderedDict([('marvin_msgs', '/ros2_ws/install/marvin_msgs')])}
[0.000209] (marvin_ros_control) JobStarted: {'identifier': 'marvin_ros_control'}
[0.005044] (marvin_ros_control) JobProgress: {'identifier': 'marvin_ros_control', 'progress': 'cmake'}
[0.005390] (marvin_ros_control) Command: {'cmd': ['/usr/bin/cmake', '/ros2_ws/src/marvin_ros2_control', '-DCPU_ARCH=x86', '-DCMAKE_INSTALL_PREFIX=/ros2_ws/install/marvin_ros_control'], 'cwd': '/ros2_ws/build/marvin_ros_control', 'env': OrderedDict([('HOSTNAME', 'kewei-Pulse-GL76-11UEK'), ('SHLVL', '1'), ('LD_LIBRARY_PATH', '/ros2_ws/install/marvin_msgs/lib:/opt/ros/humble/opt/rviz_ogre_vendor/lib:/opt/ros/humble/lib/x86_64-linux-gnu:/opt/ros/humble/lib'), ('HOME', '/tmp'), ('OLDPWD', '/ros2_ws'), ('ROS_PYTHON_VERSION', '3'), ('SKIP_ROSDEP', '1'), ('ROS_DISTRO', 'humble'), ('PYTHONDONTWRITEBYTECODE', '1'), ('_', '/usr/bin/colcon'), ('ROS_VERSION', '2'), ('WORKSPACE_DIR', '/ros2_ws'), ('ROS_LOCALHOST_ONLY', '0'), ('PATH', '/opt/ros/humble/bin:/usr/local/sbin:/usr/local/bin:/usr/sbin:/usr/bin:/sbin:/bin'), ('LANG', 'C.UTF-8'), ('AMENT_PREFIX_PATH', '/ros2_ws/install/marvin_msgs:/opt/ros/humble'), ('DEBIAN_FRONTEND', 'noninteractive'), ('PWD', '/ros2_ws/build/marvin_ros_control'), ('LC_ALL', 'C.UTF-8'), ('PYTHONPATH', '/ros2_ws/install/marvin_msgs/local/lib/python3.10/dist-packages:/opt/ros/humble/lib/python3.10/site-packages:/opt/ros/humble/local/lib/python3.10/dist-packages'), ('COLCON', '1'), ('CMAKE_PREFIX_PATH', '/ros2_ws/install/marvin_msgs:/opt/ros/humble')]), 'shell': False}
[0.031324] (marvin_ros_control) StdoutLine: {'line': b'-- The C compiler identification is GNU 11.4.0\n'}
[0.054039] (marvin_ros_control) StdoutLine: {'line': b'-- The CXX compiler identification is GNU 11.4.0\n'}
[0.056822] (marvin_ros_control) StdoutLine: {'line': b'-- Detecting C compiler ABI info\n'}
[0.085499] (marvin_ros_control) StdoutLine: {'line': b'-- Detecting C compiler ABI info - done\n'}
[0.088339] (marvin_ros_control) StdoutLine: {'line': b'-- Check for working C compiler: /usr/bin/cc - skipped\n'}
[0.088463] (marvin_ros_control) StdoutLine: {'line': b'-- Detecting C compile features\n'}
[0.088632] (marvin_ros_control) StdoutLine: {'line': b'-- Detecting C compile features - done\n'}
[0.089900] (marvin_ros_control) StdoutLine: {'line': b'-- Detecting CXX compiler ABI info\n'}
[0.099743] (-) TimerEvent: {}
[0.123303] (marvin_ros_control) StdoutLine: {'line': b'-- Detecting CXX compiler ABI info - done\n'}
[0.126295] (marvin_ros_control) StdoutLine: {'line': b'-- Check for working CXX compiler: /usr/bin/c++ - skipped\n'}
[0.126438] (marvin_ros_control) StdoutLine: {'line': b'-- Detecting CXX compile features\n'}
[0.126647] (marvin_ros_control) StdoutLine: {'line': b'-- Detecting CXX compile features - done\n'}
[0.127620] (marvin_ros_control) StdoutLine: {'line': b'-- Found ament_cmake: 1.3.14 (/opt/ros/humble/share/ament_cmake/cmake)\n'}
[0.190342] (marvin_ros_control) StdoutLine: {'line': b'-- Found Python3: /usr/bin/python3 (found version "3.10.12") found components: Interpreter \n'}
[0.199818] (-) TimerEvent: {}
[0.225570] (marvin_ros_control) StdoutLine: {'line': b'-- Found rclcpp: 16.0.19 (/opt/ros/humble/share/rclcpp/cmake)\n'}
[0.240537] (marvin_ros_control) StdoutLine: {'line': b'-- Found rosidl_generator_c: 3.1.8 (/opt/ros/humble/share/rosidl_generator_c/cmake)\n'}
[0.242191] (marvin_ros_control) StdoutLine: {'line': b'-- Found rosidl_adapter: 3.1.8 (/opt/ros/humble/share/rosidl_adapter/cmake)\n'}
[0.245304] (marvin_ros_control) StdoutLine: {'line': b'-- Found rosidl_generator_cpp: 3.1.8 (/opt/ros/humble/share/rosidl_generator_cpp/cmake)\n'}
[0.249683] (marvin_ros_control) StdoutLine: {'line': b'-- Using all available rosidl_typesupport_c: rosidl_typesupport_fastrtps_c;rosidl_typesupport_introspection_c\n'}
[0.255867] (marvin_ros_control) StdoutLine: {'line': b'-- Using all available rosidl_typesupport_cpp: rosidl_typesupport_fastrtps_cpp;rosidl_typesupport_introspection_cpp\n'}
[0.273807] (marvin_ros_control) StdoutLine: {'line': b'-- Found rmw_implementation_cmake: 6.1.2 (/opt/ros/humble/share/rmw_implementation_cmake/cmake)\n'}
[0.274661] (marvin_ros_control) StdoutLine: {'line': b'-- Found rmw_fastrtps_cpp: 6.2.10 (/opt/ros/humble/share/rmw_fastrtps_cpp/cmake)\n'}
[0.299913] (-) TimerEvent: {}
[0.312012] (marvin_ros_control) StdoutLine: {'line': b'-- Found OpenSSL: /usr/lib/x86_64-linux-gnu/libcrypto.so (found version "3.0.2")  \n'}
[0.323486] (marvin_ros_control) StdoutLine: {'line': b'-- Found FastRTPS: /opt/ros/humble/include  \n'}
[0.340285] (marvin_ros_control) StdoutLine: {'line': b"-- Using RMW implementation 'rmw_fastrtps_cpp' as default\n"}
[0.343538] (marvin_ros_control) StdoutLine: {'line': b'-- Looking for pthread.h\n'}
[0.375071] (marvin_ros_control) StdoutLine: {'line': b'-- Looking for pthread.h - found\n'}
[0.375212] (marvin_ros_control) StdoutLine: {'line': b'-- Performing Test CMAKE_HAVE_LIBC_PTHREAD\n'}
[0.399995] (-) TimerEvent: {}
[0.405784] (marvin_ros_control) StdoutLine: {'line': b'-- Performing Test CMAKE_HAVE_LIBC_PTHREAD - Success\n'}
[0.406307] (marvin_ros_control) StdoutLine: {'line': b'-- Found Threads: TRUE  \n'}
[0.426385] (marvin_ros_control) StdoutLine: {'line': b'-- Found tf2_ros: 0.25.20 (/opt/ros/humble/share/tf2_ros/cmake)\n'}
[0.469728] (marvin_ros_control) StdoutLine: {'line': b'-- Found tf2_geometry_msgs: 0.25.20 (/opt/ros/humble/share/tf2_geometry_msgs/cmake)\n'}
[0.474653] (marvin_ros_control) StdoutLine: {'line': b'-- Found eigen3_cmake_module: 0.1.1 (/opt/ros/humble/share/eigen3_cmake_module/cmake)\n'}
[0.475233] (marvin_ros_control) StdoutLine: {'line': b'-- Found Eigen3: TRUE (found version "3.4.0") \n'}
[0.475276] (marvin_ros_control) StdoutLine: {'line': b'-- Ensuring Eigen3 include directory is part of orocos-kdl CMake target\n'}
[0.476285] (marvin_ros_control) StdoutLine: {'line': b'-- Found std_srvs: 4.9.1 (/opt/ros/humble/share/std_srvs/cmake)\n'}
[0.479871] (marvin_ros_control) StdoutLine: {'line': b'-- Found sensor_msgs: 4.9.1 (/opt/ros/humble/share/sensor_msgs/cmake)\n'}
[0.486507] (marvin_ros_control) StdoutLine: {'line': b'-- Found visualization_msgs: 4.9.1 (/opt/ros/humble/share/visualization_msgs/cmake)\n'}
[0.493717] (marvin_ros_control) StdoutLine: {'line': b'-- Found marvin_msgs: 0.0.0 (/ros2_ws/install/marvin_msgs/share/marvin_msgs/cmake)\n'}
[0.500045] (-) TimerEvent: {}
[0.500166] (marvin_ros_control) StdoutLine: {'line': b'-- pinocchio_default FOUND. pinocchio_default at /opt/ros/humble/lib/x86_64-linux-gnu/libpinocchio_default.so\n'}
[0.500227] (marvin_ros_control) StdoutLine: {'line': b'-- pinocchio_parsers FOUND. pinocchio_parsers at /opt/ros/humble/lib/x86_64-linux-gnu/libpinocchio_parsers.so\n'}
[0.500444] (marvin_ros_control) StdoutLine: {'line': b'-- boost_filesystem FOUND. boost_filesystem at /lib/x86_64-linux-gnu/libboost_filesystem.so\n'}
[0.513956] (marvin_ros_control) StdoutLine: {'line': b'-- Found Boost: /usr/include (found version "1.74.0") found components: filesystem serialization \n'}
[0.514493] (marvin_ros_control) StdoutLine: {'line': b'-- eigenpy FOUND. eigenpy at /opt/ros/humble/lib/x86_64-linux-gnu/libeigenpy.so\n'}
[0.525553] (marvin_ros_control) StdoutLine: {'line': b'-- Checking for NumPy\n'}
[0.600136] (-) TimerEvent: {}
[0.656914] (marvin_ros_control) StdoutLine: {'line': b'--   NUMPY_INCLUDE_DIRS=/usr/local/lib/python3.10/dist-packages/numpy/core/include\n'}
[0.700198] (-) TimerEvent: {}
[0.718653] (marvin_ros_control) StdoutLine: {'line': b'--   NUMPY_VERSION=1.26.4\n'}
[0.800273] (-) TimerEvent: {}
[0.865294] (marvin_ros_control) StdoutLine: {'line': b'-- Found Python3: /usr/bin/python3 (found version "3.10.12") found components: Interpreter Development.Module NumPy \n'}
[0.865527] (marvin_ros_control) StdoutLine: {'line': b'-- PythonLibraryDirs: \n'}
[0.865550] (marvin_ros_control) StdoutLine: {'line': b'-- PythonLibVersionString: 3.10.12\n'}
[0.874190] (marvin_ros_control) StdoutLine: {'line': b'-- Python site lib: lib/python3.10/site-packages\n'}
[0.874217] (marvin_ros_control) StdoutLine: {'line': b'-- Python include dirs: /usr/include/python3.10\n'}
[0.891110] (marvin_ros_control) StdoutLine: {'line': b'-- Checking for NumPy\n'}
[0.900334] (-) TimerEvent: {}
[0.954012] (marvin_ros_control) StdoutLine: {'line': b'--   NUMPY_INCLUDE_DIRS=/usr/local/lib/python3.10/dist-packages/numpy/core/include\n'}
[1.000434] (-) TimerEvent: {}
[1.014531] (marvin_ros_control) StdoutLine: {'line': b'--   NUMPY_VERSION=1.26.4\n'}
[1.014686] (marvin_ros_control) StdoutLine: {'line': b'-- NumPy include dir: /usr/local/lib/python3.10/dist-packages/numpy/core/include\n'}
[1.017430] (marvin_ros_control) StderrLine: {'line': b'CMake Warning at /usr/share/cmake-3.22/Modules/FindBoost.cmake:2201 (message):\n'}
[1.017490] (marvin_ros_control) StderrLine: {'line': b'  No header defined for python310; skipping header check (note: header-only\n'}
[1.017514] (marvin_ros_control) StderrLine: {'line': b'  libraries have no designated component)\n'}
[1.017534] (marvin_ros_control) StderrLine: {'line': b'Call Stack (most recent call first):\n'}
[1.017553] (marvin_ros_control) StderrLine: {'line': b'  /opt/ros/humble/lib/x86_64-linux-gnu/cmake/eigenpy/boost.cmake:148 (find_package)\n'}
[1.017571] (marvin_ros_control) StderrLine: {'line': b'  /opt/ros/humble/lib/x86_64-linux-gnu/cmake/eigenpy/eigenpyConfig.cmake:149 (SEARCH_FOR_BOOST_PYTHON)\n'}
[1.017589] (marvin_ros_control) StderrLine: {'line': b'  /usr/share/cmake-3.22/Modules/CMakeFindDependencyMacro.cmake:47 (find_package)\n'}
[1.017605] (marvin_ros_control) StderrLine: {'line': b'  /opt/ros/humble/lib/x86_64-linux-gnu/cmake/pinocchio/pinocchioConfig.cmake:161 (find_dependency)\n'}
[1.017633] (marvin_ros_control) StderrLine: {'line': b'  CMakeLists.txt:26 (find_package)\n'}
[1.017649] (marvin_ros_control) StderrLine: {'line': b'\n'}
[1.017665] (marvin_ros_control) StderrLine: {'line': b'\n'}
[1.018918] (marvin_ros_control) StdoutLine: {'line': b'-- Found Boost: /usr/include (found version "1.74.0") found components: python310 \n'}
[1.100541] (-) TimerEvent: {}
[1.146373] (marvin_ros_control) StdoutLine: {'line': b'-- Default C++ standard: 201703\n'}
[1.146554] (marvin_ros_control) StdoutLine: {'line': b'-- Minimal C++ standard upgraded to 11\n'}
[1.146604] (marvin_ros_control) StdoutLine: {'line': b'-- C++ standard sufficient: Minimal required 11, currently defined: 17\n'}
[1.147232] (marvin_ros_control) StdoutLine: {'line': b'-- hpp-fcl FOUND. hpp-fcl at /opt/ros/humble/lib/x86_64-linux-gnu/libhpp-fcl.so\n'}
[1.152118] (marvin_ros_control) StdoutLine: {'line': b'-- Found Boost: /usr/include (found version "1.74.0") found components: chrono serialization filesystem \n'}
[1.154334] (marvin_ros_control) StdoutLine: {'line': b'-- C++ standard sufficient: Minimal required 11, currently defined: 17\n'}
[1.154669] (marvin_ros_control) StdoutLine: {'line': b'-- C++ standard sufficient: Minimal required 11, currently defined: 17\n'}
[1.154901] (marvin_ros_control) StdoutLine: {'line': b'-- \xf0\x9f\x8f\x97\xef\xb8\x8f Building for x86_64 architecture\n'}
[1.155005] (marvin_ros_control) StdoutLine: {'line': b'-- \xe2\x9c\x85 Found Marvin SDK library: /ros2_ws/src/marvin_ros2_control/lib/libMarvinSDK_x86.so\n'}
[1.156692] (marvin_ros_control) StdoutLine: {'line': b'-- Found ament_lint_auto: 0.12.15 (/opt/ros/humble/share/ament_lint_auto/cmake)\n'}
[1.193254] (marvin_ros_control) StdoutLine: {'line': b"-- Added test 'cppcheck' to perform static code analysis on C / C++ code\n"}
[1.193392] (marvin_ros_control) StdoutLine: {'line': b'-- Configured cppcheck include dirs: /ros2_ws/src/marvin_ros2_control/include\n'}
[1.193440] (marvin_ros_control) StdoutLine: {'line': b'-- Configured cppcheck exclude dirs and/or files: \n'}
[1.193938] (marvin_ros_control) StdoutLine: {'line': b"-- Added test 'flake8' to check Python code syntax and style conventions\n"}
[1.194897] (marvin_ros_control) StdoutLine: {'line': b"-- Added test 'lint_cmake' to check CMake code style\n"}
[1.195518] (marvin_ros_control) StdoutLine: {'line': b"-- Added test 'pep257' to check Python code against some of the docstring style conventions in PEP 257\n"}
[1.198751] (marvin_ros_control) StdoutLine: {'line': b"-- Added test 'uncrustify' to check C / C++ code style\n"}
[1.198826] (marvin_ros_control) StdoutLine: {'line': b'-- Configured uncrustify additional arguments: \n'}
[1.199292] (marvin_ros_control) StdoutLine: {'line': b"-- Added test 'xmllint' to check XML markup files\n"}
[1.199788] (marvin_ros_control) StdoutLine: {'line': b'-- Configuring done\n'}
[1.200605] (-) TimerEvent: {}
[1.205326] (marvin_ros_control) StdoutLine: {'line': b'-- Generating done\n'}
[1.207036] (marvin_ros_control) StdoutLine: {'line': b'-- Build files have been written to: /ros2_ws/build/marvin_ros_control\n'}
[1.212264] (marvin_ros_control) CommandEnded: {'returncode': 0}
[1.212708] (marvin_ros_control) JobProgress: {'identifier': 'marvin_ros_control', 'progress': 'build'}
[1.213166] (marvin_ros_control) Command: {'cmd': ['/usr/bin/cmake', '--build', '/ros2_ws/build/marvin_ros_control', '--', '-j32', '-l32'], 'cwd': '/ros2_ws/build/marvin_ros_control', 'env': OrderedDict([('HOSTNAME', 'kewei-Pulse-GL76-11UEK'), ('SHLVL', '1'), ('LD_LIBRARY_PATH', '/ros2_ws/install/marvin_msgs/lib:/opt/ros/humble/opt/rviz_ogre_vendor/lib:/opt/ros/humble/lib/x86_64-linux-gnu:/opt/ros/humble/lib'), ('HOME', '/tmp'), ('OLDPWD', '/ros2_ws'), ('ROS_PYTHON_VERSION', '3'), ('SKIP_ROSDEP', '1'), ('ROS_DISTRO', 'humble'), ('PYTHONDONTWRITEBYTECODE', '1'), ('_', '/usr/bin/colcon'), ('ROS_VERSION', '2'), ('WORKSPACE_DIR', '/ros2_ws'), ('ROS_LOCALHOST_ONLY', '0'), ('PATH', '/opt/ros/humble/bin:/usr/local/sbin:/usr/local/bin:/usr/sbin:/usr/bin:/sbin:/bin'), ('LANG', 'C.UTF-8'), ('AMENT_PREFIX_PATH', '/ros2_ws/install/marvin_msgs:/opt/ros/humble'), ('DEBIAN_FRONTEND', 'noninteractive'), ('PWD', '/ros2_ws/build/marvin_ros_control'), ('LC_ALL', 'C.UTF-8'), ('PYTHONPATH', '/ros2_ws/install/marvin_msgs/local/lib/python3.10/dist-packages:/opt/ros/humble/lib/python3.10/site-packages:/opt/ros/humble/local/lib/python3.10/dist-packages'), ('COLCON', '1'), ('CMAKE_PREFIX_PATH', '/ros2_ws/install/marvin_msgs:/opt/ros/humble')]), 'shell': False}
[1.236544] (marvin_ros_control) StdoutLine: {'line': b'[ 66%] Building CXX object CMakeFiles/marvin_robot_node.dir/src/marvin_robot_node.cpp.o\n'}
[1.236637] (marvin_ros_control) StdoutLine: {'line': b'[ 66%] Building CXX object CMakeFiles/marvin_robot_node.dir/src/marvin_robot.cpp.o\n'}
[1.300706] (-) TimerEvent: {}
[1.400878] (-) TimerEvent: {}
[1.501011] (-) TimerEvent: {}
[1.601128] (-) TimerEvent: {}
[1.701271] (-) TimerEvent: {}
[1.801387] (-) TimerEvent: {}
[1.901525] (-) TimerEvent: {}
[2.001658] (-) TimerEvent: {}
[2.101740] (-) TimerEvent: {}
[2.201831] (-) TimerEvent: {}
[2.301924] (-) TimerEvent: {}
[2.393467] (marvin_ros_control) StderrLine: {'line': b'/ros2_ws/src/marvin_ros2_control/src/marvin_robot_node.cpp: In member function \xe2\x80\x98void MarvinRobotNode::motor_err_code_callback(std::shared_ptr<marvin_msgs::srv::MotorErrCode_Request_<std::allocator<void> > >, std::shared_ptr<marvin_msgs::srv::MotorErrCode_Response_<std::allocator<void> > >)\xe2\x80\x99:\n'}
[2.393632] (marvin_ros_control) StderrLine: {'line': b'/ros2_ws/src/marvin_ros2_control/src/marvin_robot_node.cpp:615:97: warning: unused parameter \xe2\x80\x98request\xe2\x80\x99 [-Wunused-parameter]\n'}
[2.393688] (marvin_ros_control) StderrLine: {'line': b'  615 |     void motor_err_code_callback(const std::shared_ptr<marvin_msgs::srv::MotorErrCode::Request> request,\n'}
[2.393730] (marvin_ros_control) StderrLine: {'line': b'      |                                  ~~~~~~~~~~~~~~~~~~~~~~~~~~~~~~~~~~~~~~~~~~~~~~~~~~~~~~~~~~~~~~~^~~~~~~\n'}
[2.395047] (marvin_ros_control) StderrLine: {'line': b'/ros2_ws/src/marvin_ros2_control/src/marvin_robot_node.cpp: In member function \xe2\x80\x98void MarvinRobotNode::set_ready_callback(std::shared_ptr<std_srvs::srv::Trigger_Request_<std::allocator<void> > >, std::shared_ptr<std_srvs::srv::Trigger_Response_<std::allocator<void> > >)\xe2\x80\x99:\n'}
[2.395136] (marvin_ros_control) StderrLine: {'line': b'/ros2_ws/src/marvin_ros2_control/src/marvin_robot_node.cpp:634:84: warning: unused parameter \xe2\x80\x98request\xe2\x80\x99 [-Wunused-parameter]\n'}
[2.395181] (marvin_ros_control) StderrLine: {'line': b'  634 |     void set_ready_callback(const std::shared_ptr<std_srvs::srv::Trigger::Request> request,\n'}
[2.395219] (marvin_ros_control) StderrLine: {'line': b'      |                             ~~~~~~~~~~~~~~~~~~~~~~~~~~~~~~~~~~~~~~~~~~~~~~~~~~~~~~~^~~~~~~\n'}
[2.400084] (marvin_ros_control) StderrLine: {'line': b'In file included from /opt/ros/humble/include/rclcpp/rclcpp/logging.hpp:24,\n'}
[2.400163] (marvin_ros_control) StderrLine: {'line': b'                 from /opt/ros/humble/include/rclcpp/rclcpp/client.hpp:40,\n'}
[2.400205] (marvin_ros_control) StderrLine: {'line': b'                 from /opt/ros/humble/include/rclcpp/rclcpp/callback_group.hpp:24,\n'}
[2.400242] (marvin_ros_control) StderrLine: {'line': b'                 from /opt/ros/humble/include/rclcpp/rclcpp/any_executable.hpp:20,\n'}
[2.400276] (marvin_ros_control) StderrLine: {'line': b'                 from /opt/ros/humble/include/rclcpp/rclcpp/memory_strategy.hpp:25,\n'}
[2.400310] (marvin_ros_control) StderrLine: {'line': b'                 from /opt/ros/humble/include/rclcpp/rclcpp/memory_strategies.hpp:18,\n'}
[2.400347] (marvin_ros_control) StderrLine: {'line': b'                 from /opt/ros/humble/include/rclcpp/rclcpp/executor_options.hpp:20,\n'}
[2.400387] (marvin_ros_control) StderrLine: {'line': b'                 from /opt/ros/humble/include/rclcpp/rclcpp/executor.hpp:37,\n'}
[2.400472] (marvin_ros_control) StderrLine: {'line': b'                 from /opt/ros/humble/include/rclcpp/rclcpp/executors/multi_threaded_executor.hpp:25,\n'}
[2.400509] (marvin_ros_control) StderrLine: {'line': b'                 from /opt/ros/humble/include/rclcpp/rclcpp/executors.hpp:21,\n'}
[2.400544] (marvin_ros_control) StderrLine: {'line': b'                 from /opt/ros/humble/include/rclcpp/rclcpp/rclcpp.hpp:155,\n'}
[2.400579] (marvin_ros_control) StderrLine: {'line': b'                 from /ros2_ws/src/marvin_ros2_control/src/marvin_robot_node.cpp:1:\n'}
[2.400616] (marvin_ros_control) StderrLine: {'line': b'/ros2_ws/src/marvin_ros2_control/src/marvin_robot_node.cpp: In member function \xe2\x80\x98void MarvinRobotNode::set_vel_ratio_callback(std::shared_ptr<marvin_msgs::srv::Int_Request_<std::allocator<void> > >, std::shared_ptr<marvin_msgs::srv::Int_Response_<std::allocator<void> > >)\xe2\x80\x99:\n'}
[2.400662] (marvin_ros_control) StderrLine: {'line': b'/ros2_ws/src/marvin_ros2_control/src/marvin_robot_node.cpp:867:54: warning: format \xe2\x80\x98%d\xe2\x80\x99 expects argument of type \xe2\x80\x98int\xe2\x80\x99, but argument 5 has type \xe2\x80\x98marvin_msgs::srv::Int_Request_<std::allocator<void> >::_data_type\xe2\x80\x99 {aka \xe2\x80\x98long int\xe2\x80\x99} [-Wformat=]\n'}
[2.400700] (marvin_ros_control) StderrLine: {'line': b'  867 |                     RCLCPP_ERROR(this->get_logger(), "Invalid velocity ratio requested: %d. Valid ratios are 0, 1, 2, 3.", request->data);\n'}
[2.400736] (marvin_ros_control) StderrLine: {'line': b'      |                                                      ^~~~~~~~~~~~~~~~~~~~~~~~~~~~~~~~~~~~~~~~~~~~~~~~~~~~~~~~~~~~~~~~~~~~  ~~~~~~~~~~~~~\n'}
[2.400771] (marvin_ros_control) StderrLine: {'line': b'      |                                                                                                                                     |\n'}
[2.400805] (marvin_ros_control) StderrLine: {'line': b'      |                                                                                                                                     marvin_msgs::srv::Int_Request_<std::allocator<void> >::_data_type {aka long int}\n'}
[2.400843] (marvin_ros_control) StderrLine: {'line': b'/ros2_ws/src/marvin_ros2_control/src/marvin_robot_node.cpp:867:90: note: format string is defined here\n'}
[2.400879] (marvin_ros_control) StderrLine: {'line': b'  867 |                     RCLCPP_ERROR(this->get_logger(), "Invalid velocity ratio requested: %d. Valid ratios are 0, 1, 2, 3.", request->data);\n'}
[2.400912] (marvin_ros_control) StderrLine: {'line': b'      |                                                                                         ~^\n'}
[2.400946] (marvin_ros_control) StderrLine: {'line': b'      |                                                                                          |\n'}
[2.400979] (marvin_ros_control) StderrLine: {'line': b'      |                                                                                          int\n'}
[2.401013] (marvin_ros_control) StderrLine: {'line': b'      |                                                                                         %ld\n'}
[2.401048] (marvin_ros_control) StderrLine: {'line': b'/ros2_ws/src/marvin_ros2_control/src/marvin_robot_node.cpp: In member function \xe2\x80\x98void MarvinRobotNode::clearfault_callback(std::shared_ptr<std_srvs::srv::Trigger_Request_<std::allocator<void> > >, std::shared_ptr<std_srvs::srv::Trigger_Response_<std::allocator<void> > >)\xe2\x80\x99:\n'}
[2.401083] (marvin_ros_control) StderrLine: {'line': b'/ros2_ws/src/marvin_ros2_control/src/marvin_robot_node.cpp:905:85: warning: unused parameter \xe2\x80\x98request\xe2\x80\x99 [-Wunused-parameter]\n'}
[2.401117] (marvin_ros_control) StderrLine: {'line': b'  905 |     void clearfault_callback(const std::shared_ptr<std_srvs::srv::Trigger::Request> request,\n'}
[2.401151] (marvin_ros_control) StderrLine: {'line': b'      |                              ~~~~~~~~~~~~~~~~~~~~~~~~~~~~~~~~~~~~~~~~~~~~~~~~~~~~~~~^~~~~~~\n'}
[2.401186] (marvin_ros_control) StderrLine: {'line': b'/ros2_ws/src/marvin_ros2_control/src/marvin_robot_node.cpp:906:80: warning: unused parameter \xe2\x80\x98response\xe2\x80\x99 [-Wunused-parameter]\n'}
[2.401219] (marvin_ros_control) StderrLine: {'line': b'  906 |                              std::shared_ptr<std_srvs::srv::Trigger::Response> response)\n'}
[2.401253] (marvin_ros_control) StderrLine: {'line': b'      |                              ~~~~~~~~~~~~~~~~~~~~~~~~~~~~~~~~~~~~~~~~~~~~~~~~~~^~~~~~~~\n'}
[2.401982] (-) TimerEvent: {}
[2.502098] (-) TimerEvent: {}
[2.602225] (-) TimerEvent: {}
[2.702317] (-) TimerEvent: {}
[2.802408] (-) TimerEvent: {}
[2.902490] (-) TimerEvent: {}
[3.002572] (-) TimerEvent: {}
[3.102654] (-) TimerEvent: {}
[3.202752] (-) TimerEvent: {}
[3.302851] (-) TimerEvent: {}
[3.402935] (-) TimerEvent: {}
[3.503019] (-) TimerEvent: {}
[3.603102] (-) TimerEvent: {}
[3.703213] (-) TimerEvent: {}
[3.803324] (-) TimerEvent: {}
[3.903411] (-) TimerEvent: {}
[4.003493] (-) TimerEvent: {}
[4.103576] (-) TimerEvent: {}
[4.203653] (-) TimerEvent: {}
[4.303759] (-) TimerEvent: {}
[4.403858] (-) TimerEvent: {}
[4.503981] (-) TimerEvent: {}
[4.604116] (-) TimerEvent: {}
[4.704215] (-) TimerEvent: {}
[4.804319] (-) TimerEvent: {}
[4.904427] (-) TimerEvent: {}
[5.004520] (-) TimerEvent: {}
[5.104612] (-) TimerEvent: {}
[5.204677] (-) TimerEvent: {}
[5.304773] (-) TimerEvent: {}
[5.404834] (-) TimerEvent: {}
[5.504900] (-) TimerEvent: {}
[5.604941] (-) TimerEvent: {}
[5.704978] (-) TimerEvent: {}
[5.805047] (-) TimerEvent: {}
[5.905098] (-) TimerEvent: {}
[6.005147] (-) TimerEvent: {}
[6.105185] (-) TimerEvent: {}
[6.205229] (-) TimerEvent: {}
[6.275187] (marvin_ros_control) StdoutLine: {'line': b'[100%] Linking CXX executable marvin_robot_node\n'}
[6.305290] (-) TimerEvent: {}
[6.405347] (-) TimerEvent: {}
[6.491893] (marvin_ros_control) StdoutLine: {'line': b'[100%] Built target marvin_robot_node\n'}
[6.497127] (marvin_ros_control) CommandEnded: {'returncode': 0}
[6.497492] (marvin_ros_control) JobProgress: {'identifier': 'marvin_ros_control', 'progress': 'install'}
[6.501524] (marvin_ros_control) Command: {'cmd': ['/usr/bin/cmake', '--install', '/ros2_ws/build/marvin_ros_control'], 'cwd': '/ros2_ws/build/marvin_ros_control', 'env': OrderedDict([('HOSTNAME', 'kewei-Pulse-GL76-11UEK'), ('SHLVL', '1'), ('LD_LIBRARY_PATH', '/ros2_ws/install/marvin_msgs/lib:/opt/ros/humble/opt/rviz_ogre_vendor/lib:/opt/ros/humble/lib/x86_64-linux-gnu:/opt/ros/humble/lib'), ('HOME', '/tmp'), ('OLDPWD', '/ros2_ws'), ('ROS_PYTHON_VERSION', '3'), ('SKIP_ROSDEP', '1'), ('ROS_DISTRO', 'humble'), ('PYTHONDONTWRITEBYTECODE', '1'), ('_', '/usr/bin/colcon'), ('ROS_VERSION', '2'), ('WORKSPACE_DIR', '/ros2_ws'), ('ROS_LOCALHOST_ONLY', '0'), ('PATH', '/opt/ros/humble/bin:/usr/local/sbin:/usr/local/bin:/usr/sbin:/usr/bin:/sbin:/bin'), ('LANG', 'C.UTF-8'), ('AMENT_PREFIX_PATH', '/ros2_ws/install/marvin_msgs:/opt/ros/humble'), ('DEBIAN_FRONTEND', 'noninteractive'), ('PWD', '/ros2_ws/build/marvin_ros_control'), ('LC_ALL', 'C.UTF-8'), ('PYTHONPATH', '/ros2_ws/install/marvin_msgs/local/lib/python3.10/dist-packages:/opt/ros/humble/lib/python3.10/site-packages:/opt/ros/humble/local/lib/python3.10/dist-packages'), ('COLCON', '1'), ('CMAKE_PREFIX_PATH', '/ros2_ws/install/marvin_msgs:/opt/ros/humble')]), 'shell': False}
[6.504722] (marvin_ros_control) StdoutLine: {'line': b'-- Install configuration: ""\n'}
[6.504802] (marvin_ros_control) StdoutLine: {'line': b'-- Installing: /ros2_ws/install/marvin_ros_control/lib/marvin_ros_control/marvin_robot_node\n'}
[6.505402] (-) TimerEvent: {}
[6.506669] (marvin_ros_control) StdoutLine: {'line': b'-- Set runtime path of "/ros2_ws/install/marvin_ros_control/lib/marvin_ros_control/marvin_robot_node" to ""\n'}
[6.506710] (marvin_ros_control) StdoutLine: {'line': b'-- Installing: /ros2_ws/install/marvin_ros_control/share/marvin_ros_control//launch\n'}
[6.506750] (marvin_ros_control) StdoutLine: {'line': b'-- Installing: /ros2_ws/install/marvin_ros_control/share/marvin_ros_control//launch/bringup_control_m6.launch.py\n'}
[6.506796] (marvin_ros_control) StdoutLine: {'line': b'-- Installing: /ros2_ws/install/marvin_ros_control/share/marvin_ros_control//launch/jog.launch.py\n'}
[6.506839] (marvin_ros_control) StdoutLine: {'line': b'-- Installing: /ros2_ws/install/marvin_ros_control/share/marvin_ros_control//launch/bringup_control_m3.launch.py\n'}
[6.506882] (marvin_ros_control) StdoutLine: {'line': b'-- Installing: /ros2_ws/install/marvin_ros_control/share/marvin_ros_control//config\n'}
[6.506914] (marvin_ros_control) StdoutLine: {'line': b'-- Installing: /ros2_ws/install/marvin_ros_control/share/marvin_ros_control//config/robot_param_m6.yaml\n'}
[6.506944] (marvin_ros_control) StdoutLine: {'line': b'-- Installing: /ros2_ws/install/marvin_ros_control/share/marvin_ros_control//config/ccs_m3.MvKDCfg\n'}
[6.506975] (marvin_ros_control) StdoutLine: {'line': b'-- Installing: /ros2_ws/install/marvin_ros_control/share/marvin_ros_control//config/marvin_robot.srdf\n'}
[6.506993] (marvin_ros_control) StdoutLine: {'line': b'-- Installing: /ros2_ws/install/marvin_ros_control/share/marvin_ros_control//config/robot_param_m3.yaml\n'}
[6.507023] (marvin_ros_control) StdoutLine: {'line': b'-- Installing: /ros2_ws/install/marvin_ros_control/share/marvin_ros_control//config/ccs_m6.MvKDCfg\n'}
[6.507064] (marvin_ros_control) StdoutLine: {'line': b'-- Installing: /ros2_ws/install/marvin_ros_control/lib/libMarvinSDK_x86.so\n'}
[6.507093] (marvin_ros_control) StdoutLine: {'line': b'-- Installing: /ros2_ws/install/marvin_ros_control/include\n'}
[6.507110] (marvin_ros_control) StdoutLine: {'line': b'-- Installing: /ros2_ws/install/marvin_ros_control/include/marvin_ros_control\n'}
[6.507128] (marvin_ros_control) StdoutLine: {'line': b'-- Installing: /ros2_ws/install/marvin_ros_control/include/marvin_ros_control/MarvinSDK.h\n'}
[6.507159] (marvin_ros_control) StdoutLine: {'line': b'-- Installing: /ros2_ws/install/marvin_ros_control/include/marvin_ros_control/marvin_robot.h\n'}
[6.507176] (marvin_ros_control) StdoutLine: {'line': b'-- Installing: /ros2_ws/install/marvin_ros_control/share/ament_index/resource_index/package_run_dependencies/marvin_ros_control\n'}
[6.507207] (marvin_ros_control) StdoutLine: {'line': b'-- Installing: /ros2_ws/install/marvin_ros_control/share/ament_index/resource_index/parent_prefix_path/marvin_ros_control\n'}
[6.507239] (marvin_ros_control) StdoutLine: {'line': b'-- Installing: /ros2_ws/install/marvin_ros_control/share/marvin_ros_control/environment/ament_prefix_path.sh\n'}
[6.507270] (marvin_ros_control) StdoutLine: {'line': b'-- Installing: /ros2_ws/install/marvin_ros_control/share/marvin_ros_control/environment/ament_prefix_path.dsv\n'}
[6.507305] (marvin_ros_control) StdoutLine: {'line': b'-- Installing: /ros2_ws/install/marvin_ros_control/share/marvin_ros_control/environment/path.sh\n'}
[6.507339] (marvin_ros_control) StdoutLine: {'line': b'-- Installing: /ros2_ws/install/marvin_ros_control/share/marvin_ros_control/environment/path.dsv\n'}
[6.507371] (marvin_ros_control) StdoutLine: {'line': b'-- Installing: /ros2_ws/install/marvin_ros_control/share/marvin_ros_control/local_setup.bash\n'}
[6.507400] (marvin_ros_control) StdoutLine: {'line': b'-- Installing: /ros2_ws/install/marvin_ros_control/share/marvin_ros_control/local_setup.sh\n'}
[6.507429] (marvin_ros_control) StdoutLine: {'line': b'-- Installing: /ros2_ws/install/marvin_ros_control/share/marvin_ros_control/local_setup.zsh\n'}
[6.507458] (marvin_ros_control) StdoutLine: {'line': b'-- Installing: /ros2_ws/install/marvin_ros_control/share/marvin_ros_control/local_setup.dsv\n'}
[6.507493] (marvin_ros_control) StdoutLine: {'line': b'-- Installing: /ros2_ws/install/marvin_ros_control/share/marvin_ros_control/package.dsv\n'}
[6.507526] (marvin_ros_control) StdoutLine: {'line': b'-- Installing: /ros2_ws/install/marvin_ros_control/share/ament_index/resource_index/packages/marvin_ros_control\n'}
[6.507556] (marvin_ros_control) StdoutLine: {'line': b'-- Installing: /ros2_ws/install/marvin_ros_control/share/marvin_ros_control/cmake/ament_cmake_export_include_directories-extras.cmake\n'}
[6.507590] (marvin_ros_control) StdoutLine: {'line': b'-- Installing: /ros2_ws/install/marvin_ros_control/share/marvin_ros_control/cmake/marvin_ros_controlConfig.cmake\n'}
[6.507621] (marvin_ros_control) StdoutLine: {'line': b'-- Installing: /ros2_ws/install/marvin_ros_control/share/marvin_ros_control/cmake/marvin_ros_controlConfig-version.cmake\n'}
[6.507656] (marvin_ros_control) StdoutLine: {'line': b'-- Installing: /ros2_ws/install/marvin_ros_control/share/marvin_ros_control/package.xml\n'}
[6.508169] (marvin_ros_control) CommandEnded: {'returncode': 0}
[6.516394] (marvin_ros_control) JobEnded: {'identifier': 'marvin_ros_control', 'rc': 0}
[6.516606] (-) EventReactorShutdown: {}
