[0.218s] Invoking command in '/ros2_ws/src/dm_gripper_py': PYTHONPATH=/ros2_ws/build/dm_gripper_py/prefix_override:/usr/lib/python3/dist-packages/colcon_core/task/python/colcon_distutils_commands:/ros2_ws/install/dm_gripper_py/lib/python3.10/site-packages:${PYTHONPATH} /usr/bin/python3 -W ignore:setup.py install is deprecated -W ignore:easy_install command is deprecated setup.py egg_info --egg-base ../../build/dm_gripper_py build --build-base /ros2_ws/build/dm_gripper_py/build install --record /ros2_ws/build/dm_gripper_py/install.log --single-version-externally-managed install_data
[0.298s] running egg_info
[0.298s] creating ../../build/dm_gripper_py/dm_gripper_py.egg-info
[0.298s] writing ../../build/dm_gripper_py/dm_gripper_py.egg-info/PKG-INFO
[0.298s] writing dependency_links to ../../build/dm_gripper_py/dm_gripper_py.egg-info/dependency_links.txt
[0.298s] writing entry points to ../../build/dm_gripper_py/dm_gripper_py.egg-info/entry_points.txt
[0.298s] writing requirements to ../../build/dm_gripper_py/dm_gripper_py.egg-info/requires.txt
[0.298s] writing top-level names to ../../build/dm_gripper_py/dm_gripper_py.egg-info/top_level.txt
[0.298s] writing manifest file '../../build/dm_gripper_py/dm_gripper_py.egg-info/SOURCES.txt'
[0.299s] reading manifest file '../../build/dm_gripper_py/dm_gripper_py.egg-info/SOURCES.txt'
[0.299s] writing manifest file '../../build/dm_gripper_py/dm_gripper_py.egg-info/SOURCES.txt'
[0.299s] running build
[0.299s] running build_py
[0.299s] creating /ros2_ws/build/dm_gripper_py/build
[0.299s] creating /ros2_ws/build/dm_gripper_py/build/lib
[0.299s] creating /ros2_ws/build/dm_gripper_py/build/lib/dm_gripper_py
[0.299s] copying dm_gripper_py/__init__.py -> /ros2_ws/build/dm_gripper_py/build/lib/dm_gripper_py
[0.299s] copying dm_gripper_py/test_gui.py -> /ros2_ws/build/dm_gripper_py/build/lib/dm_gripper_py
[0.300s] copying dm_gripper_py/DM_gripper.py -> /ros2_ws/build/dm_gripper_py/build/lib/dm_gripper_py
[0.300s] copying dm_gripper_py/DM_CAN.py -> /ros2_ws/build/dm_gripper_py/build/lib/dm_gripper_py
[0.300s] warning: build_py: byte-compiling is disabled, skipping.
[0.300s] 
[0.300s] running install
[0.300s] running install_lib
[0.300s] creating /ros2_ws/install/dm_gripper_py/lib/python3.10/site-packages/dm_gripper_py
[0.300s] copying /ros2_ws/build/dm_gripper_py/build/lib/dm_gripper_py/__init__.py -> /ros2_ws/install/dm_gripper_py/lib/python3.10/site-packages/dm_gripper_py
[0.300s] copying /ros2_ws/build/dm_gripper_py/build/lib/dm_gripper_py/test_gui.py -> /ros2_ws/install/dm_gripper_py/lib/python3.10/site-packages/dm_gripper_py
[0.300s] copying /ros2_ws/build/dm_gripper_py/build/lib/dm_gripper_py/DM_gripper.py -> /ros2_ws/install/dm_gripper_py/lib/python3.10/site-packages/dm_gripper_py
[0.300s] copying /ros2_ws/build/dm_gripper_py/build/lib/dm_gripper_py/DM_CAN.py -> /ros2_ws/install/dm_gripper_py/lib/python3.10/site-packages/dm_gripper_py
[0.300s] warning: install_lib: byte-compiling is disabled, skipping.
[0.300s] 
[0.300s] running install_data
[0.300s] creating /ros2_ws/install/dm_gripper_py/share/ament_index
[0.300s] creating /ros2_ws/install/dm_gripper_py/share/ament_index/resource_index
[0.300s] creating /ros2_ws/install/dm_gripper_py/share/ament_index/resource_index/packages
[0.300s] copying resource/dm_gripper_py -> /ros2_ws/install/dm_gripper_py/share/ament_index/resource_index/packages
[0.300s] copying package.xml -> /ros2_ws/install/dm_gripper_py/share/dm_gripper_py
[0.300s] creating /ros2_ws/install/dm_gripper_py/share/dm_gripper_py/launch
[0.300s] copying launch/dm_gripper.launch.py -> /ros2_ws/install/dm_gripper_py/share/dm_gripper_py/launch
[0.300s] running install_egg_info
[0.301s] Copying ../../build/dm_gripper_py/dm_gripper_py.egg-info to /ros2_ws/install/dm_gripper_py/lib/python3.10/site-packages/dm_gripper_py-0.0.0-py3.10.egg-info
[0.301s] running install_scripts
[0.310s] Installing dm_motor_test script to /ros2_ws/install/dm_gripper_py/lib/dm_gripper_py
[0.310s] writing list of installed files to '/ros2_ws/build/dm_gripper_py/install.log'
[0.324s] Invoked command in '/ros2_ws/src/dm_gripper_py' returned '0': PYTHONPATH=/ros2_ws/build/dm_gripper_py/prefix_override:/usr/lib/python3/dist-packages/colcon_core/task/python/colcon_distutils_commands:/ros2_ws/install/dm_gripper_py/lib/python3.10/site-packages:${PYTHONPATH} /usr/bin/python3 -W ignore:setup.py install is deprecated -W ignore:easy_install command is deprecated setup.py egg_info --egg-base ../../build/dm_gripper_py build --build-base /ros2_ws/build/dm_gripper_py/build install --record /ros2_ws/build/dm_gripper_py/install.log --single-version-externally-managed install_data
