1781073428.1298597 [INFO] [launch]: All log files can be found below /ros2_ws/log/runtime/2026-06-10-06-37-08-129379-kewei-Pulse-GL76-11UEK-238
1781073428.1299367 [INFO] [launch]: Default logging verbosity is set to INFO
1781073428.2022192 [INFO] [planner_node-1]: process started with pid [569]
1781073428.2023253 [INFO] [marvin_robot_node-2]: process started with pid [571]
1781073428.2023582 [INFO] [robot_state_publisher-3]: process started with pid [573]
1781073428.2023826 [INFO] [rviz2-4]: process started with pid [575]
1781073428.2137713 [robot_state_publisher-3] [WARN] [1781073428.213717643] [kdl_parser]: The root link base_link has an inertia specified in the URDF, but KDL does not support a root link with an inertia.  As a workaround, you can add an extra dummy link to your URDF.
1781073428.2138727 [robot_state_publisher-3] [INFO] [1781073428.213767677] [robot_state_publisher]: got segment Base_L
1781073428.2138953 [robot_state_publisher-3] [INFO] [1781073428.213786222] [robot_state_publisher]: got segment Base_R
1781073428.2139115 [robot_state_publisher-3] [INFO] [1781073428.213788526] [robot_state_publisher]: got segment Link1_L
1781073428.2139270 [robot_state_publisher-3] [INFO] [1781073428.213790420] [robot_state_publisher]: got segment Link1_R
1781073428.2139430 [robot_state_publisher-3] [INFO] [1781073428.213791983] [robot_state_publisher]: got segment Link2_L
1781073428.2139606 [robot_state_publisher-3] [INFO] [1781073428.213793586] [robot_state_publisher]: got segment Link2_R
1781073428.2139757 [robot_state_publisher-3] [INFO] [1781073428.213795349] [robot_state_publisher]: got segment Link3_L
1781073428.2139909 [robot_state_publisher-3] [INFO] [1781073428.213796882] [robot_state_publisher]: got segment Link3_R
1781073428.2140076 [robot_state_publisher-3] [INFO] [1781073428.213798365] [robot_state_publisher]: got segment Link4_L
1781073428.2140243 [robot_state_publisher-3] [INFO] [1781073428.213799857] [robot_state_publisher]: got segment Link4_R
1781073428.2140393 [robot_state_publisher-3] [INFO] [1781073428.213801310] [robot_state_publisher]: got segment Link5_L
1781073428.2140539 [robot_state_publisher-3] [INFO] [1781073428.213803043] [robot_state_publisher]: got segment Link5_R
1781073428.2140703 [robot_state_publisher-3] [INFO] [1781073428.213804596] [robot_state_publisher]: got segment Link6_L
1781073428.2140830 [robot_state_publisher-3] [INFO] [1781073428.213806029] [robot_state_publisher]: got segment Link6_R
1781073428.2140956 [robot_state_publisher-3] [INFO] [1781073428.213807422] [robot_state_publisher]: got segment Link7_L
1781073428.2141111 [robot_state_publisher-3] [INFO] [1781073428.213808804] [robot_state_publisher]: got segment Link7_R
1781073428.2141232 [robot_state_publisher-3] [INFO] [1781073428.213810147] [robot_state_publisher]: got segment base_link
1781073428.2141364 [robot_state_publisher-3] [INFO] [1781073428.213811569] [robot_state_publisher]: got segment camera_left_link
1781073428.2141495 [robot_state_publisher-3] [INFO] [1781073428.213812992] [robot_state_publisher]: got segment camera_rgb_link
1781073428.2141623 [robot_state_publisher-3] [INFO] [1781073428.213814445] [robot_state_publisher]: got segment camera_right_link
1781073428.2141752 [robot_state_publisher-3] [INFO] [1781073428.213815947] [robot_state_publisher]: got segment flange_L
1781073428.2141869 [robot_state_publisher-3] [INFO] [1781073428.213817380] [robot_state_publisher]: got segment flange_R
1781073428.2141991 [robot_state_publisher-3] [INFO] [1781073428.213818743] [robot_state_publisher]: got segment left_tool
1781073428.2142105 [robot_state_publisher-3] [INFO] [1781073428.213820155] [robot_state_publisher]: got segment right_tool
1781073428.2142224 [robot_state_publisher-3] [INFO] [1781073428.213821548] [robot_state_publisher]: got segment tracking_base_link
1781078615.0274732 [WARNING] [launch]: user interrupted with ctrl-c (SIGINT)
1781078615.0291057 [robot_state_publisher-3] [INFO] [1781078615.027368321] [rclcpp]: signal_handler(SIGINT/SIGTERM)
1781078615.1315689 [INFO] [robot_state_publisher-3]: process has finished cleanly [pid 573]
1781078615.1409471 [INFO] [planner_node-1]: process has finished cleanly [pid 569]
1781078615.2053819 [INFO] [rviz2-4]: process has finished cleanly [pid 575]
1781078615.5977082 [ERROR] [marvin_robot_node-2]: process has died [pid 571, exit code -6, cmd '/ros2_ws/install/marvin_ros_control/lib/marvin_ros_control/marvin_robot_node --ros-args --log-level INFO --ros-args -r __node:=marvin_robot_node --params-file /ros2_ws/install/marvin_ros_control/share/marvin_ros_control/config/robot_param_m6.yaml'].
