CMake Warning at /usr/share/cmake-3.22/Modules/FindBoost.cmake:2201 (message):
  No header defined for python310; skipping header check (note: header-only
  libraries have no designated component)
Call Stack (most recent call first):
  /opt/ros/humble/lib/x86_64-linux-gnu/cmake/eigenpy/boost.cmake:148 (find_package)
  /opt/ros/humble/lib/x86_64-linux-gnu/cmake/eigenpy/eigenpyConfig.cmake:149 (SEARCH_FOR_BOOST_PYTHON)
  /usr/share/cmake-3.22/Modules/CMakeFindDependencyMacro.cmake:47 (find_package)
  /opt/ros/humble/lib/x86_64-linux-gnu/cmake/pinocchio/pinocchioConfig.cmake:161 (find_dependency)
  CMakeLists.txt:26 (find_package)


/ros2_ws/src/marvin_ros2_control/src/marvin_robot_node.cpp: In member function ‘void MarvinRobotNode::motor_err_code_callback(std::shared_ptr<marvin_msgs::srv::MotorErrCode_Request_<std::allocator<void> > >, std::shared_ptr<marvin_msgs::srv::MotorErrCode_Response_<std::allocator<void> > >)’:
/ros2_ws/src/marvin_ros2_control/src/marvin_robot_node.cpp:615:97: warning: unused parameter ‘request’ [-Wunused-parameter]
  615 |     void motor_err_code_callback(const std::shared_ptr<marvin_msgs::srv::MotorErrCode::Request> request,
      |                                  ~~~~~~~~~~~~~~~~~~~~~~~~~~~~~~~~~~~~~~~~~~~~~~~~~~~~~~~~~~~~~~~^~~~~~~
/ros2_ws/src/marvin_ros2_control/src/marvin_robot_node.cpp: In member function ‘void MarvinRobotNode::set_ready_callback(std::shared_ptr<std_srvs::srv::Trigger_Request_<std::allocator<void> > >, std::shared_ptr<std_srvs::srv::Trigger_Response_<std::allocator<void> > >)’:
/ros2_ws/src/marvin_ros2_control/src/marvin_robot_node.cpp:634:84: warning: unused parameter ‘request’ [-Wunused-parameter]
  634 |     void set_ready_callback(const std::shared_ptr<std_srvs::srv::Trigger::Request> request,
      |                             ~~~~~~~~~~~~~~~~~~~~~~~~~~~~~~~~~~~~~~~~~~~~~~~~~~~~~~~^~~~~~~
In file included from /opt/ros/humble/include/rclcpp/rclcpp/logging.hpp:24,
                 from /opt/ros/humble/include/rclcpp/rclcpp/client.hpp:40,
                 from /opt/ros/humble/include/rclcpp/rclcpp/callback_group.hpp:24,
                 from /opt/ros/humble/include/rclcpp/rclcpp/any_executable.hpp:20,
                 from /opt/ros/humble/include/rclcpp/rclcpp/memory_strategy.hpp:25,
                 from /opt/ros/humble/include/rclcpp/rclcpp/memory_strategies.hpp:18,
                 from /opt/ros/humble/include/rclcpp/rclcpp/executor_options.hpp:20,
                 from /opt/ros/humble/include/rclcpp/rclcpp/executor.hpp:37,
                 from /opt/ros/humble/include/rclcpp/rclcpp/executors/multi_threaded_executor.hpp:25,
                 from /opt/ros/humble/include/rclcpp/rclcpp/executors.hpp:21,
                 from /opt/ros/humble/include/rclcpp/rclcpp/rclcpp.hpp:155,
                 from /ros2_ws/src/marvin_ros2_control/src/marvin_robot_node.cpp:1:
/ros2_ws/src/marvin_ros2_control/src/marvin_robot_node.cpp: In member function ‘void MarvinRobotNode::set_vel_ratio_callback(std::shared_ptr<marvin_msgs::srv::Int_Request_<std::allocator<void> > >, std::shared_ptr<marvin_msgs::srv::Int_Response_<std::allocator<void> > >)’:
/ros2_ws/src/marvin_ros2_control/src/marvin_robot_node.cpp:867:54: warning: format ‘%d’ expects argument of type ‘int’, but argument 5 has type ‘marvin_msgs::srv::Int_Request_<std::allocator<void> >::_data_type’ {aka ‘long int’} [-Wformat=]
  867 |                     RCLCPP_ERROR(this->get_logger(), "Invalid velocity ratio requested: %d. Valid ratios are 0, 1, 2, 3.", request->data);
      |                                                      ^~~~~~~~~~~~~~~~~~~~~~~~~~~~~~~~~~~~~~~~~~~~~~~~~~~~~~~~~~~~~~~~~~~~  ~~~~~~~~~~~~~
      |                                                                                                                                     |
      |                                                                                                                                     marvin_msgs::srv::Int_Request_<std::allocator<void> >::_data_type {aka long int}
/ros2_ws/src/marvin_ros2_control/src/marvin_robot_node.cpp:867:90: note: format string is defined here
  867 |                     RCLCPP_ERROR(this->get_logger(), "Invalid velocity ratio requested: %d. Valid ratios are 0, 1, 2, 3.", request->data);
      |                                                                                         ~^
      |                                                                                          |
      |                                                                                          int
      |                                                                                         %ld
/ros2_ws/src/marvin_ros2_control/src/marvin_robot_node.cpp: In member function ‘void MarvinRobotNode::clearfault_callback(std::shared_ptr<std_srvs::srv::Trigger_Request_<std::allocator<void> > >, std::shared_ptr<std_srvs::srv::Trigger_Response_<std::allocator<void> > >)’:
/ros2_ws/src/marvin_ros2_control/src/marvin_robot_node.cpp:905:85: warning: unused parameter ‘request’ [-Wunused-parameter]
  905 |     void clearfault_callback(const std::shared_ptr<std_srvs::srv::Trigger::Request> request,
      |                              ~~~~~~~~~~~~~~~~~~~~~~~~~~~~~~~~~~~~~~~~~~~~~~~~~~~~~~~^~~~~~~
/ros2_ws/src/marvin_ros2_control/src/marvin_robot_node.cpp:906:80: warning: unused parameter ‘response’ [-Wunused-parameter]
  906 |                              std::shared_ptr<std_srvs::srv::Trigger::Response> response)
      |                              ~~~~~~~~~~~~~~~~~~~~~~~~~~~~~~~~~~~~~~~~~~~~~~~~~~^~~~~~~~
