-- The C compiler identification is GNU 11.4.0
-- The CXX compiler identification is GNU 11.4.0
-- Detecting C compiler ABI info
-- Detecting C compiler ABI info - done
-- Check for working C compiler: /usr/bin/cc - skipped
-- Detecting C compile features
-- Detecting C compile features - done
-- Detecting CXX compiler ABI info
-- Detecting CXX compiler ABI info - done
-- Check for working CXX compiler: /usr/bin/c++ - skipped
-- Detecting CXX compile features
-- Detecting CXX compile features - done
-- Found ament_cmake: 1.3.14 (/opt/ros/humble/share/ament_cmake/cmake)
-- Found Python3: /usr/bin/python3 (found version "3.10.12") found components: Interpreter 
-- Found rclcpp: 16.0.19 (/opt/ros/humble/share/rclcpp/cmake)
-- Found rosidl_generator_c: 3.1.8 (/opt/ros/humble/share/rosidl_generator_c/cmake)
-- Found rosidl_adapter: 3.1.8 (/opt/ros/humble/share/rosidl_adapter/cmake)
-- Found rosidl_generator_cpp: 3.1.8 (/opt/ros/humble/share/rosidl_generator_cpp/cmake)
-- Using all available rosidl_typesupport_c: rosidl_typesupport_fastrtps_c;rosidl_typesupport_introspection_c
-- Using all available rosidl_typesupport_cpp: rosidl_typesupport_fastrtps_cpp;rosidl_typesupport_introspection_cpp
-- Found rmw_implementation_cmake: 6.1.2 (/opt/ros/humble/share/rmw_implementation_cmake/cmake)
-- Found rmw_fastrtps_cpp: 6.2.10 (/opt/ros/humble/share/rmw_fastrtps_cpp/cmake)
-- Found OpenSSL: /usr/lib/x86_64-linux-gnu/libcrypto.so (found version "3.0.2")  
-- Found FastRTPS: /opt/ros/humble/include  
-- Using RMW implementation 'rmw_fastrtps_cpp' as default
-- Looking for pthread.h
-- Looking for pthread.h - found
-- Performing Test CMAKE_HAVE_LIBC_PTHREAD
-- Performing Test CMAKE_HAVE_LIBC_PTHREAD - Success
-- Found Threads: TRUE  
-- Found tf2_ros: 0.25.20 (/opt/ros/humble/share/tf2_ros/cmake)
-- Found tf2_geometry_msgs: 0.25.20 (/opt/ros/humble/share/tf2_geometry_msgs/cmake)
-- Found eigen3_cmake_module: 0.1.1 (/opt/ros/humble/share/eigen3_cmake_module/cmake)
-- Found Eigen3: TRUE (found version "3.4.0") 
-- Ensuring Eigen3 include directory is part of orocos-kdl CMake target
-- Found std_srvs: 4.9.1 (/opt/ros/humble/share/std_srvs/cmake)
-- Found sensor_msgs: 4.9.1 (/opt/ros/humble/share/sensor_msgs/cmake)
-- Found visualization_msgs: 4.9.1 (/opt/ros/humble/share/visualization_msgs/cmake)
-- Found marvin_msgs: 0.0.0 (/ros2_ws/install/marvin_msgs/share/marvin_msgs/cmake)
-- pinocchio_default FOUND. pinocchio_default at /opt/ros/humble/lib/x86_64-linux-gnu/libpinocchio_default.so
-- pinocchio_parsers FOUND. pinocchio_parsers at /opt/ros/humble/lib/x86_64-linux-gnu/libpinocchio_parsers.so
-- boost_filesystem FOUND. boost_filesystem at /lib/x86_64-linux-gnu/libboost_filesystem.so
-- Found Boost: /usr/include (found version "1.74.0") found components: filesystem serialization 
-- eigenpy FOUND. eigenpy at /opt/ros/humble/lib/x86_64-linux-gnu/libeigenpy.so
-- Checking for NumPy
--   NUMPY_INCLUDE_DIRS=/usr/local/lib/python3.10/dist-packages/numpy/core/include
--   NUMPY_VERSION=1.26.4
-- Found Python3: /usr/bin/python3 (found version "3.10.12") found components: Interpreter Development.Module NumPy 
-- PythonLibraryDirs: 
-- PythonLibVersionString: 3.10.12
-- Python site lib: lib/python3.10/site-packages
-- Python include dirs: /usr/include/python3.10
-- Checking for NumPy
--   NUMPY_INCLUDE_DIRS=/usr/local/lib/python3.10/dist-packages/numpy/core/include
--   NUMPY_VERSION=1.26.4
-- NumPy include dir: /usr/local/lib/python3.10/dist-packages/numpy/core/include
CMake Warning at /usr/share/cmake-3.22/Modules/FindBoost.cmake:2201 (message):
  No header defined for python310; skipping header check (note: header-only
  libraries have no designated component)
Call Stack (most recent call first):
  /opt/ros/humble/lib/x86_64-linux-gnu/cmake/eigenpy/boost.cmake:148 (find_package)
  /opt/ros/humble/lib/x86_64-linux-gnu/cmake/eigenpy/eigenpyConfig.cmake:149 (SEARCH_FOR_BOOST_PYTHON)
  /usr/share/cmake-3.22/Modules/CMakeFindDependencyMacro.cmake:47 (find_package)
  /opt/ros/humble/lib/x86_64-linux-gnu/cmake/pinocchio/pinocchioConfig.cmake:161 (find_dependency)
  CMakeLists.txt:26 (find_package)


-- Found Boost: /usr/include (found version "1.74.0") found components: python310 
-- Default C++ standard: 201703
-- Minimal C++ standard upgraded to 11
-- C++ standard sufficient: Minimal required 11, currently defined: 17
-- hpp-fcl FOUND. hpp-fcl at /opt/ros/humble/lib/x86_64-linux-gnu/libhpp-fcl.so
-- Found Boost: /usr/include (found version "1.74.0") found components: chrono serialization filesystem 
-- C++ standard sufficient: Minimal required 11, currently defined: 17
-- C++ standard sufficient: Minimal required 11, currently defined: 17
-- 🏗️ Building for x86_64 architecture
-- ✅ Found Marvin SDK library: /ros2_ws/src/marvin_ros2_control/lib/libMarvinSDK_x86.so
-- Found ament_lint_auto: 0.12.15 (/opt/ros/humble/share/ament_lint_auto/cmake)
-- Added test 'cppcheck' to perform static code analysis on C / C++ code
-- Configured cppcheck include dirs: /ros2_ws/src/marvin_ros2_control/include
-- Configured cppcheck exclude dirs and/or files: 
-- Added test 'flake8' to check Python code syntax and style conventions
-- Added test 'lint_cmake' to check CMake code style
-- Added test 'pep257' to check Python code against some of the docstring style conventions in PEP 257
-- Added test 'uncrustify' to check C / C++ code style
-- Configured uncrustify additional arguments: 
-- Added test 'xmllint' to check XML markup files
-- Configuring done
-- Generating done
-- Build files have been written to: /ros2_ws/build/marvin_ros_control
[ 66%] Building CXX object CMakeFiles/marvin_robot_node.dir/src/marvin_robot_node.cpp.o
[ 66%] Building CXX object CMakeFiles/marvin_robot_node.dir/src/marvin_robot.cpp.o
/ros2_ws/src/marvin_ros2_control/src/marvin_robot_node.cpp: In member function ‘void MarvinRobotNode::motor_err_code_callback(std::shared_ptr<marvin_msgs::srv::MotorErrCode_Request_<std::allocator<void> > >, std::shared_ptr<marvin_msgs::srv::MotorErrCode_Response_<std::allocator<void> > >)’:
/ros2_ws/src/marvin_ros2_control/src/marvin_robot_node.cpp:615:97: warning: unused parameter ‘request’ [-Wunused-parameter]
  615 |     void motor_err_code_callback(const std::shared_ptr<marvin_msgs::srv::MotorErrCode::Request> request,
      |                                  ~~~~~~~~~~~~~~~~~~~~~~~~~~~~~~~~~~~~~~~~~~~~~~~~~~~~~~~~~~~~~~~^~~~~~~
/ros2_ws/src/marvin_ros2_control/src/marvin_robot_node.cpp: In member function ‘void MarvinRobotNode::set_ready_callback(std::shared_ptr<std_srvs::srv::Trigger_Request_<std::allocator<void> > >, std::shared_ptr<std_srvs::srv::Trigger_Response_<std::allocator<void> > >)’:
/ros2_ws/src/marvin_ros2_control/src/marvin_robot_node.cpp:634:84: warning: unused parameter ‘request’ [-Wunused-parameter]
  634 |     void set_ready_callback(const std::shared_ptr<std_srvs::srv::Trigger::Request> request,
      |                             ~~~~~~~~~~~~~~~~~~~~~~~~~~~~~~~~~~~~~~~~~~~~~~~~~~~~~~~^~~~~~~
In file included from /opt/ros/humble/include/rclcpp/rclcpp/logging.hpp:24,
                 from /opt/ros/humble/include/rclcpp/rclcpp/client.hpp:40,
                 from /opt/ros/humble/include/rclcpp/rclcpp/callback_group.hpp:24,
                 from /opt/ros/humble/include/rclcpp/rclcpp/any_executable.hpp:20,
                 from /opt/ros/humble/include/rclcpp/rclcpp/memory_strategy.hpp:25,
                 from /opt/ros/humble/include/rclcpp/rclcpp/memory_strategies.hpp:18,
                 from /opt/ros/humble/include/rclcpp/rclcpp/executor_options.hpp:20,
                 from /opt/ros/humble/include/rclcpp/rclcpp/executor.hpp:37,
                 from /opt/ros/humble/include/rclcpp/rclcpp/executors/multi_threaded_executor.hpp:25,
                 from /opt/ros/humble/include/rclcpp/rclcpp/executors.hpp:21,
                 from /opt/ros/humble/include/rclcpp/rclcpp/rclcpp.hpp:155,
                 from /ros2_ws/src/marvin_ros2_control/src/marvin_robot_node.cpp:1:
/ros2_ws/src/marvin_ros2_control/src/marvin_robot_node.cpp: In member function ‘void MarvinRobotNode::set_vel_ratio_callback(std::shared_ptr<marvin_msgs::srv::Int_Request_<std::allocator<void> > >, std::shared_ptr<marvin_msgs::srv::Int_Response_<std::allocator<void> > >)’:
/ros2_ws/src/marvin_ros2_control/src/marvin_robot_node.cpp:867:54: warning: format ‘%d’ expects argument of type ‘int’, but argument 5 has type ‘marvin_msgs::srv::Int_Request_<std::allocator<void> >::_data_type’ {aka ‘long int’} [-Wformat=]
  867 |                     RCLCPP_ERROR(this->get_logger(), "Invalid velocity ratio requested: %d. Valid ratios are 0, 1, 2, 3.", request->data);
      |                                                      ^~~~~~~~~~~~~~~~~~~~~~~~~~~~~~~~~~~~~~~~~~~~~~~~~~~~~~~~~~~~~~~~~~~~  ~~~~~~~~~~~~~
      |                                                                                                                                     |
      |                                                                                                                                     marvin_msgs::srv::Int_Request_<std::allocator<void> >::_data_type {aka long int}
/ros2_ws/src/marvin_ros2_control/src/marvin_robot_node.cpp:867:90: note: format string is defined here
  867 |                     RCLCPP_ERROR(this->get_logger(), "Invalid velocity ratio requested: %d. Valid ratios are 0, 1, 2, 3.", request->data);
      |                                                                                         ~^
      |                                                                                          |
      |                                                                                          int
      |                                                                                         %ld
/ros2_ws/src/marvin_ros2_control/src/marvin_robot_node.cpp: In member function ‘void MarvinRobotNode::clearfault_callback(std::shared_ptr<std_srvs::srv::Trigger_Request_<std::allocator<void> > >, std::shared_ptr<std_srvs::srv::Trigger_Response_<std::allocator<void> > >)’:
/ros2_ws/src/marvin_ros2_control/src/marvin_robot_node.cpp:905:85: warning: unused parameter ‘request’ [-Wunused-parameter]
  905 |     void clearfault_callback(const std::shared_ptr<std_srvs::srv::Trigger::Request> request,
      |                              ~~~~~~~~~~~~~~~~~~~~~~~~~~~~~~~~~~~~~~~~~~~~~~~~~~~~~~~^~~~~~~
/ros2_ws/src/marvin_ros2_control/src/marvin_robot_node.cpp:906:80: warning: unused parameter ‘response’ [-Wunused-parameter]
  906 |                              std::shared_ptr<std_srvs::srv::Trigger::Response> response)
      |                              ~~~~~~~~~~~~~~~~~~~~~~~~~~~~~~~~~~~~~~~~~~~~~~~~~~^~~~~~~~
[100%] Linking CXX executable marvin_robot_node
[100%] Built target marvin_robot_node
-- Install configuration: ""
-- Installing: /ros2_ws/install/marvin_ros_control/lib/marvin_ros_control/marvin_robot_node
-- Set runtime path of "/ros2_ws/install/marvin_ros_control/lib/marvin_ros_control/marvin_robot_node" to ""
-- Installing: /ros2_ws/install/marvin_ros_control/share/marvin_ros_control//launch
-- Installing: /ros2_ws/install/marvin_ros_control/share/marvin_ros_control//launch/bringup_control_m6.launch.py
-- Installing: /ros2_ws/install/marvin_ros_control/share/marvin_ros_control//launch/jog.launch.py
-- Installing: /ros2_ws/install/marvin_ros_control/share/marvin_ros_control//launch/bringup_control_m3.launch.py
-- Installing: /ros2_ws/install/marvin_ros_control/share/marvin_ros_control//config
-- Installing: /ros2_ws/install/marvin_ros_control/share/marvin_ros_control//config/robot_param_m6.yaml
-- Installing: /ros2_ws/install/marvin_ros_control/share/marvin_ros_control//config/ccs_m3.MvKDCfg
-- Installing: /ros2_ws/install/marvin_ros_control/share/marvin_ros_control//config/marvin_robot.srdf
-- Installing: /ros2_ws/install/marvin_ros_control/share/marvin_ros_control//config/robot_param_m3.yaml
-- Installing: /ros2_ws/install/marvin_ros_control/share/marvin_ros_control//config/ccs_m6.MvKDCfg
-- Installing: /ros2_ws/install/marvin_ros_control/lib/libMarvinSDK_x86.so
-- Installing: /ros2_ws/install/marvin_ros_control/include
-- Installing: /ros2_ws/install/marvin_ros_control/include/marvin_ros_control
-- Installing: /ros2_ws/install/marvin_ros_control/include/marvin_ros_control/MarvinSDK.h
-- Installing: /ros2_ws/install/marvin_ros_control/include/marvin_ros_control/marvin_robot.h
-- Installing: /ros2_ws/install/marvin_ros_control/share/ament_index/resource_index/package_run_dependencies/marvin_ros_control
-- Installing: /ros2_ws/install/marvin_ros_control/share/ament_index/resource_index/parent_prefix_path/marvin_ros_control
-- Installing: /ros2_ws/install/marvin_ros_control/share/marvin_ros_control/environment/ament_prefix_path.sh
-- Installing: /ros2_ws/install/marvin_ros_control/share/marvin_ros_control/environment/ament_prefix_path.dsv
-- Installing: /ros2_ws/install/marvin_ros_control/share/marvin_ros_control/environment/path.sh
-- Installing: /ros2_ws/install/marvin_ros_control/share/marvin_ros_control/environment/path.dsv
-- Installing: /ros2_ws/install/marvin_ros_control/share/marvin_ros_control/local_setup.bash
-- Installing: /ros2_ws/install/marvin_ros_control/share/marvin_ros_control/local_setup.sh
-- Installing: /ros2_ws/install/marvin_ros_control/share/marvin_ros_control/local_setup.zsh
-- Installing: /ros2_ws/install/marvin_ros_control/share/marvin_ros_control/local_setup.dsv
-- Installing: /ros2_ws/install/marvin_ros_control/share/marvin_ros_control/package.dsv
-- Installing: /ros2_ws/install/marvin_ros_control/share/ament_index/resource_index/packages/marvin_ros_control
-- Installing: /ros2_ws/install/marvin_ros_control/share/marvin_ros_control/cmake/ament_cmake_export_include_directories-extras.cmake
-- Installing: /ros2_ws/install/marvin_ros_control/share/marvin_ros_control/cmake/marvin_ros_controlConfig.cmake
-- Installing: /ros2_ws/install/marvin_ros_control/share/marvin_ros_control/cmake/marvin_ros_controlConfig-version.cmake
-- Installing: /ros2_ws/install/marvin_ros_control/share/marvin_ros_control/package.xml
