[0.006s] Invoking command in '/ros2_ws/build/marvin_ros_control': AMENT_PREFIX_PATH=/ros2_ws/install/marvin_msgs:${AMENT_PREFIX_PATH} CMAKE_PREFIX_PATH=/ros2_ws/install/marvin_msgs:/opt/ros/humble LD_LIBRARY_PATH=/ros2_ws/install/marvin_msgs/lib:${LD_LIBRARY_PATH} PYTHONPATH=/ros2_ws/install/marvin_msgs/local/lib/python3.10/dist-packages:${PYTHONPATH} /usr/bin/cmake /ros2_ws/src/marvin_ros2_control -DCPU_ARCH=x86 -DCMAKE_INSTALL_PREFIX=/ros2_ws/install/marvin_ros_control
[0.031s] -- The C compiler identification is GNU 11.4.0
[0.054s] -- The CXX compiler identification is GNU 11.4.0
[0.057s] -- Detecting C compiler ABI info
[0.085s] -- Detecting C compiler ABI info - done
[0.088s] -- Check for working C compiler: /usr/bin/cc - skipped
[0.088s] -- Detecting C compile features
[0.088s] -- Detecting C compile features - done
[0.090s] -- Detecting CXX compiler ABI info
[0.123s] -- Detecting CXX compiler ABI info - done
[0.126s] -- Check for working CXX compiler: /usr/bin/c++ - skipped
[0.126s] -- Detecting CXX compile features
[0.126s] -- Detecting CXX compile features - done
[0.127s] -- Found ament_cmake: 1.3.14 (/opt/ros/humble/share/ament_cmake/cmake)
[0.190s] -- Found Python3: /usr/bin/python3 (found version "3.10.12") found components: Interpreter 
[0.225s] -- Found rclcpp: 16.0.19 (/opt/ros/humble/share/rclcpp/cmake)
[0.240s] -- Found rosidl_generator_c: 3.1.8 (/opt/ros/humble/share/rosidl_generator_c/cmake)
[0.242s] -- Found rosidl_adapter: 3.1.8 (/opt/ros/humble/share/rosidl_adapter/cmake)
[0.245s] -- Found rosidl_generator_cpp: 3.1.8 (/opt/ros/humble/share/rosidl_generator_cpp/cmake)
[0.250s] -- Using all available rosidl_typesupport_c: rosidl_typesupport_fastrtps_c;rosidl_typesupport_introspection_c
[0.256s] -- Using all available rosidl_typesupport_cpp: rosidl_typesupport_fastrtps_cpp;rosidl_typesupport_introspection_cpp
[0.274s] -- Found rmw_implementation_cmake: 6.1.2 (/opt/ros/humble/share/rmw_implementation_cmake/cmake)
[0.274s] -- Found rmw_fastrtps_cpp: 6.2.10 (/opt/ros/humble/share/rmw_fastrtps_cpp/cmake)
[0.312s] -- Found OpenSSL: /usr/lib/x86_64-linux-gnu/libcrypto.so (found version "3.0.2")  
[0.323s] -- Found FastRTPS: /opt/ros/humble/include  
[0.340s] -- Using RMW implementation 'rmw_fastrtps_cpp' as default
[0.343s] -- Looking for pthread.h
[0.375s] -- Looking for pthread.h - found
[0.375s] -- Performing Test CMAKE_HAVE_LIBC_PTHREAD
[0.406s] -- Performing Test CMAKE_HAVE_LIBC_PTHREAD - Success
[0.406s] -- Found Threads: TRUE  
[0.426s] -- Found tf2_ros: 0.25.20 (/opt/ros/humble/share/tf2_ros/cmake)
[0.470s] -- Found tf2_geometry_msgs: 0.25.20 (/opt/ros/humble/share/tf2_geometry_msgs/cmake)
[0.474s] -- Found eigen3_cmake_module: 0.1.1 (/opt/ros/humble/share/eigen3_cmake_module/cmake)
[0.475s] -- Found Eigen3: TRUE (found version "3.4.0") 
[0.475s] -- Ensuring Eigen3 include directory is part of orocos-kdl CMake target
[0.476s] -- Found std_srvs: 4.9.1 (/opt/ros/humble/share/std_srvs/cmake)
[0.480s] -- Found sensor_msgs: 4.9.1 (/opt/ros/humble/share/sensor_msgs/cmake)
[0.486s] -- Found visualization_msgs: 4.9.1 (/opt/ros/humble/share/visualization_msgs/cmake)
[0.494s] -- Found marvin_msgs: 0.0.0 (/ros2_ws/install/marvin_msgs/share/marvin_msgs/cmake)
[0.500s] -- pinocchio_default FOUND. pinocchio_default at /opt/ros/humble/lib/x86_64-linux-gnu/libpinocchio_default.so
[0.500s] -- pinocchio_parsers FOUND. pinocchio_parsers at /opt/ros/humble/lib/x86_64-linux-gnu/libpinocchio_parsers.so
[0.500s] -- boost_filesystem FOUND. boost_filesystem at /lib/x86_64-linux-gnu/libboost_filesystem.so
[0.514s] -- Found Boost: /usr/include (found version "1.74.0") found components: filesystem serialization 
[0.514s] -- eigenpy FOUND. eigenpy at /opt/ros/humble/lib/x86_64-linux-gnu/libeigenpy.so
[0.525s] -- Checking for NumPy
[0.657s] --   NUMPY_INCLUDE_DIRS=/usr/local/lib/python3.10/dist-packages/numpy/core/include
[0.718s] --   NUMPY_VERSION=1.26.4
[0.865s] -- Found Python3: /usr/bin/python3 (found version "3.10.12") found components: Interpreter Development.Module NumPy 
[0.865s] -- PythonLibraryDirs: 
[0.865s] -- PythonLibVersionString: 3.10.12
[0.874s] -- Python site lib: lib/python3.10/site-packages
[0.874s] -- Python include dirs: /usr/include/python3.10
[0.891s] -- Checking for NumPy
[0.954s] --   NUMPY_INCLUDE_DIRS=/usr/local/lib/python3.10/dist-packages/numpy/core/include
[1.014s] --   NUMPY_VERSION=1.26.4
[1.015s] -- NumPy include dir: /usr/local/lib/python3.10/dist-packages/numpy/core/include
[1.017s] CMake Warning at /usr/share/cmake-3.22/Modules/FindBoost.cmake:2201 (message):
[1.017s]   No header defined for python310; skipping header check (note: header-only
[1.017s]   libraries have no designated component)
[1.017s] Call Stack (most recent call first):
[1.017s]   /opt/ros/humble/lib/x86_64-linux-gnu/cmake/eigenpy/boost.cmake:148 (find_package)
[1.017s]   /opt/ros/humble/lib/x86_64-linux-gnu/cmake/eigenpy/eigenpyConfig.cmake:149 (SEARCH_FOR_BOOST_PYTHON)
[1.017s]   /usr/share/cmake-3.22/Modules/CMakeFindDependencyMacro.cmake:47 (find_package)
[1.017s]   /opt/ros/humble/lib/x86_64-linux-gnu/cmake/pinocchio/pinocchioConfig.cmake:161 (find_dependency)
[1.017s]   CMakeLists.txt:26 (find_package)
[1.017s] 
[1.017s] 
[1.019s] -- Found Boost: /usr/include (found version "1.74.0") found components: python310 
[1.146s] -- Default C++ standard: 201703
[1.146s] -- Minimal C++ standard upgraded to 11
[1.146s] -- C++ standard sufficient: Minimal required 11, currently defined: 17
[1.147s] -- hpp-fcl FOUND. hpp-fcl at /opt/ros/humble/lib/x86_64-linux-gnu/libhpp-fcl.so
[1.152s] -- Found Boost: /usr/include (found version "1.74.0") found components: chrono serialization filesystem 
[1.154s] -- C++ standard sufficient: Minimal required 11, currently defined: 17
[1.155s] -- C++ standard sufficient: Minimal required 11, currently defined: 17
[1.155s] -- 🏗️ Building for x86_64 architecture
[1.155s] -- ✅ Found Marvin SDK library: /ros2_ws/src/marvin_ros2_control/lib/libMarvinSDK_x86.so
[1.157s] -- Found ament_lint_auto: 0.12.15 (/opt/ros/humble/share/ament_lint_auto/cmake)
[1.193s] -- Added test 'cppcheck' to perform static code analysis on C / C++ code
[1.193s] -- Configured cppcheck include dirs: /ros2_ws/src/marvin_ros2_control/include
[1.193s] -- Configured cppcheck exclude dirs and/or files: 
[1.194s] -- Added test 'flake8' to check Python code syntax and style conventions
[1.195s] -- Added test 'lint_cmake' to check CMake code style
[1.195s] -- Added test 'pep257' to check Python code against some of the docstring style conventions in PEP 257
[1.199s] -- Added test 'uncrustify' to check C / C++ code style
[1.199s] -- Configured uncrustify additional arguments: 
[1.199s] -- Added test 'xmllint' to check XML markup files
[1.200s] -- Configuring done
[1.205s] -- Generating done
[1.207s] -- Build files have been written to: /ros2_ws/build/marvin_ros_control
[1.212s] Invoked command in '/ros2_ws/build/marvin_ros_control' returned '0': AMENT_PREFIX_PATH=/ros2_ws/install/marvin_msgs:${AMENT_PREFIX_PATH} CMAKE_PREFIX_PATH=/ros2_ws/install/marvin_msgs:/opt/ros/humble LD_LIBRARY_PATH=/ros2_ws/install/marvin_msgs/lib:${LD_LIBRARY_PATH} PYTHONPATH=/ros2_ws/install/marvin_msgs/local/lib/python3.10/dist-packages:${PYTHONPATH} /usr/bin/cmake /ros2_ws/src/marvin_ros2_control -DCPU_ARCH=x86 -DCMAKE_INSTALL_PREFIX=/ros2_ws/install/marvin_ros_control
[1.213s] Invoking command in '/ros2_ws/build/marvin_ros_control': AMENT_PREFIX_PATH=/ros2_ws/install/marvin_msgs:${AMENT_PREFIX_PATH} CMAKE_PREFIX_PATH=/ros2_ws/install/marvin_msgs:/opt/ros/humble LD_LIBRARY_PATH=/ros2_ws/install/marvin_msgs/lib:${LD_LIBRARY_PATH} PYTHONPATH=/ros2_ws/install/marvin_msgs/local/lib/python3.10/dist-packages:${PYTHONPATH} /usr/bin/cmake --build /ros2_ws/build/marvin_ros_control -- -j32 -l32
[1.236s] [ 66%] Building CXX object CMakeFiles/marvin_robot_node.dir/src/marvin_robot_node.cpp.o
[1.236s] [ 66%] Building CXX object CMakeFiles/marvin_robot_node.dir/src/marvin_robot.cpp.o
[2.393s] /ros2_ws/src/marvin_ros2_control/src/marvin_robot_node.cpp: In member function ‘void MarvinRobotNode::motor_err_code_callback(std::shared_ptr<marvin_msgs::srv::MotorErrCode_Request_<std::allocator<void> > >, std::shared_ptr<marvin_msgs::srv::MotorErrCode_Response_<std::allocator<void> > >)’:
[2.393s] /ros2_ws/src/marvin_ros2_control/src/marvin_robot_node.cpp:615:97: warning: unused parameter ‘request’ [-Wunused-parameter]
[2.394s]   615 |     void motor_err_code_callback(const std::shared_ptr<marvin_msgs::srv::MotorErrCode::Request> request,
[2.394s]       |                                  ~~~~~~~~~~~~~~~~~~~~~~~~~~~~~~~~~~~~~~~~~~~~~~~~~~~~~~~~~~~~~~~^~~~~~~
[2.395s] /ros2_ws/src/marvin_ros2_control/src/marvin_robot_node.cpp: In member function ‘void MarvinRobotNode::set_ready_callback(std::shared_ptr<std_srvs::srv::Trigger_Request_<std::allocator<void> > >, std::shared_ptr<std_srvs::srv::Trigger_Response_<std::allocator<void> > >)’:
[2.395s] /ros2_ws/src/marvin_ros2_control/src/marvin_robot_node.cpp:634:84: warning: unused parameter ‘request’ [-Wunused-parameter]
[2.395s]   634 |     void set_ready_callback(const std::shared_ptr<std_srvs::srv::Trigger::Request> request,
[2.395s]       |                             ~~~~~~~~~~~~~~~~~~~~~~~~~~~~~~~~~~~~~~~~~~~~~~~~~~~~~~~^~~~~~~
[2.400s] In file included from /opt/ros/humble/include/rclcpp/rclcpp/logging.hpp:24,
[2.400s]                  from /opt/ros/humble/include/rclcpp/rclcpp/client.hpp:40,
[2.400s]                  from /opt/ros/humble/include/rclcpp/rclcpp/callback_group.hpp:24,
[2.400s]                  from /opt/ros/humble/include/rclcpp/rclcpp/any_executable.hpp:20,
[2.400s]                  from /opt/ros/humble/include/rclcpp/rclcpp/memory_strategy.hpp:25,
[2.400s]                  from /opt/ros/humble/include/rclcpp/rclcpp/memory_strategies.hpp:18,
[2.400s]                  from /opt/ros/humble/include/rclcpp/rclcpp/executor_options.hpp:20,
[2.400s]                  from /opt/ros/humble/include/rclcpp/rclcpp/executor.hpp:37,
[2.400s]                  from /opt/ros/humble/include/rclcpp/rclcpp/executors/multi_threaded_executor.hpp:25,
[2.400s]                  from /opt/ros/humble/include/rclcpp/rclcpp/executors.hpp:21,
[2.400s]                  from /opt/ros/humble/include/rclcpp/rclcpp/rclcpp.hpp:155,
[2.400s]                  from /ros2_ws/src/marvin_ros2_control/src/marvin_robot_node.cpp:1:
[2.400s] /ros2_ws/src/marvin_ros2_control/src/marvin_robot_node.cpp: In member function ‘void MarvinRobotNode::set_vel_ratio_callback(std::shared_ptr<marvin_msgs::srv::Int_Request_<std::allocator<void> > >, std::shared_ptr<marvin_msgs::srv::Int_Response_<std::allocator<void> > >)’:
[2.400s] /ros2_ws/src/marvin_ros2_control/src/marvin_robot_node.cpp:867:54: warning: format ‘%d’ expects argument of type ‘int’, but argument 5 has type ‘marvin_msgs::srv::Int_Request_<std::allocator<void> >::_data_type’ {aka ‘long int’} [-Wformat=]
[2.401s]   867 |                     RCLCPP_ERROR(this->get_logger(), "Invalid velocity ratio requested: %d. Valid ratios are 0, 1, 2, 3.", request->data);
[2.401s]       |                                                      ^~~~~~~~~~~~~~~~~~~~~~~~~~~~~~~~~~~~~~~~~~~~~~~~~~~~~~~~~~~~~~~~~~~~  ~~~~~~~~~~~~~
[2.401s]       |                                                                                                                                     |
[2.401s]       |                                                                                                                                     marvin_msgs::srv::Int_Request_<std::allocator<void> >::_data_type {aka long int}
[2.401s] /ros2_ws/src/marvin_ros2_control/src/marvin_robot_node.cpp:867:90: note: format string is defined here
[2.401s]   867 |                     RCLCPP_ERROR(this->get_logger(), "Invalid velocity ratio requested: %d. Valid ratios are 0, 1, 2, 3.", request->data);
[2.401s]       |                                                                                         ~^
[2.401s]       |                                                                                          |
[2.401s]       |                                                                                          int
[2.401s]       |                                                                                         %ld
[2.401s] /ros2_ws/src/marvin_ros2_control/src/marvin_robot_node.cpp: In member function ‘void MarvinRobotNode::clearfault_callback(std::shared_ptr<std_srvs::srv::Trigger_Request_<std::allocator<void> > >, std::shared_ptr<std_srvs::srv::Trigger_Response_<std::allocator<void> > >)’:
[2.401s] /ros2_ws/src/marvin_ros2_control/src/marvin_robot_node.cpp:905:85: warning: unused parameter ‘request’ [-Wunused-parameter]
[2.401s]   905 |     void clearfault_callback(const std::shared_ptr<std_srvs::srv::Trigger::Request> request,
[2.401s]       |                              ~~~~~~~~~~~~~~~~~~~~~~~~~~~~~~~~~~~~~~~~~~~~~~~~~~~~~~~^~~~~~~
[2.401s] /ros2_ws/src/marvin_ros2_control/src/marvin_robot_node.cpp:906:80: warning: unused parameter ‘response’ [-Wunused-parameter]
[2.401s]   906 |                              std::shared_ptr<std_srvs::srv::Trigger::Response> response)
[2.401s]       |                              ~~~~~~~~~~~~~~~~~~~~~~~~~~~~~~~~~~~~~~~~~~~~~~~~~~^~~~~~~~
[6.275s] [100%] Linking CXX executable marvin_robot_node
[6.492s] [100%] Built target marvin_robot_node
[6.497s] Invoked command in '/ros2_ws/build/marvin_ros_control' returned '0': AMENT_PREFIX_PATH=/ros2_ws/install/marvin_msgs:${AMENT_PREFIX_PATH} CMAKE_PREFIX_PATH=/ros2_ws/install/marvin_msgs:/opt/ros/humble LD_LIBRARY_PATH=/ros2_ws/install/marvin_msgs/lib:${LD_LIBRARY_PATH} PYTHONPATH=/ros2_ws/install/marvin_msgs/local/lib/python3.10/dist-packages:${PYTHONPATH} /usr/bin/cmake --build /ros2_ws/build/marvin_ros_control -- -j32 -l32
[6.502s] Invoking command in '/ros2_ws/build/marvin_ros_control': AMENT_PREFIX_PATH=/ros2_ws/install/marvin_msgs:${AMENT_PREFIX_PATH} CMAKE_PREFIX_PATH=/ros2_ws/install/marvin_msgs:/opt/ros/humble LD_LIBRARY_PATH=/ros2_ws/install/marvin_msgs/lib:${LD_LIBRARY_PATH} PYTHONPATH=/ros2_ws/install/marvin_msgs/local/lib/python3.10/dist-packages:${PYTHONPATH} /usr/bin/cmake --install /ros2_ws/build/marvin_ros_control
[6.505s] -- Install configuration: ""
[6.505s] -- Installing: /ros2_ws/install/marvin_ros_control/lib/marvin_ros_control/marvin_robot_node
[6.506s] -- Set runtime path of "/ros2_ws/install/marvin_ros_control/lib/marvin_ros_control/marvin_robot_node" to ""
[6.507s] -- Installing: /ros2_ws/install/marvin_ros_control/share/marvin_ros_control//launch
[6.507s] -- Installing: /ros2_ws/install/marvin_ros_control/share/marvin_ros_control//launch/bringup_control_m6.launch.py
[6.507s] -- Installing: /ros2_ws/install/marvin_ros_control/share/marvin_ros_control//launch/jog.launch.py
[6.507s] -- Installing: /ros2_ws/install/marvin_ros_control/share/marvin_ros_control//launch/bringup_control_m3.launch.py
[6.507s] -- Installing: /ros2_ws/install/marvin_ros_control/share/marvin_ros_control//config
[6.507s] -- Installing: /ros2_ws/install/marvin_ros_control/share/marvin_ros_control//config/robot_param_m6.yaml
[6.507s] -- Installing: /ros2_ws/install/marvin_ros_control/share/marvin_ros_control//config/ccs_m3.MvKDCfg
[6.507s] -- Installing: /ros2_ws/install/marvin_ros_control/share/marvin_ros_control//config/marvin_robot.srdf
[6.507s] -- Installing: /ros2_ws/install/marvin_ros_control/share/marvin_ros_control//config/robot_param_m3.yaml
[6.507s] -- Installing: /ros2_ws/install/marvin_ros_control/share/marvin_ros_control//config/ccs_m6.MvKDCfg
[6.507s] -- Installing: /ros2_ws/install/marvin_ros_control/lib/libMarvinSDK_x86.so
[6.507s] -- Installing: /ros2_ws/install/marvin_ros_control/include
[6.507s] -- Installing: /ros2_ws/install/marvin_ros_control/include/marvin_ros_control
[6.507s] -- Installing: /ros2_ws/install/marvin_ros_control/include/marvin_ros_control/MarvinSDK.h
[6.507s] -- Installing: /ros2_ws/install/marvin_ros_control/include/marvin_ros_control/marvin_robot.h
[6.507s] -- Installing: /ros2_ws/install/marvin_ros_control/share/ament_index/resource_index/package_run_dependencies/marvin_ros_control
[6.507s] -- Installing: /ros2_ws/install/marvin_ros_control/share/ament_index/resource_index/parent_prefix_path/marvin_ros_control
[6.507s] -- Installing: /ros2_ws/install/marvin_ros_control/share/marvin_ros_control/environment/ament_prefix_path.sh
[6.507s] -- Installing: /ros2_ws/install/marvin_ros_control/share/marvin_ros_control/environment/ament_prefix_path.dsv
[6.507s] -- Installing: /ros2_ws/install/marvin_ros_control/share/marvin_ros_control/environment/path.sh
[6.507s] -- Installing: /ros2_ws/install/marvin_ros_control/share/marvin_ros_control/environment/path.dsv
[6.507s] -- Installing: /ros2_ws/install/marvin_ros_control/share/marvin_ros_control/local_setup.bash
[6.507s] -- Installing: /ros2_ws/install/marvin_ros_control/share/marvin_ros_control/local_setup.sh
[6.507s] -- Installing: /ros2_ws/install/marvin_ros_control/share/marvin_ros_control/local_setup.zsh
[6.507s] -- Installing: /ros2_ws/install/marvin_ros_control/share/marvin_ros_control/local_setup.dsv
[6.507s] -- Installing: /ros2_ws/install/marvin_ros_control/share/marvin_ros_control/package.dsv
[6.507s] -- Installing: /ros2_ws/install/marvin_ros_control/share/ament_index/resource_index/packages/marvin_ros_control
[6.507s] -- Installing: /ros2_ws/install/marvin_ros_control/share/marvin_ros_control/cmake/ament_cmake_export_include_directories-extras.cmake
[6.507s] -- Installing: /ros2_ws/install/marvin_ros_control/share/marvin_ros_control/cmake/marvin_ros_controlConfig.cmake
[6.507s] -- Installing: /ros2_ws/install/marvin_ros_control/share/marvin_ros_control/cmake/marvin_ros_controlConfig-version.cmake
[6.507s] -- Installing: /ros2_ws/install/marvin_ros_control/share/marvin_ros_control/package.xml
[6.508s] Invoked command in '/ros2_ws/build/marvin_ros_control' returned '0': AMENT_PREFIX_PATH=/ros2_ws/install/marvin_msgs:${AMENT_PREFIX_PATH} CMAKE_PREFIX_PATH=/ros2_ws/install/marvin_msgs:/opt/ros/humble LD_LIBRARY_PATH=/ros2_ws/install/marvin_msgs/lib:${LD_LIBRARY_PATH} PYTHONPATH=/ros2_ws/install/marvin_msgs/local/lib/python3.10/dist-packages:${PYTHONPATH} /usr/bin/cmake --install /ros2_ws/build/marvin_ros_control
